SF:/home/smaier/workspace/private/shuthost/common/src/secrets.rs
FN:22,_RNCNvNtCskmxFFXEqMK2_15shuthost_common7secrets15generate_secret0B5_
FN:18,_RNvNtCskmxFFXEqMK2_15shuthost_common7secrets15generate_secret
FN:22,_RNCNvNtCsg3CSsvbMDCa_15shuthost_common7secrets15generate_secret0B5_
FN:18,_RNvNtCsg3CSsvbMDCa_15shuthost_common7secrets15generate_secret
FNDA:64,_RNCNvNtCskmxFFXEqMK2_15shuthost_common7secrets15generate_secret0B5_
FNDA:2,_RNvNtCskmxFFXEqMK2_15shuthost_common7secrets15generate_secret
FNDA:0,_RNCNvNtCsg3CSsvbMDCa_15shuthost_common7secrets15generate_secret0B5_
FNDA:0,_RNvNtCsg3CSsvbMDCa_15shuthost_common7secrets15generate_secret
FNF:2
FNH:2
DA:18,2
DA:20,2
DA:21,2
DA:22,64
DA:23,2
DA:24,2
BRF:0
BRH:0
LF:7
LH:7
end_of_record
SF:/home/smaier/workspace/private/shuthost/common/src/service_install/macos.rs
FN:31,_RNCNvNtNtCskmxFFXEqMK2_15shuthost_common15service_install5macos23install_self_as_service0B7_
FN:41,_RNCNvNtNtCskmxFFXEqMK2_15shuthost_common15service_install5macos23install_self_as_services0_0B7_
FN:64,_RNCNvNtNtCskmxFFXEqMK2_15shuthost_common15service_install5macos23install_self_as_services1_0B7_
FN:67,_RNCNvNtNtCskmxFFXEqMK2_15shuthost_common15service_install5macos23install_self_as_services2_0B7_
FN:74,_RNCNvNtNtCskmxFFXEqMK2_15shuthost_common15service_install5macos23install_self_as_services3_0B7_
FN:37,_RNCNvNtNtCskmxFFXEqMK2_15shuthost_common15service_install5macos23install_self_as_services_0B7_
FN:98,_RNCNvNtNtCskmxFFXEqMK2_15shuthost_common15service_install5macos32start_and_enable_self_as_service0B7_
FN:107,_RNCNvNtNtCskmxFFXEqMK2_15shuthost_common15service_install5macos32start_and_enable_self_as_services_0B7_
FN:31,_RNCNvNtNtCsg3CSsvbMDCa_15shuthost_common15service_install5macos23install_self_as_service0B7_
FN:41,_RNCNvNtNtCsg3CSsvbMDCa_15shuthost_common15service_install5macos23install_self_as_services0_0B7_
FN:64,_RNCNvNtNtCsg3CSsvbMDCa_15shuthost_common15service_install5macos23install_self_as_services1_0B7_
FN:67,_RNCNvNtNtCsg3CSsvbMDCa_15shuthost_common15service_install5macos23install_self_as_services2_0B7_
FN:74,_RNCNvNtNtCsg3CSsvbMDCa_15shuthost_common15service_install5macos23install_self_as_services3_0B7_
FN:37,_RNCNvNtNtCsg3CSsvbMDCa_15shuthost_common15service_install5macos23install_self_as_services_0B7_
FN:98,_RNCNvNtNtCsg3CSsvbMDCa_15shuthost_common15service_install5macos32start_and_enable_self_as_service0B7_
FN:107,_RNCNvNtNtCsg3CSsvbMDCa_15shuthost_common15service_install5macos32start_and_enable_self_as_services_0B7_
FN:26,_RNvNtNtCsg3CSsvbMDCa_15shuthost_common15service_install5macos23install_self_as_service
FN:88,_RNvNtNtCsg3CSsvbMDCa_15shuthost_common15service_install5macos32start_and_enable_self_as_service
FNDA:0,_RNCNvNtNtCskmxFFXEqMK2_15shuthost_common15service_install5macos23install_self_as_service0B7_
FNDA:0,_RNCNvNtNtCskmxFFXEqMK2_15shuthost_common15service_install5macos23install_self_as_services0_0B7_
FNDA:0,_RNCNvNtNtCskmxFFXEqMK2_15shuthost_common15service_install5macos23install_self_as_services1_0B7_
FNDA:0,_RNCNvNtNtCskmxFFXEqMK2_15shuthost_common15service_install5macos23install_self_as_services2_0B7_
FNDA:0,_RNCNvNtNtCskmxFFXEqMK2_15shuthost_common15service_install5macos23install_self_as_services3_0B7_
FNDA:0,_RNCNvNtNtCskmxFFXEqMK2_15shuthost_common15service_install5macos23install_self_as_services_0B7_
FNDA:0,_RNCNvNtNtCskmxFFXEqMK2_15shuthost_common15service_install5macos32start_and_enable_self_as_service0B7_
FNDA:0,_RNCNvNtNtCskmxFFXEqMK2_15shuthost_common15service_install5macos32start_and_enable_self_as_services_0B7_
FNDA:0,_RNCNvNtNtCsg3CSsvbMDCa_15shuthost_common15service_install5macos23install_self_as_service0B7_
FNDA:0,_RNCNvNtNtCsg3CSsvbMDCa_15shuthost_common15service_install5macos23install_self_as_services0_0B7_
FNDA:0,_RNCNvNtNtCsg3CSsvbMDCa_15shuthost_common15service_install5macos23install_self_as_services1_0B7_
FNDA:0,_RNCNvNtNtCsg3CSsvbMDCa_15shuthost_common15service_install5macos23install_self_as_services2_0B7_
FNDA:0,_RNCNvNtNtCsg3CSsvbMDCa_15shuthost_common15service_install5macos23install_self_as_services3_0B7_
FNDA:0,_RNCNvNtNtCsg3CSsvbMDCa_15shuthost_common15service_install5macos23install_self_as_services_0B7_
FNDA:0,_RNCNvNtNtCsg3CSsvbMDCa_15shuthost_common15service_install5macos32start_and_enable_self_as_service0B7_
FNDA:0,_RNCNvNtNtCsg3CSsvbMDCa_15shuthost_common15service_install5macos32start_and_enable_self_as_services_0B7_
FNDA:0,_RNvNtNtCsg3CSsvbMDCa_15shuthost_common15service_install5macos23install_self_as_service
FNDA:0,_RNvNtNtCsg3CSsvbMDCa_15shuthost_common15service_install5macos32start_and_enable_self_as_service
FNF:10
FNH:0
DA:26,0
DA:27,0
DA:28,0
DA:29,0
DA:31,0
DA:33,0
DA:34,0
DA:35,0
DA:37,0
DA:38,0
DA:40,0
DA:41,0
DA:44,0
DA:45,0
DA:46,0
DA:47,0
DA:48,0
DA:49,0
DA:51,0
DA:52,0
DA:53,0
DA:54,0
DA:55,0
DA:56,0
DA:57,0
DA:58,0
DA:62,0
DA:64,0
DA:65,0
DA:66,0
DA:67,0
DA:68,0
DA:70,0
DA:73,0
DA:74,0
DA:76,0
DA:77,0
DA:88,0
DA:89,0
DA:90,0
DA:93,0
DA:94,0
DA:95,0
DA:96,0
DA:97,0
DA:98,0
DA:100,0
DA:103,0
DA:104,0
DA:105,0
DA:106,0
DA:107,0
DA:109,0
DA:110,0
DA:111,0
DA:112,0
DA:113,0
DA:114,0
DA:115,0
DA:116,0
DA:117,0
DA:118,0
DA:119,0
DA:121,0
DA:122,0
BRF:0
BRH:0
LF:73
LH:0
end_of_record
SF:/home/smaier/workspace/private/shuthost/common/src/service_install/mod.rs
FN:21,_RNvNtCskmxFFXEqMK2_15shuthost_common15service_install10is_systemd
FN:16,_RNvNtCskmxFFXEqMK2_15shuthost_common15service_install12is_superuser
FN:26,_RNvNtCskmxFFXEqMK2_15shuthost_common15service_install9is_openrc
FN:21,_RNvNtCsg3CSsvbMDCa_15shuthost_common15service_install10is_systemd
FN:16,_RNvNtCsg3CSsvbMDCa_15shuthost_common15service_install12is_superuser
FN:26,_RNvNtCsg3CSsvbMDCa_15shuthost_common15service_install9is_openrc
FNDA:6,_RNvNtCskmxFFXEqMK2_15shuthost_common15service_install10is_systemd
FNDA:0,_RNvNtCskmxFFXEqMK2_15shuthost_common15service_install12is_superuser
FNDA:0,_RNvNtCskmxFFXEqMK2_15shuthost_common15service_install9is_openrc
FNDA:0,_RNvNtCsg3CSsvbMDCa_15shuthost_common15service_install10is_systemd
FNDA:0,_RNvNtCsg3CSsvbMDCa_15shuthost_common15service_install12is_superuser
FNDA:0,_RNvNtCsg3CSsvbMDCa_15shuthost_common15service_install9is_openrc
FNF:3
FNH:1
DA:16,0
DA:17,0
DA:18,0
DA:21,6
DA:22,6
DA:23,6
DA:26,0
DA:27,0
DA:28,0
BRF:0
BRH:0
LF:9
LH:3
end_of_record
SF:/home/smaier/workspace/private/shuthost/common/src/service_install/openrc.rs
FN:31,_RNCNvNtNtCskmxFFXEqMK2_15shuthost_common15service_install6openrc23install_self_as_service0B7_
FN:58,_RNCNvNtNtCskmxFFXEqMK2_15shuthost_common15service_install6openrc23install_self_as_services0_0B7_
FN:63,_RNCNvNtNtCskmxFFXEqMK2_15shuthost_common15service_install6openrc23install_self_as_services1_0B7_
FN:66,_RNCNvNtNtCskmxFFXEqMK2_15shuthost_common15service_install6openrc23install_self_as_services2_0B7_
FN:70,_RNCNvNtNtCskmxFFXEqMK2_15shuthost_common15service_install6openrc23install_self_as_services3_0B7_
FN:73,_RNCNvNtNtCskmxFFXEqMK2_15shuthost_common15service_install6openrc23install_self_as_services4_0B7_
FN:54,_RNCNvNtNtCskmxFFXEqMK2_15shuthost_common15service_install6openrc23install_self_as_services_0B7_
FN:96,_RNCNvNtNtCskmxFFXEqMK2_15shuthost_common15service_install6openrc32start_and_enable_self_as_service0B7_
FN:102,_RNCNvNtNtCskmxFFXEqMK2_15shuthost_common15service_install6openrc32start_and_enable_self_as_services_0B7_
FN:26,_RNvNtNtCskmxFFXEqMK2_15shuthost_common15service_install6openrc23install_self_as_service
FN:90,_RNvNtNtCskmxFFXEqMK2_15shuthost_common15service_install6openrc32start_and_enable_self_as_service
FN:31,_RNCNvNtNtCsg3CSsvbMDCa_15shuthost_common15service_install6openrc23install_self_as_service0B7_
FN:58,_RNCNvNtNtCsg3CSsvbMDCa_15shuthost_common15service_install6openrc23install_self_as_services0_0B7_
FN:63,_RNCNvNtNtCsg3CSsvbMDCa_15shuthost_common15service_install6openrc23install_self_as_services1_0B7_
FN:66,_RNCNvNtNtCsg3CSsvbMDCa_15shuthost_common15service_install6openrc23install_self_as_services2_0B7_
FN:70,_RNCNvNtNtCsg3CSsvbMDCa_15shuthost_common15service_install6openrc23install_self_as_services3_0B7_
FN:73,_RNCNvNtNtCsg3CSsvbMDCa_15shuthost_common15service_install6openrc23install_self_as_services4_0B7_
FN:54,_RNCNvNtNtCsg3CSsvbMDCa_15shuthost_common15service_install6openrc23install_self_as_services_0B7_
FN:96,_RNCNvNtNtCsg3CSsvbMDCa_15shuthost_common15service_install6openrc32start_and_enable_self_as_service0B7_
FN:102,_RNCNvNtNtCsg3CSsvbMDCa_15shuthost_common15service_install6openrc32start_and_enable_self_as_services_0B7_
FN:26,_RNvNtNtCsg3CSsvbMDCa_15shuthost_common15service_install6openrc23install_self_as_service
FN:90,_RNvNtNtCsg3CSsvbMDCa_15shuthost_common15service_install6openrc32start_and_enable_self_as_service
FNDA:0,_RNCNvNtNtCskmxFFXEqMK2_15shuthost_common15service_install6openrc23install_self_as_service0B7_
FNDA:0,_RNCNvNtNtCskmxFFXEqMK2_15shuthost_common15service_install6openrc23install_self_as_services0_0B7_
FNDA:0,_RNCNvNtNtCskmxFFXEqMK2_15shuthost_common15service_install6openrc23install_self_as_services1_0B7_
FNDA:0,_RNCNvNtNtCskmxFFXEqMK2_15shuthost_common15service_install6openrc23install_self_as_services2_0B7_
FNDA:0,_RNCNvNtNtCskmxFFXEqMK2_15shuthost_common15service_install6openrc23install_self_as_services3_0B7_
FNDA:0,_RNCNvNtNtCskmxFFXEqMK2_15shuthost_common15service_install6openrc23install_self_as_services4_0B7_
FNDA:0,_RNCNvNtNtCskmxFFXEqMK2_15shuthost_common15service_install6openrc23install_self_as_services_0B7_
FNDA:0,_RNCNvNtNtCskmxFFXEqMK2_15shuthost_common15service_install6openrc32start_and_enable_self_as_service0B7_
FNDA:0,_RNCNvNtNtCskmxFFXEqMK2_15shuthost_common15service_install6openrc32start_and_enable_self_as_services_0B7_
FNDA:0,_RNvNtNtCskmxFFXEqMK2_15shuthost_common15service_install6openrc23install_self_as_service
FNDA:0,_RNvNtNtCskmxFFXEqMK2_15shuthost_common15service_install6openrc32start_and_enable_self_as_service
FNDA:0,_RNCNvNtNtCsg3CSsvbMDCa_15shuthost_common15service_install6openrc23install_self_as_service0B7_
FNDA:0,_RNCNvNtNtCsg3CSsvbMDCa_15shuthost_common15service_install6openrc23install_self_as_services0_0B7_
FNDA:0,_RNCNvNtNtCsg3CSsvbMDCa_15shuthost_common15service_install6openrc23install_self_as_services1_0B7_
FNDA:0,_RNCNvNtNtCsg3CSsvbMDCa_15shuthost_common15service_install6openrc23install_self_as_services2_0B7_
FNDA:0,_RNCNvNtNtCsg3CSsvbMDCa_15shuthost_common15service_install6openrc23install_self_as_services3_0B7_
FNDA:0,_RNCNvNtNtCsg3CSsvbMDCa_15shuthost_common15service_install6openrc23install_self_as_services4_0B7_
FNDA:0,_RNCNvNtNtCsg3CSsvbMDCa_15shuthost_common15service_install6openrc23install_self_as_services_0B7_
FNDA:0,_RNCNvNtNtCsg3CSsvbMDCa_15shuthost_common15service_install6openrc32start_and_enable_self_as_service0B7_
FNDA:0,_RNCNvNtNtCsg3CSsvbMDCa_15shuthost_common15service_install6openrc32start_and_enable_self_as_services_0B7_
FNDA:0,_RNvNtNtCsg3CSsvbMDCa_15shuthost_common15service_install6openrc23install_self_as_service
FNDA:0,_RNvNtNtCsg3CSsvbMDCa_15shuthost_common15service_install6openrc32start_and_enable_self_as_service
FNF:11
FNH:0
DA:26,0
DA:27,0
DA:28,0
DA:29,0
DA:31,0
DA:32,0
DA:33,0
DA:37,0
DA:38,0
DA:39,0
DA:40,0
DA:41,0
DA:43,0
DA:44,0
DA:45,0
DA:46,0
DA:47,0
DA:48,0
DA:49,0
DA:50,0
DA:54,0
DA:55,0
DA:57,0
DA:58,0
DA:60,0
DA:61,0
DA:63,0
DA:64,0
DA:65,0
DA:66,0
DA:68,0
DA:69,0
DA:70,0
DA:71,0
DA:72,0
DA:73,0
DA:74,0
DA:76,0
DA:78,0
DA:79,0
DA:90,0
DA:91,0
DA:92,0
DA:93,0
DA:94,0
DA:95,0
DA:96,0
DA:98,0
DA:99,0
DA:100,0
DA:101,0
DA:102,0
DA:104,0
DA:105,0
DA:106,0
BRF:0
BRH:0
LF:64
LH:0
end_of_record
SF:/home/smaier/workspace/private/shuthost/common/src/service_install/serviceless.rs
FN:28,_RNCNvNtNtCskmxFFXEqMK2_15shuthost_common15service_install11serviceless31generate_self_extracting_script0B7_
FN:34,_RNCNvNtNtCskmxFFXEqMK2_15shuthost_common15service_install11serviceless31generate_self_extracting_scripts0_0B7_
FN:53,_RNCNvNtNtCskmxFFXEqMK2_15shuthost_common15service_install11serviceless31generate_self_extracting_scripts1_0B7_
FN:56,_RNCNvNtNtCskmxFFXEqMK2_15shuthost_common15service_install11serviceless31generate_self_extracting_scripts2_0B7_
FN:57,_RNCNvNtNtCskmxFFXEqMK2_15shuthost_common15service_install11serviceless31generate_self_extracting_scripts3_0B7_
FN:59,_RNCNvNtNtCskmxFFXEqMK2_15shuthost_common15service_install11serviceless31generate_self_extracting_scripts4_0B7_
FN:29,_RNCNvNtNtCskmxFFXEqMK2_15shuthost_common15service_install11serviceless31generate_self_extracting_scripts_0B7_
FN:23,_RNvNtNtCskmxFFXEqMK2_15shuthost_common15service_install11serviceless31generate_self_extracting_script
FN:28,_RNCNvNtNtCsg3CSsvbMDCa_15shuthost_common15service_install11serviceless31generate_self_extracting_script0B7_
FN:34,_RNCNvNtNtCsg3CSsvbMDCa_15shuthost_common15service_install11serviceless31generate_self_extracting_scripts0_0B7_
FN:53,_RNCNvNtNtCsg3CSsvbMDCa_15shuthost_common15service_install11serviceless31generate_self_extracting_scripts1_0B7_
FN:56,_RNCNvNtNtCsg3CSsvbMDCa_15shuthost_common15service_install11serviceless31generate_self_extracting_scripts2_0B7_
FN:57,_RNCNvNtNtCsg3CSsvbMDCa_15shuthost_common15service_install11serviceless31generate_self_extracting_scripts3_0B7_
FN:59,_RNCNvNtNtCsg3CSsvbMDCa_15shuthost_common15service_install11serviceless31generate_self_extracting_scripts4_0B7_
FN:29,_RNCNvNtNtCsg3CSsvbMDCa_15shuthost_common15service_install11serviceless31generate_self_extracting_scripts_0B7_
FN:23,_RNvNtNtCsg3CSsvbMDCa_15shuthost_common15service_install11serviceless31generate_self_extracting_script
FNDA:0,_RNCNvNtNtCskmxFFXEqMK2_15shuthost_common15service_install11serviceless31generate_self_extracting_script0B7_
FNDA:0,_RNCNvNtNtCskmxFFXEqMK2_15shuthost_common15service_install11serviceless31generate_self_extracting_scripts0_0B7_
FNDA:0,_RNCNvNtNtCskmxFFXEqMK2_15shuthost_common15service_install11serviceless31generate_self_extracting_scripts1_0B7_
FNDA:0,_RNCNvNtNtCskmxFFXEqMK2_15shuthost_common15service_install11serviceless31generate_self_extracting_scripts2_0B7_
FNDA:0,_RNCNvNtNtCskmxFFXEqMK2_15shuthost_common15service_install11serviceless31generate_self_extracting_scripts3_0B7_
FNDA:0,_RNCNvNtNtCskmxFFXEqMK2_15shuthost_common15service_install11serviceless31generate_self_extracting_scripts4_0B7_
FNDA:0,_RNCNvNtNtCskmxFFXEqMK2_15shuthost_common15service_install11serviceless31generate_self_extracting_scripts_0B7_
FNDA:0,_RNvNtNtCskmxFFXEqMK2_15shuthost_common15service_install11serviceless31generate_self_extracting_script
FNDA:0,_RNCNvNtNtCsg3CSsvbMDCa_15shuthost_common15service_install11serviceless31generate_self_extracting_script0B7_
FNDA:0,_RNCNvNtNtCsg3CSsvbMDCa_15shuthost_common15service_install11serviceless31generate_self_extracting_scripts0_0B7_
FNDA:0,_RNCNvNtNtCsg3CSsvbMDCa_15shuthost_common15service_install11serviceless31generate_self_extracting_scripts1_0B7_
FNDA:0,_RNCNvNtNtCsg3CSsvbMDCa_15shuthost_common15service_install11serviceless31generate_self_extracting_scripts2_0B7_
FNDA:0,_RNCNvNtNtCsg3CSsvbMDCa_15shuthost_common15service_install11serviceless31generate_self_extracting_scripts3_0B7_
FNDA:0,_RNCNvNtNtCsg3CSsvbMDCa_15shuthost_common15service_install11serviceless31generate_self_extracting_scripts4_0B7_
FNDA:0,_RNCNvNtNtCsg3CSsvbMDCa_15shuthost_common15service_install11serviceless31generate_self_extracting_scripts_0B7_
FNDA:0,_RNvNtNtCsg3CSsvbMDCa_15shuthost_common15service_install11serviceless31generate_self_extracting_script
FNF:8
FNH:0
DA:23,0
DA:24,0
DA:25,0
DA:26,0
DA:27,0
DA:28,0
DA:29,0
DA:32,0
DA:33,0
DA:34,0
DA:35,0
DA:36,0
DA:38,0
DA:39,0
DA:40,0
DA:41,0
DA:42,0
DA:43,0
DA:44,0
DA:45,0
DA:46,0
DA:47,0
DA:48,0
DA:49,0
DA:50,0
DA:53,0
DA:54,0
DA:55,0
DA:56,0
DA:57,0
DA:58,0
DA:59,0
DA:61,0
DA:62,0
DA:63,0
BRF:0
BRH:0
LF:42
LH:0
end_of_record
SF:/home/smaier/workspace/private/shuthost/common/src/service_install/systemd.rs
FN:26,_RNvNtNtCskmxFFXEqMK2_15shuthost_common15service_install7systemd23install_self_as_service
FN:91,_RNvNtNtCskmxFFXEqMK2_15shuthost_common15service_install7systemd32start_and_enable_self_as_service
FN:31,_RNCNvNtNtCskmxFFXEqMK2_15shuthost_common15service_install7systemd23install_self_as_service0B7_
FN:57,_RNCNvNtNtCskmxFFXEqMK2_15shuthost_common15service_install7systemd23install_self_as_services0_0B7_
FN:63,_RNCNvNtNtCskmxFFXEqMK2_15shuthost_common15service_install7systemd23install_self_as_services1_0B7_
FN:66,_RNCNvNtNtCskmxFFXEqMK2_15shuthost_common15service_install7systemd23install_self_as_services2_0B7_
FN:69,_RNCNvNtNtCskmxFFXEqMK2_15shuthost_common15service_install7systemd23install_self_as_services3_0B7_
FN:77,_RNCNvNtNtCskmxFFXEqMK2_15shuthost_common15service_install7systemd23install_self_as_services4_0B7_
FN:53,_RNCNvNtNtCskmxFFXEqMK2_15shuthost_common15service_install7systemd23install_self_as_services_0B7_
FN:97,_RNCNvNtNtCskmxFFXEqMK2_15shuthost_common15service_install7systemd32start_and_enable_self_as_service0B7_
FN:109,_RNCNvNtNtCskmxFFXEqMK2_15shuthost_common15service_install7systemd32start_and_enable_self_as_services0_0B7_
FN:103,_RNCNvNtNtCskmxFFXEqMK2_15shuthost_common15service_install7systemd32start_and_enable_self_as_services_0B7_
FN:31,_RNCNvNtNtCsg3CSsvbMDCa_15shuthost_common15service_install7systemd23install_self_as_service0B7_
FN:57,_RNCNvNtNtCsg3CSsvbMDCa_15shuthost_common15service_install7systemd23install_self_as_services0_0B7_
FN:63,_RNCNvNtNtCsg3CSsvbMDCa_15shuthost_common15service_install7systemd23install_self_as_services1_0B7_
FN:66,_RNCNvNtNtCsg3CSsvbMDCa_15shuthost_common15service_install7systemd23install_self_as_services2_0B7_
FN:69,_RNCNvNtNtCsg3CSsvbMDCa_15shuthost_common15service_install7systemd23install_self_as_services3_0B7_
FN:77,_RNCNvNtNtCsg3CSsvbMDCa_15shuthost_common15service_install7systemd23install_self_as_services4_0B7_
FN:53,_RNCNvNtNtCsg3CSsvbMDCa_15shuthost_common15service_install7systemd23install_self_as_services_0B7_
FN:97,_RNCNvNtNtCsg3CSsvbMDCa_15shuthost_common15service_install7systemd32start_and_enable_self_as_service0B7_
FN:109,_RNCNvNtNtCsg3CSsvbMDCa_15shuthost_common15service_install7systemd32start_and_enable_self_as_services0_0B7_
FN:103,_RNCNvNtNtCsg3CSsvbMDCa_15shuthost_common15service_install7systemd32start_and_enable_self_as_services_0B7_
FN:26,_RNvNtNtCsg3CSsvbMDCa_15shuthost_common15service_install7systemd23install_self_as_service
FN:91,_RNvNtNtCsg3CSsvbMDCa_15shuthost_common15service_install7systemd32start_and_enable_self_as_service
FNDA:0,_RNvNtNtCskmxFFXEqMK2_15shuthost_common15service_install7systemd23install_self_as_service
FNDA:0,_RNvNtNtCskmxFFXEqMK2_15shuthost_common15service_install7systemd32start_and_enable_self_as_service
FNDA:0,_RNCNvNtNtCskmxFFXEqMK2_15shuthost_common15service_install7systemd23install_self_as_service0B7_
FNDA:0,_RNCNvNtNtCskmxFFXEqMK2_15shuthost_common15service_install7systemd23install_self_as_services0_0B7_
FNDA:0,_RNCNvNtNtCskmxFFXEqMK2_15shuthost_common15service_install7systemd23install_self_as_services1_0B7_
FNDA:0,_RNCNvNtNtCskmxFFXEqMK2_15shuthost_common15service_install7systemd23install_self_as_services2_0B7_
FNDA:0,_RNCNvNtNtCskmxFFXEqMK2_15shuthost_common15service_install7systemd23install_self_as_services3_0B7_
FNDA:0,_RNCNvNtNtCskmxFFXEqMK2_15shuthost_common15service_install7systemd23install_self_as_services4_0B7_
FNDA:0,_RNCNvNtNtCskmxFFXEqMK2_15shuthost_common15service_install7systemd23install_self_as_services_0B7_
FNDA:0,_RNCNvNtNtCskmxFFXEqMK2_15shuthost_common15service_install7systemd32start_and_enable_self_as_service0B7_
FNDA:0,_RNCNvNtNtCskmxFFXEqMK2_15shuthost_common15service_install7systemd32start_and_enable_self_as_services0_0B7_
FNDA:0,_RNCNvNtNtCskmxFFXEqMK2_15shuthost_common15service_install7systemd32start_and_enable_self_as_services_0B7_
FNDA:0,_RNCNvNtNtCsg3CSsvbMDCa_15shuthost_common15service_install7systemd23install_self_as_service0B7_
FNDA:0,_RNCNvNtNtCsg3CSsvbMDCa_15shuthost_common15service_install7systemd23install_self_as_services0_0B7_
FNDA:0,_RNCNvNtNtCsg3CSsvbMDCa_15shuthost_common15service_install7systemd23install_self_as_services1_0B7_
FNDA:0,_RNCNvNtNtCsg3CSsvbMDCa_15shuthost_common15service_install7systemd23install_self_as_services2_0B7_
FNDA:0,_RNCNvNtNtCsg3CSsvbMDCa_15shuthost_common15service_install7systemd23install_self_as_services3_0B7_
FNDA:0,_RNCNvNtNtCsg3CSsvbMDCa_15shuthost_common15service_install7systemd23install_self_as_services4_0B7_
FNDA:0,_RNCNvNtNtCsg3CSsvbMDCa_15shuthost_common15service_install7systemd23install_self_as_services_0B7_
FNDA:0,_RNCNvNtNtCsg3CSsvbMDCa_15shuthost_common15service_install7systemd32start_and_enable_self_as_service0B7_
FNDA:0,_RNCNvNtNtCsg3CSsvbMDCa_15shuthost_common15service_install7systemd32start_and_enable_self_as_services0_0B7_
FNDA:0,_RNCNvNtNtCsg3CSsvbMDCa_15shuthost_common15service_install7systemd32start_and_enable_self_as_services_0B7_
FNDA:0,_RNvNtNtCsg3CSsvbMDCa_15shuthost_common15service_install7systemd23install_self_as_service
FNDA:0,_RNvNtNtCsg3CSsvbMDCa_15shuthost_common15service_install7systemd32start_and_enable_self_as_service
FNF:12
FNH:0
DA:26,0
DA:27,0
DA:28,0
DA:29,0
DA:31,0
DA:32,0
DA:33,0
DA:36,0
DA:37,0
DA:38,0
DA:39,0
DA:40,0
DA:42,0
DA:43,0
DA:44,0
DA:45,0
DA:46,0
DA:47,0
DA:48,0
DA:49,0
DA:53,0
DA:54,0
DA:56,0
DA:57,0
DA:59,0
DA:60,0
DA:61,0
DA:63,0
DA:64,0
DA:65,0
DA:66,0
DA:68,0
DA:69,0
DA:70,0
DA:72,0
DA:74,0
DA:75,0
DA:76,0
DA:77,0
DA:79,0
DA:80,0
DA:91,0
DA:92,0
DA:94,0
DA:95,0
DA:96,0
DA:97,0
DA:99,0
DA:100,0
DA:101,0
DA:102,0
DA:103,0
DA:105,0
DA:106,0
DA:107,0
DA:108,0
DA:109,0
DA:111,0
DA:112,0
DA:113,0
BRF:0
BRH:0
LF:70
LH:0
end_of_record
SF:/home/smaier/workspace/private/shuthost/common/src/signing.rs
FN:15,_RNvNtCskmxFFXEqMK2_15shuthost_common7signing11create_hmac
FN:53,_RNvNtCskmxFFXEqMK2_15shuthost_common7signing17unix_time_seconds
FN:28,_RNvNtCskmxFFXEqMK2_15shuthost_common7signing19create_hmac_message
FN:42,_RNvNtCskmxFFXEqMK2_15shuthost_common7signing21create_signed_message
FN:22,_RNvNtCskmxFFXEqMK2_15shuthost_common7signing9sign_hmac
FN:15,_RNvNtCsg3CSsvbMDCa_15shuthost_common7signing11create_hmac
FN:53,_RNvNtCsg3CSsvbMDCa_15shuthost_common7signing17unix_time_seconds
FN:28,_RNvNtCsg3CSsvbMDCa_15shuthost_common7signing19create_hmac_message
FN:42,_RNvNtCsg3CSsvbMDCa_15shuthost_common7signing21create_signed_message
FN:22,_RNvNtCsg3CSsvbMDCa_15shuthost_common7signing9sign_hmac
FNDA:408,_RNvNtCskmxFFXEqMK2_15shuthost_common7signing11create_hmac
FNDA:409,_RNvNtCskmxFFXEqMK2_15shuthost_common7signing17unix_time_seconds
FNDA:204,_RNvNtCskmxFFXEqMK2_15shuthost_common7signing19create_hmac_message
FNDA:204,_RNvNtCskmxFFXEqMK2_15shuthost_common7signing21create_signed_message
FNDA:408,_RNvNtCskmxFFXEqMK2_15shuthost_common7signing9sign_hmac
FNDA:2,_RNvNtCsg3CSsvbMDCa_15shuthost_common7signing11create_hmac
FNDA:2,_RNvNtCsg3CSsvbMDCa_15shuthost_common7signing17unix_time_seconds
FNDA:1,_RNvNtCsg3CSsvbMDCa_15shuthost_common7signing19create_hmac_message
FNDA:1,_RNvNtCsg3CSsvbMDCa_15shuthost_common7signing21create_signed_message
FNDA:2,_RNvNtCsg3CSsvbMDCa_15shuthost_common7signing9sign_hmac
FNF:5
FNH:5
DA:15,410
DA:16,410
DA:17,410
DA:18,410
DA:19,410
DA:22,410
DA:23,410
DA:24,410
DA:25,410
DA:28,205
DA:29,205
DA:30,205
DA:42,205
DA:43,205
DA:44,205
DA:45,205
DA:46,205
DA:53,411
DA:54,411
DA:55,411
DA:56,411
DA:57,411
DA:58,411
BRF:0
BRH:0
LF:23
LH:23
end_of_record
SF:/home/smaier/workspace/private/shuthost/common/src/validation.rs
FN:52,_RNvNtCskmxFFXEqMK2_15shuthost_common10validation11verify_hmac
FN:62,_RNvNtCskmxFFXEqMK2_15shuthost_common10validation18parse_hmac_message
FN:34,_RNvNtCskmxFFXEqMK2_15shuthost_common10validation21validate_hmac_message
FN:57,_RNvNtCskmxFFXEqMK2_15shuthost_common10validation27is_timestamp_in_valid_range
FN:52,_RNvNtCsg3CSsvbMDCa_15shuthost_common10validation11verify_hmac
FN:62,_RNvNtCsg3CSsvbMDCa_15shuthost_common10validation18parse_hmac_message
FN:34,_RNvNtCsg3CSsvbMDCa_15shuthost_common10validation21validate_hmac_message
FN:57,_RNvNtCsg3CSsvbMDCa_15shuthost_common10validation27is_timestamp_in_valid_range
FN:76,_RNvNtNtCsg3CSsvbMDCa_15shuthost_common10validation5testss_17test_invalid_hmac
FN:87,_RNvNtNtCsg3CSsvbMDCa_15shuthost_common10validation5testss_23test_parse_hmac_message
FNDA:204,_RNvNtCskmxFFXEqMK2_15shuthost_common10validation11verify_hmac
FNDA:206,_RNvNtCskmxFFXEqMK2_15shuthost_common10validation18parse_hmac_message
FNDA:206,_RNvNtCskmxFFXEqMK2_15shuthost_common10validation21validate_hmac_message
FNDA:205,_RNvNtCskmxFFXEqMK2_15shuthost_common10validation27is_timestamp_in_valid_range
FNDA:1,_RNvNtCsg3CSsvbMDCa_15shuthost_common10validation11verify_hmac
FNDA:2,_RNvNtCsg3CSsvbMDCa_15shuthost_common10validation18parse_hmac_message
FNDA:1,_RNvNtCsg3CSsvbMDCa_15shuthost_common10validation21validate_hmac_message
FNDA:1,_RNvNtCsg3CSsvbMDCa_15shuthost_common10validation27is_timestamp_in_valid_range
FNDA:1,_RNvNtNtCsg3CSsvbMDCa_15shuthost_common10validation5testss_17test_invalid_hmac
FNDA:1,_RNvNtNtCsg3CSsvbMDCa_15shuthost_common10validation5testss_23test_parse_hmac_message
FNF:6
FNH:6
DA:34,207
DA:35,207
DA:36,206
DA:37,1
DA:38,205
DA:39,205
DA:40,205
DA:41,205
DA:42,205
DA:43,205
DA:44,2
DA:45,203
DA:46,203
DA:47,1
DA:48,1
DA:49,207
DA:52,205
DA:53,205
DA:54,205
DA:57,206
DA:58,206
DA:59,206
DA:62,208
DA:63,208
DA:64,208
DA:65,1
DA:67,207
DA:68,207
DA:69,208
DA:76,1
DA:77,1
DA:78,1
DA:79,1
DA:80,1
DA:81,1
DA:84,1
DA:87,1
DA:88,1
DA:89,1
DA:90,1
DA:91,1
BRF:0
BRH:0
LF:41
LH:41
end_of_record
SF:/home/smaier/workspace/private/shuthost/coordinator/src/auth/cookies.rs
FN:74,_RNCNvNtNtCslo9NX8GMr5i_20shuthost_coordinator4auth7cookies28get_oidc_session_from_cookie0B7_
FN:80,_RNCNvNtNtCslo9NX8GMr5i_20shuthost_coordinator4auth7cookies29get_token_session_from_cookie0B7_
FN:18,_RNvNtNtCslo9NX8GMr5i_20shuthost_coordinator4auth7cookies14generate_token
FN:27,_RNvNtNtCslo9NX8GMr5i_20shuthost_coordinator4auth7cookies23create_return_to_cookie
FN:55,_RNvNtNtCslo9NX8GMr5i_20shuthost_coordinator4auth7cookies26create_oidc_session_cookie
FN:38,_RNvNtNtCslo9NX8GMr5i_20shuthost_coordinator4auth7cookies27create_token_session_cookie
FN:71,_RNvNtNtCslo9NX8GMr5i_20shuthost_coordinator4auth7cookies28get_oidc_session_from_cookie
FN:77,_RNvNtNtCslo9NX8GMr5i_20shuthost_coordinator4auth7cookies29get_token_session_from_cookie
FN:18,_RNvNtNtCs51YTiWNqTuS_20shuthost_coordinator4auth7cookies14generate_token
FN:27,_RNvNtNtCs51YTiWNqTuS_20shuthost_coordinator4auth7cookies23create_return_to_cookie
FN:55,_RNvNtNtCs51YTiWNqTuS_20shuthost_coordinator4auth7cookies26create_oidc_session_cookie
FN:38,_RNvNtNtCs51YTiWNqTuS_20shuthost_coordinator4auth7cookies27create_token_session_cookie
FN:71,_RNvNtNtCs51YTiWNqTuS_20shuthost_coordinator4auth7cookies28get_oidc_session_from_cookie
FN:77,_RNvNtNtCs51YTiWNqTuS_20shuthost_coordinator4auth7cookies29get_token_session_from_cookie
FN:74,_RNCNvNtNtCs51YTiWNqTuS_20shuthost_coordinator4auth7cookies28get_oidc_session_from_cookie0B7_
FN:80,_RNCNvNtNtCs51YTiWNqTuS_20shuthost_coordinator4auth7cookies29get_token_session_from_cookie0B7_
FN:74,_RNCNvNtNtCs8GTkPoPxTZZ_20shuthost_coordinator4auth7cookies28get_oidc_session_from_cookie0B7_
FN:80,_RNCNvNtNtCs8GTkPoPxTZZ_20shuthost_coordinator4auth7cookies29get_token_session_from_cookie0B7_
FN:18,_RNvNtNtCs8GTkPoPxTZZ_20shuthost_coordinator4auth7cookies14generate_token
FN:27,_RNvNtNtCs8GTkPoPxTZZ_20shuthost_coordinator4auth7cookies23create_return_to_cookie
FN:55,_RNvNtNtCs8GTkPoPxTZZ_20shuthost_coordinator4auth7cookies26create_oidc_session_cookie
FN:38,_RNvNtNtCs8GTkPoPxTZZ_20shuthost_coordinator4auth7cookies27create_token_session_cookie
FN:71,_RNvNtNtCs8GTkPoPxTZZ_20shuthost_coordinator4auth7cookies28get_oidc_session_from_cookie
FN:77,_RNvNtNtCs8GTkPoPxTZZ_20shuthost_coordinator4auth7cookies29get_token_session_from_cookie
FNDA:0,_RNCNvNtNtCslo9NX8GMr5i_20shuthost_coordinator4auth7cookies28get_oidc_session_from_cookie0B7_
FNDA:1,_RNCNvNtNtCslo9NX8GMr5i_20shuthost_coordinator4auth7cookies29get_token_session_from_cookie0B7_
FNDA:0,_RNvNtNtCslo9NX8GMr5i_20shuthost_coordinator4auth7cookies14generate_token
FNDA:0,_RNvNtNtCslo9NX8GMr5i_20shuthost_coordinator4auth7cookies23create_return_to_cookie
FNDA:0,_RNvNtNtCslo9NX8GMr5i_20shuthost_coordinator4auth7cookies26create_oidc_session_cookie
FNDA:1,_RNvNtNtCslo9NX8GMr5i_20shuthost_coordinator4auth7cookies27create_token_session_cookie
FNDA:0,_RNvNtNtCslo9NX8GMr5i_20shuthost_coordinator4auth7cookies28get_oidc_session_from_cookie
FNDA:1,_RNvNtNtCslo9NX8GMr5i_20shuthost_coordinator4auth7cookies29get_token_session_from_cookie
FNDA:9,_RNvNtNtCs51YTiWNqTuS_20shuthost_coordinator4auth7cookies14generate_token
FNDA:0,_RNvNtNtCs51YTiWNqTuS_20shuthost_coordinator4auth7cookies23create_return_to_cookie
FNDA:0,_RNvNtNtCs51YTiWNqTuS_20shuthost_coordinator4auth7cookies26create_oidc_session_cookie
FNDA:0,_RNvNtNtCs51YTiWNqTuS_20shuthost_coordinator4auth7cookies27create_token_session_cookie
FNDA:18,_RNvNtNtCs51YTiWNqTuS_20shuthost_coordinator4auth7cookies28get_oidc_session_from_cookie
FNDA:18,_RNvNtNtCs51YTiWNqTuS_20shuthost_coordinator4auth7cookies29get_token_session_from_cookie
FNDA:0,_RNCNvNtNtCs51YTiWNqTuS_20shuthost_coordinator4auth7cookies28get_oidc_session_from_cookie0B7_
FNDA:0,_RNCNvNtNtCs51YTiWNqTuS_20shuthost_coordinator4auth7cookies29get_token_session_from_cookie0B7_
FNDA:0,_RNCNvNtNtCs8GTkPoPxTZZ_20shuthost_coordinator4auth7cookies28get_oidc_session_from_cookie0B7_
FNDA:0,_RNCNvNtNtCs8GTkPoPxTZZ_20shuthost_coordinator4auth7cookies29get_token_session_from_cookie0B7_
FNDA:0,_RNvNtNtCs8GTkPoPxTZZ_20shuthost_coordinator4auth7cookies14generate_token
FNDA:0,_RNvNtNtCs8GTkPoPxTZZ_20shuthost_coordinator4auth7cookies23create_return_to_cookie
FNDA:0,_RNvNtNtCs8GTkPoPxTZZ_20shuthost_coordinator4auth7cookies26create_oidc_session_cookie
FNDA:0,_RNvNtNtCs8GTkPoPxTZZ_20shuthost_coordinator4auth7cookies27create_token_session_cookie
FNDA:0,_RNvNtNtCs8GTkPoPxTZZ_20shuthost_coordinator4auth7cookies28get_oidc_session_from_cookie
FNDA:0,_RNvNtNtCs8GTkPoPxTZZ_20shuthost_coordinator4auth7cookies29get_token_session_from_cookie
FNF:8
FNH:5
DA:18,9
DA:19,9
DA:20,9
DA:21,9
DA:22,9
DA:23,9
DA:24,9
DA:27,0
DA:28,0
DA:29,0
DA:30,0
DA:31,0
DA:32,0
DA:33,0
DA:34,0
DA:35,0
DA:38,1
DA:39,1
DA:40,1
DA:41,1
DA:42,1
DA:43,1
DA:44,1
DA:45,1
DA:46,1
DA:47,1
DA:48,1
DA:49,1
DA:50,1
DA:51,1
DA:52,1
DA:55,0
DA:56,0
DA:57,0
DA:58,0
DA:59,0
DA:60,0
DA:61,0
DA:62,0
DA:63,0
DA:64,0
DA:65,0
DA:66,0
DA:67,0
DA:68,0
DA:69,0
DA:71,18
DA:72,18
DA:73,18
DA:74,18
DA:75,18
DA:77,19
DA:78,19
DA:79,19
DA:80,19
DA:81,19
BRF:0
BRH:0
LF:58
LH:33
end_of_record
SF:/home/smaier/workspace/private/shuthost/coordinator/src/auth/middleware.rs
FN:25,_RNCNvNtNtCslo9NX8GMr5i_20shuthost_coordinator4auth10middleware7require0CskhvvgMCtyD0_11coordinator
FN:25,_RNCNvNtNtCslo9NX8GMr5i_20shuthost_coordinator4auth10middleware7require0B7_
FN:83,_RNCNvNtNtCslo9NX8GMr5i_20shuthost_coordinator4auth10middleware10wants_html0B7_
FN:84,_RNCNvNtNtCslo9NX8GMr5i_20shuthost_coordinator4auth10middleware10wants_htmls_0B7_
FN:98,_RNCNvNtNtCslo9NX8GMr5i_20shuthost_coordinator4auth10middleware17request_is_secure0B7_
FN:108,_RNCNvNtNtCslo9NX8GMr5i_20shuthost_coordinator4auth10middleware17request_is_secures0_0B7_
FN:103,_RNCNvNtNtCslo9NX8GMr5i_20shuthost_coordinator4auth10middleware17request_is_secures_0B7_
FN:80,_RNvNtNtCslo9NX8GMr5i_20shuthost_coordinator4auth10middleware10wants_html
FN:92,_RNvNtNtCslo9NX8GMr5i_20shuthost_coordinator4auth10middleware17request_is_secure
FN:21,_RNvNtNtCslo9NX8GMr5i_20shuthost_coordinator4auth10middleware7require
FN:25,_RNCNvNtNtCs51YTiWNqTuS_20shuthost_coordinator4auth10middleware7require0Csaf5FibeTFHx_11coordinator
FN:25,_RNCNvNtNtCs51YTiWNqTuS_20shuthost_coordinator4auth10middleware7require0B7_
FN:80,_RNvNtNtCs51YTiWNqTuS_20shuthost_coordinator4auth10middleware10wants_html
FN:92,_RNvNtNtCs51YTiWNqTuS_20shuthost_coordinator4auth10middleware17request_is_secure
FN:21,_RNvNtNtCs51YTiWNqTuS_20shuthost_coordinator4auth10middleware7require
FN:83,_RNCNvNtNtCs51YTiWNqTuS_20shuthost_coordinator4auth10middleware10wants_html0B7_
FN:84,_RNCNvNtNtCs51YTiWNqTuS_20shuthost_coordinator4auth10middleware10wants_htmls_0B7_
FN:98,_RNCNvNtNtCs51YTiWNqTuS_20shuthost_coordinator4auth10middleware17request_is_secure0B7_
FN:108,_RNCNvNtNtCs51YTiWNqTuS_20shuthost_coordinator4auth10middleware17request_is_secures0_0B7_
FN:103,_RNCNvNtNtCs51YTiWNqTuS_20shuthost_coordinator4auth10middleware17request_is_secures_0B7_
FN:25,_RNCNvNtNtCslo9NX8GMr5i_20shuthost_coordinator4auth10middleware7require0Cs4t6xf2b35eJ_11integration
FN:83,_RNCNvNtNtCs8GTkPoPxTZZ_20shuthost_coordinator4auth10middleware10wants_html0B7_
FN:84,_RNCNvNtNtCs8GTkPoPxTZZ_20shuthost_coordinator4auth10middleware10wants_htmls_0B7_
FN:98,_RNCNvNtNtCs8GTkPoPxTZZ_20shuthost_coordinator4auth10middleware17request_is_secure0B7_
FN:108,_RNCNvNtNtCs8GTkPoPxTZZ_20shuthost_coordinator4auth10middleware17request_is_secures0_0B7_
FN:103,_RNCNvNtNtCs8GTkPoPxTZZ_20shuthost_coordinator4auth10middleware17request_is_secures_0B7_
FN:25,_RNCNvNtNtCs8GTkPoPxTZZ_20shuthost_coordinator4auth10middleware7require0B7_
FN:80,_RNvNtNtCs8GTkPoPxTZZ_20shuthost_coordinator4auth10middleware10wants_html
FN:92,_RNvNtNtCs8GTkPoPxTZZ_20shuthost_coordinator4auth10middleware17request_is_secure
FN:21,_RNvNtNtCs8GTkPoPxTZZ_20shuthost_coordinator4auth10middleware7require
FN:25,_RNCNvNtNtCs51YTiWNqTuS_20shuthost_coordinator4auth10middleware7require0CskQNNUpBnDLt_20shuthost_coordinator
FNDA:0,_RNCNvNtNtCslo9NX8GMr5i_20shuthost_coordinator4auth10middleware7require0CskhvvgMCtyD0_11coordinator
FNDA:0,_RNCNvNtNtCslo9NX8GMr5i_20shuthost_coordinator4auth10middleware7require0B7_
FNDA:0,_RNCNvNtNtCslo9NX8GMr5i_20shuthost_coordinator4auth10middleware10wants_html0B7_
FNDA:0,_RNCNvNtNtCslo9NX8GMr5i_20shuthost_coordinator4auth10middleware10wants_htmls_0B7_
FNDA:1,_RNCNvNtNtCslo9NX8GMr5i_20shuthost_coordinator4auth10middleware17request_is_secure0B7_
FNDA:0,_RNCNvNtNtCslo9NX8GMr5i_20shuthost_coordinator4auth10middleware17request_is_secures0_0B7_
FNDA:0,_RNCNvNtNtCslo9NX8GMr5i_20shuthost_coordinator4auth10middleware17request_is_secures_0B7_
FNDA:0,_RNvNtNtCslo9NX8GMr5i_20shuthost_coordinator4auth10middleware10wants_html
FNDA:3,_RNvNtNtCslo9NX8GMr5i_20shuthost_coordinator4auth10middleware17request_is_secure
FNDA:29,_RNvNtNtCslo9NX8GMr5i_20shuthost_coordinator4auth10middleware7require
FNDA:0,_RNCNvNtNtCs51YTiWNqTuS_20shuthost_coordinator4auth10middleware7require0Csaf5FibeTFHx_11coordinator
FNDA:0,_RNCNvNtNtCs51YTiWNqTuS_20shuthost_coordinator4auth10middleware7require0B7_
FNDA:18,_RNvNtNtCs51YTiWNqTuS_20shuthost_coordinator4auth10middleware10wants_html
FNDA:0,_RNvNtNtCs51YTiWNqTuS_20shuthost_coordinator4auth10middleware17request_is_secure
FNDA:125,_RNvNtNtCs51YTiWNqTuS_20shuthost_coordinator4auth10middleware7require
FNDA:0,_RNCNvNtNtCs51YTiWNqTuS_20shuthost_coordinator4auth10middleware10wants_html0B7_
FNDA:0,_RNCNvNtNtCs51YTiWNqTuS_20shuthost_coordinator4auth10middleware10wants_htmls_0B7_
FNDA:0,_RNCNvNtNtCs51YTiWNqTuS_20shuthost_coordinator4auth10middleware17request_is_secure0B7_
FNDA:0,_RNCNvNtNtCs51YTiWNqTuS_20shuthost_coordinator4auth10middleware17request_is_secures0_0B7_
FNDA:0,_RNCNvNtNtCs51YTiWNqTuS_20shuthost_coordinator4auth10middleware17request_is_secures_0B7_
FNDA:29,_RNCNvNtNtCslo9NX8GMr5i_20shuthost_coordinator4auth10middleware7require0Cs4t6xf2b35eJ_11integration
FNDA:0,_RNCNvNtNtCs8GTkPoPxTZZ_20shuthost_coordinator4auth10middleware10wants_html0B7_
FNDA:0,_RNCNvNtNtCs8GTkPoPxTZZ_20shuthost_coordinator4auth10middleware10wants_htmls_0B7_
FNDA:0,_RNCNvNtNtCs8GTkPoPxTZZ_20shuthost_coordinator4auth10middleware17request_is_secure0B7_
FNDA:0,_RNCNvNtNtCs8GTkPoPxTZZ_20shuthost_coordinator4auth10middleware17request_is_secures0_0B7_
FNDA:0,_RNCNvNtNtCs8GTkPoPxTZZ_20shuthost_coordinator4auth10middleware17request_is_secures_0B7_
FNDA:0,_RNCNvNtNtCs8GTkPoPxTZZ_20shuthost_coordinator4auth10middleware7require0B7_
FNDA:0,_RNvNtNtCs8GTkPoPxTZZ_20shuthost_coordinator4auth10middleware10wants_html
FNDA:0,_RNvNtNtCs8GTkPoPxTZZ_20shuthost_coordinator4auth10middleware17request_is_secure
FNDA:0,_RNvNtNtCs8GTkPoPxTZZ_20shuthost_coordinator4auth10middleware7require
FNDA:125,_RNCNvNtNtCs51YTiWNqTuS_20shuthost_coordinator4auth10middleware7require0CskQNNUpBnDLt_20shuthost_coordinator
FNF:9
FNH:5
DA:21,154
DA:22,154
DA:23,154
DA:24,154
DA:25,154
DA:26,154
DA:27,154
DA:28,154
DA:33,135
DA:34,10
DA:36,10
DA:37,1
DA:38,0
DA:39,0
DA:40,1
DA:41,1
DA:42,1
DA:43,0
DA:44,9
DA:45,9
DA:47,0
DA:48,0
DA:49,0
DA:50,0
DA:52,9
DA:57,9
DA:58,0
DA:60,0
DA:61,9
DA:62,9
DA:63,9
DA:64,0
DA:65,0
DA:66,0
DA:67,0
DA:68,0
DA:69,0
DA:71,0
DA:73,9
DA:77,154
DA:80,18
DA:81,18
DA:82,18
DA:83,18
DA:84,18
DA:85,18
DA:86,18
DA:92,3
DA:93,3
DA:94,1
DA:95,2
DA:96,2
DA:97,2
DA:98,2
DA:99,1
DA:101,1
DA:102,1
DA:103,1
DA:104,0
DA:106,0
DA:107,1
DA:108,1
DA:109,0
DA:111,0
DA:112,1
DA:113,1
DA:114,3
BRF:0
BRH:0
LF:73
LH:45
end_of_record
SF:/home/smaier/workspace/private/shuthost/coordinator/src/auth/mod.rs
FN:125,_RNvXs0_NtCslo9NX8GMr5i_20shuthost_coordinator4authNtNtNtCs9yx3cSnCEmZ_6cookie6secure3key3KeyINtNtNtCsiKWw9XCEQJj_9axum_core7extract8from_ref7FromRefNtNtNtB7_4http6server8AppStateE8from_ref
FN:67,_RNCNvMNtCslo9NX8GMr5i_20shuthost_coordinator4authNtB4_7Runtime11from_config0B6_
FN:68,_RNCNvMNtCslo9NX8GMr5i_20shuthost_coordinator4authNtB4_7Runtime11from_configs_0B6_
FN:61,_RNvMNtCslo9NX8GMr5i_20shuthost_coordinator4authNtB2_7Runtime11from_config
FN:117,_RNvXs_NtCslo9NX8GMr5i_20shuthost_coordinator4authNtB4_10LayerStateINtNtNtCsiKWw9XCEQJj_9axum_core7extract8from_ref7FromRefNtNtNtB6_4http6server8AppStateE8from_ref
FN:125,_RNvXs0_NtCs51YTiWNqTuS_20shuthost_coordinator4authNtNtNtCs9yx3cSnCEmZ_6cookie6secure3key3KeyINtNtNtCsiKWw9XCEQJj_9axum_core7extract8from_ref7FromRefNtNtNtB7_4http6server8AppStateE8from_ref
FN:61,_RNvMNtCs51YTiWNqTuS_20shuthost_coordinator4authNtB2_7Runtime11from_config
FN:117,_RNvXs_NtCs51YTiWNqTuS_20shuthost_coordinator4authNtB4_10LayerStateINtNtNtCsiKWw9XCEQJj_9axum_core7extract8from_ref7FromRefNtNtNtB6_4http6server8AppStateE8from_ref
FN:67,_RNCNvMNtCs51YTiWNqTuS_20shuthost_coordinator4authNtB4_7Runtime11from_config0B6_
FN:68,_RNCNvMNtCs51YTiWNqTuS_20shuthost_coordinator4authNtB4_7Runtime11from_configs_0B6_
FN:67,_RNCNvMNtCs8GTkPoPxTZZ_20shuthost_coordinator4authNtB4_7Runtime11from_config0B6_
FN:68,_RNCNvMNtCs8GTkPoPxTZZ_20shuthost_coordinator4authNtB4_7Runtime11from_configs_0B6_
FN:61,_RNvMNtCs8GTkPoPxTZZ_20shuthost_coordinator4authNtB2_7Runtime11from_config
FN:125,_RNvXs0_NtCs8GTkPoPxTZZ_20shuthost_coordinator4authNtNtNtCs9yx3cSnCEmZ_6cookie6secure3key3KeyINtNtNtCsiKWw9XCEQJj_9axum_core7extract8from_ref7FromRefNtNtNtB7_4http6server8AppStateE8from_ref
FN:117,_RNvXs_NtCs8GTkPoPxTZZ_20shuthost_coordinator4authNtB4_10LayerStateINtNtNtCsiKWw9XCEQJj_9axum_core7extract8from_ref7FromRefNtNtNtB6_4http6server8AppStateE8from_ref
FNDA:3,_RNvXs0_NtCslo9NX8GMr5i_20shuthost_coordinator4authNtNtNtCs9yx3cSnCEmZ_6cookie6secure3key3KeyINtNtNtCsiKWw9XCEQJj_9axum_core7extract8from_ref7FromRefNtNtNtB7_4http6server8AppStateE8from_ref
FNDA:0,_RNCNvMNtCslo9NX8GMr5i_20shuthost_coordinator4authNtB4_7Runtime11from_config0B6_
FNDA:0,_RNCNvMNtCslo9NX8GMr5i_20shuthost_coordinator4authNtB4_7Runtime11from_configs_0B6_
FNDA:13,_RNvMNtCslo9NX8GMr5i_20shuthost_coordinator4authNtB2_7Runtime11from_config
FNDA:0,_RNvXs_NtCslo9NX8GMr5i_20shuthost_coordinator4authNtB4_10LayerStateINtNtNtCsiKWw9XCEQJj_9axum_core7extract8from_ref7FromRefNtNtNtB6_4http6server8AppStateE8from_ref
FNDA:0,_RNvXs0_NtCs51YTiWNqTuS_20shuthost_coordinator4authNtNtNtCs9yx3cSnCEmZ_6cookie6secure3key3KeyINtNtNtCsiKWw9XCEQJj_9axum_core7extract8from_ref7FromRefNtNtNtB7_4http6server8AppStateE8from_ref
FNDA:53,_RNvMNtCs51YTiWNqTuS_20shuthost_coordinator4authNtB2_7Runtime11from_config
FNDA:0,_RNvXs_NtCs51YTiWNqTuS_20shuthost_coordinator4authNtB4_10LayerStateINtNtNtCsiKWw9XCEQJj_9axum_core7extract8from_ref7FromRefNtNtNtB6_4http6server8AppStateE8from_ref
FNDA:0,_RNCNvMNtCs51YTiWNqTuS_20shuthost_coordinator4authNtB4_7Runtime11from_config0B6_
FNDA:0,_RNCNvMNtCs51YTiWNqTuS_20shuthost_coordinator4authNtB4_7Runtime11from_configs_0B6_
FNDA:0,_RNCNvMNtCs8GTkPoPxTZZ_20shuthost_coordinator4authNtB4_7Runtime11from_config0B6_
FNDA:0,_RNCNvMNtCs8GTkPoPxTZZ_20shuthost_coordinator4authNtB4_7Runtime11from_configs_0B6_
FNDA:0,_RNvMNtCs8GTkPoPxTZZ_20shuthost_coordinator4authNtB2_7Runtime11from_config
FNDA:0,_RNvXs0_NtCs8GTkPoPxTZZ_20shuthost_coordinator4authNtNtNtCs9yx3cSnCEmZ_6cookie6secure3key3KeyINtNtNtCsiKWw9XCEQJj_9axum_core7extract8from_ref7FromRefNtNtNtB7_4http6server8AppStateE8from_ref
FNDA:0,_RNvXs_NtCs8GTkPoPxTZZ_20shuthost_coordinator4authNtB4_10LayerStateINtNtNtCsiKWw9XCEQJj_9axum_core7extract8from_ref7FromRefNtNtNtB6_4http6server8AppStateE8from_ref
FNF:5
FNH:2
DA:61,66
DA:64,66
DA:65,66
DA:66,66
DA:67,66
DA:68,66
DA:69,66
DA:70,66
DA:71,12
DA:72,12
DA:76,12
DA:77,3
DA:78,3
DA:80,9
DA:81,9
DA:82,9
DA:83,9
DA:86,12
DA:89,9
DA:90,9
DA:91,9
DA:92,9
DA:94,9
DA:95,9
DA:96,9
DA:97,9
DA:98,9
DA:99,9
DA:100,9
DA:102,33
DA:103,33
DA:104,33
DA:107,66
DA:108,66
DA:117,0
DA:118,0
DA:119,0
DA:120,0
DA:121,0
DA:125,3
DA:126,3
DA:127,3
BRF:0
BRH:0
LF:44
LH:35
end_of_record
SF:/home/smaier/workspace/private/shuthost/coordinator/src/auth/oidc.rs
FN:122,_RNvNtNtCslo9NX8GMr5i_20shuthost_coordinator4auth4oidc10oidc_login
FN:393,_RNvNtNtCslo9NX8GMr5i_20shuthost_coordinator4auth4oidc13oidc_callback
FN:34,_RNvNtNtCslo9NX8GMr5i_20shuthost_coordinator4auth4oidc14request_origin
FN:265,_RNvNtNtCslo9NX8GMr5i_20shuthost_coordinator4auth4oidc16pkce_from_cookie
FN:66,_RNvNtNtCslo9NX8GMr5i_20shuthost_coordinator4auth4oidc17build_oidc_client
FN:270,_RNvNtNtCslo9NX8GMr5i_20shuthost_coordinator4auth4oidc17nonce_from_cookie
FN:47,_RNvNtNtCslo9NX8GMr5i_20shuthost_coordinator4auth4oidc18build_redirect_url
FN:235,_RNvNtNtCslo9NX8GMr5i_20shuthost_coordinator4auth4oidc20login_error_response
FN:295,_RNvNtNtCslo9NX8GMr5i_20shuthost_coordinator4auth4oidc21handle_provider_error
FN:337,_RNvNtNtCslo9NX8GMr5i_20shuthost_coordinator4auth4oidc22id_token_from_response
FN:318,_RNvNtNtCslo9NX8GMr5i_20shuthost_coordinator4auth4oidc23exchange_code_for_token
FN:308,_RNvNtNtCslo9NX8GMr5i_20shuthost_coordinator4auth4oidc26extract_authorization_code
FN:246,_RNvNtNtCslo9NX8GMr5i_20shuthost_coordinator4auth4oidc26validate_state_or_redirect
FN:239,_RNvNtNtCslo9NX8GMr5i_20shuthost_coordinator4auth4oidc28clear_oidc_ephemeral_cookies
FN:275,_RNvNtNtCslo9NX8GMr5i_20shuthost_coordinator4auth4oidc29finalize_session_and_redirect
FN:370,_RNvNtNtCslo9NX8GMr5i_20shuthost_coordinator4auth4oidc31process_token_and_build_session
FN:349,_RNvNtNtCslo9NX8GMr5i_20shuthost_coordinator4auth4oidc33verify_id_token_and_build_session
FN:151,_RNCNCNvNtNtCslo9NX8GMr5i_20shuthost_coordinator4auth4oidc10oidc_login00B9_
FN:152,_RNCNCNvNtNtCslo9NX8GMr5i_20shuthost_coordinator4auth4oidc10oidc_login0s_0B9_
FN:76,_RNCNCNvNtNtCslo9NX8GMr5i_20shuthost_coordinator4auth4oidc17build_oidc_client00B9_
FN:88,_RNCNCNvNtNtCslo9NX8GMr5i_20shuthost_coordinator4auth4oidc17build_oidc_client0s0_0B9_
FN:82,_RNCNCNvNtNtCslo9NX8GMr5i_20shuthost_coordinator4auth4oidc17build_oidc_client0s_0B9_
FN:128,_RNCNvNtNtCslo9NX8GMr5i_20shuthost_coordinator4auth4oidc10oidc_login0B7_
FN:403,_RNCNvNtNtCslo9NX8GMr5i_20shuthost_coordinator4auth4oidc13oidc_callback0B7_
FN:37,_RNCNvNtNtCslo9NX8GMr5i_20shuthost_coordinator4auth4oidc14request_origin0B7_
FN:42,_RNCNvNtNtCslo9NX8GMr5i_20shuthost_coordinator4auth4oidc14request_origins_0B7_
FN:267,_RNCNvNtNtCslo9NX8GMr5i_20shuthost_coordinator4auth4oidc16pkce_from_cookie0B7_
FN:71,_RNCNvNtNtCslo9NX8GMr5i_20shuthost_coordinator4auth4oidc17build_oidc_client0B7_
FN:272,_RNCNvNtNtCslo9NX8GMr5i_20shuthost_coordinator4auth4oidc17nonce_from_cookie0B7_
FN:48,_RNCNvNtNtCslo9NX8GMr5i_20shuthost_coordinator4auth4oidc18build_redirect_url0B7_
FN:323,_RNCNvNtNtCslo9NX8GMr5i_20shuthost_coordinator4auth4oidc23exchange_code_for_token0B7_
FN:288,_RNCNvNtNtCslo9NX8GMr5i_20shuthost_coordinator4auth4oidc29finalize_session_and_redirect0B7_
FN:289,_RNCNvNtNtCslo9NX8GMr5i_20shuthost_coordinator4auth4oidc29finalize_session_and_redirects_0B7_
FN:375,_RNCNvNtNtCslo9NX8GMr5i_20shuthost_coordinator4auth4oidc31process_token_and_build_session0B7_
FN:151,_RNCNCNvNtNtCs51YTiWNqTuS_20shuthost_coordinator4auth4oidc10oidc_login00B9_
FN:152,_RNCNCNvNtNtCs51YTiWNqTuS_20shuthost_coordinator4auth4oidc10oidc_login0s_0B9_
FN:76,_RNCNCNvNtNtCs51YTiWNqTuS_20shuthost_coordinator4auth4oidc17build_oidc_client00B9_
FN:88,_RNCNCNvNtNtCs51YTiWNqTuS_20shuthost_coordinator4auth4oidc17build_oidc_client0s0_0B9_
FN:82,_RNCNCNvNtNtCs51YTiWNqTuS_20shuthost_coordinator4auth4oidc17build_oidc_client0s_0B9_
FN:128,_RNCNvNtNtCs51YTiWNqTuS_20shuthost_coordinator4auth4oidc10oidc_login0B7_
FN:403,_RNCNvNtNtCs51YTiWNqTuS_20shuthost_coordinator4auth4oidc13oidc_callback0B7_
FN:37,_RNCNvNtNtCs51YTiWNqTuS_20shuthost_coordinator4auth4oidc14request_origin0B7_
FN:42,_RNCNvNtNtCs51YTiWNqTuS_20shuthost_coordinator4auth4oidc14request_origins_0B7_
FN:267,_RNCNvNtNtCs51YTiWNqTuS_20shuthost_coordinator4auth4oidc16pkce_from_cookie0B7_
FN:71,_RNCNvNtNtCs51YTiWNqTuS_20shuthost_coordinator4auth4oidc17build_oidc_client0B7_
FN:272,_RNCNvNtNtCs51YTiWNqTuS_20shuthost_coordinator4auth4oidc17nonce_from_cookie0B7_
FN:48,_RNCNvNtNtCs51YTiWNqTuS_20shuthost_coordinator4auth4oidc18build_redirect_url0B7_
FN:323,_RNCNvNtNtCs51YTiWNqTuS_20shuthost_coordinator4auth4oidc23exchange_code_for_token0B7_
FN:288,_RNCNvNtNtCs51YTiWNqTuS_20shuthost_coordinator4auth4oidc29finalize_session_and_redirect0B7_
FN:289,_RNCNvNtNtCs51YTiWNqTuS_20shuthost_coordinator4auth4oidc29finalize_session_and_redirects_0B7_
FN:375,_RNCNvNtNtCs51YTiWNqTuS_20shuthost_coordinator4auth4oidc31process_token_and_build_session0B7_
FN:122,_RNvNtNtCs51YTiWNqTuS_20shuthost_coordinator4auth4oidc10oidc_login
FN:393,_RNvNtNtCs51YTiWNqTuS_20shuthost_coordinator4auth4oidc13oidc_callback
FN:34,_RNvNtNtCs51YTiWNqTuS_20shuthost_coordinator4auth4oidc14request_origin
FN:265,_RNvNtNtCs51YTiWNqTuS_20shuthost_coordinator4auth4oidc16pkce_from_cookie
FN:66,_RNvNtNtCs51YTiWNqTuS_20shuthost_coordinator4auth4oidc17build_oidc_client
FN:270,_RNvNtNtCs51YTiWNqTuS_20shuthost_coordinator4auth4oidc17nonce_from_cookie
FN:47,_RNvNtNtCs51YTiWNqTuS_20shuthost_coordinator4auth4oidc18build_redirect_url
FN:235,_RNvNtNtCs51YTiWNqTuS_20shuthost_coordinator4auth4oidc20login_error_response
FN:295,_RNvNtNtCs51YTiWNqTuS_20shuthost_coordinator4auth4oidc21handle_provider_error
FN:337,_RNvNtNtCs51YTiWNqTuS_20shuthost_coordinator4auth4oidc22id_token_from_response
FN:318,_RNvNtNtCs51YTiWNqTuS_20shuthost_coordinator4auth4oidc23exchange_code_for_token
FN:308,_RNvNtNtCs51YTiWNqTuS_20shuthost_coordinator4auth4oidc26extract_authorization_code
FN:246,_RNvNtNtCs51YTiWNqTuS_20shuthost_coordinator4auth4oidc26validate_state_or_redirect
FN:239,_RNvNtNtCs51YTiWNqTuS_20shuthost_coordinator4auth4oidc28clear_oidc_ephemeral_cookies
FN:275,_RNvNtNtCs51YTiWNqTuS_20shuthost_coordinator4auth4oidc29finalize_session_and_redirect
FN:370,_RNvNtNtCs51YTiWNqTuS_20shuthost_coordinator4auth4oidc31process_token_and_build_session
FN:349,_RNvNtNtCs51YTiWNqTuS_20shuthost_coordinator4auth4oidc33verify_id_token_and_build_session
FN:151,_RNCNCNvNtNtCs8GTkPoPxTZZ_20shuthost_coordinator4auth4oidc10oidc_login00B9_
FN:152,_RNCNCNvNtNtCs8GTkPoPxTZZ_20shuthost_coordinator4auth4oidc10oidc_login0s_0B9_
FN:76,_RNCNCNvNtNtCs8GTkPoPxTZZ_20shuthost_coordinator4auth4oidc17build_oidc_client00B9_
FN:88,_RNCNCNvNtNtCs8GTkPoPxTZZ_20shuthost_coordinator4auth4oidc17build_oidc_client0s0_0B9_
FN:82,_RNCNCNvNtNtCs8GTkPoPxTZZ_20shuthost_coordinator4auth4oidc17build_oidc_client0s_0B9_
FN:128,_RNCNvNtNtCs8GTkPoPxTZZ_20shuthost_coordinator4auth4oidc10oidc_login0B7_
FN:403,_RNCNvNtNtCs8GTkPoPxTZZ_20shuthost_coordinator4auth4oidc13oidc_callback0B7_
FN:37,_RNCNvNtNtCs8GTkPoPxTZZ_20shuthost_coordinator4auth4oidc14request_origin0B7_
FN:42,_RNCNvNtNtCs8GTkPoPxTZZ_20shuthost_coordinator4auth4oidc14request_origins_0B7_
FN:267,_RNCNvNtNtCs8GTkPoPxTZZ_20shuthost_coordinator4auth4oidc16pkce_from_cookie0B7_
FN:71,_RNCNvNtNtCs8GTkPoPxTZZ_20shuthost_coordinator4auth4oidc17build_oidc_client0B7_
FN:272,_RNCNvNtNtCs8GTkPoPxTZZ_20shuthost_coordinator4auth4oidc17nonce_from_cookie0B7_
FN:48,_RNCNvNtNtCs8GTkPoPxTZZ_20shuthost_coordinator4auth4oidc18build_redirect_url0B7_
FN:323,_RNCNvNtNtCs8GTkPoPxTZZ_20shuthost_coordinator4auth4oidc23exchange_code_for_token0B7_
FN:288,_RNCNvNtNtCs8GTkPoPxTZZ_20shuthost_coordinator4auth4oidc29finalize_session_and_redirect0B7_
FN:289,_RNCNvNtNtCs8GTkPoPxTZZ_20shuthost_coordinator4auth4oidc29finalize_session_and_redirects_0B7_
FN:375,_RNCNvNtNtCs8GTkPoPxTZZ_20shuthost_coordinator4auth4oidc31process_token_and_build_session0B7_
FN:122,_RNvNtNtCs8GTkPoPxTZZ_20shuthost_coordinator4auth4oidc10oidc_login
FN:393,_RNvNtNtCs8GTkPoPxTZZ_20shuthost_coordinator4auth4oidc13oidc_callback
FN:34,_RNvNtNtCs8GTkPoPxTZZ_20shuthost_coordinator4auth4oidc14request_origin
FN:265,_RNvNtNtCs8GTkPoPxTZZ_20shuthost_coordinator4auth4oidc16pkce_from_cookie
FN:66,_RNvNtNtCs8GTkPoPxTZZ_20shuthost_coordinator4auth4oidc17build_oidc_client
FN:270,_RNvNtNtCs8GTkPoPxTZZ_20shuthost_coordinator4auth4oidc17nonce_from_cookie
FN:47,_RNvNtNtCs8GTkPoPxTZZ_20shuthost_coordinator4auth4oidc18build_redirect_url
FN:235,_RNvNtNtCs8GTkPoPxTZZ_20shuthost_coordinator4auth4oidc20login_error_response
FN:295,_RNvNtNtCs8GTkPoPxTZZ_20shuthost_coordinator4auth4oidc21handle_provider_error
FN:337,_RNvNtNtCs8GTkPoPxTZZ_20shuthost_coordinator4auth4oidc22id_token_from_response
FN:318,_RNvNtNtCs8GTkPoPxTZZ_20shuthost_coordinator4auth4oidc23exchange_code_for_token
FN:308,_RNvNtNtCs8GTkPoPxTZZ_20shuthost_coordinator4auth4oidc26extract_authorization_code
FN:246,_RNvNtNtCs8GTkPoPxTZZ_20shuthost_coordinator4auth4oidc26validate_state_or_redirect
FN:239,_RNvNtNtCs8GTkPoPxTZZ_20shuthost_coordinator4auth4oidc28clear_oidc_ephemeral_cookies
FN:275,_RNvNtNtCs8GTkPoPxTZZ_20shuthost_coordinator4auth4oidc29finalize_session_and_redirect
FN:370,_RNvNtNtCs8GTkPoPxTZZ_20shuthost_coordinator4auth4oidc31process_token_and_build_session
FN:349,_RNvNtNtCs8GTkPoPxTZZ_20shuthost_coordinator4auth4oidc33verify_id_token_and_build_session
FNDA:0,_RNvNtNtCslo9NX8GMr5i_20shuthost_coordinator4auth4oidc10oidc_login
FNDA:0,_RNvNtNtCslo9NX8GMr5i_20shuthost_coordinator4auth4oidc13oidc_callback
FNDA:0,_RNvNtNtCslo9NX8GMr5i_20shuthost_coordinator4auth4oidc14request_origin
FNDA:0,_RNvNtNtCslo9NX8GMr5i_20shuthost_coordinator4auth4oidc16pkce_from_cookie
FNDA:0,_RNvNtNtCslo9NX8GMr5i_20shuthost_coordinator4auth4oidc17build_oidc_client
FNDA:0,_RNvNtNtCslo9NX8GMr5i_20shuthost_coordinator4auth4oidc17nonce_from_cookie
FNDA:0,_RNvNtNtCslo9NX8GMr5i_20shuthost_coordinator4auth4oidc18build_redirect_url
FNDA:0,_RNvNtNtCslo9NX8GMr5i_20shuthost_coordinator4auth4oidc20login_error_response
FNDA:0,_RNvNtNtCslo9NX8GMr5i_20shuthost_coordinator4auth4oidc21handle_provider_error
FNDA:0,_RNvNtNtCslo9NX8GMr5i_20shuthost_coordinator4auth4oidc22id_token_from_response
FNDA:0,_RNvNtNtCslo9NX8GMr5i_20shuthost_coordinator4auth4oidc23exchange_code_for_token
FNDA:0,_RNvNtNtCslo9NX8GMr5i_20shuthost_coordinator4auth4oidc26extract_authorization_code
FNDA:0,_RNvNtNtCslo9NX8GMr5i_20shuthost_coordinator4auth4oidc26validate_state_or_redirect
FNDA:0,_RNvNtNtCslo9NX8GMr5i_20shuthost_coordinator4auth4oidc28clear_oidc_ephemeral_cookies
FNDA:0,_RNvNtNtCslo9NX8GMr5i_20shuthost_coordinator4auth4oidc29finalize_session_and_redirect
FNDA:0,_RNvNtNtCslo9NX8GMr5i_20shuthost_coordinator4auth4oidc31process_token_and_build_session
FNDA:0,_RNvNtNtCslo9NX8GMr5i_20shuthost_coordinator4auth4oidc33verify_id_token_and_build_session
FNDA:0,_RNCNCNvNtNtCslo9NX8GMr5i_20shuthost_coordinator4auth4oidc10oidc_login00B9_
FNDA:0,_RNCNCNvNtNtCslo9NX8GMr5i_20shuthost_coordinator4auth4oidc10oidc_login0s_0B9_
FNDA:0,_RNCNCNvNtNtCslo9NX8GMr5i_20shuthost_coordinator4auth4oidc17build_oidc_client00B9_
FNDA:0,_RNCNCNvNtNtCslo9NX8GMr5i_20shuthost_coordinator4auth4oidc17build_oidc_client0s0_0B9_
FNDA:0,_RNCNCNvNtNtCslo9NX8GMr5i_20shuthost_coordinator4auth4oidc17build_oidc_client0s_0B9_
FNDA:0,_RNCNvNtNtCslo9NX8GMr5i_20shuthost_coordinator4auth4oidc10oidc_login0B7_
FNDA:0,_RNCNvNtNtCslo9NX8GMr5i_20shuthost_coordinator4auth4oidc13oidc_callback0B7_
FNDA:0,_RNCNvNtNtCslo9NX8GMr5i_20shuthost_coordinator4auth4oidc14request_origin0B7_
FNDA:0,_RNCNvNtNtCslo9NX8GMr5i_20shuthost_coordinator4auth4oidc14request_origins_0B7_
FNDA:0,_RNCNvNtNtCslo9NX8GMr5i_20shuthost_coordinator4auth4oidc16pkce_from_cookie0B7_
FNDA:0,_RNCNvNtNtCslo9NX8GMr5i_20shuthost_coordinator4auth4oidc17build_oidc_client0B7_
FNDA:0,_RNCNvNtNtCslo9NX8GMr5i_20shuthost_coordinator4auth4oidc17nonce_from_cookie0B7_
FNDA:0,_RNCNvNtNtCslo9NX8GMr5i_20shuthost_coordinator4auth4oidc18build_redirect_url0B7_
FNDA:0,_RNCNvNtNtCslo9NX8GMr5i_20shuthost_coordinator4auth4oidc23exchange_code_for_token0B7_
FNDA:0,_RNCNvNtNtCslo9NX8GMr5i_20shuthost_coordinator4auth4oidc29finalize_session_and_redirect0B7_
FNDA:0,_RNCNvNtNtCslo9NX8GMr5i_20shuthost_coordinator4auth4oidc29finalize_session_and_redirects_0B7_
FNDA:0,_RNCNvNtNtCslo9NX8GMr5i_20shuthost_coordinator4auth4oidc31process_token_and_build_session0B7_
FNDA:0,_RNCNCNvNtNtCs51YTiWNqTuS_20shuthost_coordinator4auth4oidc10oidc_login00B9_
FNDA:0,_RNCNCNvNtNtCs51YTiWNqTuS_20shuthost_coordinator4auth4oidc10oidc_login0s_0B9_
FNDA:0,_RNCNCNvNtNtCs51YTiWNqTuS_20shuthost_coordinator4auth4oidc17build_oidc_client00B9_
FNDA:0,_RNCNCNvNtNtCs51YTiWNqTuS_20shuthost_coordinator4auth4oidc17build_oidc_client0s0_0B9_
FNDA:0,_RNCNCNvNtNtCs51YTiWNqTuS_20shuthost_coordinator4auth4oidc17build_oidc_client0s_0B9_
FNDA:0,_RNCNvNtNtCs51YTiWNqTuS_20shuthost_coordinator4auth4oidc10oidc_login0B7_
FNDA:0,_RNCNvNtNtCs51YTiWNqTuS_20shuthost_coordinator4auth4oidc13oidc_callback0B7_
FNDA:0,_RNCNvNtNtCs51YTiWNqTuS_20shuthost_coordinator4auth4oidc14request_origin0B7_
FNDA:0,_RNCNvNtNtCs51YTiWNqTuS_20shuthost_coordinator4auth4oidc14request_origins_0B7_
FNDA:0,_RNCNvNtNtCs51YTiWNqTuS_20shuthost_coordinator4auth4oidc16pkce_from_cookie0B7_
FNDA:0,_RNCNvNtNtCs51YTiWNqTuS_20shuthost_coordinator4auth4oidc17build_oidc_client0B7_
FNDA:0,_RNCNvNtNtCs51YTiWNqTuS_20shuthost_coordinator4auth4oidc17nonce_from_cookie0B7_
FNDA:0,_RNCNvNtNtCs51YTiWNqTuS_20shuthost_coordinator4auth4oidc18build_redirect_url0B7_
FNDA:0,_RNCNvNtNtCs51YTiWNqTuS_20shuthost_coordinator4auth4oidc23exchange_code_for_token0B7_
FNDA:0,_RNCNvNtNtCs51YTiWNqTuS_20shuthost_coordinator4auth4oidc29finalize_session_and_redirect0B7_
FNDA:0,_RNCNvNtNtCs51YTiWNqTuS_20shuthost_coordinator4auth4oidc29finalize_session_and_redirects_0B7_
FNDA:0,_RNCNvNtNtCs51YTiWNqTuS_20shuthost_coordinator4auth4oidc31process_token_and_build_session0B7_
FNDA:0,_RNvNtNtCs51YTiWNqTuS_20shuthost_coordinator4auth4oidc10oidc_login
FNDA:0,_RNvNtNtCs51YTiWNqTuS_20shuthost_coordinator4auth4oidc13oidc_callback
FNDA:0,_RNvNtNtCs51YTiWNqTuS_20shuthost_coordinator4auth4oidc14request_origin
FNDA:0,_RNvNtNtCs51YTiWNqTuS_20shuthost_coordinator4auth4oidc16pkce_from_cookie
FNDA:0,_RNvNtNtCs51YTiWNqTuS_20shuthost_coordinator4auth4oidc17build_oidc_client
FNDA:0,_RNvNtNtCs51YTiWNqTuS_20shuthost_coordinator4auth4oidc17nonce_from_cookie
FNDA:0,_RNvNtNtCs51YTiWNqTuS_20shuthost_coordinator4auth4oidc18build_redirect_url
FNDA:0,_RNvNtNtCs51YTiWNqTuS_20shuthost_coordinator4auth4oidc20login_error_response
FNDA:0,_RNvNtNtCs51YTiWNqTuS_20shuthost_coordinator4auth4oidc21handle_provider_error
FNDA:0,_RNvNtNtCs51YTiWNqTuS_20shuthost_coordinator4auth4oidc22id_token_from_response
FNDA:0,_RNvNtNtCs51YTiWNqTuS_20shuthost_coordinator4auth4oidc23exchange_code_for_token
FNDA:0,_RNvNtNtCs51YTiWNqTuS_20shuthost_coordinator4auth4oidc26extract_authorization_code
FNDA:0,_RNvNtNtCs51YTiWNqTuS_20shuthost_coordinator4auth4oidc26validate_state_or_redirect
FNDA:0,_RNvNtNtCs51YTiWNqTuS_20shuthost_coordinator4auth4oidc28clear_oidc_ephemeral_cookies
FNDA:0,_RNvNtNtCs51YTiWNqTuS_20shuthost_coordinator4auth4oidc29finalize_session_and_redirect
FNDA:0,_RNvNtNtCs51YTiWNqTuS_20shuthost_coordinator4auth4oidc31process_token_and_build_session
FNDA:0,_RNvNtNtCs51YTiWNqTuS_20shuthost_coordinator4auth4oidc33verify_id_token_and_build_session
FNDA:0,_RNCNCNvNtNtCs8GTkPoPxTZZ_20shuthost_coordinator4auth4oidc10oidc_login00B9_
FNDA:0,_RNCNCNvNtNtCs8GTkPoPxTZZ_20shuthost_coordinator4auth4oidc10oidc_login0s_0B9_
FNDA:0,_RNCNCNvNtNtCs8GTkPoPxTZZ_20shuthost_coordinator4auth4oidc17build_oidc_client00B9_
FNDA:0,_RNCNCNvNtNtCs8GTkPoPxTZZ_20shuthost_coordinator4auth4oidc17build_oidc_client0s0_0B9_
FNDA:0,_RNCNCNvNtNtCs8GTkPoPxTZZ_20shuthost_coordinator4auth4oidc17build_oidc_client0s_0B9_
FNDA:0,_RNCNvNtNtCs8GTkPoPxTZZ_20shuthost_coordinator4auth4oidc10oidc_login0B7_
FNDA:0,_RNCNvNtNtCs8GTkPoPxTZZ_20shuthost_coordinator4auth4oidc13oidc_callback0B7_
FNDA:0,_RNCNvNtNtCs8GTkPoPxTZZ_20shuthost_coordinator4auth4oidc14request_origin0B7_
FNDA:0,_RNCNvNtNtCs8GTkPoPxTZZ_20shuthost_coordinator4auth4oidc14request_origins_0B7_
FNDA:0,_RNCNvNtNtCs8GTkPoPxTZZ_20shuthost_coordinator4auth4oidc16pkce_from_cookie0B7_
FNDA:0,_RNCNvNtNtCs8GTkPoPxTZZ_20shuthost_coordinator4auth4oidc17build_oidc_client0B7_
FNDA:0,_RNCNvNtNtCs8GTkPoPxTZZ_20shuthost_coordinator4auth4oidc17nonce_from_cookie0B7_
FNDA:0,_RNCNvNtNtCs8GTkPoPxTZZ_20shuthost_coordinator4auth4oidc18build_redirect_url0B7_
FNDA:0,_RNCNvNtNtCs8GTkPoPxTZZ_20shuthost_coordinator4auth4oidc23exchange_code_for_token0B7_
FNDA:0,_RNCNvNtNtCs8GTkPoPxTZZ_20shuthost_coordinator4auth4oidc29finalize_session_and_redirect0B7_
FNDA:0,_RNCNvNtNtCs8GTkPoPxTZZ_20shuthost_coordinator4auth4oidc29finalize_session_and_redirects_0B7_
FNDA:0,_RNCNvNtNtCs8GTkPoPxTZZ_20shuthost_coordinator4auth4oidc31process_token_and_build_session0B7_
FNDA:0,_RNvNtNtCs8GTkPoPxTZZ_20shuthost_coordinator4auth4oidc10oidc_login
FNDA:0,_RNvNtNtCs8GTkPoPxTZZ_20shuthost_coordinator4auth4oidc13oidc_callback
FNDA:0,_RNvNtNtCs8GTkPoPxTZZ_20shuthost_coordinator4auth4oidc14request_origin
FNDA:0,_RNvNtNtCs8GTkPoPxTZZ_20shuthost_coordinator4auth4oidc16pkce_from_cookie
FNDA:0,_RNvNtNtCs8GTkPoPxTZZ_20shuthost_coordinator4auth4oidc17build_oidc_client
FNDA:0,_RNvNtNtCs8GTkPoPxTZZ_20shuthost_coordinator4auth4oidc17nonce_from_cookie
FNDA:0,_RNvNtNtCs8GTkPoPxTZZ_20shuthost_coordinator4auth4oidc18build_redirect_url
FNDA:0,_RNvNtNtCs8GTkPoPxTZZ_20shuthost_coordinator4auth4oidc20login_error_response
FNDA:0,_RNvNtNtCs8GTkPoPxTZZ_20shuthost_coordinator4auth4oidc21handle_provider_error
FNDA:0,_RNvNtNtCs8GTkPoPxTZZ_20shuthost_coordinator4auth4oidc22id_token_from_response
FNDA:0,_RNvNtNtCs8GTkPoPxTZZ_20shuthost_coordinator4auth4oidc23exchange_code_for_token
FNDA:0,_RNvNtNtCs8GTkPoPxTZZ_20shuthost_coordinator4auth4oidc26extract_authorization_code
FNDA:0,_RNvNtNtCs8GTkPoPxTZZ_20shuthost_coordinator4auth4oidc26validate_state_or_redirect
FNDA:0,_RNvNtNtCs8GTkPoPxTZZ_20shuthost_coordinator4auth4oidc28clear_oidc_ephemeral_cookies
FNDA:0,_RNvNtNtCs8GTkPoPxTZZ_20shuthost_coordinator4auth4oidc29finalize_session_and_redirect
FNDA:0,_RNvNtNtCs8GTkPoPxTZZ_20shuthost_coordinator4auth4oidc31process_token_and_build_session
FNDA:0,_RNvNtNtCs8GTkPoPxTZZ_20shuthost_coordinator4auth4oidc33verify_id_token_and_build_session
FNF:34
FNH:0
DA:34,0
DA:35,0
DA:36,0
DA:37,0
DA:38,0
DA:39,0
DA:40,0
DA:41,0
DA:42,0
DA:43,0
DA:44,0
DA:45,0
DA:47,0
DA:48,0
DA:49,0
DA:50,0
DA:51,0
DA:52,0
DA:53,0
DA:54,0
DA:66,0
DA:67,0
DA:68,0
DA:69,0
DA:70,0
DA:71,0
DA:73,0
DA:74,0
DA:75,0
DA:76,0
DA:77,0
DA:78,0
DA:79,0
DA:82,0
DA:83,0
DA:84,0
DA:85,0
DA:86,0
DA:87,0
DA:88,0
DA:89,0
DA:90,0
DA:91,0
DA:94,0
DA:95,0
DA:96,0
DA:97,0
DA:99,0
DA:100,0
DA:101,0
DA:103,0
DA:104,0
DA:107,0
DA:108,0
DA:109,0
DA:110,0
DA:112,0
DA:113,0
DA:114,0
DA:118,0
DA:119,0
DA:122,0
DA:123,0
DA:124,0
DA:125,0
DA:126,0
DA:127,0
DA:128,0
DA:130,0
DA:131,0
DA:132,0
DA:133,0
DA:134,0
DA:136,0
DA:140,0
DA:141,0
DA:142,0
DA:143,0
DA:145,0
DA:146,0
DA:147,0
DA:148,0
DA:149,0
DA:150,0
DA:151,0
DA:152,0
DA:153,0
DA:154,0
DA:155,0
DA:156,0
DA:158,0
DA:159,0
DA:160,0
DA:161,0
DA:163,0
DA:164,0
DA:167,0
DA:169,0
DA:170,0
DA:171,0
DA:175,0
DA:176,0
DA:177,0
DA:178,0
DA:182,0
DA:184,0
DA:185,0
DA:186,0
DA:187,0
DA:188,0
DA:189,0
DA:190,0
DA:191,0
DA:192,0
DA:193,0
DA:195,0
DA:196,0
DA:197,0
DA:198,0
DA:199,0
DA:200,0
DA:201,0
DA:202,0
DA:204,0
DA:205,0
DA:206,0
DA:207,0
DA:208,0
DA:209,0
DA:210,0
DA:211,0
DA:214,0
DA:215,0
DA:216,0
DA:235,0
DA:236,0
DA:237,0
DA:239,0
DA:240,0
DA:241,0
DA:242,0
DA:243,0
DA:246,0
DA:247,0
DA:248,0
DA:249,0
DA:250,0
DA:251,0
DA:252,0
DA:254,0
DA:255,0
DA:256,0
DA:258,0
DA:259,0
DA:260,0
DA:261,0
DA:262,0
DA:263,0
DA:265,0
DA:266,0
DA:267,0
DA:268,0
DA:270,0
DA:271,0
DA:272,0
DA:273,0
DA:275,0
DA:276,0
DA:277,0
DA:278,0
DA:279,0
DA:280,0
DA:281,0
DA:282,0
DA:283,0
DA:284,0
DA:286,0
DA:287,0
DA:288,0
DA:289,0
DA:290,0
DA:291,0
DA:292,0
DA:295,0
DA:296,0
DA:297,0
DA:298,0
DA:299,0
DA:300,0
DA:301,0
DA:302,0
DA:303,0
DA:304,0
DA:305,0
DA:306,0
DA:308,0
DA:309,0
DA:310,0
DA:312,0
DA:313,0
DA:316,0
DA:318,0
DA:319,0
DA:320,0
DA:321,0
DA:322,0
DA:323,0
DA:324,0
DA:325,0
DA:326,0
DA:327,0
DA:328,0
DA:329,0
DA:330,0
DA:331,0
DA:332,0
DA:335,0
DA:337,0
DA:338,0
DA:339,0
DA:340,0
DA:341,0
DA:343,0
DA:344,0
DA:347,0
DA:349,0
DA:350,0
DA:351,0
DA:352,0
DA:353,0
DA:354,0
DA:355,0
DA:356,0
DA:357,0
DA:358,0
DA:359,0
DA:360,0
DA:361,0
DA:364,0
DA:365,0
DA:366,0
DA:367,0
DA:370,0
DA:371,0
DA:372,0
DA:373,0
DA:374,0
DA:375,0
DA:376,0
DA:377,0
DA:378,0
DA:379,0
DA:381,0
DA:382,0
DA:383,0
DA:384,0
DA:386,0
DA:387,0
DA:388,0
DA:389,0
DA:390,0
DA:393,0
DA:394,0
DA:395,0
DA:396,0
DA:397,0
DA:398,0
DA:399,0
DA:400,0
DA:401,0
DA:402,0
DA:403,0
DA:405,0
DA:406,0
DA:407,0
DA:409,0
DA:411,0
DA:414,0
DA:415,0
DA:416,0
DA:418,0
DA:419,0
DA:420,0
DA:422,0
DA:423,0
DA:424,0
DA:428,0
DA:429,0
DA:430,0
DA:432,0
DA:433,0
DA:434,0
DA:435,0
DA:436,0
DA:437,0
DA:438,0
DA:440,0
DA:441,0
DA:444,0
DA:445,0
BRF:0
BRH:0
LF:320
LH:0
end_of_record
SF:/home/smaier/workspace/private/shuthost/coordinator/src/auth/routes.rs
FN:185,_RNvMNtNtCslo9NX8GMr5i_20shuthost_coordinator4auth6routesNtB2_18TokenSessionClaims10is_expired
FN:189,_RNvMNtNtCslo9NX8GMr5i_20shuthost_coordinator4auth6routesNtB2_18TokenSessionClaims13matches_token
FN:170,_RNvMNtNtCslo9NX8GMr5i_20shuthost_coordinator4auth6routesNtB2_18TokenSessionClaims3new
FN:209,_RNvMs_NtNtCslo9NX8GMr5i_20shuthost_coordinator4auth6routesNtB4_17OIDCSessionClaims10is_expired
FN:33,_RNvNtNtCslo9NX8GMr5i_20shuthost_coordinator4auth6routes13public_routes
FN:128,_RNvNtNtCslo9NX8GMr5i_20shuthost_coordinator4auth6routes6logout
FN:215,_RNvNtNtCslo9NX8GMr5i_20shuthost_coordinator4auth6routes6now_ts
FN:53,_RNvNtNtCslo9NX8GMr5i_20shuthost_coordinator4auth6routes9login_get
FN:141,_RNCNCNvNtNtCslo9NX8GMr5i_20shuthost_coordinator4auth6routes6logout00B9_
FN:145,_RNCNCNvNtNtCslo9NX8GMr5i_20shuthost_coordinator4auth6routes6logout0s_0B9_
FN:64,_RNCNCNvNtNtCslo9NX8GMr5i_20shuthost_coordinator4auth6routes9login_get00B9_
FN:66,_RNCNCNvNtNtCslo9NX8GMr5i_20shuthost_coordinator4auth6routes9login_get0s_0B9_
FN:128,_RNCNvNtNtCslo9NX8GMr5i_20shuthost_coordinator4auth6routes6logout0B7_
FN:57,_RNCNvNtNtCslo9NX8GMr5i_20shuthost_coordinator4auth6routes9login_get0B7_
FN:185,_RNvMNtNtCs51YTiWNqTuS_20shuthost_coordinator4auth6routesNtB2_18TokenSessionClaims10is_expired
FN:189,_RNvMNtNtCs51YTiWNqTuS_20shuthost_coordinator4auth6routesNtB2_18TokenSessionClaims13matches_token
FN:170,_RNvMNtNtCs51YTiWNqTuS_20shuthost_coordinator4auth6routesNtB2_18TokenSessionClaims3new
FN:209,_RNvMs_NtNtCs51YTiWNqTuS_20shuthost_coordinator4auth6routesNtB4_17OIDCSessionClaims10is_expired
FN:33,_RNvNtNtCs51YTiWNqTuS_20shuthost_coordinator4auth6routes13public_routes
FN:128,_RNvNtNtCs51YTiWNqTuS_20shuthost_coordinator4auth6routes6logout
FN:215,_RNvNtNtCs51YTiWNqTuS_20shuthost_coordinator4auth6routes6now_ts
FN:53,_RNvNtNtCs51YTiWNqTuS_20shuthost_coordinator4auth6routes9login_get
FN:141,_RNCNCNvNtNtCs51YTiWNqTuS_20shuthost_coordinator4auth6routes6logout00B9_
FN:145,_RNCNCNvNtNtCs51YTiWNqTuS_20shuthost_coordinator4auth6routes6logout0s_0B9_
FN:64,_RNCNCNvNtNtCs51YTiWNqTuS_20shuthost_coordinator4auth6routes9login_get00B9_
FN:66,_RNCNCNvNtNtCs51YTiWNqTuS_20shuthost_coordinator4auth6routes9login_get0s_0B9_
FN:128,_RNCNvNtNtCs51YTiWNqTuS_20shuthost_coordinator4auth6routes6logout0B7_
FN:57,_RNCNvNtNtCs51YTiWNqTuS_20shuthost_coordinator4auth6routes9login_get0B7_
FN:141,_RNCNCNvNtNtCs8GTkPoPxTZZ_20shuthost_coordinator4auth6routes6logout00B9_
FN:145,_RNCNCNvNtNtCs8GTkPoPxTZZ_20shuthost_coordinator4auth6routes6logout0s_0B9_
FN:64,_RNCNCNvNtNtCs8GTkPoPxTZZ_20shuthost_coordinator4auth6routes9login_get00B9_
FN:66,_RNCNCNvNtNtCs8GTkPoPxTZZ_20shuthost_coordinator4auth6routes9login_get0s_0B9_
FN:128,_RNCNvNtNtCs8GTkPoPxTZZ_20shuthost_coordinator4auth6routes6logout0B7_
FN:57,_RNCNvNtNtCs8GTkPoPxTZZ_20shuthost_coordinator4auth6routes9login_get0B7_
FN:185,_RNvMNtNtCs8GTkPoPxTZZ_20shuthost_coordinator4auth6routesNtB2_18TokenSessionClaims10is_expired
FN:189,_RNvMNtNtCs8GTkPoPxTZZ_20shuthost_coordinator4auth6routesNtB2_18TokenSessionClaims13matches_token
FN:170,_RNvMNtNtCs8GTkPoPxTZZ_20shuthost_coordinator4auth6routesNtB2_18TokenSessionClaims3new
FN:209,_RNvMs_NtNtCs8GTkPoPxTZZ_20shuthost_coordinator4auth6routesNtB4_17OIDCSessionClaims10is_expired
FN:33,_RNvNtNtCs8GTkPoPxTZZ_20shuthost_coordinator4auth6routes13public_routes
FN:128,_RNvNtNtCs8GTkPoPxTZZ_20shuthost_coordinator4auth6routes6logout
FN:215,_RNvNtNtCs8GTkPoPxTZZ_20shuthost_coordinator4auth6routes6now_ts
FN:53,_RNvNtNtCs8GTkPoPxTZZ_20shuthost_coordinator4auth6routes9login_get
FNDA:1,_RNvMNtNtCslo9NX8GMr5i_20shuthost_coordinator4auth6routesNtB2_18TokenSessionClaims10is_expired
FNDA:1,_RNvMNtNtCslo9NX8GMr5i_20shuthost_coordinator4auth6routesNtB2_18TokenSessionClaims13matches_token
FNDA:1,_RNvMNtNtCslo9NX8GMr5i_20shuthost_coordinator4auth6routesNtB2_18TokenSessionClaims3new
FNDA:0,_RNvMs_NtNtCslo9NX8GMr5i_20shuthost_coordinator4auth6routesNtB4_17OIDCSessionClaims10is_expired
FNDA:13,_RNvNtNtCslo9NX8GMr5i_20shuthost_coordinator4auth6routes13public_routes
FNDA:0,_RNvNtNtCslo9NX8GMr5i_20shuthost_coordinator4auth6routes6logout
FNDA:2,_RNvNtNtCslo9NX8GMr5i_20shuthost_coordinator4auth6routes6now_ts
FNDA:0,_RNvNtNtCslo9NX8GMr5i_20shuthost_coordinator4auth6routes9login_get
FNDA:0,_RNCNCNvNtNtCslo9NX8GMr5i_20shuthost_coordinator4auth6routes6logout00B9_
FNDA:0,_RNCNCNvNtNtCslo9NX8GMr5i_20shuthost_coordinator4auth6routes6logout0s_0B9_
FNDA:0,_RNCNCNvNtNtCslo9NX8GMr5i_20shuthost_coordinator4auth6routes9login_get00B9_
FNDA:0,_RNCNCNvNtNtCslo9NX8GMr5i_20shuthost_coordinator4auth6routes9login_get0s_0B9_
FNDA:0,_RNCNvNtNtCslo9NX8GMr5i_20shuthost_coordinator4auth6routes6logout0B7_
FNDA:0,_RNCNvNtNtCslo9NX8GMr5i_20shuthost_coordinator4auth6routes9login_get0B7_
FNDA:0,_RNvMNtNtCs51YTiWNqTuS_20shuthost_coordinator4auth6routesNtB2_18TokenSessionClaims10is_expired
FNDA:0,_RNvMNtNtCs51YTiWNqTuS_20shuthost_coordinator4auth6routesNtB2_18TokenSessionClaims13matches_token
FNDA:0,_RNvMNtNtCs51YTiWNqTuS_20shuthost_coordinator4auth6routesNtB2_18TokenSessionClaims3new
FNDA:0,_RNvMs_NtNtCs51YTiWNqTuS_20shuthost_coordinator4auth6routesNtB4_17OIDCSessionClaims10is_expired
FNDA:53,_RNvNtNtCs51YTiWNqTuS_20shuthost_coordinator4auth6routes13public_routes
FNDA:0,_RNvNtNtCs51YTiWNqTuS_20shuthost_coordinator4auth6routes6logout
FNDA:0,_RNvNtNtCs51YTiWNqTuS_20shuthost_coordinator4auth6routes6now_ts
FNDA:18,_RNvNtNtCs51YTiWNqTuS_20shuthost_coordinator4auth6routes9login_get
FNDA:0,_RNCNCNvNtNtCs51YTiWNqTuS_20shuthost_coordinator4auth6routes6logout00B9_
FNDA:0,_RNCNCNvNtNtCs51YTiWNqTuS_20shuthost_coordinator4auth6routes6logout0s_0B9_
FNDA:0,_RNCNCNvNtNtCs51YTiWNqTuS_20shuthost_coordinator4auth6routes9login_get00B9_
FNDA:0,_RNCNCNvNtNtCs51YTiWNqTuS_20shuthost_coordinator4auth6routes9login_get0s_0B9_
FNDA:0,_RNCNvNtNtCs51YTiWNqTuS_20shuthost_coordinator4auth6routes6logout0B7_
FNDA:18,_RNCNvNtNtCs51YTiWNqTuS_20shuthost_coordinator4auth6routes9login_get0B7_
FNDA:0,_RNCNCNvNtNtCs8GTkPoPxTZZ_20shuthost_coordinator4auth6routes6logout00B9_
FNDA:0,_RNCNCNvNtNtCs8GTkPoPxTZZ_20shuthost_coordinator4auth6routes6logout0s_0B9_
FNDA:0,_RNCNCNvNtNtCs8GTkPoPxTZZ_20shuthost_coordinator4auth6routes9login_get00B9_
FNDA:0,_RNCNCNvNtNtCs8GTkPoPxTZZ_20shuthost_coordinator4auth6routes9login_get0s_0B9_
FNDA:0,_RNCNvNtNtCs8GTkPoPxTZZ_20shuthost_coordinator4auth6routes6logout0B7_
FNDA:0,_RNCNvNtNtCs8GTkPoPxTZZ_20shuthost_coordinator4auth6routes9login_get0B7_
FNDA:0,_RNvMNtNtCs8GTkPoPxTZZ_20shuthost_coordinator4auth6routesNtB2_18TokenSessionClaims10is_expired
FNDA:0,_RNvMNtNtCs8GTkPoPxTZZ_20shuthost_coordinator4auth6routesNtB2_18TokenSessionClaims13matches_token
FNDA:0,_RNvMNtNtCs8GTkPoPxTZZ_20shuthost_coordinator4auth6routesNtB2_18TokenSessionClaims3new
FNDA:0,_RNvMs_NtNtCs8GTkPoPxTZZ_20shuthost_coordinator4auth6routesNtB4_17OIDCSessionClaims10is_expired
FNDA:0,_RNvNtNtCs8GTkPoPxTZZ_20shuthost_coordinator4auth6routes13public_routes
FNDA:0,_RNvNtNtCs8GTkPoPxTZZ_20shuthost_coordinator4auth6routes6logout
FNDA:0,_RNvNtNtCs8GTkPoPxTZZ_20shuthost_coordinator4auth6routes6now_ts
FNDA:0,_RNvNtNtCs8GTkPoPxTZZ_20shuthost_coordinator4auth6routes9login_get
FNF:14
FNH:7
DA:33,66
DA:36,66
DA:38,66
DA:39,66
DA:40,66
DA:42,66
DA:43,66
DA:44,66
DA:46,66
DA:48,66
DA:49,66
DA:50,66
DA:53,18
DA:54,18
DA:55,18
DA:56,18
DA:57,18
DA:61,18
DA:62,18
DA:63,9
DA:64,9
DA:66,9
DA:71,0
DA:72,0
DA:74,18
DA:75,0
DA:76,18
DA:78,18
DA:79,8
DA:80,0
DA:82,8
DA:83,0
DA:85,8
DA:86,0
DA:88,8
DA:89,0
DA:91,8
DA:92,8
DA:94,0
DA:95,10
DA:98,18
DA:99,9
DA:100,9
DA:101,0
DA:104,18
DA:105,18
DA:106,18
DA:107,18
DA:108,18
DA:109,18
DA:110,18
DA:111,18
DA:112,18
DA:113,18
DA:114,18
DA:115,18
DA:116,18
DA:117,18
DA:118,18
DA:119,18
DA:120,18
DA:121,18
DA:122,18
DA:123,18
DA:124,18
DA:125,18
DA:128,0
DA:130,0
DA:131,0
DA:132,0
DA:135,0
DA:141,0
DA:142,0
DA:143,0
DA:144,0
DA:145,0
DA:146,0
DA:147,0
DA:149,0
DA:150,0
DA:151,0
DA:153,0
DA:154,0
DA:155,0
DA:157,0
DA:158,0
DA:159,0
DA:170,1
DA:171,1
DA:172,1
DA:173,1
DA:174,1
DA:175,1
DA:176,1
DA:177,1
DA:178,1
DA:179,1
DA:180,1
DA:181,1
DA:182,1
DA:185,1
DA:186,1
DA:187,1
DA:189,1
DA:190,1
DA:191,1
DA:192,1
DA:193,1
DA:194,1
DA:209,0
DA:210,0
DA:211,0
DA:215,2
DA:216,2
DA:217,2
DA:218,2
DA:219,2
DA:220,2
BRF:0
BRH:0
LF:124
LH:86
end_of_record
SF:/home/smaier/workspace/private/shuthost/coordinator/src/auth/token.rs
FN:34,_RNCNvNtNtCslo9NX8GMr5i_20shuthost_coordinator4auth5token10login_post0B7_
FN:27,_RNvNtNtCslo9NX8GMr5i_20shuthost_coordinator4auth5token10login_post
FN:27,_RNvNtNtCs51YTiWNqTuS_20shuthost_coordinator4auth5token10login_post
FN:34,_RNCNvNtNtCs51YTiWNqTuS_20shuthost_coordinator4auth5token10login_post0B7_
FN:34,_RNCNvNtNtCs8GTkPoPxTZZ_20shuthost_coordinator4auth5token10login_post0B7_
FN:27,_RNvNtNtCs8GTkPoPxTZZ_20shuthost_coordinator4auth5token10login_post
FNDA:3,_RNCNvNtNtCslo9NX8GMr5i_20shuthost_coordinator4auth5token10login_post0B7_
FNDA:3,_RNvNtNtCslo9NX8GMr5i_20shuthost_coordinator4auth5token10login_post
FNDA:0,_RNvNtNtCs51YTiWNqTuS_20shuthost_coordinator4auth5token10login_post
FNDA:0,_RNCNvNtNtCs51YTiWNqTuS_20shuthost_coordinator4auth5token10login_post0B7_
FNDA:0,_RNCNvNtNtCs8GTkPoPxTZZ_20shuthost_coordinator4auth5token10login_post0B7_
FNDA:0,_RNvNtNtCs8GTkPoPxTZZ_20shuthost_coordinator4auth5token10login_post
FNF:2
FNH:2
DA:27,3
DA:28,3
DA:29,3
DA:30,3
DA:31,3
DA:32,3
DA:33,3
DA:34,3
DA:36,3
DA:37,1
DA:38,0
DA:40,1
DA:41,2
DA:42,2
DA:44,2
DA:46,2
DA:47,1
DA:48,1
DA:49,1
DA:50,1
DA:52,1
DA:53,1
DA:56,1
DA:58,3
BRF:0
BRH:0
LF:25
LH:24
end_of_record
SF:/home/smaier/workspace/private/shuthost/coordinator/src/config/loader.rs
FN:21,_RINvNtNtCslo9NX8GMr5i_20shuthost_coordinator6config6loader23load_coordinator_configRNtNtCscKkwsb9kWaL_3std4path4PathEB6_
FN:21,_RNCINvNtNtCslo9NX8GMr5i_20shuthost_coordinator6config6loader23load_coordinator_configRNtNtCscKkwsb9kWaL_3std4path4PathE0B8_
FN:21,_RINvNtNtCs51YTiWNqTuS_20shuthost_coordinator6config6loader23load_coordinator_configRNtNtCscKkwsb9kWaL_3std4path4PathEB6_
FN:21,_RNCINvNtNtCs51YTiWNqTuS_20shuthost_coordinator6config6loader23load_coordinator_configRNtNtCscKkwsb9kWaL_3std4path4PathE0B8_
FN:35,_RNvNtNtNtCs8GTkPoPxTZZ_20shuthost_coordinator6config6loader5testss_33test_load_coordinator_config_file
FN:128,_RNvNtNtNtCs8GTkPoPxTZZ_20shuthost_coordinator6config6loader5testss_34test_tls_custom_values_deserialize
FN:100,_RNvNtNtNtCs8GTkPoPxTZZ_20shuthost_coordinator6config6loader5testss_34test_tls_empty_table_uses_defaults
FN:80,_RNvNtNtNtCs8GTkPoPxTZZ_20shuthost_coordinator6config6loader5testss_37test_tls_absent_field_results_in_none
FN:72,_RNvNtNtNtCs8GTkPoPxTZZ_20shuthost_coordinator6config6loader5testss_41test_load_coordinator_config_invalid_toml
FN:65,_RNvNtNtNtCs8GTkPoPxTZZ_20shuthost_coordinator6config6loader5testss_41test_load_coordinator_config_missing_file
FN:35,_RNCNvNtNtNtCs8GTkPoPxTZZ_20shuthost_coordinator6config6loader5testss_33test_load_coordinator_config_file0B9_
FN:100,_RNCNvNtNtNtCs8GTkPoPxTZZ_20shuthost_coordinator6config6loader5testss_34test_tls_empty_table_uses_defaults0B9_
FN:80,_RNCNvNtNtNtCs8GTkPoPxTZZ_20shuthost_coordinator6config6loader5testss_37test_tls_absent_field_results_in_none0B9_
FN:72,_RNCNvNtNtNtCs8GTkPoPxTZZ_20shuthost_coordinator6config6loader5testss_41test_load_coordinator_config_invalid_toml0B9_
FN:65,_RNCNvNtNtNtCs8GTkPoPxTZZ_20shuthost_coordinator6config6loader5testss_41test_load_coordinator_config_missing_file0B9_
FN:21,_RINvNtNtCs8GTkPoPxTZZ_20shuthost_coordinator6config6loader23load_coordinator_configRNtNtCscKkwsb9kWaL_3std4path7PathBufEB6_
FN:21,_RNCINvNtNtCs8GTkPoPxTZZ_20shuthost_coordinator6config6loader23load_coordinator_configRNtNtCscKkwsb9kWaL_3std4path7PathBufE0B8_
FNDA:15,_RINvNtNtCslo9NX8GMr5i_20shuthost_coordinator6config6loader23load_coordinator_configRNtNtCscKkwsb9kWaL_3std4path4PathEB6_
FNDA:15,_RNCINvNtNtCslo9NX8GMr5i_20shuthost_coordinator6config6loader23load_coordinator_configRNtNtCscKkwsb9kWaL_3std4path4PathE0B8_
FNDA:53,_RINvNtNtCs51YTiWNqTuS_20shuthost_coordinator6config6loader23load_coordinator_configRNtNtCscKkwsb9kWaL_3std4path4PathEB6_
FNDA:53,_RNCINvNtNtCs51YTiWNqTuS_20shuthost_coordinator6config6loader23load_coordinator_configRNtNtCscKkwsb9kWaL_3std4path4PathE0B8_
FNDA:1,_RNvNtNtNtCs8GTkPoPxTZZ_20shuthost_coordinator6config6loader5testss_33test_load_coordinator_config_file
FNDA:1,_RNvNtNtNtCs8GTkPoPxTZZ_20shuthost_coordinator6config6loader5testss_34test_tls_custom_values_deserialize
FNDA:1,_RNvNtNtNtCs8GTkPoPxTZZ_20shuthost_coordinator6config6loader5testss_34test_tls_empty_table_uses_defaults
FNDA:1,_RNvNtNtNtCs8GTkPoPxTZZ_20shuthost_coordinator6config6loader5testss_37test_tls_absent_field_results_in_none
FNDA:1,_RNvNtNtNtCs8GTkPoPxTZZ_20shuthost_coordinator6config6loader5testss_41test_load_coordinator_config_invalid_toml
FNDA:1,_RNvNtNtNtCs8GTkPoPxTZZ_20shuthost_coordinator6config6loader5testss_41test_load_coordinator_config_missing_file
FNDA:1,_RNCNvNtNtNtCs8GTkPoPxTZZ_20shuthost_coordinator6config6loader5testss_33test_load_coordinator_config_file0B9_
FNDA:1,_RNCNvNtNtNtCs8GTkPoPxTZZ_20shuthost_coordinator6config6loader5testss_34test_tls_empty_table_uses_defaults0B9_
FNDA:1,_RNCNvNtNtNtCs8GTkPoPxTZZ_20shuthost_coordinator6config6loader5testss_37test_tls_absent_field_results_in_none0B9_
FNDA:1,_RNCNvNtNtNtCs8GTkPoPxTZZ_20shuthost_coordinator6config6loader5testss_41test_load_coordinator_config_invalid_toml0B9_
FNDA:1,_RNCNvNtNtNtCs8GTkPoPxTZZ_20shuthost_coordinator6config6loader5testss_41test_load_coordinator_config_missing_file0B9_
FNDA:5,_RINvNtNtCs8GTkPoPxTZZ_20shuthost_coordinator6config6loader23load_coordinator_configRNtNtCscKkwsb9kWaL_3std4path7PathBufEB6_
FNDA:5,_RNCINvNtNtCs8GTkPoPxTZZ_20shuthost_coordinator6config6loader23load_coordinator_configRNtNtCscKkwsb9kWaL_3std4path7PathBufE0B8_
FNF:13
FNH:13
DA:21,73
DA:22,73
DA:23,73
DA:24,73
DA:25,71
DA:26,72
DA:27,71
DA:28,73
DA:35,1
DA:36,1
DA:37,1
DA:38,1
DA:39,1
DA:40,1
DA:41,1
DA:42,1
DA:43,1
DA:44,1
DA:45,1
DA:46,1
DA:47,1
DA:48,1
DA:49,1
DA:50,1
DA:51,1
DA:52,1
DA:53,1
DA:54,1
DA:55,1
DA:56,1
DA:57,1
DA:58,1
DA:59,1
DA:60,1
DA:61,1
DA:62,1
DA:65,1
DA:66,1
DA:67,1
DA:68,1
DA:69,1
DA:72,1
DA:73,1
DA:74,1
DA:75,1
DA:76,1
DA:77,1
DA:80,1
DA:81,1
DA:82,1
DA:83,1
DA:84,1
DA:85,1
DA:86,1
DA:87,1
DA:88,1
DA:89,1
DA:90,1
DA:91,1
DA:92,1
DA:93,1
DA:94,1
DA:95,1
DA:96,1
DA:97,1
DA:100,1
DA:101,1
DA:102,1
DA:103,1
DA:104,1
DA:105,1
DA:106,1
DA:107,1
DA:108,1
DA:109,1
DA:110,1
DA:111,1
DA:112,1
DA:113,1
DA:114,1
DA:115,1
DA:116,1
DA:117,1
DA:118,1
DA:119,1
DA:120,1
DA:121,1
DA:122,1
DA:123,1
DA:124,1
DA:125,1
DA:128,1
DA:129,1
DA:130,1
DA:131,1
DA:132,1
DA:133,1
DA:134,1
DA:135,1
DA:136,1
DA:137,1
DA:138,1
DA:139,1
DA:140,1
DA:141,1
DA:142,1
DA:143,1
DA:144,1
DA:145,1
DA:146,1
DA:147,1
DA:148,1
DA:149,1
BRF:0
BRH:0
LF:128
LH:126
end_of_record
SF:/home/smaier/workspace/private/shuthost/coordinator/src/config/types.rs
FN:96,_RNvNtNtCslo9NX8GMr5i_20shuthost_coordinator6config5types13do_tls_enable
FN:88,_RNvNtNtCslo9NX8GMr5i_20shuthost_coordinator6config5types17relative_key_path
FN:83,_RNvNtNtCslo9NX8GMr5i_20shuthost_coordinator6config5types18relative_cert_path
FN:126,_RNvNtNtCslo9NX8GMr5i_20shuthost_coordinator6config5types19default_oidc_scopes
FN:92,_RNvNtNtCslo9NX8GMr5i_20shuthost_coordinator6config5types22do_persist_self_signed
FN:73,_RNvXNtNtCslo9NX8GMr5i_20shuthost_coordinator6config5typesNtB2_9TlsConfigNtNtCs5GmCzIpY9Qj_4core7default7Default7default
FN:96,_RNvNtNtCs51YTiWNqTuS_20shuthost_coordinator6config5types13do_tls_enable
FN:88,_RNvNtNtCs51YTiWNqTuS_20shuthost_coordinator6config5types17relative_key_path
FN:83,_RNvNtNtCs51YTiWNqTuS_20shuthost_coordinator6config5types18relative_cert_path
FN:126,_RNvNtNtCs51YTiWNqTuS_20shuthost_coordinator6config5types19default_oidc_scopes
FN:92,_RNvNtNtCs51YTiWNqTuS_20shuthost_coordinator6config5types22do_persist_self_signed
FN:73,_RNvXNtNtCs51YTiWNqTuS_20shuthost_coordinator6config5typesNtB2_9TlsConfigNtNtCs5GmCzIpY9Qj_4core7default7Default7default
FN:73,_RNvXNtNtCs8GTkPoPxTZZ_20shuthost_coordinator6config5typesNtB2_9TlsConfigNtNtCs5GmCzIpY9Qj_4core7default7Default7default
FN:96,_RNvNtNtCs8GTkPoPxTZZ_20shuthost_coordinator6config5types13do_tls_enable
FN:88,_RNvNtNtCs8GTkPoPxTZZ_20shuthost_coordinator6config5types17relative_key_path
FN:83,_RNvNtNtCs8GTkPoPxTZZ_20shuthost_coordinator6config5types18relative_cert_path
FN:126,_RNvNtNtCs8GTkPoPxTZZ_20shuthost_coordinator6config5types19default_oidc_scopes
FN:92,_RNvNtNtCs8GTkPoPxTZZ_20shuthost_coordinator6config5types22do_persist_self_signed
FNDA:1,_RNvNtNtCslo9NX8GMr5i_20shuthost_coordinator6config5types13do_tls_enable
FNDA:1,_RNvNtNtCslo9NX8GMr5i_20shuthost_coordinator6config5types17relative_key_path
FNDA:1,_RNvNtNtCslo9NX8GMr5i_20shuthost_coordinator6config5types18relative_cert_path
FNDA:0,_RNvNtNtCslo9NX8GMr5i_20shuthost_coordinator6config5types19default_oidc_scopes
FNDA:1,_RNvNtNtCslo9NX8GMr5i_20shuthost_coordinator6config5types22do_persist_self_signed
FNDA:0,_RNvXNtNtCslo9NX8GMr5i_20shuthost_coordinator6config5typesNtB2_9TlsConfigNtNtCs5GmCzIpY9Qj_4core7default7Default7default
FNDA:18,_RNvNtNtCs51YTiWNqTuS_20shuthost_coordinator6config5types13do_tls_enable
FNDA:18,_RNvNtNtCs51YTiWNqTuS_20shuthost_coordinator6config5types17relative_key_path
FNDA:18,_RNvNtNtCs51YTiWNqTuS_20shuthost_coordinator6config5types18relative_cert_path
FNDA:9,_RNvNtNtCs51YTiWNqTuS_20shuthost_coordinator6config5types19default_oidc_scopes
FNDA:18,_RNvNtNtCs51YTiWNqTuS_20shuthost_coordinator6config5types22do_persist_self_signed
FNDA:0,_RNvXNtNtCs51YTiWNqTuS_20shuthost_coordinator6config5typesNtB2_9TlsConfigNtNtCs5GmCzIpY9Qj_4core7default7Default7default
FNDA:0,_RNvXNtNtCs8GTkPoPxTZZ_20shuthost_coordinator6config5typesNtB2_9TlsConfigNtNtCs5GmCzIpY9Qj_4core7default7Default7default
FNDA:2,_RNvNtNtCs8GTkPoPxTZZ_20shuthost_coordinator6config5types13do_tls_enable
FNDA:1,_RNvNtNtCs8GTkPoPxTZZ_20shuthost_coordinator6config5types17relative_key_path
FNDA:1,_RNvNtNtCs8GTkPoPxTZZ_20shuthost_coordinator6config5types18relative_cert_path
FNDA:0,_RNvNtNtCs8GTkPoPxTZZ_20shuthost_coordinator6config5types19default_oidc_scopes
FNDA:1,_RNvNtNtCs8GTkPoPxTZZ_20shuthost_coordinator6config5types22do_persist_self_signed
FNF:6
FNH:5
DA:73,0
DA:74,0
DA:75,0
DA:76,0
DA:77,0
DA:78,0
DA:79,0
DA:80,0
DA:83,20
DA:85,20
DA:86,20
DA:88,20
DA:89,20
DA:90,20
DA:92,20
DA:93,20
DA:94,20
DA:96,21
DA:97,21
DA:98,21
DA:126,9
DA:127,9
DA:128,9
BRF:0
BRH:0
LF:23
LH:15
end_of_record
SF:/home/smaier/workspace/private/shuthost/coordinator/src/config/watcher.rs
FN:81,_RNCNCNvNtNtCslo9NX8GMr5i_20shuthost_coordinator6config7watcher17watch_config_file00B9_
[...]
FNDA:0,_RNCNvNtCs8GTkPoPxTZZ_20shuthost_coordinator9websocket19start_webui_ws_loop0B5_
FNDA:0,_RNvNtCs8GTkPoPxTZZ_20shuthost_coordinator9websocket10ws_handler
FNDA:0,_RNvNtCs8GTkPoPxTZZ_20shuthost_coordinator9websocket15send_ws_message
FNDA:0,_RNvNtCs8GTkPoPxTZZ_20shuthost_coordinator9websocket16send_startup_msg
FNDA:0,_RNvNtCs8GTkPoPxTZZ_20shuthost_coordinator9websocket19is_websocket_closed
FNDA:0,_RNvNtCs8GTkPoPxTZZ_20shuthost_coordinator9websocket19start_webui_ws_loop
FNDA:36,_RINCNCNCNvNtCs51YTiWNqTuS_20shuthost_coordinator9websocket10ws_handler000lECskQNNUpBnDLt_20shuthost_coordinator
FNDA:36,_RNCNCNvNtCs51YTiWNqTuS_20shuthost_coordinator9websocket10ws_handler00CskQNNUpBnDLt_20shuthost_coordinator
FNDA:36,_RNCNvNtCs51YTiWNqTuS_20shuthost_coordinator9websocket10ws_handler0CskQNNUpBnDLt_20shuthost_coordinator
FNDA:45,_RNCNvNtCs51YTiWNqTuS_20shuthost_coordinator9websocket15send_ws_message0CskQNNUpBnDLt_20shuthost_coordinator
FNDA:36,_RNCNvNtCs51YTiWNqTuS_20shuthost_coordinator9websocket16send_startup_msg0CskQNNUpBnDLt_20shuthost_coordinator
FNDA:36,_RNCNvNtCs51YTiWNqTuS_20shuthost_coordinator9websocket19start_webui_ws_loop0CskQNNUpBnDLt_20shuthost_coordinator
FNF:10
FNH:9
DA:20,0
DA:21,0
DA:24,0
DA:25,0
DA:28,0
DA:29,0
DA:31,0
DA:32,0
DA:33,0
DA:36,0
DA:37,0
DA:66,38
DA:67,38
DA:68,38
DA:69,38
DA:70,38
DA:71,38
DA:72,38
DA:73,38
DA:74,38
DA:75,38
DA:76,38
DA:80,38
DA:85,38
DA:86,38
DA:87,38
DA:91,38
DA:93,76
DA:94,38
DA:95,38
DA:96,38
DA:97,0
DA:98,0
DA:99,0
DA:102,38
DA:103,38
DA:104,38
DA:106,50
DA:107,50
DA:108,50
DA:109,0
DA:110,0
DA:111,0
DA:114,50
DA:117,38
DA:120,50
DA:122,50
DA:123,12
DA:124,12
DA:125,12
DA:126,0
DA:127,0
DA:128,0
DA:130,0
DA:132,0
DA:133,12
DA:136,0
DA:137,0
DA:143,50
DA:144,0
DA:145,0
DA:149,0
DA:151,38
DA:152,38
DA:153,38
DA:154,38
DA:155,38
DA:156,38
DA:158,38
DA:159,38
DA:161,38
DA:162,38
DA:163,38
DA:164,38
DA:165,38
DA:166,38
DA:167,38
DA:168,38
DA:169,38
DA:171,38
DA:172,38
BRF:0
BRH:0
LF:86
LH:58
end_of_record
SF:/home/smaier/workspace/private/shuthost/coordinator/src/wol.rs
FN:39,_RNCNvNtCslo9NX8GMr5i_20shuthost_coordinator3wol9parse_mac0B5_
FN:41,_RNCNvNtCslo9NX8GMr5i_20shuthost_coordinator3wol9parse_macs_0B5_
FN:8,_RNvNtCslo9NX8GMr5i_20shuthost_coordinator3wol17send_magic_packet
FN:55,_RNvNtCslo9NX8GMr5i_20shuthost_coordinator3wol21test_wol_reachability
FN:32,_RNvNtCslo9NX8GMr5i_20shuthost_coordinator3wol9parse_mac
FN:8,_RNvNtCs51YTiWNqTuS_20shuthost_coordinator3wol17send_magic_packet
FN:55,_RNvNtCs51YTiWNqTuS_20shuthost_coordinator3wol21test_wol_reachability
FN:32,_RNvNtCs51YTiWNqTuS_20shuthost_coordinator3wol9parse_mac
FN:39,_RNCNvNtCs51YTiWNqTuS_20shuthost_coordinator3wol9parse_mac0B5_
FN:41,_RNCNvNtCs51YTiWNqTuS_20shuthost_coordinator3wol9parse_macs_0B5_
FN:84,_RNvNtNtCs8GTkPoPxTZZ_20shuthost_coordinator3wol5testss_20test_parse_mac_valid
FN:98,_RNvNtNtCs8GTkPoPxTZZ_20shuthost_coordinator3wol5testss_27test_parse_mac_invalid_byte
FN:91,_RNvNtNtCs8GTkPoPxTZZ_20shuthost_coordinator3wol5testss_29test_parse_mac_invalid_format
FN:8,_RNvNtCs8GTkPoPxTZZ_20shuthost_coordinator3wol17send_magic_packet
FN:55,_RNvNtCs8GTkPoPxTZZ_20shuthost_coordinator3wol21test_wol_reachability
FN:39,_RNCNvNtCs8GTkPoPxTZZ_20shuthost_coordinator3wol9parse_mac0B5_
FN:41,_RNCNvNtCs8GTkPoPxTZZ_20shuthost_coordinator3wol9parse_macs_0B5_
FN:32,_RNvNtCs8GTkPoPxTZZ_20shuthost_coordinator3wol9parse_mac
FNDA:0,_RNCNvNtCslo9NX8GMr5i_20shuthost_coordinator3wol9parse_mac0B5_
FNDA:0,_RNCNvNtCslo9NX8GMr5i_20shuthost_coordinator3wol9parse_macs_0B5_
FNDA:0,_RNvNtCslo9NX8GMr5i_20shuthost_coordinator3wol17send_magic_packet
FNDA:0,_RNvNtCslo9NX8GMr5i_20shuthost_coordinator3wol21test_wol_reachability
FNDA:0,_RNvNtCslo9NX8GMr5i_20shuthost_coordinator3wol9parse_mac
FNDA:0,_RNvNtCs51YTiWNqTuS_20shuthost_coordinator3wol17send_magic_packet
FNDA:0,_RNvNtCs51YTiWNqTuS_20shuthost_coordinator3wol21test_wol_reachability
FNDA:0,_RNvNtCs51YTiWNqTuS_20shuthost_coordinator3wol9parse_mac
FNDA:0,_RNCNvNtCs51YTiWNqTuS_20shuthost_coordinator3wol9parse_mac0B5_
FNDA:0,_RNCNvNtCs51YTiWNqTuS_20shuthost_coordinator3wol9parse_macs_0B5_
FNDA:1,_RNvNtNtCs8GTkPoPxTZZ_20shuthost_coordinator3wol5testss_20test_parse_mac_valid
FNDA:1,_RNvNtNtCs8GTkPoPxTZZ_20shuthost_coordinator3wol5testss_27test_parse_mac_invalid_byte
FNDA:1,_RNvNtNtCs8GTkPoPxTZZ_20shuthost_coordinator3wol5testss_29test_parse_mac_invalid_format
FNDA:0,_RNvNtCs8GTkPoPxTZZ_20shuthost_coordinator3wol17send_magic_packet
FNDA:0,_RNvNtCs8GTkPoPxTZZ_20shuthost_coordinator3wol21test_wol_reachability
FNDA:1,_RNCNvNtCs8GTkPoPxTZZ_20shuthost_coordinator3wol9parse_mac0B5_
FNDA:1,_RNCNvNtCs8GTkPoPxTZZ_20shuthost_coordinator3wol9parse_macs_0B5_
FNDA:3,_RNvNtCs8GTkPoPxTZZ_20shuthost_coordinator3wol9parse_mac
FNF:8
FNH:6
DA:8,0
DA:9,0
DA:10,0
DA:12,0
DA:13,0
DA:14,0
DA:15,0
DA:16,0
DA:17,0
DA:18,0
DA:20,0
DA:21,0
DA:22,0
DA:23,0
DA:25,0
DA:26,0
DA:27,0
DA:29,0
DA:30,0
DA:32,3
DA:33,3
DA:34,3
DA:36,19
DA:37,18
DA:38,18
DA:39,18
DA:41,17
DA:45,1
DA:46,0
DA:47,1
DA:49,1
DA:50,3
DA:55,0
DA:56,0
DA:57,0
DA:58,0
DA:59,0
DA:62,0
DA:63,0
DA:64,0
DA:66,0
DA:67,0
DA:68,0
DA:69,0
DA:70,0
DA:71,0
DA:73,0
DA:74,0
DA:76,0
DA:77,0
DA:84,1
DA:85,1
DA:86,1
DA:87,1
DA:88,1
DA:91,1
DA:92,1
DA:93,1
DA:94,1
DA:95,1
DA:98,1
DA:99,1
DA:100,1
DA:101,1
DA:102,1
BRF:0
BRH:0
LF:67
LH:29
end_of_record
SF:/home/smaier/workspace/private/shuthost/host_agent/src/commands.rs
FN:17,_RNvNtCs7WFAcieap80_19shuthost_host_agent8commands16execute_shutdown
FN:17,_RNvNtCs3Yi26U4V0nU_19shuthost_host_agent8commands16execute_shutdown
FNDA:3,_RNvNtCs7WFAcieap80_19shuthost_host_agent8commands16execute_shutdown
FNDA:0,_RNvNtCs3Yi26U4V0nU_19shuthost_host_agent8commands16execute_shutdown
FNF:1
FNH:1
DA:17,3
DA:18,3
DA:19,3
DA:20,3
DA:21,3
DA:22,3
DA:23,3
DA:24,3
DA:25,3
BRF:0
BRH:0
LF:9
LH:9
end_of_record
SF:/home/smaier/workspace/private/shuthost/host_agent/src/install/mod.rs
FN:77,_RNCNvNtCs7WFAcieap80_19shuthost_host_agent7install18install_host_agent0B5_
FN:151,_RNCNvNtCs7WFAcieap80_19shuthost_host_agent7install18install_host_agents0_0B5_
FN:144,_RNCNvNtCs7WFAcieap80_19shuthost_host_agent7install18install_host_agents_0B5_
FN:213,_RNCNvNtCs7WFAcieap80_19shuthost_host_agent7install21get_default_interface0B5_
FN:320,_RNCNvNtCs7WFAcieap80_19shuthost_host_agent7install21test_wol_reachability0B5_
FN:335,_RNCNvNtCs7WFAcieap80_19shuthost_host_agent7install21test_wol_reachabilitys0_0B5_
FN:324,_RNCNvNtCs7WFAcieap80_19shuthost_host_agent7install21test_wol_reachabilitys_0B5_
FN:284,_RNCNvNtCs7WFAcieap80_19shuthost_host_agent7install6get_ip0B5_
FN:285,_RNCNvNtCs7WFAcieap80_19shuthost_host_agent7install6get_ips_0B5_
FN:248,_RNCNvNtCs7WFAcieap80_19shuthost_host_agent7install7get_mac0B5_
FN:305,_RNvNtCs7WFAcieap80_19shuthost_host_agent7install12get_hostname
FN:75,_RNvNtCs7WFAcieap80_19shuthost_host_agent7install18install_host_agent
FN:200,_RNvNtCs7WFAcieap80_19shuthost_host_agent7install21get_default_interface
FN:318,_RNvNtCs7WFAcieap80_19shuthost_host_agent7install21test_wol_reachability
FN:169,_RNvNtCs7WFAcieap80_19shuthost_host_agent7install24get_inferred_init_system
FN:187,_RNvNtCs7WFAcieap80_19shuthost_host_agent7install28get_default_shutdown_command
FN:268,_RNvNtCs7WFAcieap80_19shuthost_host_agent7install6get_ip
FN:238,_RNvNtCs7WFAcieap80_19shuthost_host_agent7install7get_mac
FN:58,_RNvXNtCs7WFAcieap80_19shuthost_host_agent7installNtB2_10InitSystemNtNtCs5GmCzIpY9Qj_4core3fmt7Display3fmt
FN:77,_RNCNvNtCs3Yi26U4V0nU_19shuthost_host_agent7install18install_host_agent0B5_
FN:151,_RNCNvNtCs3Yi26U4V0nU_19shuthost_host_agent7install18install_host_agents0_0B5_
FN:144,_RNCNvNtCs3Yi26U4V0nU_19shuthost_host_agent7install18install_host_agents_0B5_
FN:213,_RNCNvNtCs3Yi26U4V0nU_19shuthost_host_agent7install21get_default_interface0B5_
FN:320,_RNCNvNtCs3Yi26U4V0nU_19shuthost_host_agent7install21test_wol_reachability0B5_
FN:335,_RNCNvNtCs3Yi26U4V0nU_19shuthost_host_agent7install21test_wol_reachabilitys0_0B5_
FN:324,_RNCNvNtCs3Yi26U4V0nU_19shuthost_host_agent7install21test_wol_reachabilitys_0B5_
FN:284,_RNCNvNtCs3Yi26U4V0nU_19shuthost_host_agent7install6get_ip0B5_
FN:285,_RNCNvNtCs3Yi26U4V0nU_19shuthost_host_agent7install6get_ips_0B5_
FN:248,_RNCNvNtCs3Yi26U4V0nU_19shuthost_host_agent7install7get_mac0B5_
FN:305,_RNvNtCs3Yi26U4V0nU_19shuthost_host_agent7install12get_hostname
FN:75,_RNvNtCs3Yi26U4V0nU_19shuthost_host_agent7install18install_host_agent
FN:200,_RNvNtCs3Yi26U4V0nU_19shuthost_host_agent7install21get_default_interface
FN:318,_RNvNtCs3Yi26U4V0nU_19shuthost_host_agent7install21test_wol_reachability
FN:169,_RNvNtCs3Yi26U4V0nU_19shuthost_host_agent7install24get_inferred_init_system
FN:187,_RNvNtCs3Yi26U4V0nU_19shuthost_host_agent7install28get_default_shutdown_command
FN:268,_RNvNtCs3Yi26U4V0nU_19shuthost_host_agent7install6get_ip
FN:238,_RNvNtCs3Yi26U4V0nU_19shuthost_host_agent7install7get_mac
FN:58,_RNvXNtCs3Yi26U4V0nU_19shuthost_host_agent7installNtB2_10InitSystemNtNtCs5GmCzIpY9Qj_4core3fmt7Display3fmt
FNDA:0,_RNCNvNtCs7WFAcieap80_19shuthost_host_agent7install18install_host_agent0B5_
FNDA:0,_RNCNvNtCs7WFAcieap80_19shuthost_host_agent7install18install_host_agents0_0B5_
FNDA:0,_RNCNvNtCs7WFAcieap80_19shuthost_host_agent7install18install_host_agents_0B5_
FNDA:0,_RNCNvNtCs7WFAcieap80_19shuthost_host_agent7install21get_default_interface0B5_
FNDA:0,_RNCNvNtCs7WFAcieap80_19shuthost_host_agent7install21test_wol_reachability0B5_
FNDA:0,_RNCNvNtCs7WFAcieap80_19shuthost_host_agent7install21test_wol_reachabilitys0_0B5_
FNDA:0,_RNCNvNtCs7WFAcieap80_19shuthost_host_agent7install21test_wol_reachabilitys_0B5_
FNDA:0,_RNCNvNtCs7WFAcieap80_19shuthost_host_agent7install6get_ip0B5_
FNDA:0,_RNCNvNtCs7WFAcieap80_19shuthost_host_agent7install6get_ips_0B5_
FNDA:0,_RNCNvNtCs7WFAcieap80_19shuthost_host_agent7install7get_mac0B5_
FNDA:0,_RNvNtCs7WFAcieap80_19shuthost_host_agent7install12get_hostname
FNDA:0,_RNvNtCs7WFAcieap80_19shuthost_host_agent7install18install_host_agent
FNDA:0,_RNvNtCs7WFAcieap80_19shuthost_host_agent7install21get_default_interface
FNDA:0,_RNvNtCs7WFAcieap80_19shuthost_host_agent7install21test_wol_reachability
FNDA:2,_RNvNtCs7WFAcieap80_19shuthost_host_agent7install24get_inferred_init_system
FNDA:4,_RNvNtCs7WFAcieap80_19shuthost_host_agent7install28get_default_shutdown_command
FNDA:0,_RNvNtCs7WFAcieap80_19shuthost_host_agent7install6get_ip
FNDA:0,_RNvNtCs7WFAcieap80_19shuthost_host_agent7install7get_mac
FNDA:2,_RNvXNtCs7WFAcieap80_19shuthost_host_agent7installNtB2_10InitSystemNtNtCs5GmCzIpY9Qj_4core3fmt7Display3fmt
FNDA:0,_RNCNvNtCs3Yi26U4V0nU_19shuthost_host_agent7install18install_host_agent0B5_
FNDA:0,_RNCNvNtCs3Yi26U4V0nU_19shuthost_host_agent7install18install_host_agents0_0B5_
FNDA:0,_RNCNvNtCs3Yi26U4V0nU_19shuthost_host_agent7install18install_host_agents_0B5_
FNDA:0,_RNCNvNtCs3Yi26U4V0nU_19shuthost_host_agent7install21get_default_interface0B5_
FNDA:0,_RNCNvNtCs3Yi26U4V0nU_19shuthost_host_agent7install21test_wol_reachability0B5_
FNDA:0,_RNCNvNtCs3Yi26U4V0nU_19shuthost_host_agent7install21test_wol_reachabilitys0_0B5_
FNDA:0,_RNCNvNtCs3Yi26U4V0nU_19shuthost_host_agent7install21test_wol_reachabilitys_0B5_
FNDA:0,_RNCNvNtCs3Yi26U4V0nU_19shuthost_host_agent7install6get_ip0B5_
FNDA:0,_RNCNvNtCs3Yi26U4V0nU_19shuthost_host_agent7install6get_ips_0B5_
FNDA:0,_RNCNvNtCs3Yi26U4V0nU_19shuthost_host_agent7install7get_mac0B5_
FNDA:0,_RNvNtCs3Yi26U4V0nU_19shuthost_host_agent7install12get_hostname
FNDA:0,_RNvNtCs3Yi26U4V0nU_19shuthost_host_agent7install18install_host_agent
FNDA:0,_RNvNtCs3Yi26U4V0nU_19shuthost_host_agent7install21get_default_interface
FNDA:0,_RNvNtCs3Yi26U4V0nU_19shuthost_host_agent7install21test_wol_reachability
FNDA:0,_RNvNtCs3Yi26U4V0nU_19shuthost_host_agent7install24get_inferred_init_system
FNDA:0,_RNvNtCs3Yi26U4V0nU_19shuthost_host_agent7install28get_default_shutdown_command
FNDA:0,_RNvNtCs3Yi26U4V0nU_19shuthost_host_agent7install6get_ip
FNDA:0,_RNvNtCs3Yi26U4V0nU_19shuthost_host_agent7install7get_mac
FNDA:0,_RNvXNtCs3Yi26U4V0nU_19shuthost_host_agent7installNtB2_10InitSystemNtNtCs5GmCzIpY9Qj_4core3fmt7Display3fmt
FNF:19
FNH:3
DA:58,2
DA:59,2
DA:61,2
DA:63,0
DA:64,0
DA:68,2
DA:69,2
DA:75,0
DA:76,0
DA:77,0
DA:78,0
DA:79,0
DA:80,0
DA:81,0
DA:82,0
DA:83,0
DA:85,0
DA:88,0
DA:89,0
DA:90,0
DA:91,0
DA:92,0
DA:96,0
DA:97,0
DA:98,0
DA:99,0
DA:100,0
DA:103,0
DA:104,0
DA:105,0
DA:106,0
DA:107,0
DA:108,0
DA:109,0
DA:110,0
DA:111,0
DA:112,0
DA:114,0
DA:115,0
DA:116,0
DA:117,0
DA:118,0
DA:130,0
DA:131,0
DA:132,0
DA:133,0
DA:134,0
DA:135,0
DA:136,0
DA:137,0
DA:138,0
DA:139,0
DA:140,0
DA:142,0
DA:143,0
DA:144,0
DA:145,0
DA:147,0
DA:149,0
DA:150,0
DA:151,0
DA:152,0
DA:154,0
DA:155,0
DA:158,0
DA:159,0
DA:169,2
DA:172,2
DA:173,2
DA:174,0
DA:175,0
DA:177,0
DA:184,2
DA:187,4
DA:189,4
DA:190,4
DA:192,0
DA:194,4
DA:197,4
DA:200,0
DA:203,0
DA:204,0
DA:205,0
DA:206,0
DA:208,0
DA:209,0
DA:210,0
DA:211,0
DA:212,0
DA:213,0
DA:214,0
DA:215,0
DA:217,0
DA:235,0
DA:238,0
DA:241,0
DA:242,0
DA:243,0
DA:244,0
DA:245,0
DA:246,0
DA:247,0
DA:248,0
DA:249,0
DA:251,0
DA:265,0
DA:268,0
DA:271,0
DA:272,0
DA:273,0
DA:274,0
DA:276,0
DA:278,0
DA:280,0
DA:281,0
DA:282,0
DA:283,0
DA:284,0
DA:285,0
DA:286,0
DA:288,0
DA:302,0
DA:305,0
DA:306,0
DA:308,0
DA:310,0
DA:311,0
DA:313,0
DA:315,0
DA:318,0
DA:319,0
DA:320,0
DA:322,0
DA:323,0
DA:324,0
DA:326,0
DA:328,0
DA:329,0
DA:331,0
DA:333,0
DA:334,0
DA:335,0
DA:336,0
DA:339,0
DA:340,0
BRF:0
BRH:0
LF:155
LH:14
end_of_record
SF:/home/smaier/workspace/private/shuthost/host_agent/src/lib.rs
FN:45,_RNvCs7WFAcieap80_19shuthost_host_agent10inner_main
FN:45,_RNvCs3Yi26U4V0nU_19shuthost_host_agent10inner_main
FNDA:7,_RNvCs7WFAcieap80_19shuthost_host_agent10inner_main
FNDA:0,_RNvCs3Yi26U4V0nU_19shuthost_host_agent10inner_main
FNF:1
FNH:1
DA:45,7
DA:46,7
DA:47,0
DA:48,0
DA:49,0
DA:51,7
DA:52,7
DA:53,7
DA:54,0
DA:55,0
DA:56,0
DA:59,7
BRF:0
BRH:0
LF:12
LH:6
end_of_record
SF:/home/smaier/workspace/private/shuthost/host_agent/src/main.rs
FN:5,_RNvCslrdIglUWuUf_19shuthost_host_agent4main
FN:5,_RNvCs7ySVZqbCXcT_19shuthost_host_agent4main
FNDA:0,_RNvCslrdIglUWuUf_19shuthost_host_agent4main
FNDA:0,_RNvCs7ySVZqbCXcT_19shuthost_host_agent4main
FNF:1
FNH:0
DA:5,0
DA:7,0
DA:9,0
DA:10,0
BRF:0
BRH:0
LF:4
LH:0
end_of_record
SF:/home/smaier/workspace/private/shuthost/host_agent/src/server.rs
FN:72,_RNvNtCs7WFAcieap80_19shuthost_host_agent6server13handle_client
FN:39,_RNvNtCs7WFAcieap80_19shuthost_host_agent6server16start_host_agent
FN:76,_RNCNvNtCs7WFAcieap80_19shuthost_host_agent6server13handle_client0B5_
FN:77,_RNCNvNtCs7WFAcieap80_19shuthost_host_agent6server13handle_clients_0B5_
FN:40,_RNCNvNtCs7WFAcieap80_19shuthost_host_agent6server16start_host_agent0B5_
FN:76,_RNCNvNtCs3Yi26U4V0nU_19shuthost_host_agent6server13handle_client0B5_
FN:77,_RNCNvNtCs3Yi26U4V0nU_19shuthost_host_agent6server13handle_clients_0B5_
FN:40,_RNCNvNtCs3Yi26U4V0nU_19shuthost_host_agent6server16start_host_agent0B5_
FN:72,_RNvNtCs3Yi26U4V0nU_19shuthost_host_agent6server13handle_client
FN:39,_RNvNtCs3Yi26U4V0nU_19shuthost_host_agent6server16start_host_agent
FNDA:193,_RNvNtCs7WFAcieap80_19shuthost_host_agent6server13handle_client
FNDA:7,_RNvNtCs7WFAcieap80_19shuthost_host_agent6server16start_host_agent
FNDA:193,_RNCNvNtCs7WFAcieap80_19shuthost_host_agent6server13handle_client0B5_
FNDA:0,_RNCNvNtCs7WFAcieap80_19shuthost_host_agent6server13handle_clients_0B5_
FNDA:0,_RNCNvNtCs7WFAcieap80_19shuthost_host_agent6server16start_host_agent0B5_
FNDA:0,_RNCNvNtCs3Yi26U4V0nU_19shuthost_host_agent6server13handle_client0B5_
FNDA:0,_RNCNvNtCs3Yi26U4V0nU_19shuthost_host_agent6server13handle_clients_0B5_
FNDA:0,_RNCNvNtCs3Yi26U4V0nU_19shuthost_host_agent6server16start_host_agent0B5_
FNDA:0,_RNvNtCs3Yi26U4V0nU_19shuthost_host_agent6server13handle_client
FNDA:0,_RNvNtCs3Yi26U4V0nU_19shuthost_host_agent6server16start_host_agent
FNF:5
FNH:3
DA:39,7
DA:40,7
DA:41,0
DA:42,0
DA:43,0
DA:44,7
DA:45,7
DA:46,7
DA:48,193
DA:49,193
DA:50,193
DA:51,193
DA:52,193
DA:53,3
DA:54,3
DA:55,3
DA:57,7
DA:58,7
DA:60,183
DA:63,0
DA:64,0
DA:65,0
DA:68,7
DA:72,193
DA:73,193
DA:74,193
DA:75,193
DA:76,193
DA:77,193
DA:78,193
DA:79,193
DA:80,193
DA:81,0
DA:83,193
DA:84,193
DA:85,0
DA:86,193
DA:87,193
DA:89,0
DA:90,0
DA:91,0
DA:94,193
BRF:0
BRH:0
LF:45
LH:32
end_of_record
SF:/home/smaier/workspace/private/shuthost/host_agent/src/validation.rs
FN:53,_RNvNtCs7WFAcieap80_19shuthost_host_agent10validation16validate_request
FN:53,_RNvNtCs3Yi26U4V0nU_19shuthost_host_agent10validation16validate_request
FN:104,_RNvNtNtCs3Yi26U4V0nU_19shuthost_host_agent10validation5tests9make_args
FN:143,_RNvNtNtCs3Yi26U4V0nU_19shuthost_host_agent10validation5testss_17test_handle_abort
FN:122,_RNvNtNtCs3Yi26U4V0nU_19shuthost_host_agent10validation5testss_18test_handle_status
FN:133,_RNvNtNtCs3Yi26U4V0nU_19shuthost_host_agent10validation5testss_20test_handle_shutdown
FN:173,_RNvNtNtCs3Yi26U4V0nU_19shuthost_host_agent10validation5testss_21test_handle_malformed
FN:163,_RNvNtNtCs3Yi26U4V0nU_19shuthost_host_agent10validation5testss_24test_handle_invalid_hmac
FN:113,_RNvNtNtCs3Yi26U4V0nU_19shuthost_host_agent10validation5testss_24test_handle_invalid_utf8
FN:153,_RNvNtNtCs3Yi26U4V0nU_19shuthost_host_agent10validation5testss_29test_handle_invalid_timestamp
FNDA:193,_RNvNtCs7WFAcieap80_19shuthost_host_agent10validation16validate_request
FNDA:7,_RNvNtCs3Yi26U4V0nU_19shuthost_host_agent10validation16validate_request
FNDA:7,_RNvNtNtCs3Yi26U4V0nU_19shuthost_host_agent10validation5tests9make_args
FNDA:1,_RNvNtNtCs3Yi26U4V0nU_19shuthost_host_agent10validation5testss_17test_handle_abort
FNDA:1,_RNvNtNtCs3Yi26U4V0nU_19shuthost_host_agent10validation5testss_18test_handle_status
FNDA:1,_RNvNtNtCs3Yi26U4V0nU_19shuthost_host_agent10validation5testss_20test_handle_shutdown
FNDA:1,_RNvNtNtCs3Yi26U4V0nU_19shuthost_host_agent10validation5testss_21test_handle_malformed
FNDA:1,_RNvNtNtCs3Yi26U4V0nU_19shuthost_host_agent10validation5testss_24test_handle_invalid_hmac
FNDA:1,_RNvNtNtCs3Yi26U4V0nU_19shuthost_host_agent10validation5testss_24test_handle_invalid_utf8
FNDA:1,_RNvNtNtCs3Yi26U4V0nU_19shuthost_host_agent10validation5testss_29test_handle_invalid_timestamp
FNF:9
FNH:9
DA:53,200
DA:54,200
DA:55,199
DA:57,1
DA:58,1
DA:62,199
DA:63,199
DA:64,199
DA:65,199
DA:66,196
DA:68,196
DA:69,196
DA:70,12
DA:71,4
DA:72,4
DA:73,4
DA:74,4
DA:75,4
DA:76,4
DA:77,8
DA:79,0
DA:80,0
DA:85,1
DA:86,1
DA:89,1
DA:90,1
DA:93,1
DA:94,1
DA:97,200
DA:104,7
DA:105,7
DA:106,7
DA:107,7
DA:108,7
DA:109,7
DA:110,7
DA:113,1
DA:114,1
DA:115,1
DA:116,1
DA:117,1
DA:118,1
DA:119,1
DA:122,1
DA:123,1
DA:124,1
DA:126,1
DA:127,1
DA:128,1
DA:129,1
DA:130,1
DA:133,1
DA:134,1
DA:135,1
DA:136,1
DA:137,1
DA:138,1
DA:139,1
DA:140,1
DA:143,1
DA:144,1
DA:145,1
DA:146,1
DA:147,1
DA:148,1
DA:149,1
DA:150,1
DA:153,1
DA:154,1
DA:155,1
DA:156,1
DA:157,1
DA:158,1
DA:159,1
DA:160,1
DA:163,1
DA:164,1
DA:165,1
DA:166,1
DA:167,1
DA:168,1
DA:169,1
DA:170,1
DA:173,1
DA:174,1
DA:175,1
DA:176,1
DA:177,1
DA:178,1
DA:179,1
DA:180,1
BRF:0
BRH:0
LF:91
LH:89
end_of_record
SF:/home/smaier/workspace/private/shuthost/src/bin/coordinator.rs
FN:8,_RNvCskhvvgMCtyD0_11coordinator4main
FN:8,_RNCNvCskhvvgMCtyD0_11coordinator4main0B3_
FN:8,_RNvCsaf5FibeTFHx_11coordinator4main
FN:8,_RNCNvCsaf5FibeTFHx_11coordinator4main0B3_
FN:8,_RNCNvCs1AJpPVGzf3_11coordinator4main0B3_
FN:8,_RNvCs1AJpPVGzf3_11coordinator4main
FNDA:0,_RNvCskhvvgMCtyD0_11coordinator4main
FNDA:0,_RNCNvCskhvvgMCtyD0_11coordinator4main0B3_
FNDA:0,_RNvCsaf5FibeTFHx_11coordinator4main
FNDA:0,_RNCNvCsaf5FibeTFHx_11coordinator4main0B3_
FNDA:0,_RNCNvCs1AJpPVGzf3_11coordinator4main0B3_
FNDA:0,_RNvCs1AJpPVGzf3_11coordinator4main
FNF:2
FNH:0
DA:8,0
DA:9,0
DA:11,0
DA:12,0
BRF:0
BRH:0
LF:6
LH:0
end_of_record
SF:/home/smaier/workspace/private/shuthost/src/bin/host_agent.rs
FN:5,_RNvCsfI14JoEK5O2_10host_agent4main
FN:5,_RNvCsfN1uHeiFNFz_10host_agent4main
FN:5,_RNvCsgzYpczIdjkW_10host_agent4main
FNDA:0,_RNvCsfI14JoEK5O2_10host_agent4main
FNDA:0,_RNvCsfN1uHeiFNFz_10host_agent4main
FNDA:1,_RNvCsgzYpczIdjkW_10host_agent4main
FNF:1
FNH:1
DA:5,1
DA:7,1
DA:9,1
DA:10,1
BRF:0
BRH:0
LF:4
LH:4
end_of_record