SF:/home/smaier/workspace/private/shuthost/common/src/lib.rs
FN:20,_RNvCskmxFFXEqMK2_15shuthost_common10is_systemd
FN:20,_RNvCsg3CSsvbMDCa_15shuthost_common10is_systemd
FNDA:2,_RNvCskmxFFXEqMK2_15shuthost_common10is_systemd
FNDA:0,_RNvCsg3CSsvbMDCa_15shuthost_common10is_systemd
FNF:1
FNH:1
DA:20,2
DA:21,2
DA:22,2
BRF:0
BRH:0
LF:3
LH:3
end_of_record
SF:/home/smaier/workspace/private/shuthost/common/src/secrets.rs
FN:15,_RNCNvNtCskmxFFXEqMK2_15shuthost_common7secrets15generate_secret0B5_
FN:11,_RNvNtCsg3CSsvbMDCa_15shuthost_common7secrets15generate_secret
FN:15,_RNCNvNtCsg3CSsvbMDCa_15shuthost_common7secrets15generate_secret0B5_
FN:24,_RNvNtNtCsg3CSsvbMDCa_15shuthost_common7secrets5testss_20test_generate_secret
FNDA:0,_RNCNvNtCskmxFFXEqMK2_15shuthost_common7secrets15generate_secret0B5_
FNDA:1,_RNvNtCsg3CSsvbMDCa_15shuthost_common7secrets15generate_secret
FNDA:32,_RNCNvNtCsg3CSsvbMDCa_15shuthost_common7secrets15generate_secret0B5_
FNDA:1,_RNvNtNtCsg3CSsvbMDCa_15shuthost_common7secrets5testss_20test_generate_secret
FNF:3
FNH:3
DA:11,1
DA:13,1
DA:14,1
DA:15,32
DA:16,1
DA:17,1
DA:24,1
DA:25,1
DA:26,1
DA:27,1
BRF:0
BRH:0
LF:11
LH:11
end_of_record
SF:/home/smaier/workspace/private/shuthost/common/src/signing.rs
FN:15,_RNvNtCskmxFFXEqMK2_15shuthost_common7signing11create_hmac
FN:53,_RNvNtCskmxFFXEqMK2_15shuthost_common7signing17unix_time_seconds
FN:28,_RNvNtCskmxFFXEqMK2_15shuthost_common7signing19create_hmac_message
FN:42,_RNvNtCskmxFFXEqMK2_15shuthost_common7signing21create_signed_message
FN:22,_RNvNtCskmxFFXEqMK2_15shuthost_common7signing9sign_hmac
FN:15,_RNvNtCsg3CSsvbMDCa_15shuthost_common7signing11create_hmac
FN:53,_RNvNtCsg3CSsvbMDCa_15shuthost_common7signing17unix_time_seconds
FN:28,_RNvNtCsg3CSsvbMDCa_15shuthost_common7signing19create_hmac_message
FN:42,_RNvNtCsg3CSsvbMDCa_15shuthost_common7signing21create_signed_message
FN:22,_RNvNtCsg3CSsvbMDCa_15shuthost_common7signing9sign_hmac
FNDA:406,_RNvNtCskmxFFXEqMK2_15shuthost_common7signing11create_hmac
FNDA:407,_RNvNtCskmxFFXEqMK2_15shuthost_common7signing17unix_time_seconds
FNDA:203,_RNvNtCskmxFFXEqMK2_15shuthost_common7signing19create_hmac_message
FNDA:203,_RNvNtCskmxFFXEqMK2_15shuthost_common7signing21create_signed_message
FNDA:406,_RNvNtCskmxFFXEqMK2_15shuthost_common7signing9sign_hmac
FNDA:2,_RNvNtCsg3CSsvbMDCa_15shuthost_common7signing11create_hmac
FNDA:2,_RNvNtCsg3CSsvbMDCa_15shuthost_common7signing17unix_time_seconds
FNDA:1,_RNvNtCsg3CSsvbMDCa_15shuthost_common7signing19create_hmac_message
FNDA:1,_RNvNtCsg3CSsvbMDCa_15shuthost_common7signing21create_signed_message
FNDA:2,_RNvNtCsg3CSsvbMDCa_15shuthost_common7signing9sign_hmac
FNF:5
FNH:5
DA:15,408
DA:16,408
DA:17,408
DA:18,408
DA:19,408
DA:22,408
DA:23,408
DA:24,408
DA:25,408
DA:28,204
DA:29,204
DA:30,204
DA:42,204
DA:43,204
DA:44,204
DA:45,204
DA:46,204
DA:53,409
DA:54,409
DA:55,409
DA:56,409
DA:57,409
DA:58,409
BRF:0
BRH:0
LF:23
LH:23
end_of_record
SF:/home/smaier/workspace/private/shuthost/common/src/validation.rs
FN:52,_RNvNtCskmxFFXEqMK2_15shuthost_common10validation11verify_hmac
FN:62,_RNvNtCskmxFFXEqMK2_15shuthost_common10validation18parse_hmac_message
FN:34,_RNvNtCskmxFFXEqMK2_15shuthost_common10validation21validate_hmac_message
FN:57,_RNvNtCskmxFFXEqMK2_15shuthost_common10validation27is_timestamp_in_valid_range
FN:52,_RNvNtCsg3CSsvbMDCa_15shuthost_common10validation11verify_hmac
FN:62,_RNvNtCsg3CSsvbMDCa_15shuthost_common10validation18parse_hmac_message
FN:34,_RNvNtCsg3CSsvbMDCa_15shuthost_common10validation21validate_hmac_message
FN:57,_RNvNtCsg3CSsvbMDCa_15shuthost_common10validation27is_timestamp_in_valid_range
FN:76,_RNvNtNtCsg3CSsvbMDCa_15shuthost_common10validation5testss_17test_invalid_hmac
FN:87,_RNvNtNtCsg3CSsvbMDCa_15shuthost_common10validation5testss_23test_parse_hmac_message
FNDA:203,_RNvNtCskmxFFXEqMK2_15shuthost_common10validation11verify_hmac
FNDA:205,_RNvNtCskmxFFXEqMK2_15shuthost_common10validation18parse_hmac_message
FNDA:205,_RNvNtCskmxFFXEqMK2_15shuthost_common10validation21validate_hmac_message
FNDA:204,_RNvNtCskmxFFXEqMK2_15shuthost_common10validation27is_timestamp_in_valid_range
FNDA:1,_RNvNtCsg3CSsvbMDCa_15shuthost_common10validation11verify_hmac
FNDA:2,_RNvNtCsg3CSsvbMDCa_15shuthost_common10validation18parse_hmac_message
FNDA:1,_RNvNtCsg3CSsvbMDCa_15shuthost_common10validation21validate_hmac_message
FNDA:1,_RNvNtCsg3CSsvbMDCa_15shuthost_common10validation27is_timestamp_in_valid_range
FNDA:1,_RNvNtNtCsg3CSsvbMDCa_15shuthost_common10validation5testss_17test_invalid_hmac
FNDA:1,_RNvNtNtCsg3CSsvbMDCa_15shuthost_common10validation5testss_23test_parse_hmac_message
FNF:6
FNH:6
DA:34,206
DA:35,206
DA:36,205
DA:37,1
DA:38,204
DA:39,204
DA:40,204
DA:41,204
DA:42,204
DA:43,204
DA:44,2
DA:45,202
DA:46,202
DA:47,1
DA:48,1
DA:49,206
DA:52,204
DA:53,204
DA:54,204
DA:57,205
DA:58,205
DA:59,205
DA:62,207
DA:63,207
DA:64,207
DA:65,1
DA:67,206
DA:68,206
DA:69,207
DA:76,1
DA:77,1
DA:78,1
DA:79,1
DA:80,1
DA:81,1
DA:84,1
DA:87,1
DA:88,1
DA:89,1
DA:90,1
DA:91,1
BRF:0
BRH:0
LF:41
LH:41
end_of_record
SF:/home/smaier/workspace/private/shuthost/coordinator/src/auth/cookies.rs
FN:18,_RNvNtNtCsapluWBYkJr9_20shuthost_coordinator4auth7cookies14generate_token
FN:27,_RNvNtNtCsapluWBYkJr9_20shuthost_coordinator4auth7cookies23create_return_to_cookie
FN:55,_RNvNtNtCsapluWBYkJr9_20shuthost_coordinator4auth7cookies26create_oidc_session_cookie
FN:38,_RNvNtNtCsapluWBYkJr9_20shuthost_coordinator4auth7cookies27create_token_session_cookie
FN:71,_RNvNtNtCsapluWBYkJr9_20shuthost_coordinator4auth7cookies28get_oidc_session_from_cookie
FN:77,_RNvNtNtCsapluWBYkJr9_20shuthost_coordinator4auth7cookies29get_token_session_from_cookie
FN:74,_RNCNvNtNtCsapluWBYkJr9_20shuthost_coordinator4auth7cookies28get_oidc_session_from_cookie0B7_
FN:80,_RNCNvNtNtCsapluWBYkJr9_20shuthost_coordinator4auth7cookies29get_token_session_from_cookie0B7_
FN:18,_RNvNtNtCs4XYMtWjZrsa_20shuthost_coordinator4auth7cookies14generate_token
FN:27,_RNvNtNtCs4XYMtWjZrsa_20shuthost_coordinator4auth7cookies23create_return_to_cookie
FN:55,_RNvNtNtCs4XYMtWjZrsa_20shuthost_coordinator4auth7cookies26create_oidc_session_cookie
FN:38,_RNvNtNtCs4XYMtWjZrsa_20shuthost_coordinator4auth7cookies27create_token_session_cookie
FN:71,_RNvNtNtCs4XYMtWjZrsa_20shuthost_coordinator4auth7cookies28get_oidc_session_from_cookie
FN:77,_RNvNtNtCs4XYMtWjZrsa_20shuthost_coordinator4auth7cookies29get_token_session_from_cookie
FN:74,_RNCNvNtNtCs4XYMtWjZrsa_20shuthost_coordinator4auth7cookies28get_oidc_session_from_cookie0B7_
FN:80,_RNCNvNtNtCs4XYMtWjZrsa_20shuthost_coordinator4auth7cookies29get_token_session_from_cookie0B7_
FN:18,_RNvNtNtCsbLL7hm4Tvf_20shuthost_coordinator4auth7cookies14generate_token
FN:74,_RNCNvNtNtCsbLL7hm4Tvf_20shuthost_coordinator4auth7cookies28get_oidc_session_from_cookie0B7_
FN:80,_RNCNvNtNtCsbLL7hm4Tvf_20shuthost_coordinator4auth7cookies29get_token_session_from_cookie0B7_
FN:27,_RNvNtNtCsbLL7hm4Tvf_20shuthost_coordinator4auth7cookies23create_return_to_cookie
FN:55,_RNvNtNtCsbLL7hm4Tvf_20shuthost_coordinator4auth7cookies26create_oidc_session_cookie
FN:38,_RNvNtNtCsbLL7hm4Tvf_20shuthost_coordinator4auth7cookies27create_token_session_cookie
FN:71,_RNvNtNtCsbLL7hm4Tvf_20shuthost_coordinator4auth7cookies28get_oidc_session_from_cookie
FN:77,_RNvNtNtCsbLL7hm4Tvf_20shuthost_coordinator4auth7cookies29get_token_session_from_cookie
FNDA:0,_RNvNtNtCsapluWBYkJr9_20shuthost_coordinator4auth7cookies14generate_token
FNDA:0,_RNvNtNtCsapluWBYkJr9_20shuthost_coordinator4auth7cookies23create_return_to_cookie
FNDA:0,_RNvNtNtCsapluWBYkJr9_20shuthost_coordinator4auth7cookies26create_oidc_session_cookie
FNDA:1,_RNvNtNtCsapluWBYkJr9_20shuthost_coordinator4auth7cookies27create_token_session_cookie
FNDA:0,_RNvNtNtCsapluWBYkJr9_20shuthost_coordinator4auth7cookies28get_oidc_session_from_cookie
FNDA:1,_RNvNtNtCsapluWBYkJr9_20shuthost_coordinator4auth7cookies29get_token_session_from_cookie
FNDA:0,_RNCNvNtNtCsapluWBYkJr9_20shuthost_coordinator4auth7cookies28get_oidc_session_from_cookie0B7_
FNDA:1,_RNCNvNtNtCsapluWBYkJr9_20shuthost_coordinator4auth7cookies29get_token_session_from_cookie0B7_
FNDA:9,_RNvNtNtCs4XYMtWjZrsa_20shuthost_coordinator4auth7cookies14generate_token
FNDA:0,_RNvNtNtCs4XYMtWjZrsa_20shuthost_coordinator4auth7cookies23create_return_to_cookie
FNDA:0,_RNvNtNtCs4XYMtWjZrsa_20shuthost_coordinator4auth7cookies26create_oidc_session_cookie
FNDA:0,_RNvNtNtCs4XYMtWjZrsa_20shuthost_coordinator4auth7cookies27create_token_session_cookie
FNDA:18,_RNvNtNtCs4XYMtWjZrsa_20shuthost_coordinator4auth7cookies28get_oidc_session_from_cookie
FNDA:18,_RNvNtNtCs4XYMtWjZrsa_20shuthost_coordinator4auth7cookies29get_token_session_from_cookie
FNDA:0,_RNCNvNtNtCs4XYMtWjZrsa_20shuthost_coordinator4auth7cookies28get_oidc_session_from_cookie0B7_
FNDA:0,_RNCNvNtNtCs4XYMtWjZrsa_20shuthost_coordinator4auth7cookies29get_token_session_from_cookie0B7_
FNDA:0,_RNvNtNtCsbLL7hm4Tvf_20shuthost_coordinator4auth7cookies14generate_token
FNDA:0,_RNCNvNtNtCsbLL7hm4Tvf_20shuthost_coordinator4auth7cookies28get_oidc_session_from_cookie0B7_
FNDA:0,_RNCNvNtNtCsbLL7hm4Tvf_20shuthost_coordinator4auth7cookies29get_token_session_from_cookie0B7_
FNDA:0,_RNvNtNtCsbLL7hm4Tvf_20shuthost_coordinator4auth7cookies23create_return_to_cookie
FNDA:0,_RNvNtNtCsbLL7hm4Tvf_20shuthost_coordinator4auth7cookies26create_oidc_session_cookie
FNDA:0,_RNvNtNtCsbLL7hm4Tvf_20shuthost_coordinator4auth7cookies27create_token_session_cookie
FNDA:0,_RNvNtNtCsbLL7hm4Tvf_20shuthost_coordinator4auth7cookies28get_oidc_session_from_cookie
FNDA:0,_RNvNtNtCsbLL7hm4Tvf_20shuthost_coordinator4auth7cookies29get_token_session_from_cookie
FNF:8
FNH:5
DA:18,9
DA:19,9
DA:20,9
DA:21,9
DA:22,9
DA:23,9
DA:24,9
DA:27,0
DA:28,0
DA:29,0
DA:30,0
DA:31,0
DA:32,0
DA:33,0
DA:34,0
DA:35,0
DA:38,1
DA:39,1
DA:40,1
DA:41,1
DA:42,1
DA:43,1
DA:44,1
DA:45,1
DA:46,1
DA:47,1
DA:48,1
DA:49,1
DA:50,1
DA:51,1
DA:52,1
DA:55,0
DA:56,0
DA:57,0
DA:58,0
DA:59,0
DA:60,0
DA:61,0
DA:62,0
DA:63,0
DA:64,0
DA:65,0
DA:66,0
DA:67,0
DA:68,0
DA:69,0
DA:71,18
DA:72,18
DA:73,18
DA:74,18
DA:75,18
DA:77,19
DA:78,19
DA:79,19
DA:80,19
DA:81,19
BRF:0
BRH:0
LF:58
LH:33
end_of_record
SF:/home/smaier/workspace/private/shuthost/coordinator/src/auth/middleware.rs
FN:25,_RNCNvNtNtCsapluWBYkJr9_20shuthost_coordinator4auth10middleware7require0CscEQL3PLADjr_11coordinator
FN:25,_RNCNvNtNtCsapluWBYkJr9_20shuthost_coordinator4auth10middleware7require0B7_
FN:83,_RNCNvNtNtCsapluWBYkJr9_20shuthost_coordinator4auth10middleware10wants_html0B7_
FN:84,_RNCNvNtNtCsapluWBYkJr9_20shuthost_coordinator4auth10middleware10wants_htmls_0B7_
FN:98,_RNCNvNtNtCsapluWBYkJr9_20shuthost_coordinator4auth10middleware17request_is_secure0B7_
FN:108,_RNCNvNtNtCsapluWBYkJr9_20shuthost_coordinator4auth10middleware17request_is_secures0_0B7_
FN:103,_RNCNvNtNtCsapluWBYkJr9_20shuthost_coordinator4auth10middleware17request_is_secures_0B7_
FN:80,_RNvNtNtCsapluWBYkJr9_20shuthost_coordinator4auth10middleware10wants_html
FN:92,_RNvNtNtCsapluWBYkJr9_20shuthost_coordinator4auth10middleware17request_is_secure
FN:21,_RNvNtNtCsapluWBYkJr9_20shuthost_coordinator4auth10middleware7require
FN:25,_RNCNvNtNtCs4XYMtWjZrsa_20shuthost_coordinator4auth10middleware7require0CsJMamJMc8kO_11coordinator
FN:25,_RNCNvNtNtCs4XYMtWjZrsa_20shuthost_coordinator4auth10middleware7require0B7_
FN:80,_RNvNtNtCs4XYMtWjZrsa_20shuthost_coordinator4auth10middleware10wants_html
FN:92,_RNvNtNtCs4XYMtWjZrsa_20shuthost_coordinator4auth10middleware17request_is_secure
FN:21,_RNvNtNtCs4XYMtWjZrsa_20shuthost_coordinator4auth10middleware7require
FN:83,_RNCNvNtNtCs4XYMtWjZrsa_20shuthost_coordinator4auth10middleware10wants_html0B7_
FN:84,_RNCNvNtNtCs4XYMtWjZrsa_20shuthost_coordinator4auth10middleware10wants_htmls_0B7_
FN:98,_RNCNvNtNtCs4XYMtWjZrsa_20shuthost_coordinator4auth10middleware17request_is_secure0B7_
FN:108,_RNCNvNtNtCs4XYMtWjZrsa_20shuthost_coordinator4auth10middleware17request_is_secures0_0B7_
FN:103,_RNCNvNtNtCs4XYMtWjZrsa_20shuthost_coordinator4auth10middleware17request_is_secures_0B7_
FN:25,_RNCNvNtNtCsapluWBYkJr9_20shuthost_coordinator4auth10middleware7require0CsfA2VHSXxad7_11integration
FN:83,_RNCNvNtNtCsbLL7hm4Tvf_20shuthost_coordinator4auth10middleware10wants_html0B7_
FN:84,_RNCNvNtNtCsbLL7hm4Tvf_20shuthost_coordinator4auth10middleware10wants_htmls_0B7_
FN:98,_RNCNvNtNtCsbLL7hm4Tvf_20shuthost_coordinator4auth10middleware17request_is_secure0B7_
FN:108,_RNCNvNtNtCsbLL7hm4Tvf_20shuthost_coordinator4auth10middleware17request_is_secures0_0B7_
FN:103,_RNCNvNtNtCsbLL7hm4Tvf_20shuthost_coordinator4auth10middleware17request_is_secures_0B7_
FN:25,_RNCNvNtNtCsbLL7hm4Tvf_20shuthost_coordinator4auth10middleware7require0B7_
FN:80,_RNvNtNtCsbLL7hm4Tvf_20shuthost_coordinator4auth10middleware10wants_html
FN:92,_RNvNtNtCsbLL7hm4Tvf_20shuthost_coordinator4auth10middleware17request_is_secure
FN:21,_RNvNtNtCsbLL7hm4Tvf_20shuthost_coordinator4auth10middleware7require
FN:25,_RNCNvNtNtCs4XYMtWjZrsa_20shuthost_coordinator4auth10middleware7require0Cs4vAhY6HnsWX_20shuthost_coordinator
FNDA:0,_RNCNvNtNtCsapluWBYkJr9_20shuthost_coordinator4auth10middleware7require0CscEQL3PLADjr_11coordinator
FNDA:0,_RNCNvNtNtCsapluWBYkJr9_20shuthost_coordinator4auth10middleware7require0B7_
FNDA:0,_RNCNvNtNtCsapluWBYkJr9_20shuthost_coordinator4auth10middleware10wants_html0B7_
FNDA:0,_RNCNvNtNtCsapluWBYkJr9_20shuthost_coordinator4auth10middleware10wants_htmls_0B7_
FNDA:1,_RNCNvNtNtCsapluWBYkJr9_20shuthost_coordinator4auth10middleware17request_is_secure0B7_
FNDA:0,_RNCNvNtNtCsapluWBYkJr9_20shuthost_coordinator4auth10middleware17request_is_secures0_0B7_
FNDA:0,_RNCNvNtNtCsapluWBYkJr9_20shuthost_coordinator4auth10middleware17request_is_secures_0B7_
FNDA:0,_RNvNtNtCsapluWBYkJr9_20shuthost_coordinator4auth10middleware10wants_html
FNDA:3,_RNvNtNtCsapluWBYkJr9_20shuthost_coordinator4auth10middleware17request_is_secure
FNDA:31,_RNvNtNtCsapluWBYkJr9_20shuthost_coordinator4auth10middleware7require
FNDA:0,_RNCNvNtNtCs4XYMtWjZrsa_20shuthost_coordinator4auth10middleware7require0CsJMamJMc8kO_11coordinator
FNDA:0,_RNCNvNtNtCs4XYMtWjZrsa_20shuthost_coordinator4auth10middleware7require0B7_
FNDA:18,_RNvNtNtCs4XYMtWjZrsa_20shuthost_coordinator4auth10middleware10wants_html
FNDA:0,_RNvNtNtCs4XYMtWjZrsa_20shuthost_coordinator4auth10middleware17request_is_secure
FNDA:125,_RNvNtNtCs4XYMtWjZrsa_20shuthost_coordinator4auth10middleware7require
FNDA:0,_RNCNvNtNtCs4XYMtWjZrsa_20shuthost_coordinator4auth10middleware10wants_html0B7_
FNDA:0,_RNCNvNtNtCs4XYMtWjZrsa_20shuthost_coordinator4auth10middleware10wants_htmls_0B7_
FNDA:0,_RNCNvNtNtCs4XYMtWjZrsa_20shuthost_coordinator4auth10middleware17request_is_secure0B7_
FNDA:0,_RNCNvNtNtCs4XYMtWjZrsa_20shuthost_coordinator4auth10middleware17request_is_secures0_0B7_
FNDA:0,_RNCNvNtNtCs4XYMtWjZrsa_20shuthost_coordinator4auth10middleware17request_is_secures_0B7_
FNDA:31,_RNCNvNtNtCsapluWBYkJr9_20shuthost_coordinator4auth10middleware7require0CsfA2VHSXxad7_11integration
FNDA:0,_RNCNvNtNtCsbLL7hm4Tvf_20shuthost_coordinator4auth10middleware10wants_html0B7_
FNDA:0,_RNCNvNtNtCsbLL7hm4Tvf_20shuthost_coordinator4auth10middleware10wants_htmls_0B7_
FNDA:0,_RNCNvNtNtCsbLL7hm4Tvf_20shuthost_coordinator4auth10middleware17request_is_secure0B7_
FNDA:0,_RNCNvNtNtCsbLL7hm4Tvf_20shuthost_coordinator4auth10middleware17request_is_secures0_0B7_
FNDA:0,_RNCNvNtNtCsbLL7hm4Tvf_20shuthost_coordinator4auth10middleware17request_is_secures_0B7_
FNDA:0,_RNCNvNtNtCsbLL7hm4Tvf_20shuthost_coordinator4auth10middleware7require0B7_
FNDA:0,_RNvNtNtCsbLL7hm4Tvf_20shuthost_coordinator4auth10middleware10wants_html
FNDA:0,_RNvNtNtCsbLL7hm4Tvf_20shuthost_coordinator4auth10middleware17request_is_secure
FNDA:0,_RNvNtNtCsbLL7hm4Tvf_20shuthost_coordinator4auth10middleware7require
FNDA:125,_RNCNvNtNtCs4XYMtWjZrsa_20shuthost_coordinator4auth10middleware7require0Cs4vAhY6HnsWX_20shuthost_coordinator
FNF:9
FNH:5
DA:21,156
DA:22,156
DA:23,156
DA:24,156
DA:25,156
DA:26,156
DA:27,156
DA:28,156
DA:33,137
DA:34,10
DA:36,10
DA:37,1
DA:38,0
DA:39,0
DA:40,1
DA:41,1
DA:42,1
DA:43,0
DA:44,9
DA:45,9
DA:47,0
DA:48,0
DA:49,0
DA:50,0
DA:52,9
DA:57,9
DA:58,0
DA:60,0
DA:61,9
DA:62,9
DA:63,9
DA:64,0
DA:65,0
DA:66,0
DA:67,0
DA:68,0
DA:69,0
DA:71,0
DA:73,9
DA:77,156
DA:80,18
DA:81,18
DA:82,18
DA:83,18
DA:84,18
DA:85,18
DA:86,18
DA:92,3
DA:93,3
DA:94,1
DA:95,2
DA:96,2
DA:97,2
DA:98,2
DA:99,1
DA:101,1
DA:102,1
DA:103,1
DA:104,0
DA:106,0
DA:107,1
DA:108,1
DA:109,0
DA:111,0
DA:112,1
DA:113,1
DA:114,3
BRF:0
BRH:0
LF:73
LH:45
end_of_record
SF:/home/smaier/workspace/private/shuthost/coordinator/src/auth/mod.rs
FN:63,_RNCNvMNtCsapluWBYkJr9_20shuthost_coordinator4authNtB4_7Runtime11from_config0CscEQL3PLADjr_11coordinator
FN:65,_RNCNvNCNvMNtCsapluWBYkJr9_20shuthost_coordinator4authNtB8_7Runtime11from_config017gen_and_store_key0CscEQL3PLADjr_11coordinator
FN:193,_RNvXs0_NtCsapluWBYkJr9_20shuthost_coordinator4authNtNtNtCs9yx3cSnCEmZ_6cookie6secure3key3KeyINtNtNtCsiKWw9XCEQJj_9axum_core7extract8from_ref7FromRefNtNtNtB7_4http6server8AppStateE8from_ref
FN:63,_RNCNvMNtCsapluWBYkJr9_20shuthost_coordinator4authNtB4_7Runtime11from_config0B6_
FN:65,_RNCNvNCNvMNtCsapluWBYkJr9_20shuthost_coordinator4authNtB8_7Runtime11from_config017gen_and_store_key0Ba_
FN:63,_RNvMNtCsapluWBYkJr9_20shuthost_coordinator4authNtB2_7Runtime11from_config
FN:65,_RNvNCNvMNtCsapluWBYkJr9_20shuthost_coordinator4authNtB6_7Runtime11from_config017gen_and_store_key
FN:185,_RNvXs_NtCsapluWBYkJr9_20shuthost_coordinator4authNtB4_10LayerStateINtNtNtCsiKWw9XCEQJj_9axum_core7extract8from_ref7FromRefNtNtNtB6_4http6server8AppStateE8from_ref
FN:63,_RNCNvMNtCs4XYMtWjZrsa_20shuthost_coordinator4authNtB4_7Runtime11from_config0CsJMamJMc8kO_11coordinator
FN:65,_RNCNvNCNvMNtCs4XYMtWjZrsa_20shuthost_coordinator4authNtB8_7Runtime11from_config017gen_and_store_key0CsJMamJMc8kO_11coordinator
FN:63,_RNvMNtCs4XYMtWjZrsa_20shuthost_coordinator4authNtB2_7Runtime11from_config
FN:65,_RNvNCNvMNtCs4XYMtWjZrsa_20shuthost_coordinator4authNtB6_7Runtime11from_config017gen_and_store_key
FN:185,_RNvXs_NtCs4XYMtWjZrsa_20shuthost_coordinator4authNtB4_10LayerStateINtNtNtCsiKWw9XCEQJj_9axum_core7extract8from_ref7FromRefNtNtNtB6_4http6server8AppStateE8from_ref
FN:63,_RNCNvMNtCs4XYMtWjZrsa_20shuthost_coordinator4authNtB4_7Runtime11from_config0B6_
FN:65,_RNCNvNCNvMNtCs4XYMtWjZrsa_20shuthost_coordinator4authNtB8_7Runtime11from_config017gen_and_store_key0Ba_
FN:193,_RNvXs0_NtCs4XYMtWjZrsa_20shuthost_coordinator4authNtNtNtCs9yx3cSnCEmZ_6cookie6secure3key3KeyINtNtNtCsiKWw9XCEQJj_9axum_core7extract8from_ref7FromRefNtNtNtB7_4http6server8AppStateE8from_ref
FN:63,_RNCNvMNtCsapluWBYkJr9_20shuthost_coordinator4authNtB4_7Runtime11from_config0CsfA2VHSXxad7_11integration
FN:65,_RNCNvNCNvMNtCsapluWBYkJr9_20shuthost_coordinator4authNtB8_7Runtime11from_config017gen_and_store_key0CsfA2VHSXxad7_11integration
FN:205,_RNvNtNtCsbLL7hm4Tvf_20shuthost_coordinator4auth5tests8setup_db
FN:210,_RNvNtNtCsbLL7hm4Tvf_20shuthost_coordinator4auth5testss_38test_removes_db_values_when_configured
FN:247,_RNvNtNtCsbLL7hm4Tvf_20shuthost_coordinator4auth5testss_43test_invalid_configured_cookie_secret_fails
FN:205,_RNCNvNtNtCsbLL7hm4Tvf_20shuthost_coordinator4auth5tests8setup_db0B7_
FN:210,_RNCNvNtNtCsbLL7hm4Tvf_20shuthost_coordinator4auth5testss_38test_removes_db_values_when_configured0B7_
FN:247,_RNCNvNtNtCsbLL7hm4Tvf_20shuthost_coordinator4auth5testss_43test_invalid_configured_cookie_secret_fails0B7_
FN:63,_RNCNvMNtCsbLL7hm4Tvf_20shuthost_coordinator4authNtB4_7Runtime11from_config0B6_
FN:65,_RNCNvNCNvMNtCsbLL7hm4Tvf_20shuthost_coordinator4authNtB8_7Runtime11from_config017gen_and_store_key0Ba_
FN:63,_RNvMNtCsbLL7hm4Tvf_20shuthost_coordinator4authNtB2_7Runtime11from_config
FN:65,_RNvNCNvMNtCsbLL7hm4Tvf_20shuthost_coordinator4authNtB6_7Runtime11from_config017gen_and_store_key
FN:193,_RNvXs0_NtCsbLL7hm4Tvf_20shuthost_coordinator4authNtNtNtCs9yx3cSnCEmZ_6cookie6secure3key3KeyINtNtNtCsiKWw9XCEQJj_9axum_core7extract8from_ref7FromRefNtNtNtB7_4http6server8AppStateE8from_ref
FN:185,_RNvXs_NtCsbLL7hm4Tvf_20shuthost_coordinator4authNtB4_10LayerStateINtNtNtCsiKWw9XCEQJj_9axum_core7extract8from_ref7FromRefNtNtNtB6_4http6server8AppStateE8from_ref
FN:63,_RNCNvMNtCs4XYMtWjZrsa_20shuthost_coordinator4authNtB4_7Runtime11from_config0Cs4vAhY6HnsWX_20shuthost_coordinator
FN:65,_RNCNvNCNvMNtCs4XYMtWjZrsa_20shuthost_coordinator4authNtB8_7Runtime11from_config017gen_and_store_key0Cs4vAhY6HnsWX_20shuthost_coordinator
FNDA:0,_RNCNvMNtCsapluWBYkJr9_20shuthost_coordinator4authNtB4_7Runtime11from_config0CscEQL3PLADjr_11coordinator
FNDA:0,_RNCNvNCNvMNtCsapluWBYkJr9_20shuthost_coordinator4authNtB8_7Runtime11from_config017gen_and_store_key0CscEQL3PLADjr_11coordinator
FNDA:3,_RNvXs0_NtCsapluWBYkJr9_20shuthost_coordinator4authNtNtNtCs9yx3cSnCEmZ_6cookie6secure3key3KeyINtNtNtCsiKWw9XCEQJj_9axum_core7extract8from_ref7FromRefNtNtNtB7_4http6server8AppStateE8from_ref
FNDA:0,_RNCNvMNtCsapluWBYkJr9_20shuthost_coordinator4authNtB4_7Runtime11from_config0B6_
FNDA:0,_RNCNvNCNvMNtCsapluWBYkJr9_20shuthost_coordinator4authNtB8_7Runtime11from_config017gen_and_store_key0Ba_
FNDA:15,_RNvMNtCsapluWBYkJr9_20shuthost_coordinator4authNtB2_7Runtime11from_config
FNDA:0,_RNvNCNvMNtCsapluWBYkJr9_20shuthost_coordinator4authNtB6_7Runtime11from_config017gen_and_store_key
FNDA:0,_RNvXs_NtCsapluWBYkJr9_20shuthost_coordinator4authNtB4_10LayerStateINtNtNtCsiKWw9XCEQJj_9axum_core7extract8from_ref7FromRefNtNtNtB6_4http6server8AppStateE8from_ref
FNDA:0,_RNCNvMNtCs4XYMtWjZrsa_20shuthost_coordinator4authNtB4_7Runtime11from_config0CsJMamJMc8kO_11coordinator
FNDA:0,_RNCNvNCNvMNtCs4XYMtWjZrsa_20shuthost_coordinator4authNtB8_7Runtime11from_config017gen_and_store_key0CsJMamJMc8kO_11coordinator
FNDA:53,_RNvMNtCs4XYMtWjZrsa_20shuthost_coordinator4authNtB2_7Runtime11from_config
FNDA:0,_RNvNCNvMNtCs4XYMtWjZrsa_20shuthost_coordinator4authNtB6_7Runtime11from_config017gen_and_store_key
FNDA:0,_RNvXs_NtCs4XYMtWjZrsa_20shuthost_coordinator4authNtB4_10LayerStateINtNtNtCsiKWw9XCEQJj_9axum_core7extract8from_ref7FromRefNtNtNtB6_4http6server8AppStateE8from_ref
FNDA:0,_RNCNvMNtCs4XYMtWjZrsa_20shuthost_coordinator4authNtB4_7Runtime11from_config0B6_
FNDA:0,_RNCNvNCNvMNtCs4XYMtWjZrsa_20shuthost_coordinator4authNtB8_7Runtime11from_config017gen_and_store_key0Ba_
FNDA:0,_RNvXs0_NtCs4XYMtWjZrsa_20shuthost_coordinator4authNtNtNtCs9yx3cSnCEmZ_6cookie6secure3key3KeyINtNtNtCsiKWw9XCEQJj_9axum_core7extract8from_ref7FromRefNtNtNtB7_4http6server8AppStateE8from_ref
FNDA:15,_RNCNvMNtCsapluWBYkJr9_20shuthost_coordinator4authNtB4_7Runtime11from_config0CsfA2VHSXxad7_11integration
FNDA:0,_RNCNvNCNvMNtCsapluWBYkJr9_20shuthost_coordinator4authNtB8_7Runtime11from_config017gen_and_store_key0CsfA2VHSXxad7_11integration
FNDA:2,_RNvNtNtCsbLL7hm4Tvf_20shuthost_coordinator4auth5tests8setup_db
FNDA:1,_RNvNtNtCsbLL7hm4Tvf_20shuthost_coordinator4auth5testss_38test_removes_db_values_when_configured
FNDA:1,_RNvNtNtCsbLL7hm4Tvf_20shuthost_coordinator4auth5testss_43test_invalid_configured_cookie_secret_fails
FNDA:2,_RNCNvNtNtCsbLL7hm4Tvf_20shuthost_coordinator4auth5tests8setup_db0B7_
FNDA:1,_RNCNvNtNtCsbLL7hm4Tvf_20shuthost_coordinator4auth5testss_38test_removes_db_values_when_configured0B7_
FNDA:1,_RNCNvNtNtCsbLL7hm4Tvf_20shuthost_coordinator4auth5testss_43test_invalid_configured_cookie_secret_fails0B7_
FNDA:2,_RNCNvMNtCsbLL7hm4Tvf_20shuthost_coordinator4authNtB4_7Runtime11from_config0B6_
FNDA:0,_RNCNvNCNvMNtCsbLL7hm4Tvf_20shuthost_coordinator4authNtB8_7Runtime11from_config017gen_and_store_key0Ba_
FNDA:2,_RNvMNtCsbLL7hm4Tvf_20shuthost_coordinator4authNtB2_7Runtime11from_config
FNDA:0,_RNvNCNvMNtCsbLL7hm4Tvf_20shuthost_coordinator4authNtB6_7Runtime11from_config017gen_and_store_key
FNDA:0,_RNvXs0_NtCsbLL7hm4Tvf_20shuthost_coordinator4authNtNtNtCs9yx3cSnCEmZ_6cookie6secure3key3KeyINtNtNtCsiKWw9XCEQJj_9axum_core7extract8from_ref7FromRefNtNtNtB7_4http6server8AppStateE8from_ref
FNDA:0,_RNvXs_NtCsbLL7hm4Tvf_20shuthost_coordinator4authNtB4_10LayerStateINtNtNtCsiKWw9XCEQJj_9axum_core7extract8from_ref7FromRefNtNtNtB6_4http6server8AppStateE8from_ref
FNDA:53,_RNCNvMNtCs4XYMtWjZrsa_20shuthost_coordinator4authNtB4_7Runtime11from_config0Cs4vAhY6HnsWX_20shuthost_coordinator
FNDA:0,_RNCNvNCNvMNtCs4XYMtWjZrsa_20shuthost_coordinator4authNtB8_7Runtime11from_config017gen_and_store_key0Cs4vAhY6HnsWX_20shuthost_coordinator
FNF:12
FNH:9
DA:63,70
DA:65,0
DA:66,0
DA:67,0
DA:68,0
DA:69,0
DA:70,0
DA:73,70
DA:75,2
DA:76,2
DA:77,0
DA:79,2
DA:80,0
DA:83,2
DA:84,2
DA:85,2
DA:86,1
DA:87,1
DA:90,68
DA:91,0
DA:93,0
DA:94,0
DA:95,0
DA:97,0
DA:98,0
DA:100,0
DA:101,0
DA:105,0
DA:106,0
DA:108,0
DA:109,0
DA:114,0
DA:118,68
DA:122,69
DA:123,14
DA:124,13
DA:125,13
DA:127,4
DA:128,1
DA:129,3
DA:130,4
DA:131,4
DA:134,9
DA:135,0
DA:136,0
DA:137,0
DA:138,0
DA:140,0
DA:141,0
DA:142,0
DA:143,0
DA:144,0
DA:147,9
DA:148,9
DA:149,9
DA:150,9
DA:154,13
DA:157,9
DA:158,9
DA:159,9
DA:160,9
DA:162,9
DA:163,9
DA:164,9
DA:165,9
DA:166,9
DA:167,9
DA:168,9
DA:170,33
DA:171,33
DA:172,33
DA:175,69
DA:176,70
DA:185,0
DA:186,0
DA:187,0
DA:188,0
DA:189,0
DA:193,3
DA:194,3
DA:195,3
DA:205,2
DA:206,2
DA:207,2
DA:210,1
DA:211,1
DA:214,1
DA:215,1
DA:216,1
DA:217,1
DA:218,1
DA:219,1
DA:220,1
DA:221,1
DA:223,1
DA:226,1
DA:227,1
DA:228,1
DA:229,1
DA:230,1
DA:231,1
DA:233,1
DA:236,1
DA:237,1
DA:240,1
DA:241,1
DA:242,1
DA:243,1
DA:244,1
DA:247,1
DA:248,1
DA:251,1
DA:252,1
DA:253,1
DA:254,1
DA:256,1
DA:257,1
DA:258,1
BRF:0
BRH:0
LF:127
LH:77
end_of_record
SF:/home/smaier/workspace/private/shuthost/coordinator/src/auth/oidc.rs
FN:122,_RNvNtNtCsapluWBYkJr9_20shuthost_coordinator4auth4oidc10oidc_login
FN:393,_RNvNtNtCsapluWBYkJr9_20shuthost_coordinator4auth4oidc13oidc_callback
FN:34,_RNvNtNtCsapluWBYkJr9_20shuthost_coordinator4auth4oidc14request_origin
FN:265,_RNvNtNtCsapluWBYkJr9_20shuthost_coordinator4auth4oidc16pkce_from_cookie
FN:66,_RNvNtNtCsapluWBYkJr9_20shuthost_coordinator4auth4oidc17build_oidc_client
FN:270,_RNvNtNtCsapluWBYkJr9_20shuthost_coordinator4auth4oidc17nonce_from_cookie
FN:47,_RNvNtNtCsapluWBYkJr9_20shuthost_coordinator4auth4oidc18build_redirect_url
FN:235,_RNvNtNtCsapluWBYkJr9_20shuthost_coordinator4auth4oidc20login_error_response
FN:295,_RNvNtNtCsapluWBYkJr9_20shuthost_coordinator4auth4oidc21handle_provider_error
FN:337,_RNvNtNtCsapluWBYkJr9_20shuthost_coordinator4auth4oidc22id_token_from_response
FN:318,_RNvNtNtCsapluWBYkJr9_20shuthost_coordinator4auth4oidc23exchange_code_for_token
FN:308,_RNvNtNtCsapluWBYkJr9_20shuthost_coordinator4auth4oidc26extract_authorization_code
FN:246,_RNvNtNtCsapluWBYkJr9_20shuthost_coordinator4auth4oidc26validate_state_or_redirect
FN:239,_RNvNtNtCsapluWBYkJr9_20shuthost_coordinator4auth4oidc28clear_oidc_ephemeral_cookies
FN:275,_RNvNtNtCsapluWBYkJr9_20shuthost_coordinator4auth4oidc29finalize_session_and_redirect
FN:370,_RNvNtNtCsapluWBYkJr9_20shuthost_coordinator4auth4oidc31process_token_and_build_session
FN:349,_RNvNtNtCsapluWBYkJr9_20shuthost_coordinator4auth4oidc33verify_id_token_and_build_session
FN:151,_RNCNCNvNtNtCsapluWBYkJr9_20shuthost_coordinator4auth4oidc10oidc_login00B9_
FN:152,_RNCNCNvNtNtCsapluWBYkJr9_20shuthost_coordinator4auth4oidc10oidc_login0s_0B9_
FN:76,_RNCNCNvNtNtCsapluWBYkJr9_20shuthost_coordinator4auth4oidc17build_oidc_client00B9_
FN:88,_RNCNCNvNtNtCsapluWBYkJr9_20shuthost_coordinator4auth4oidc17build_oidc_client0s0_0B9_
FN:82,_RNCNCNvNtNtCsapluWBYkJr9_20shuthost_coordinator4auth4oidc17build_oidc_client0s_0B9_
FN:128,_RNCNvNtNtCsapluWBYkJr9_20shuthost_coordinator4auth4oidc10oidc_login0B7_
FN:403,_RNCNvNtNtCsapluWBYkJr9_20shuthost_coordinator4auth4oidc13oidc_callback0B7_
FN:37,_RNCNvNtNtCsapluWBYkJr9_20shuthost_coordinator4auth4oidc14request_origin0B7_
FN:42,_RNCNvNtNtCsapluWBYkJr9_20shuthost_coordinator4auth4oidc14request_origins_0B7_
FN:267,_RNCNvNtNtCsapluWBYkJr9_20shuthost_coordinator4auth4oidc16pkce_from_cookie0B7_
FN:71,_RNCNvNtNtCsapluWBYkJr9_20shuthost_coordinator4auth4oidc17build_oidc_client0B7_
FN:272,_RNCNvNtNtCsapluWBYkJr9_20shuthost_coordinator4auth4oidc17nonce_from_cookie0B7_
FN:48,_RNCNvNtNtCsapluWBYkJr9_20shuthost_coordinator4auth4oidc18build_redirect_url0B7_
FN:323,_RNCNvNtNtCsapluWBYkJr9_20shuthost_coordinator4auth4oidc23exchange_code_for_token0B7_
FN:288,_RNCNvNtNtCsapluWBYkJr9_20shuthost_coordinator4auth4oidc29finalize_session_and_redirect0B7_
FN:289,_RNCNvNtNtCsapluWBYkJr9_20shuthost_coordinator4auth4oidc29finalize_session_and_redirects_0B7_
FN:375,_RNCNvNtNtCsapluWBYkJr9_20shuthost_coordinator4auth4oidc31process_token_and_build_session0B7_
FN:122,_RNvNtNtCs4XYMtWjZrsa_20shuthost_coordinator4auth4oidc10oidc_login
FN:393,_RNvNtNtCs4XYMtWjZrsa_20shuthost_coordinator4auth4oidc13oidc_callback
FN:34,_RNvNtNtCs4XYMtWjZrsa_20shuthost_coordinator4auth4oidc14request_origin
FN:265,_RNvNtNtCs4XYMtWjZrsa_20shuthost_coordinator4auth4oidc16pkce_from_cookie
FN:66,_RNvNtNtCs4XYMtWjZrsa_20shuthost_coordinator4auth4oidc17build_oidc_client
FN:270,_RNvNtNtCs4XYMtWjZrsa_20shuthost_coordinator4auth4oidc17nonce_from_cookie
FN:47,_RNvNtNtCs4XYMtWjZrsa_20shuthost_coordinator4auth4oidc18build_redirect_url
FN:235,_RNvNtNtCs4XYMtWjZrsa_20shuthost_coordinator4auth4oidc20login_error_response
FN:295,_RNvNtNtCs4XYMtWjZrsa_20shuthost_coordinator4auth4oidc21handle_provider_error
FN:337,_RNvNtNtCs4XYMtWjZrsa_20shuthost_coordinator4auth4oidc22id_token_from_response
FN:318,_RNvNtNtCs4XYMtWjZrsa_20shuthost_coordinator4auth4oidc23exchange_code_for_token
FN:308,_RNvNtNtCs4XYMtWjZrsa_20shuthost_coordinator4auth4oidc26extract_authorization_code
FN:246,_RNvNtNtCs4XYMtWjZrsa_20shuthost_coordinator4auth4oidc26validate_state_or_redirect
FN:239,_RNvNtNtCs4XYMtWjZrsa_20shuthost_coordinator4auth4oidc28clear_oidc_ephemeral_cookies
FN:275,_RNvNtNtCs4XYMtWjZrsa_20shuthost_coordinator4auth4oidc29finalize_session_and_redirect
FN:370,_RNvNtNtCs4XYMtWjZrsa_20shuthost_coordinator4auth4oidc31process_token_and_build_session
FN:349,_RNvNtNtCs4XYMtWjZrsa_20shuthost_coordinator4auth4oidc33verify_id_token_and_build_session
FN:151,_RNCNCNvNtNtCs4XYMtWjZrsa_20shuthost_coordinator4auth4oidc10oidc_login00B9_
FN:152,_RNCNCNvNtNtCs4XYMtWjZrsa_20shuthost_coordinator4auth4oidc10oidc_login0s_0B9_
FN:76,_RNCNCNvNtNtCs4XYMtWjZrsa_20shuthost_coordinator4auth4oidc17build_oidc_client00B9_
FN:88,_RNCNCNvNtNtCs4XYMtWjZrsa_20shuthost_coordinator4auth4oidc17build_oidc_client0s0_0B9_
FN:82,_RNCNCNvNtNtCs4XYMtWjZrsa_20shuthost_coordinator4auth4oidc17build_oidc_client0s_0B9_
FN:128,_RNCNvNtNtCs4XYMtWjZrsa_20shuthost_coordinator4auth4oidc10oidc_login0B7_
FN:403,_RNCNvNtNtCs4XYMtWjZrsa_20shuthost_coordinator4auth4oidc13oidc_callback0B7_
FN:37,_RNCNvNtNtCs4XYMtWjZrsa_20shuthost_coordinator4auth4oidc14request_origin0B7_
FN:42,_RNCNvNtNtCs4XYMtWjZrsa_20shuthost_coordinator4auth4oidc14request_origins_0B7_
FN:267,_RNCNvNtNtCs4XYMtWjZrsa_20shuthost_coordinator4auth4oidc16pkce_from_cookie0B7_
FN:71,_RNCNvNtNtCs4XYMtWjZrsa_20shuthost_coordinator4auth4oidc17build_oidc_client0B7_
FN:272,_RNCNvNtNtCs4XYMtWjZrsa_20shuthost_coordinator4auth4oidc17nonce_from_cookie0B7_
FN:48,_RNCNvNtNtCs4XYMtWjZrsa_20shuthost_coordinator4auth4oidc18build_redirect_url0B7_
FN:323,_RNCNvNtNtCs4XYMtWjZrsa_20shuthost_coordinator4auth4oidc23exchange_code_for_token0B7_
FN:288,_RNCNvNtNtCs4XYMtWjZrsa_20shuthost_coordinator4auth4oidc29finalize_session_and_redirect0B7_
FN:289,_RNCNvNtNtCs4XYMtWjZrsa_20shuthost_coordinator4auth4oidc29finalize_session_and_redirects_0B7_
FN:375,_RNCNvNtNtCs4XYMtWjZrsa_20shuthost_coordinator4auth4oidc31process_token_and_build_session0B7_
FN:151,_RNCNCNvNtNtCsbLL7hm4Tvf_20shuthost_coordinator4auth4oidc10oidc_login00B9_
FN:152,_RNCNCNvNtNtCsbLL7hm4Tvf_20shuthost_coordinator4auth4oidc10oidc_login0s_0B9_
FN:76,_RNCNCNvNtNtCsbLL7hm4Tvf_20shuthost_coordinator4auth4oidc17build_oidc_client00B9_
FN:88,_RNCNCNvNtNtCsbLL7hm4Tvf_20shuthost_coordinator4auth4oidc17build_oidc_client0s0_0B9_
FN:82,_RNCNCNvNtNtCsbLL7hm4Tvf_20shuthost_coordinator4auth4oidc17build_oidc_client0s_0B9_
FN:128,_RNCNvNtNtCsbLL7hm4Tvf_20shuthost_coordinator4auth4oidc10oidc_login0B7_
FN:403,_RNCNvNtNtCsbLL7hm4Tvf_20shuthost_coordinator4auth4oidc13oidc_callback0B7_
FN:37,_RNCNvNtNtCsbLL7hm4Tvf_20shuthost_coordinator4auth4oidc14request_origin0B7_
FN:42,_RNCNvNtNtCsbLL7hm4Tvf_20shuthost_coordinator4auth4oidc14request_origins_0B7_
FN:267,_RNCNvNtNtCsbLL7hm4Tvf_20shuthost_coordinator4auth4oidc16pkce_from_cookie0B7_
FN:71,_RNCNvNtNtCsbLL7hm4Tvf_20shuthost_coordinator4auth4oidc17build_oidc_client0B7_
FN:272,_RNCNvNtNtCsbLL7hm4Tvf_20shuthost_coordinator4auth4oidc17nonce_from_cookie0B7_
FN:48,_RNCNvNtNtCsbLL7hm4Tvf_20shuthost_coordinator4auth4oidc18build_redirect_url0B7_
FN:323,_RNCNvNtNtCsbLL7hm4Tvf_20shuthost_coordinator4auth4oidc23exchange_code_for_token0B7_
FN:288,_RNCNvNtNtCsbLL7hm4Tvf_20shuthost_coordinator4auth4oidc29finalize_session_and_redirect0B7_
FN:289,_RNCNvNtNtCsbLL7hm4Tvf_20shuthost_coordinator4auth4oidc29finalize_session_and_redirects_0B7_
FN:375,_RNCNvNtNtCsbLL7hm4Tvf_20shuthost_coordinator4auth4oidc31process_token_and_build_session0B7_
FN:122,_RNvNtNtCsbLL7hm4Tvf_20shuthost_coordinator4auth4oidc10oidc_login
FN:393,_RNvNtNtCsbLL7hm4Tvf_20shuthost_coordinator4auth4oidc13oidc_callback
FN:34,_RNvNtNtCsbLL7hm4Tvf_20shuthost_coordinator4auth4oidc14request_origin
FN:265,_RNvNtNtCsbLL7hm4Tvf_20shuthost_coordinator4auth4oidc16pkce_from_cookie
FN:66,_RNvNtNtCsbLL7hm4Tvf_20shuthost_coordinator4auth4oidc17build_oidc_client
FN:270,_RNvNtNtCsbLL7hm4Tvf_20shuthost_coordinator4auth4oidc17nonce_from_cookie
FN:47,_RNvNtNtCsbLL7hm4Tvf_20shuthost_coordinator4auth4oidc18build_redirect_url
FN:235,_RNvNtNtCsbLL7hm4Tvf_20shuthost_coordinator4auth4oidc20login_error_response
FN:295,_RNvNtNtCsbLL7hm4Tvf_20shuthost_coordinator4auth4oidc21handle_provider_error
FN:337,_RNvNtNtCsbLL7hm4Tvf_20shuthost_coordinator4auth4oidc22id_token_from_response
FN:318,_RNvNtNtCsbLL7hm4Tvf_20shuthost_coordinator4auth4oidc23exchange_code_for_token
FN:308,_RNvNtNtCsbLL7hm4Tvf_20shuthost_coordinator4auth4oidc26extract_authorization_code
FN:246,_RNvNtNtCsbLL7hm4Tvf_20shuthost_coordinator4auth4oidc26validate_state_or_redirect
FN:239,_RNvNtNtCsbLL7hm4Tvf_20shuthost_coordinator4auth4oidc28clear_oidc_ephemeral_cookies
FN:275,_RNvNtNtCsbLL7hm4Tvf_20shuthost_coordinator4auth4oidc29finalize_session_and_redirect
FN:370,_RNvNtNtCsbLL7hm4Tvf_20shuthost_coordinator4auth4oidc31process_token_and_build_session
FN:349,_RNvNtNtCsbLL7hm4Tvf_20shuthost_coordinator4auth4oidc33verify_id_token_and_build_session
FNDA:0,_RNvNtNtCsapluWBYkJr9_20shuthost_coordinator4auth4oidc10oidc_login
FNDA:0,_RNvNtNtCsapluWBYkJr9_20shuthost_coordinator4auth4oidc13oidc_callback
FNDA:0,_RNvNtNtCsapluWBYkJr9_20shuthost_coordinator4auth4oidc14request_origin
FNDA:0,_RNvNtNtCsapluWBYkJr9_20shuthost_coordinator4auth4oidc16pkce_from_cookie
FNDA:0,_RNvNtNtCsapluWBYkJr9_20shuthost_coordinator4auth4oidc17build_oidc_client
FNDA:0,_RNvNtNtCsapluWBYkJr9_20shuthost_coordinator4auth4oidc17nonce_from_cookie
FNDA:0,_RNvNtNtCsapluWBYkJr9_20shuthost_coordinator4auth4oidc18build_redirect_url
FNDA:0,_RNvNtNtCsapluWBYkJr9_20shuthost_coordinator4auth4oidc20login_error_response
FNDA:0,_RNvNtNtCsapluWBYkJr9_20shuthost_coordinator4auth4oidc21handle_provider_error
FNDA:0,_RNvNtNtCsapluWBYkJr9_20shuthost_coordinator4auth4oidc22id_token_from_response
FNDA:0,_RNvNtNtCsapluWBYkJr9_20shuthost_coordinator4auth4oidc23exchange_code_for_token
FNDA:0,_RNvNtNtCsapluWBYkJr9_20shuthost_coordinator4auth4oidc26extract_authorization_code
FNDA:0,_RNvNtNtCsapluWBYkJr9_20shuthost_coordinator4auth4oidc26validate_state_or_redirect
FNDA:0,_RNvNtNtCsapluWBYkJr9_20shuthost_coordinator4auth4oidc28clear_oidc_ephemeral_cookies
FNDA:0,_RNvNtNtCsapluWBYkJr9_20shuthost_coordinator4auth4oidc29finalize_session_and_redirect
FNDA:0,_RNvNtNtCsapluWBYkJr9_20shuthost_coordinator4auth4oidc31process_token_and_build_session
FNDA:0,_RNvNtNtCsapluWBYkJr9_20shuthost_coordinator4auth4oidc33verify_id_token_and_build_session
FNDA:0,_RNCNCNvNtNtCsapluWBYkJr9_20shuthost_coordinator4auth4oidc10oidc_login00B9_
FNDA:0,_RNCNCNvNtNtCsapluWBYkJr9_20shuthost_coordinator4auth4oidc10oidc_login0s_0B9_
FNDA:0,_RNCNCNvNtNtCsapluWBYkJr9_20shuthost_coordinator4auth4oidc17build_oidc_client00B9_
FNDA:0,_RNCNCNvNtNtCsapluWBYkJr9_20shuthost_coordinator4auth4oidc17build_oidc_client0s0_0B9_
FNDA:0,_RNCNCNvNtNtCsapluWBYkJr9_20shuthost_coordinator4auth4oidc17build_oidc_client0s_0B9_
FNDA:0,_RNCNvNtNtCsapluWBYkJr9_20shuthost_coordinator4auth4oidc10oidc_login0B7_
FNDA:0,_RNCNvNtNtCsapluWBYkJr9_20shuthost_coordinator4auth4oidc13oidc_callback0B7_
FNDA:0,_RNCNvNtNtCsapluWBYkJr9_20shuthost_coordinator4auth4oidc14request_origin0B7_
FNDA:0,_RNCNvNtNtCsapluWBYkJr9_20shuthost_coordinator4auth4oidc14request_origins_0B7_
FNDA:0,_RNCNvNtNtCsapluWBYkJr9_20shuthost_coordinator4auth4oidc16pkce_from_cookie0B7_
FNDA:0,_RNCNvNtNtCsapluWBYkJr9_20shuthost_coordinator4auth4oidc17build_oidc_client0B7_
FNDA:0,_RNCNvNtNtCsapluWBYkJr9_20shuthost_coordinator4auth4oidc17nonce_from_cookie0B7_
FNDA:0,_RNCNvNtNtCsapluWBYkJr9_20shuthost_coordinator4auth4oidc18build_redirect_url0B7_
FNDA:0,_RNCNvNtNtCsapluWBYkJr9_20shuthost_coordinator4auth4oidc23exchange_code_for_token0B7_
FNDA:0,_RNCNvNtNtCsapluWBYkJr9_20shuthost_coordinator4auth4oidc29finalize_session_and_redirect0B7_
FNDA:0,_RNCNvNtNtCsapluWBYkJr9_20shuthost_coordinator4auth4oidc29finalize_session_and_redirects_0B7_
FNDA:0,_RNCNvNtNtCsapluWBYkJr9_20shuthost_coordinator4auth4oidc31process_token_and_build_session0B7_
FNDA:0,_RNvNtNtCs4XYMtWjZrsa_20shuthost_coordinator4auth4oidc10oidc_login
FNDA:0,_RNvNtNtCs4XYMtWjZrsa_20shuthost_coordinator4auth4oidc13oidc_callback
FNDA:0,_RNvNtNtCs4XYMtWjZrsa_20shuthost_coordinator4auth4oidc14request_origin
FNDA:0,_RNvNtNtCs4XYMtWjZrsa_20shuthost_coordinator4auth4oidc16pkce_from_cookie
FNDA:0,_RNvNtNtCs4XYMtWjZrsa_20shuthost_coordinator4auth4oidc17build_oidc_client
FNDA:0,_RNvNtNtCs4XYMtWjZrsa_20shuthost_coordinator4auth4oidc17nonce_from_cookie
FNDA:0,_RNvNtNtCs4XYMtWjZrsa_20shuthost_coordinator4auth4oidc18build_redirect_url
FNDA:0,_RNvNtNtCs4XYMtWjZrsa_20shuthost_coordinator4auth4oidc20login_error_response
FNDA:0,_RNvNtNtCs4XYMtWjZrsa_20shuthost_coordinator4auth4oidc21handle_provider_error
FNDA:0,_RNvNtNtCs4XYMtWjZrsa_20shuthost_coordinator4auth4oidc22id_token_from_response
FNDA:0,_RNvNtNtCs4XYMtWjZrsa_20shuthost_coordinator4auth4oidc23exchange_code_for_token
FNDA:0,_RNvNtNtCs4XYMtWjZrsa_20shuthost_coordinator4auth4oidc26extract_authorization_code
FNDA:0,_RNvNtNtCs4XYMtWjZrsa_20shuthost_coordinator4auth4oidc26validate_state_or_redirect
FNDA:0,_RNvNtNtCs4XYMtWjZrsa_20shuthost_coordinator4auth4oidc28clear_oidc_ephemeral_cookies
FNDA:0,_RNvNtNtCs4XYMtWjZrsa_20shuthost_coordinator4auth4oidc29finalize_session_and_redirect
FNDA:0,_RNvNtNtCs4XYMtWjZrsa_20shuthost_coordinator4auth4oidc31process_token_and_build_session
FNDA:0,_RNvNtNtCs4XYMtWjZrsa_20shuthost_coordinator4auth4oidc33verify_id_token_and_build_session
FNDA:0,_RNCNCNvNtNtCs4XYMtWjZrsa_20shuthost_coordinator4auth4oidc10oidc_login00B9_
FNDA:0,_RNCNCNvNtNtCs4XYMtWjZrsa_20shuthost_coordinator4auth4oidc10oidc_login0s_0B9_
FNDA:0,_RNCNCNvNtNtCs4XYMtWjZrsa_20shuthost_coordinator4auth4oidc17build_oidc_client00B9_
FNDA:0,_RNCNCNvNtNtCs4XYMtWjZrsa_20shuthost_coordinator4auth4oidc17build_oidc_client0s0_0B9_
FNDA:0,_RNCNCNvNtNtCs4XYMtWjZrsa_20shuthost_coordinator4auth4oidc17build_oidc_client0s_0B9_
FNDA:0,_RNCNvNtNtCs4XYMtWjZrsa_20shuthost_coordinator4auth4oidc10oidc_login0B7_
FNDA:0,_RNCNvNtNtCs4XYMtWjZrsa_20shuthost_coordinator4auth4oidc13oidc_callback0B7_
FNDA:0,_RNCNvNtNtCs4XYMtWjZrsa_20shuthost_coordinator4auth4oidc14request_origin0B7_
FNDA:0,_RNCNvNtNtCs4XYMtWjZrsa_20shuthost_coordinator4auth4oidc14request_origins_0B7_
FNDA:0,_RNCNvNtNtCs4XYMtWjZrsa_20shuthost_coordinator4auth4oidc16pkce_from_cookie0B7_
FNDA:0,_RNCNvNtNtCs4XYMtWjZrsa_20shuthost_coordinator4auth4oidc17build_oidc_client0B7_
FNDA:0,_RNCNvNtNtCs4XYMtWjZrsa_20shuthost_coordinator4auth4oidc17nonce_from_cookie0B7_
FNDA:0,_RNCNvNtNtCs4XYMtWjZrsa_20shuthost_coordinator4auth4oidc18build_redirect_url0B7_
FNDA:0,_RNCNvNtNtCs4XYMtWjZrsa_20shuthost_coordinator4auth4oidc23exchange_code_for_token0B7_
FNDA:0,_RNCNvNtNtCs4XYMtWjZrsa_20shuthost_coordinator4auth4oidc29finalize_session_and_redirect0B7_
FNDA:0,_RNCNvNtNtCs4XYMtWjZrsa_20shuthost_coordinator4auth4oidc29finalize_session_and_redirects_0B7_
FNDA:0,_RNCNvNtNtCs4XYMtWjZrsa_20shuthost_coordinator4auth4oidc31process_token_and_build_session0B7_
FNDA:0,_RNCNCNvNtNtCsbLL7hm4Tvf_20shuthost_coordinator4auth4oidc10oidc_login00B9_
FNDA:0,_RNCNCNvNtNtCsbLL7hm4Tvf_20shuthost_coordinator4auth4oidc10oidc_login0s_0B9_
FNDA:0,_RNCNCNvNtNtCsbLL7hm4Tvf_20shuthost_coordinator4auth4oidc17build_oidc_client00B9_
FNDA:0,_RNCNCNvNtNtCsbLL7hm4Tvf_20shuthost_coordinator4auth4oidc17build_oidc_client0s0_0B9_
FNDA:0,_RNCNCNvNtNtCsbLL7hm4Tvf_20shuthost_coordinator4auth4oidc17build_oidc_client0s_0B9_
FNDA:0,_RNCNvNtNtCsbLL7hm4Tvf_20shuthost_coordinator4auth4oidc10oidc_login0B7_
FNDA:0,_RNCNvNtNtCsbLL7hm4Tvf_20shuthost_coordinator4auth4oidc13oidc_callback0B7_
FNDA:0,_RNCNvNtNtCsbLL7hm4Tvf_20shuthost_coordinator4auth4oidc14request_origin0B7_
FNDA:0,_RNCNvNtNtCsbLL7hm4Tvf_20shuthost_coordinator4auth4oidc14request_origins_0B7_
FNDA:0,_RNCNvNtNtCsbLL7hm4Tvf_20shuthost_coordinator4auth4oidc16pkce_from_cookie0B7_
FNDA:0,_RNCNvNtNtCsbLL7hm4Tvf_20shuthost_coordinator4auth4oidc17build_oidc_client0B7_
FNDA:0,_RNCNvNtNtCsbLL7hm4Tvf_20shuthost_coordinator4auth4oidc17nonce_from_cookie0B7_
FNDA:0,_RNCNvNtNtCsbLL7hm4Tvf_20shuthost_coordinator4auth4oidc18build_redirect_url0B7_
FNDA:0,_RNCNvNtNtCsbLL7hm4Tvf_20shuthost_coordinator4auth4oidc23exchange_code_for_token0B7_
FNDA:0,_RNCNvNtNtCsbLL7hm4Tvf_20shuthost_coordinator4auth4oidc29finalize_session_and_redirect0B7_
FNDA:0,_RNCNvNtNtCsbLL7hm4Tvf_20shuthost_coordinator4auth4oidc29finalize_session_and_redirects_0B7_
FNDA:0,_RNCNvNtNtCsbLL7hm4Tvf_20shuthost_coordinator4auth4oidc31process_token_and_build_session0B7_
FNDA:0,_RNvNtNtCsbLL7hm4Tvf_20shuthost_coordinator4auth4oidc10oidc_login
FNDA:0,_RNvNtNtCsbLL7hm4Tvf_20shuthost_coordinator4auth4oidc13oidc_callback
FNDA:0,_RNvNtNtCsbLL7hm4Tvf_20shuthost_coordinator4auth4oidc14request_origin
FNDA:0,_RNvNtNtCsbLL7hm4Tvf_20shuthost_coordinator4auth4oidc16pkce_from_cookie
FNDA:0,_RNvNtNtCsbLL7hm4Tvf_20shuthost_coordinator4auth4oidc17build_oidc_client
FNDA:0,_RNvNtNtCsbLL7hm4Tvf_20shuthost_coordinator4auth4oidc17nonce_from_cookie
FNDA:0,_RNvNtNtCsbLL7hm4Tvf_20shuthost_coordinator4auth4oidc18build_redirect_url
FNDA:0,_RNvNtNtCsbLL7hm4Tvf_20shuthost_coordinator4auth4oidc20login_error_response
FNDA:0,_RNvNtNtCsbLL7hm4Tvf_20shuthost_coordinator4auth4oidc21handle_provider_error
FNDA:0,_RNvNtNtCsbLL7hm4Tvf_20shuthost_coordinator4auth4oidc22id_token_from_response
FNDA:0,_RNvNtNtCsbLL7hm4Tvf_20shuthost_coordinator4auth4oidc23exchange_code_for_token
FNDA:0,_RNvNtNtCsbLL7hm4Tvf_20shuthost_coordinator4auth4oidc26extract_authorization_code
FNDA:0,_RNvNtNtCsbLL7hm4Tvf_20shuthost_coordinator4auth4oidc26validate_state_or_redirect
FNDA:0,_RNvNtNtCsbLL7hm4Tvf_20shuthost_coordinator4auth4oidc28clear_oidc_ephemeral_cookies
FNDA:0,_RNvNtNtCsbLL7hm4Tvf_20shuthost_coordinator4auth4oidc29finalize_session_and_redirect
FNDA:0,_RNvNtNtCsbLL7hm4Tvf_20shuthost_coordinator4auth4oidc31process_token_and_build_session
FNDA:0,_RNvNtNtCsbLL7hm4Tvf_20shuthost_coordinator4auth4oidc33verify_id_token_and_build_session
FNF:34
FNH:0
DA:34,0
DA:35,0
DA:36,0
DA:37,0
DA:38,0
DA:39,0
DA:40,0
DA:41,0
DA:42,0
DA:43,0
DA:44,0
DA:45,0
DA:47,0
DA:48,0
DA:49,0
DA:50,0
DA:51,0
DA:52,0
DA:53,0
DA:54,0
DA:66,0
DA:67,0
DA:68,0
DA:69,0
DA:70,0
DA:71,0
DA:73,0
DA:74,0
DA:75,0
DA:76,0
DA:77,0
DA:78,0
DA:79,0
DA:82,0
DA:83,0
DA:84,0
DA:85,0
DA:86,0
DA:87,0
DA:88,0
DA:89,0
DA:90,0
DA:91,0
DA:94,0
DA:95,0
DA:96,0
DA:97,0
DA:99,0
DA:100,0
DA:101,0
DA:103,0
DA:104,0
DA:107,0
DA:108,0
DA:109,0
DA:110,0
DA:112,0
DA:113,0
DA:114,0
DA:118,0
DA:119,0
DA:122,0
DA:123,0
DA:124,0
DA:125,0
DA:126,0
DA:127,0
DA:128,0
DA:130,0
DA:131,0
DA:132,0
DA:133,0
DA:134,0
DA:136,0
DA:140,0
DA:141,0
DA:142,0
DA:143,0
DA:145,0
DA:146,0
DA:147,0
DA:148,0
DA:149,0
DA:150,0
DA:151,0
DA:152,0
DA:153,0
DA:154,0
DA:155,0
DA:156,0
DA:158,0
DA:159,0
DA:160,0
DA:161,0
DA:163,0
DA:164,0
DA:167,0
DA:169,0
DA:170,0
DA:171,0
DA:175,0
DA:176,0
DA:177,0
DA:178,0
DA:182,0
DA:184,0
DA:185,0
DA:186,0
DA:187,0
DA:188,0
DA:189,0
DA:190,0
DA:191,0
DA:192,0
DA:193,0
DA:195,0
DA:196,0
DA:197,0
DA:198,0
DA:199,0
DA:200,0
DA:201,0
DA:202,0
DA:204,0
DA:205,0
DA:206,0
DA:207,0
DA:208,0
DA:209,0
DA:210,0
DA:211,0
DA:214,0
DA:215,0
DA:216,0
DA:235,0
DA:236,0
DA:237,0
DA:239,0
DA:240,0
DA:241,0
DA:242,0
DA:243,0
DA:246,0
DA:247,0
DA:248,0
DA:249,0
DA:250,0
DA:251,0
DA:252,0
DA:254,0
DA:255,0
DA:256,0
DA:258,0
DA:259,0
DA:260,0
DA:261,0
DA:262,0
DA:263,0
DA:265,0
DA:266,0
DA:267,0
DA:268,0
DA:270,0
DA:271,0
DA:272,0
DA:273,0
DA:275,0
DA:276,0
DA:277,0
DA:278,0
DA:279,0
DA:280,0
DA:281,0
DA:282,0
DA:283,0
DA:284,0
DA:286,0
DA:287,0
DA:288,0
DA:289,0
DA:290,0
DA:291,0
DA:292,0
DA:295,0
DA:296,0
DA:297,0
DA:298,0
DA:299,0
DA:300,0
DA:301,0
DA:302,0
DA:303,0
DA:304,0
DA:305,0
DA:306,0
DA:308,0
DA:309,0
DA:310,0
DA:312,0
DA:313,0
DA:316,0
DA:318,0
DA:319,0
DA:320,0
DA:321,0
DA:322,0
DA:323,0
DA:324,0
DA:325,0
DA:326,0
DA:327,0
DA:328,0
DA:329,0
DA:330,0
DA:331,0
DA:332,0
DA:335,0
DA:337,0
DA:338,0
DA:339,0
DA:340,0
DA:341,0
DA:343,0
DA:344,0
DA:347,0
DA:349,0
DA:350,0
DA:351,0
DA:352,0
DA:353,0
DA:354,0
DA:355,0
DA:356,0
DA:357,0
DA:358,0
DA:359,0
DA:360,0
DA:361,0
DA:364,0
DA:365,0
DA:366,0
DA:367,0
DA:370,0
DA:371,0
DA:372,0
DA:373,0
DA:374,0
DA:375,0
DA:376,0
DA:377,0
DA:378,0
DA:379,0
DA:381,0
DA:382,0
DA:383,0
DA:384,0
DA:386,0
DA:387,0
DA:388,0
DA:389,0
DA:390,0
DA:393,0
DA:394,0
DA:395,0
DA:396,0
DA:397,0
DA:398,0
DA:399,0
DA:400,0
DA:401,0
DA:402,0
DA:403,0
DA:405,0
DA:406,0
DA:407,0
DA:409,0
DA:411,0
DA:414,0
DA:415,0
DA:416,0
DA:418,0
DA:419,0
DA:420,0
DA:422,0
DA:423,0
DA:424,0
DA:428,0
DA:429,0
DA:430,0
DA:432,0
DA:433,0
DA:434,0
DA:435,0
DA:436,0
DA:437,0
DA:438,0
DA:440,0
DA:441,0
DA:444,0
DA:445,0
BRF:0
BRH:0
LF:320
LH:0
end_of_record
SF:/home/smaier/workspace/private/shuthost/coordinator/src/auth/routes.rs
FN:185,_RNvMNtNtCsapluWBYkJr9_20shuthost_coordinator4auth6routesNtB2_18TokenSessionClaims10is_expired
FN:189,_RNvMNtNtCsapluWBYkJr9_20shuthost_coordinator4auth6routesNtB2_18TokenSessionClaims13matches_token
FN:170,_RNvMNtNtCsapluWBYkJr9_20shuthost_coordinator4auth6routesNtB2_18TokenSessionClaims3new
FN:209,_RNvMs_NtNtCsapluWBYkJr9_20shuthost_coordinator4auth6routesNtB4_17OIDCSessionClaims10is_expired
FN:33,_RNvNtNtCsapluWBYkJr9_20shuthost_coordinator4auth6routes13public_routes
FN:128,_RNvNtNtCsapluWBYkJr9_20shuthost_coordinator4auth6routes6logout
FN:215,_RNvNtNtCsapluWBYkJr9_20shuthost_coordinator4auth6routes6now_ts
FN:53,_RNvNtNtCsapluWBYkJr9_20shuthost_coordinator4auth6routes9login_get
FN:141,_RNCNCNvNtNtCsapluWBYkJr9_20shuthost_coordinator4auth6routes6logout00B9_
FN:145,_RNCNCNvNtNtCsapluWBYkJr9_20shuthost_coordinator4auth6routes6logout0s_0B9_
FN:64,_RNCNCNvNtNtCsapluWBYkJr9_20shuthost_coordinator4auth6routes9login_get00B9_
FN:66,_RNCNCNvNtNtCsapluWBYkJr9_20shuthost_coordinator4auth6routes9login_get0s_0B9_
FN:128,_RNCNvNtNtCsapluWBYkJr9_20shuthost_coordinator4auth6routes6logout0B7_
FN:57,_RNCNvNtNtCsapluWBYkJr9_20shuthost_coordinator4auth6routes9login_get0B7_
FN:141,_RNCNCNvNtNtCs4XYMtWjZrsa_20shuthost_coordinator4auth6routes6logout00B9_
FN:145,_RNCNCNvNtNtCs4XYMtWjZrsa_20shuthost_coordinator4auth6routes6logout0s_0B9_
FN:64,_RNCNCNvNtNtCs4XYMtWjZrsa_20shuthost_coordinator4auth6routes9login_get00B9_
FN:66,_RNCNCNvNtNtCs4XYMtWjZrsa_20shuthost_coordinator4auth6routes9login_get0s_0B9_
FN:128,_RNCNvNtNtCs4XYMtWjZrsa_20shuthost_coordinator4auth6routes6logout0B7_
FN:57,_RNCNvNtNtCs4XYMtWjZrsa_20shuthost_coordinator4auth6routes9login_get0B7_
FN:185,_RNvMNtNtCs4XYMtWjZrsa_20shuthost_coordinator4auth6routesNtB2_18TokenSessionClaims10is_expired
FN:189,_RNvMNtNtCs4XYMtWjZrsa_20shuthost_coordinator4auth6routesNtB2_18TokenSessionClaims13matches_token
FN:170,_RNvMNtNtCs4XYMtWjZrsa_20shuthost_coordinator4auth6routesNtB2_18TokenSessionClaims3new
FN:209,_RNvMs_NtNtCs4XYMtWjZrsa_20shuthost_coordinator4auth6routesNtB4_17OIDCSessionClaims10is_expired
FN:33,_RNvNtNtCs4XYMtWjZrsa_20shuthost_coordinator4auth6routes13public_routes
FN:128,_RNvNtNtCs4XYMtWjZrsa_20shuthost_coordinator4auth6routes6logout
FN:215,_RNvNtNtCs4XYMtWjZrsa_20shuthost_coordinator4auth6routes6now_ts
FN:53,_RNvNtNtCs4XYMtWjZrsa_20shuthost_coordinator4auth6routes9login_get
FN:141,_RNCNCNvNtNtCsbLL7hm4Tvf_20shuthost_coordinator4auth6routes6logout00B9_
FN:145,_RNCNCNvNtNtCsbLL7hm4Tvf_20shuthost_coordinator4auth6routes6logout0s_0B9_
FN:64,_RNCNCNvNtNtCsbLL7hm4Tvf_20shuthost_coordinator4auth6routes9login_get00B9_
FN:66,_RNCNCNvNtNtCsbLL7hm4Tvf_20shuthost_coordinator4auth6routes9login_get0s_0B9_
FN:128,_RNCNvNtNtCsbLL7hm4Tvf_20shuthost_coordinator4auth6routes6logout0B7_
FN:57,_RNCNvNtNtCsbLL7hm4Tvf_20shuthost_coordinator4auth6routes9login_get0B7_
FN:185,_RNvMNtNtCsbLL7hm4Tvf_20shuthost_coordinator4auth6routesNtB2_18TokenSessionClaims10is_expired
FN:189,_RNvMNtNtCsbLL7hm4Tvf_20shuthost_coordinator4auth6routesNtB2_18TokenSessionClaims13matches_token
FN:170,_RNvMNtNtCsbLL7hm4Tvf_20shuthost_coordinator4auth6routesNtB2_18TokenSessionClaims3new
FN:209,_RNvMs_NtNtCsbLL7hm4Tvf_20shuthost_coordinator4auth6routesNtB4_17OIDCSessionClaims10is_expired
FN:33,_RNvNtNtCsbLL7hm4Tvf_20shuthost_coordinator4auth6routes13public_routes
FN:128,_RNvNtNtCsbLL7hm4Tvf_20shuthost_coordinator4auth6routes6logout
FN:215,_RNvNtNtCsbLL7hm4Tvf_20shuthost_coordinator4auth6routes6now_ts
FN:53,_RNvNtNtCsbLL7hm4Tvf_20shuthost_coordinator4auth6routes9login_get
FNDA:1,_RNvMNtNtCsapluWBYkJr9_20shuthost_coordinator4auth6routesNtB2_18TokenSessionClaims10is_expired
FNDA:1,_RNvMNtNtCsapluWBYkJr9_20shuthost_coordinator4auth6routesNtB2_18TokenSessionClaims13matches_token
FNDA:1,_RNvMNtNtCsapluWBYkJr9_20shuthost_coordinator4auth6routesNtB2_18TokenSessionClaims3new
FNDA:0,_RNvMs_NtNtCsapluWBYkJr9_20shuthost_coordinator4auth6routesNtB4_17OIDCSessionClaims10is_expired
FNDA:15,_RNvNtNtCsapluWBYkJr9_20shuthost_coordinator4auth6routes13public_routes
FNDA:0,_RNvNtNtCsapluWBYkJr9_20shuthost_coordinator4auth6routes6logout
FNDA:2,_RNvNtNtCsapluWBYkJr9_20shuthost_coordinator4auth6routes6now_ts
FNDA:0,_RNvNtNtCsapluWBYkJr9_20shuthost_coordinator4auth6routes9login_get
FNDA:0,_RNCNCNvNtNtCsapluWBYkJr9_20shuthost_coordinator4auth6routes6logout00B9_
FNDA:0,_RNCNCNvNtNtCsapluWBYkJr9_20shuthost_coordinator4auth6routes6logout0s_0B9_
FNDA:0,_RNCNCNvNtNtCsapluWBYkJr9_20shuthost_coordinator4auth6routes9login_get00B9_
FNDA:0,_RNCNCNvNtNtCsapluWBYkJr9_20shuthost_coordinator4auth6routes9login_get0s_0B9_
FNDA:0,_RNCNvNtNtCsapluWBYkJr9_20shuthost_coordinator4auth6routes6logout0B7_
FNDA:0,_RNCNvNtNtCsapluWBYkJr9_20shuthost_coordinator4auth6routes9login_get0B7_
FNDA:0,_RNCNCNvNtNtCs4XYMtWjZrsa_20shuthost_coordinator4auth6routes6logout00B9_
FNDA:0,_RNCNCNvNtNtCs4XYMtWjZrsa_20shuthost_coordinator4auth6routes6logout0s_0B9_
FNDA:0,_RNCNCNvNtNtCs4XYMtWjZrsa_20shuthost_coordinator4auth6routes9login_get00B9_
FNDA:0,_RNCNCNvNtNtCs4XYMtWjZrsa_20shuthost_coordinator4auth6routes9login_get0s_0B9_
FNDA:0,_RNCNvNtNtCs4XYMtWjZrsa_20shuthost_coordinator4auth6routes6logout0B7_
FNDA:18,_RNCNvNtNtCs4XYMtWjZrsa_20shuthost_coordinator4auth6routes9login_get0B7_
FNDA:0,_RNvMNtNtCs4XYMtWjZrsa_20shuthost_coordinator4auth6routesNtB2_18TokenSessionClaims10is_expired
FNDA:0,_RNvMNtNtCs4XYMtWjZrsa_20shuthost_coordinator4auth6routesNtB2_18TokenSessionClaims13matches_token
FNDA:0,_RNvMNtNtCs4XYMtWjZrsa_20shuthost_coordinator4auth6routesNtB2_18TokenSessionClaims3new
FNDA:0,_RNvMs_NtNtCs4XYMtWjZrsa_20shuthost_coordinator4auth6routesNtB4_17OIDCSessionClaims10is_expired
FNDA:53,_RNvNtNtCs4XYMtWjZrsa_20shuthost_coordinator4auth6routes13public_routes
FNDA:0,_RNvNtNtCs4XYMtWjZrsa_20shuthost_coordinator4auth6routes6logout
FNDA:0,_RNvNtNtCs4XYMtWjZrsa_20shuthost_coordinator4auth6routes6now_ts
FNDA:18,_RNvNtNtCs4XYMtWjZrsa_20shuthost_coordinator4auth6routes9login_get
FNDA:0,_RNCNCNvNtNtCsbLL7hm4Tvf_20shuthost_coordinator4auth6routes6logout00B9_
FNDA:0,_RNCNCNvNtNtCsbLL7hm4Tvf_20shuthost_coordinator4auth6routes6logout0s_0B9_
FNDA:0,_RNCNCNvNtNtCsbLL7hm4Tvf_20shuthost_coordinator4auth6routes9login_get00B9_
FNDA:0,_RNCNCNvNtNtCsbLL7hm4Tvf_20shuthost_coordinator4auth6routes9login_get0s_0B9_
FNDA:0,_RNCNvNtNtCsbLL7hm4Tvf_20shuthost_coordinator4auth6routes6logout0B7_
FNDA:0,_RNCNvNtNtCsbLL7hm4Tvf_20shuthost_coordinator4auth6routes9login_get0B7_
FNDA:0,_RNvMNtNtCsbLL7hm4Tvf_20shuthost_coordinator4auth6routesNtB2_18TokenSessionClaims10is_expired
FNDA:0,_RNvMNtNtCsbLL7hm4Tvf_20shuthost_coordinator4auth6routesNtB2_18TokenSessionClaims13matches_token
FNDA:0,_RNvMNtNtCsbLL7hm4Tvf_20shuthost_coordinator4auth6routesNtB2_18TokenSessionClaims3new
FNDA:0,_RNvMs_NtNtCsbLL7hm4Tvf_20shuthost_coordinator4auth6routesNtB4_17OIDCSessionClaims10is_expired
FNDA:0,_RNvNtNtCsbLL7hm4Tvf_20shuthost_coordinator4auth6routes13public_routes
FNDA:0,_RNvNtNtCsbLL7hm4Tvf_20shuthost_coordinator4auth6routes6logout
FNDA:0,_RNvNtNtCsbLL7hm4Tvf_20shuthost_coordinator4auth6routes6now_ts
FNDA:0,_RNvNtNtCsbLL7hm4Tvf_20shuthost_coordinator4auth6routes9login_get
FNF:14
FNH:7
DA:33,68
DA:36,68
DA:38,68
DA:39,68
DA:40,68
DA:42,68
DA:43,68
DA:44,68
DA:46,68
DA:48,68
DA:49,68
DA:50,68
DA:53,18
DA:54,18
DA:55,18
DA:56,18
DA:57,18
DA:61,18
DA:62,18
DA:63,9
DA:64,9
DA:66,9
DA:71,0
DA:72,0
DA:74,18
DA:75,0
DA:76,18
DA:78,18
DA:79,8
DA:80,0
DA:82,8
DA:83,0
DA:85,8
DA:86,0
DA:88,8
DA:89,0
DA:91,8
DA:92,8
DA:94,0
DA:95,10
DA:98,18
DA:99,9
DA:100,9
DA:101,0
DA:104,18
DA:105,18
DA:106,18
DA:107,18
DA:108,18
DA:109,18
DA:110,18
DA:111,18
DA:112,18
DA:113,18
DA:114,18
DA:115,18
DA:116,18
DA:117,18
DA:118,18
DA:119,18
DA:120,18
DA:121,18
DA:122,18
DA:123,18
DA:124,18
DA:125,18
DA:128,0
DA:130,0
DA:131,0
DA:132,0
DA:135,0
DA:141,0
DA:142,0
DA:143,0
DA:144,0
DA:145,0
DA:146,0
DA:147,0
DA:149,0
DA:150,0
DA:151,0
DA:153,0
DA:154,0
DA:155,0
DA:157,0
DA:158,0
DA:159,0
DA:170,1
DA:171,1
DA:172,1
DA:173,1
DA:174,1
DA:175,1
DA:176,1
DA:177,1
DA:178,1
DA:179,1
DA:180,1
DA:181,1
DA:182,1
DA:185,1
DA:186,1
DA:187,1
DA:189,1
DA:190,1
DA:191,1
DA:192,1
DA:193,1
DA:194,1
DA:209,0
DA:210,0
DA:211,0
DA:215,2
DA:216,2
DA:217,2
DA:218,2
DA:219,2
DA:220,2
BRF:0
BRH:0
LF:124
LH:86
end_of_record
SF:/home/smaier/workspace/private/shuthost/coordinator/src/auth/token.rs
FN:27,_RNvNtNtCsapluWBYkJr9_20shuthost_coordinator4auth5token10login_post
FN:34,_RNCNvNtNtCsapluWBYkJr9_20shuthost_coordinator4auth5token10login_post0B7_
FN:34,_RNCNvNtNtCs4XYMtWjZrsa_20shuthost_coordinator4auth5token10login_post0B7_
FN:27,_RNvNtNtCs4XYMtWjZrsa_20shuthost_coordinator4auth5token10login_post
FN:34,_RNCNvNtNtCsbLL7hm4Tvf_20shuthost_coordinator4auth5token10login_post0B7_
FN:27,_RNvNtNtCsbLL7hm4Tvf_20shuthost_coordinator4auth5token10login_post
FNDA:3,_RNvNtNtCsapluWBYkJr9_20shuthost_coordinator4auth5token10login_post
FNDA:3,_RNCNvNtNtCsapluWBYkJr9_20shuthost_coordinator4auth5token10login_post0B7_
FNDA:0,_RNCNvNtNtCs4XYMtWjZrsa_20shuthost_coordinator4auth5token10login_post0B7_
FNDA:0,_RNvNtNtCs4XYMtWjZrsa_20shuthost_coordinator4auth5token10login_post
FNDA:0,_RNCNvNtNtCsbLL7hm4Tvf_20shuthost_coordinator4auth5token10login_post0B7_
FNDA:0,_RNvNtNtCsbLL7hm4Tvf_20shuthost_coordinator4auth5token10login_post
FNF:2
FNH:2
DA:27,3
DA:28,3
DA:29,3
DA:30,3
DA:31,3
DA:32,3
DA:33,3
DA:34,3
DA:36,3
DA:37,1
DA:38,0
DA:40,1
DA:41,2
DA:42,2
DA:44,2
DA:46,2
DA:47,1
DA:48,1
DA:49,1
DA:50,1
DA:52,1
DA:53,1
DA:56,1
DA:58,3
BRF:0
BRH:0
LF:25
LH:24
end_of_record
SF:/home/smaier/workspace/private/shuthost/coordinator/src/config/loader.rs
FN:21,_RINvNtNtCsapluWBYkJr9_20shuthost_coordinator6config6loader23load_coordinator_configRNtNtCscKkwsb9kWaL_3std4path4PathEB6_
FN:21,_RNCINvNtNtCsapluWBYkJr9_20shuthost_coordinator6config6loader23load_coordinator_configRNtNtCscKkwsb9kWaL_3std4path4PathE0B8_
FN:21,_RINvNtNtCs4XYMtWjZrsa_20shuthost_coordinator6config6loader23load_coordinator_configRNtNtCscKkwsb9kWaL_3std4path4PathEB6_
FN:21,_RNCINvNtNtCs4XYMtWjZrsa_20shuthost_coordinator6config6loader23load_coordinator_configRNtNtCscKkwsb9kWaL_3std4path4PathE0B8_
FN:35,_RNvNtNtNtCsbLL7hm4Tvf_20shuthost_coordinator6config6loader5testss_33test_load_coordinator_config_file
FN:128,_RNvNtNtNtCsbLL7hm4Tvf_20shuthost_coordinator6config6loader5testss_34test_tls_custom_values_deserialize
FN:100,_RNvNtNtNtCsbLL7hm4Tvf_20shuthost_coordinator6config6loader5testss_34test_tls_empty_table_uses_defaults
FN:80,_RNvNtNtNtCsbLL7hm4Tvf_20shuthost_coordinator6config6loader5testss_37test_tls_absent_field_results_in_none
FN:72,_RNvNtNtNtCsbLL7hm4Tvf_20shuthost_coordinator6config6loader5testss_41test_load_coordinator_config_invalid_toml
FN:65,_RNvNtNtNtCsbLL7hm4Tvf_20shuthost_coordinator6config6loader5testss_41test_load_coordinator_config_missing_file
FN:35,_RNCNvNtNtNtCsbLL7hm4Tvf_20shuthost_coordinator6config6loader5testss_33test_load_coordinator_config_file0B9_
FN:100,_RNCNvNtNtNtCsbLL7hm4Tvf_20shuthost_coordinator6config6loader5testss_34test_tls_empty_table_uses_defaults0B9_
FN:80,_RNCNvNtNtNtCsbLL7hm4Tvf_20shuthost_coordinator6config6loader5testss_37test_tls_absent_field_results_in_none0B9_
FN:72,_RNCNvNtNtNtCsbLL7hm4Tvf_20shuthost_coordinator6config6loader5testss_41test_load_coordinator_config_invalid_toml0B9_
FN:65,_RNCNvNtNtNtCsbLL7hm4Tvf_20shuthost_coordinator6config6loader5testss_41test_load_coordinator_config_missing_file0B9_
FN:21,_RINvNtNtCsbLL7hm4Tvf_20shuthost_coordinator6config6loader23load_coordinator_configRNtNtCscKkwsb9kWaL_3std4path7PathBufEB6_
FN:21,_RNCINvNtNtCsbLL7hm4Tvf_20shuthost_coordinator6config6loader23load_coordinator_configRNtNtCscKkwsb9kWaL_3std4path7PathBufE0B8_
FNDA:18,_RINvNtNtCsapluWBYkJr9_20shuthost_coordinator6config6loader23load_coordinator_configRNtNtCscKkwsb9kWaL_3std4path4PathEB6_
FNDA:18,_RNCINvNtNtCsapluWBYkJr9_20shuthost_coordinator6config6loader23load_coordinator_configRNtNtCscKkwsb9kWaL_3std4path4PathE0B8_
FNDA:53,_RINvNtNtCs4XYMtWjZrsa_20shuthost_coordinator6config6loader23load_coordinator_configRNtNtCscKkwsb9kWaL_3std4path4PathEB6_
FNDA:53,_RNCINvNtNtCs4XYMtWjZrsa_20shuthost_coordinator6config6loader23load_coordinator_configRNtNtCscKkwsb9kWaL_3std4path4PathE0B8_
FNDA:1,_RNvNtNtNtCsbLL7hm4Tvf_20shuthost_coordinator6config6loader5testss_33test_load_coordinator_config_file
FNDA:1,_RNvNtNtNtCsbLL7hm4Tvf_20shuthost_coordinator6config6loader5testss_34test_tls_custom_values_deserialize
FNDA:1,_RNvNtNtNtCsbLL7hm4Tvf_20shuthost_coordinator6config6loader5testss_34test_tls_empty_table_uses_defaults
FNDA:1,_RNvNtNtNtCsbLL7hm4Tvf_20shuthost_coordinator6config6loader5testss_37test_tls_absent_field_results_in_none
FNDA:1,_RNvNtNtNtCsbLL7hm4Tvf_20shuthost_coordinator6config6loader5testss_41test_load_coordinator_config_invalid_toml
FNDA:1,_RNvNtNtNtCsbLL7hm4Tvf_20shuthost_coordinator6config6loader5testss_41test_load_coordinator_config_missing_file
FNDA:1,_RNCNvNtNtNtCsbLL7hm4Tvf_20shuthost_coordinator6config6loader5testss_33test_load_coordinator_config_file0B9_
FNDA:1,_RNCNvNtNtNtCsbLL7hm4Tvf_20shuthost_coordinator6config6loader5testss_34test_tls_empty_table_uses_defaults0B9_
FNDA:1,_RNCNvNtNtNtCsbLL7hm4Tvf_20shuthost_coordinator6config6loader5testss_37test_tls_absent_field_results_in_none0B9_
FNDA:1,_RNCNvNtNtNtCsbLL7hm4Tvf_20shuthost_coordinator6config6loader5testss_41test_load_coordinator_config_invalid_toml0B9_
FNDA:1,_RNCNvNtNtNtCsbLL7hm4Tvf_20shuthost_coordinator6config6loader5testss_41test_load_coordinator_config_missing_file0B9_
FNDA:5,_RINvNtNtCsbLL7hm4Tvf_20shuthost_coordinator6config6loader23load_coordinator_configRNtNtCscKkwsb9kWaL_3std4path7PathBufEB6_
FNDA:5,_RNCINvNtNtCsbLL7hm4Tvf_20shuthost_coordinator6config6loader23load_coordinator_configRNtNtCscKkwsb9kWaL_3std4path7PathBufE0B8_
FNF:13
FNH:13
DA:21,76
DA:22,76
DA:23,76
DA:24,76
DA:25,74
DA:26,75
DA:27,74
DA:28,76
DA:35,1
DA:36,1
DA:37,1
DA:38,1
DA:39,1
DA:40,1
DA:41,1
DA:42,1
DA:43,1
DA:44,1
DA:45,1
DA:46,1
DA:47,1
DA:48,1
DA:49,1
DA:50,1
DA:51,1
DA:52,1
DA:53,1
DA:54,1
DA:55,1
DA:56,1
DA:57,1
DA:58,1
DA:59,1
DA:60,1
DA:61,1
DA:62,1
DA:65,1
DA:66,1
DA:67,1
DA:68,1
DA:69,1
DA:72,1
DA:73,1
DA:74,1
DA:75,1
DA:76,1
DA:77,1
DA:80,1
DA:81,1
DA:82,1
DA:83,1
DA:84,1
DA:85,1
DA:86,1
DA:87,1
DA:88,1
DA:89,1
DA:90,1
DA:91,1
DA:92,1
DA:93,1
DA:94,1
DA:95,1
DA:96,1
DA:97,1
DA:100,1
DA:101,1
DA:102,1
DA:103,1
DA:104,1
DA:105,1
DA:106,1
DA:107,1
DA:108,1
DA:109,1
DA:110,1
DA:111,1
DA:112,1
DA:113,1
DA:114,1
DA:115,1
DA:116,1
DA:117,1
DA:118,1
DA:119,1
DA:120,1
DA:121,1
DA:122,1
DA:123,1
DA:124,1
DA:125,1
DA:128,1
DA:129,1
DA:130,1
DA:131,1
DA:132,1
DA:133,1
DA:134,1
DA:135,1
DA:136,1
DA:137,1
DA:138,1
DA:139,1
DA:140,1
DA:141,1
DA:142,1
DA:143,1
DA:144,1
DA:145,1
DA:146,1
DA:147,1
DA:148,1
DA:149,1
BRF:0
BRH:0
LF:128
LH:126
end_of_record
SF:/home/smaier/workspace/private/shuthost/coordinator/src/config/types.rs
FN:125,_RNvNtNtCsapluWBYkJr9_20shuthost_coordinator6config5types12do_db_enable
FN:117,_RNvNtNtCsapluWBYkJr9_20shuthost_coordinator6config5types13do_tls_enable
FN:121,_RNvNtNtCsapluWBYkJr9_20shuthost_coordinator6config5types15default_db_path
FN:109,_RNvNtNtCsapluWBYkJr9_20shuthost_coordinator6config5types17relative_key_path
FN:104,_RNvNtNtCsapluWBYkJr9_20shuthost_coordinator6config5types18relative_cert_path
FN:155,_RNvNtNtCsapluWBYkJr9_20shuthost_coordinator6config5types19default_oidc_scopes
FN:113,_RNvNtNtCsapluWBYkJr9_20shuthost_coordinator6config5types22do_persist_self_signed
FN:73,_RNvXNtNtCsapluWBYkJr9_20shuthost_coordinator6config5typesNtB2_9TlsConfigNtNtCs5GmCzIpY9Qj_4core7default7Default7default
FN:96,_RNvXs_NtNtCsapluWBYkJr9_20shuthost_coordinator6config5typesNtB4_8DbConfigNtNtCs5GmCzIpY9Qj_4core7default7Default7default
FN:125,_RNvNtNtCs4XYMtWjZrsa_20shuthost_coordinator6config5types12do_db_enable
FN:117,_RNvNtNtCs4XYMtWjZrsa_20shuthost_coordinator6config5types13do_tls_enable
FN:121,_RNvNtNtCs4XYMtWjZrsa_20shuthost_coordinator6config5types15default_db_path
FN:109,_RNvNtNtCs4XYMtWjZrsa_20shuthost_coordinator6config5types17relative_key_path
FN:104,_RNvNtNtCs4XYMtWjZrsa_20shuthost_coordinator6config5types18relative_cert_path
FN:155,_RNvNtNtCs4XYMtWjZrsa_20shuthost_coordinator6config5types19default_oidc_scopes
FN:113,_RNvNtNtCs4XYMtWjZrsa_20shuthost_coordinator6config5types22do_persist_self_signed
FN:73,_RNvXNtNtCs4XYMtWjZrsa_20shuthost_coordinator6config5typesNtB2_9TlsConfigNtNtCs5GmCzIpY9Qj_4core7default7Default7default
FN:96,_RNvXs_NtNtCs4XYMtWjZrsa_20shuthost_coordinator6config5typesNtB4_8DbConfigNtNtCs5GmCzIpY9Qj_4core7default7Default7default
FN:125,_RNvNtNtCsbLL7hm4Tvf_20shuthost_coordinator6config5types12do_db_enable
FN:117,_RNvNtNtCsbLL7hm4Tvf_20shuthost_coordinator6config5types13do_tls_enable
FN:121,_RNvNtNtCsbLL7hm4Tvf_20shuthost_coordinator6config5types15default_db_path
FN:109,_RNvNtNtCsbLL7hm4Tvf_20shuthost_coordinator6config5types17relative_key_path
FN:104,_RNvNtNtCsbLL7hm4Tvf_20shuthost_coordinator6config5types18relative_cert_path
FN:155,_RNvNtNtCsbLL7hm4Tvf_20shuthost_coordinator6config5types19default_oidc_scopes
FN:113,_RNvNtNtCsbLL7hm4Tvf_20shuthost_coordinator6config5types22do_persist_self_signed
FN:73,_RNvXNtNtCsbLL7hm4Tvf_20shuthost_coordinator6config5typesNtB2_9TlsConfigNtNtCs5GmCzIpY9Qj_4core7default7Default7default
FN:96,_RNvXs_NtNtCsbLL7hm4Tvf_20shuthost_coordinator6config5typesNtB4_8DbConfigNtNtCs5GmCzIpY9Qj_4core7default7Default7default
FNDA:0,_RNvNtNtCsapluWBYkJr9_20shuthost_coordinator6config5types12do_db_enable
FNDA:1,_RNvNtNtCsapluWBYkJr9_20shuthost_coordinator6config5types13do_tls_enable
FNDA:0,_RNvNtNtCsapluWBYkJr9_20shuthost_coordinator6config5types15default_db_path
FNDA:1,_RNvNtNtCsapluWBYkJr9_20shuthost_coordinator6config5types17relative_key_path
FNDA:1,_RNvNtNtCsapluWBYkJr9_20shuthost_coordinator6config5types18relative_cert_path
FNDA:0,_RNvNtNtCsapluWBYkJr9_20shuthost_coordinator6config5types19default_oidc_scopes
FNDA:1,_RNvNtNtCsapluWBYkJr9_20shuthost_coordinator6config5types22do_persist_self_signed
FNDA:0,_RNvXNtNtCsapluWBYkJr9_20shuthost_coordinator6config5typesNtB2_9TlsConfigNtNtCs5GmCzIpY9Qj_4core7default7Default7default
FNDA:0,_RNvXs_NtNtCsapluWBYkJr9_20shuthost_coordinator6config5typesNtB4_8DbConfigNtNtCs5GmCzIpY9Qj_4core7default7Default7default
FNDA:0,_RNvNtNtCs4XYMtWjZrsa_20shuthost_coordinator6config5types12do_db_enable
FNDA:18,_RNvNtNtCs4XYMtWjZrsa_20shuthost_coordinator6config5types13do_tls_enable
FNDA:0,_RNvNtNtCs4XYMtWjZrsa_20shuthost_coordinator6config5types15default_db_path
FNDA:18,_RNvNtNtCs4XYMtWjZrsa_20shuthost_coordinator6config5types17relative_key_path
FNDA:18,_RNvNtNtCs4XYMtWjZrsa_20shuthost_coordinator6config5types18relative_cert_path
FNDA:9,_RNvNtNtCs4XYMtWjZrsa_20shuthost_coordinator6config5types19default_oidc_scopes
FNDA:18,_RNvNtNtCs4XYMtWjZrsa_20shuthost_coordinator6config5types22do_persist_self_signed
FNDA:0,_RNvXNtNtCs4XYMtWjZrsa_20shuthost_coordinator6config5typesNtB2_9TlsConfigNtNtCs5GmCzIpY9Qj_4core7default7Default7default
FNDA:0,_RNvXs_NtNtCs4XYMtWjZrsa_20shuthost_coordinator6config5typesNtB4_8DbConfigNtNtCs5GmCzIpY9Qj_4core7default7Default7default
FNDA:0,_RNvNtNtCsbLL7hm4Tvf_20shuthost_coordinator6config5types12do_db_enable
FNDA:2,_RNvNtNtCsbLL7hm4Tvf_20shuthost_coordinator6config5types13do_tls_enable
FNDA:0,_RNvNtNtCsbLL7hm4Tvf_20shuthost_coordinator6config5types15default_db_path
FNDA:1,_RNvNtNtCsbLL7hm4Tvf_20shuthost_coordinator6config5types17relative_key_path
FNDA:1,_RNvNtNtCsbLL7hm4Tvf_20shuthost_coordinator6config5types18relative_cert_path
FNDA:0,_RNvNtNtCsbLL7hm4Tvf_20shuthost_coordinator6config5types19default_oidc_scopes
FNDA:1,_RNvNtNtCsbLL7hm4Tvf_20shuthost_coordinator6config5types22do_persist_self_signed
FNDA:0,_RNvXNtNtCsbLL7hm4Tvf_20shuthost_coordinator6config5typesNtB2_9TlsConfigNtNtCs5GmCzIpY9Qj_4core7default7Default7default
FNDA:0,_RNvXs_NtNtCsbLL7hm4Tvf_20shuthost_coordinator6config5typesNtB4_8DbConfigNtNtCs5GmCzIpY9Qj_4core7default7Default7default
FNF:9
FNH:5
DA:73,0
DA:74,0
DA:75,0
DA:76,0
DA:77,0
DA:78,0
DA:79,0
DA:80,0
DA:96,0
DA:97,0
DA:98,0
DA:99,0
DA:100,0
DA:101,0
DA:104,20
DA:106,20
DA:107,20
DA:109,20
DA:110,20
DA:111,20
DA:113,20
DA:114,20
DA:115,20
DA:117,21
DA:118,21
DA:119,21
DA:121,0
DA:122,0
DA:123,0
DA:125,0
DA:126,0
DA:127,0
DA:155,9
DA:156,9
DA:157,9
BRF:0
BRH:0
LF:35
LH:15
end_of_record
SF:/home/smaier/workspace/private/shuthost/coordinator/src/config/watcher.rs
FN:82,_RNCNCNvNtNtCsapluWBYkJr9_20shuthost_coordinator6config7watcher17watch_config_file00B9_
FN:78,_RNCNvNtNtCsapluWBYkJr9_20shuthost_coordinator6config7watcher17watch_config_file0B7_
FN:31,_RNCNvNtNtCsapluWBYkJr9_20shuthost_coordinator6config7watcher21process_config_change0B7_
FN:78,_RNvNtNtCsapluWBYkJr9_20shuthost_coordinator6config7watcher17watch_config_file
FN:27,_RNvNtNtCsapluWBYkJr9_20shuthost_coordinator6config7watcher21process_config_change
FN:82,_RNCNCNvNtNtCs4XYMtWjZrsa_20shuthost_coordinator6config7watcher17watch_config_file00B9_
FN:78,_RNCNvNtNtCs4XYMtWjZrsa_20shuthost_coordinator6config7watcher17watch_config_file0B7_
FN:31,_RNCNvNtNtCs4XYMtWjZrsa_20shuthost_coordinator6config7watcher21process_config_change0B7_
FN:78,_RNvNtNtCs4XYMtWjZrsa_20shuthost_coordinator6config7watcher17watch_config_file
FN:27,_RNvNtNtCs4XYMtWjZrsa_20shuthost_coordinator6config7watcher21process_config_change
FN:82,_RNCNCNvNtNtCsbLL7hm4Tvf_20shuthost_coordinator6config7watcher17watch_config_file00B9_
FN:78,_RNCNvNtNtCsbLL7hm4Tvf_20shuthost_coordinator6config7watcher17watch_config_file0B7_
FN:31,_RNCNvNtNtCsbLL7hm4Tvf_20shuthost_coordinator6config7watcher21process_config_change0B7_
FN:78,_RNvNtNtCsbLL7hm4Tvf_20shuthost_coordinator6config7watcher17watch_config_file
FN:27,_RNvNtNtCsbLL7hm4Tvf_20shuthost_coordinator6config7watcher21process_config_change
FNDA:11,_RNCNCNvNtNtCsapluWBYkJr9_20shuthost_coordinator6config7watcher17watch_config_file00B9_
FNDA:15,_RNCNvNtNtCsapluWBYkJr9_20shuthost_coordinator6config7watcher17watch_config_file0B7_
FNDA:3,_RNCNvNtNtCsapluWBYkJr9_20shuthost_coordinator6config7watcher21process_config_change0B7_
FNDA:15,_RNvNtNtCsapluWBYkJr9_20shuthost_coordinator6config7watcher17watch_config_file
FNDA:3,_RNvNtNtCsapluWBYkJr9_20shuthost_coordinator6config7watcher21process_config_change
FNDA:78,_RNCNCNvNtNtCs4XYMtWjZrsa_20shuthost_coordinator6config7watcher17watch_config_file00B9_
FNDA:53,_RNCNvNtNtCs4XYMtWjZrsa_20shuthost_coordinator6config7watcher17watch_config_file0B7_
FNDA:0,_RNCNvNtNtCs4XYMtWjZrsa_20shuthost_coordinator6config7watcher21process_config_change0B7_
FNDA:53,_RNvNtNtCs4XYMtWjZrsa_20shuthost_coordinator6config7watcher17watch_config_file
FNDA:0,_RNvNtNtCs4XYMtWjZrsa_20shuthost_coordinator6config7watcher21process_config_change
FNDA:0,_RNCNCNvNtNtCsbLL7hm4Tvf_20shuthost_coordinator6config7watcher17watch_config_file00B9_
FNDA:0,_RNCNvNtNtCsbLL7hm4Tvf_20shuthost_coordinator6config7watcher17watch_config_file0B7_
FNDA:0,_RNCNvNtNtCsbLL7hm4Tvf_20shuthost_coordinator6config7watcher21process_config_change0B7_
FNDA:0,_RNvNtNtCsbLL7hm4Tvf_20shuthost_coordinator6config7watcher17watch_config_file
FNDA:0,_RNvNtNtCsbLL7hm4Tvf_20shuthost_coordinator6config7watcher21process_config_change
FNF:5
FNH:5
DA:27,3
DA:28,3
DA:29,3
DA:30,3
DA:31,3
DA:32,3
DA:33,3
DA:34,3
DA:35,3
DA:36,3
DA:38,3
DA:39,3
DA:40,3
DA:42,3
DA:43,0
DA:44,0
DA:46,3
DA:48,3
DA:50,1
DA:51,1
DA:52,1
DA:53,1
DA:54,1
DA:55,1
DA:56,1
DA:57,1
DA:58,1
DA:59,2
DA:61,0
DA:63,2
DA:65,3
DA:66,3
DA:78,68
DA:79,68
DA:81,68
DA:82,89
DA:83,89
DA:84,89
DA:86,0
DA:87,89
DA:88,89
DA:89,68
DA:91,68
DA:93,68
DA:94,68
DA:95,68
DA:98,68
DA:100,157
DA:101,89
DA:102,3
DA:104,0
DA:105,0
DA:106,89
DA:108,0
BRF:0
BRH:0
LF:56
LH:49
end_of_record
SF:/home/smaier/workspace/private/shuthost/coordinator/src/db.rs
FN:57,_RNCNvNtCsapluWBYkJr9_20shuthost_coordinator2db11load_leases0CscEQL3PLADjr_11coordinator
FN:210,_RNCNvNtCsapluWBYkJr9_20shuthost_coordinator2db6get_kv0CscEQL3PLADjr_11coordinator
FN:31,_RNCNvNtCsapluWBYkJr9_20shuthost_coordinator2db7init_db0CscEQL3PLADjr_11coordinator
FN:184,_RNCNvNtCsapluWBYkJr9_20shuthost_coordinator2db8store_kv0CscEQL3PLADjr_11coordinator
FN:228,_RNCNvNtCsapluWBYkJr9_20shuthost_coordinator2db9delete_kv0CscEQL3PLADjr_11coordinator
FN:57,_RNvNtCsapluWBYkJr9_20shuthost_coordinator2db11load_leases
FN:128,_RNvNtCsapluWBYkJr9_20shuthost_coordinator2db12remove_lease
FN:165,_RNvNtCsapluWBYkJr9_20shuthost_coordinator2db20remove_client_leases
FN:210,_RNvNtCsapluWBYkJr9_20shuthost_coordinator2db6get_kv
FN:31,_RNvNtCsapluWBYkJr9_20shuthost_coordinator2db7init_db
FN:184,_RNvNtCsapluWBYkJr9_20shuthost_coordinator2db8store_kv
FN:101,_RNvNtCsapluWBYkJr9_20shuthost_coordinator2db9add_lease
FN:228,_RNvNtCsapluWBYkJr9_20shuthost_coordinator2db9delete_kv
FN:57,_RNCNvNtCsapluWBYkJr9_20shuthost_coordinator2db11load_leases0B5_
FN:210,_RNCNvNtCsapluWBYkJr9_20shuthost_coordinator2db6get_kv0B5_
FN:31,_RNCNvNtCsapluWBYkJr9_20shuthost_coordinator2db7init_db0B5_
FN:184,_RNCNvNtCsapluWBYkJr9_20shuthost_coordinator2db8store_kv0B5_
FN:228,_RNCNvNtCsapluWBYkJr9_20shuthost_coordinator2db9delete_kv0B5_
FN:132,_RNCNvNtCsapluWBYkJr9_20shuthost_coordinator2db12remove_lease0B5_
FN:165,_RNCNvNtCsapluWBYkJr9_20shuthost_coordinator2db20remove_client_leases0B5_
FN:105,_RNCNvNtCsapluWBYkJr9_20shuthost_coordinator2db9add_lease0B5_
FN:57,_RNCNvNtCs4XYMtWjZrsa_20shuthost_coordinator2db11load_leases0CsJMamJMc8kO_11coordinator
FN:210,_RNCNvNtCs4XYMtWjZrsa_20shuthost_coordinator2db6get_kv0CsJMamJMc8kO_11coordinator
FN:31,_RNCNvNtCs4XYMtWjZrsa_20shuthost_coordinator2db7init_db0CsJMamJMc8kO_11coordinator
FN:184,_RNCNvNtCs4XYMtWjZrsa_20shuthost_coordinator2db8store_kv0CsJMamJMc8kO_11coordinator
FN:228,_RNCNvNtCs4XYMtWjZrsa_20shuthost_coordinator2db9delete_kv0CsJMamJMc8kO_11coordinator
FN:57,_RNCNvNtCs4XYMtWjZrsa_20shuthost_coordinator2db11load_leases0B5_
FN:210,_RNCNvNtCs4XYMtWjZrsa_20shuthost_coordinator2db6get_kv0B5_
FN:31,_RNCNvNtCs4XYMtWjZrsa_20shuthost_coordinator2db7init_db0B5_
FN:184,_RNCNvNtCs4XYMtWjZrsa_20shuthost_coordinator2db8store_kv0B5_
FN:228,_RNCNvNtCs4XYMtWjZrsa_20shuthost_coordinator2db9delete_kv0B5_
FN:132,_RNCNvNtCs4XYMtWjZrsa_20shuthost_coordinator2db12remove_lease0B5_
FN:165,_RNCNvNtCs4XYMtWjZrsa_20shuthost_coordinator2db20remove_client_leases0B5_
FN:105,_RNCNvNtCs4XYMtWjZrsa_20shuthost_coordinator2db9add_lease0B5_
FN:57,_RNvNtCs4XYMtWjZrsa_20shuthost_coordinator2db11load_leases
FN:128,_RNvNtCs4XYMtWjZrsa_20shuthost_coordinator2db12remove_lease
FN:165,_RNvNtCs4XYMtWjZrsa_20shuthost_coordinator2db20remove_client_leases
FN:210,_RNvNtCs4XYMtWjZrsa_20shuthost_coordinator2db6get_kv
FN:31,_RNvNtCs4XYMtWjZrsa_20shuthost_coordinator2db7init_db
FN:184,_RNvNtCs4XYMtWjZrsa_20shuthost_coordinator2db8store_kv
FN:101,_RNvNtCs4XYMtWjZrsa_20shuthost_coordinator2db9add_lease
FN:228,_RNvNtCs4XYMtWjZrsa_20shuthost_coordinator2db9delete_kv
FN:57,_RNCNvNtCsapluWBYkJr9_20shuthost_coordinator2db11load_leases0CsfA2VHSXxad7_11integration
FN:210,_RNCNvNtCsapluWBYkJr9_20shuthost_coordinator2db6get_kv0CsfA2VHSXxad7_11integration
FN:31,_RNCNvNtCsapluWBYkJr9_20shuthost_coordinator2db7init_db0CsfA2VHSXxad7_11integration
FN:184,_RNCNvNtCsapluWBYkJr9_20shuthost_coordinator2db8store_kv0CsfA2VHSXxad7_11integration
FN:228,_RNCNvNtCsapluWBYkJr9_20shuthost_coordinator2db9delete_kv0CsfA2VHSXxad7_11integration
FN:57,_RNCNvNtCsbLL7hm4Tvf_20shuthost_coordinator2db11load_leases0B5_
FN:132,_RNCNvNtCsbLL7hm4Tvf_20shuthost_coordinator2db12remove_lease0B5_
FN:165,_RNCNvNtCsbLL7hm4Tvf_20shuthost_coordinator2db20remove_client_leases0B5_
FN:210,_RNCNvNtCsbLL7hm4Tvf_20shuthost_coordinator2db6get_kv0B5_
FN:31,_RNCNvNtCsbLL7hm4Tvf_20shuthost_coordinator2db7init_db0B5_
FN:184,_RNCNvNtCsbLL7hm4Tvf_20shuthost_coordinator2db8store_kv0B5_
FN:105,_RNCNvNtCsbLL7hm4Tvf_20shuthost_coordinator2db9add_lease0B5_
FN:228,_RNCNvNtCsbLL7hm4Tvf_20shuthost_coordinator2db9delete_kv0B5_
FN:260,_RNCNCNvNtNtCsbLL7hm4Tvf_20shuthost_coordinator2db5testss_29test_init_db_creates_database00B9_
FN:245,_RNCNvNtNtCsbLL7hm4Tvf_20shuthost_coordinator2db5tests13setup_test_db0B7_
FN:299,_RNCNvNtNtCsbLL7hm4Tvf_20shuthost_coordinator2db5testss_17test_remove_lease0B7_
FN:375,_RNCNvNtNtCsbLL7hm4Tvf_20shuthost_coordinator2db5testss_21test_store_and_get_kv0B7_
FN:267,_RNCNvNtNtCsbLL7hm4Tvf_20shuthost_coordinator2db5testss_24test_add_and_load_leases0B7_
FN:326,_RNCNvNtNtCsbLL7hm4Tvf_20shuthost_coordinator2db5testss_25test_remove_client_leases0B7_
FN:353,_RNCNvNtNtCsbLL7hm4Tvf_20shuthost_coordinator2db5testss_29test_duplicate_leases_ignored0B7_
FN:250,_RNCNvNtNtCsbLL7hm4Tvf_20shuthost_coordinator2db5testss_29test_init_db_creates_database0B7_
FN:57,_RNvNtCsbLL7hm4Tvf_20shuthost_coordinator2db11load_leases
FN:128,_RNvNtCsbLL7hm4Tvf_20shuthost_coordinator2db12remove_lease
FN:165,_RNvNtCsbLL7hm4Tvf_20shuthost_coordinator2db20remove_client_leases
FN:210,_RNvNtCsbLL7hm4Tvf_20shuthost_coordinator2db6get_kv
FN:31,_RNvNtCsbLL7hm4Tvf_20shuthost_coordinator2db7init_db
FN:184,_RNvNtCsbLL7hm4Tvf_20shuthost_coordinator2db8store_kv
FN:101,_RNvNtCsbLL7hm4Tvf_20shuthost_coordinator2db9add_lease
FN:228,_RNvNtCsbLL7hm4Tvf_20shuthost_coordinator2db9delete_kv
FN:245,_RNvNtNtCsbLL7hm4Tvf_20shuthost_coordinator2db5tests13setup_test_db
FN:299,_RNvNtNtCsbLL7hm4Tvf_20shuthost_coordinator2db5testss_17test_remove_lease
FN:375,_RNvNtNtCsbLL7hm4Tvf_20shuthost_coordinator2db5testss_21test_store_and_get_kv
FN:267,_RNvNtNtCsbLL7hm4Tvf_20shuthost_coordinator2db5testss_24test_add_and_load_leases
FN:326,_RNvNtNtCsbLL7hm4Tvf_20shuthost_coordinator2db5testss_25test_remove_client_leases
FN:353,_RNvNtNtCsbLL7hm4Tvf_20shuthost_coordinator2db5testss_29test_duplicate_leases_ignored
FN:250,_RNvNtNtCsbLL7hm4Tvf_20shuthost_coordinator2db5testss_29test_init_db_creates_database
FN:57,_RNCNvNtCs4XYMtWjZrsa_20shuthost_coordinator2db11load_leases0Cs4vAhY6HnsWX_20shuthost_coordinator
FN:210,_RNCNvNtCs4XYMtWjZrsa_20shuthost_coordinator2db6get_kv0Cs4vAhY6HnsWX_20shuthost_coordinator
FN:31,_RNCNvNtCs4XYMtWjZrsa_20shuthost_coordinator2db7init_db0Cs4vAhY6HnsWX_20shuthost_coordinator
FN:184,_RNCNvNtCs4XYMtWjZrsa_20shuthost_coordinator2db8store_kv0Cs4vAhY6HnsWX_20shuthost_coordinator
FN:228,_RNCNvNtCs4XYMtWjZrsa_20shuthost_coordinator2db9delete_kv0Cs4vAhY6HnsWX_20shuthost_coordinator
FNDA:0,_RNCNvNtCsapluWBYkJr9_20shuthost_coordinator2db11load_leases0CscEQL3PLADjr_11coordinator
FNDA:0,_RNCNvNtCsapluWBYkJr9_20shuthost_coordinator2db6get_kv0CscEQL3PLADjr_11coordinator
FNDA:0,_RNCNvNtCsapluWBYkJr9_20shuthost_coordinator2db7init_db0CscEQL3PLADjr_11coordinator
FNDA:0,_RNCNvNtCsapluWBYkJr9_20shuthost_coordinator2db8store_kv0CscEQL3PLADjr_11coordinator
FNDA:0,_RNCNvNtCsapluWBYkJr9_20shuthost_coordinator2db9delete_kv0CscEQL3PLADjr_11coordinator
FNDA:0,_RNvNtCsapluWBYkJr9_20shuthost_coordinator2db11load_leases
FNDA:0,_RNvNtCsapluWBYkJr9_20shuthost_coordinator2db12remove_lease
FNDA:0,_RNvNtCsapluWBYkJr9_20shuthost_coordinator2db20remove_client_leases
FNDA:0,_RNvNtCsapluWBYkJr9_20shuthost_coordinator2db6get_kv
FNDA:0,_RNvNtCsapluWBYkJr9_20shuthost_coordinator2db7init_db
FNDA:0,_RNvNtCsapluWBYkJr9_20shuthost_coordinator2db8store_kv
FNDA:0,_RNvNtCsapluWBYkJr9_20shuthost_coordinator2db9add_lease
FNDA:0,_RNvNtCsapluWBYkJr9_20shuthost_coordinator2db9delete_kv
FNDA:0,_RNCNvNtCsapluWBYkJr9_20shuthost_coordinator2db11load_leases0B5_
FNDA:0,_RNCNvNtCsapluWBYkJr9_20shuthost_coordinator2db6get_kv0B5_
FNDA:0,_RNCNvNtCsapluWBYkJr9_20shuthost_coordinator2db7init_db0B5_
FNDA:0,_RNCNvNtCsapluWBYkJr9_20shuthost_coordinator2db8store_kv0B5_
FNDA:0,_RNCNvNtCsapluWBYkJr9_20shuthost_coordinator2db9delete_kv0B5_
FNDA:0,_RNCNvNtCsapluWBYkJr9_20shuthost_coordinator2db12remove_lease0B5_
FNDA:0,_RNCNvNtCsapluWBYkJr9_20shuthost_coordinator2db20remove_client_leases0B5_
FNDA:0,_RNCNvNtCsapluWBYkJr9_20shuthost_coordinator2db9add_lease0B5_
FNDA:0,_RNCNvNtCs4XYMtWjZrsa_20shuthost_coordinator2db11load_leases0CsJMamJMc8kO_11coordinator
FNDA:0,_RNCNvNtCs4XYMtWjZrsa_20shuthost_coordinator2db6get_kv0CsJMamJMc8kO_11coordinator
FNDA:0,_RNCNvNtCs4XYMtWjZrsa_20shuthost_coordinator2db7init_db0CsJMamJMc8kO_11coordinator
FNDA:0,_RNCNvNtCs4XYMtWjZrsa_20shuthost_coordinator2db8store_kv0CsJMamJMc8kO_11coordinator
FNDA:0,_RNCNvNtCs4XYMtWjZrsa_20shuthost_coordinator2db9delete_kv0CsJMamJMc8kO_11coordinator
FNDA:0,_RNCNvNtCs4XYMtWjZrsa_20shuthost_coordinator2db11load_leases0B5_
FNDA:0,_RNCNvNtCs4XYMtWjZrsa_20shuthost_coordinator2db6get_kv0B5_
FNDA:0,_RNCNvNtCs4XYMtWjZrsa_20shuthost_coordinator2db7init_db0B5_
FNDA:0,_RNCNvNtCs4XYMtWjZrsa_20shuthost_coordinator2db8store_kv0B5_
FNDA:0,_RNCNvNtCs4XYMtWjZrsa_20shuthost_coordinator2db9delete_kv0B5_
FNDA:0,_RNCNvNtCs4XYMtWjZrsa_20shuthost_coordinator2db12remove_lease0B5_
FNDA:0,_RNCNvNtCs4XYMtWjZrsa_20shuthost_coordinator2db20remove_client_leases0B5_
FNDA:0,_RNCNvNtCs4XYMtWjZrsa_20shuthost_coordinator2db9add_lease0B5_
FNDA:0,_RNvNtCs4XYMtWjZrsa_20shuthost_coordinator2db11load_leases
FNDA:0,_RNvNtCs4XYMtWjZrsa_20shuthost_coordinator2db12remove_lease
FNDA:0,_RNvNtCs4XYMtWjZrsa_20shuthost_coordinator2db20remove_client_leases
FNDA:0,_RNvNtCs4XYMtWjZrsa_20shuthost_coordinator2db6get_kv
FNDA:0,_RNvNtCs4XYMtWjZrsa_20shuthost_coordinator2db7init_db
FNDA:0,_RNvNtCs4XYMtWjZrsa_20shuthost_coordinator2db8store_kv
FNDA:0,_RNvNtCs4XYMtWjZrsa_20shuthost_coordinator2db9add_lease
FNDA:0,_RNvNtCs4XYMtWjZrsa_20shuthost_coordinator2db9delete_kv
FNDA:0,_RNCNvNtCsapluWBYkJr9_20shuthost_coordinator2db11load_leases0CsfA2VHSXxad7_11integration
FNDA:0,_RNCNvNtCsapluWBYkJr9_20shuthost_coordinator2db6get_kv0CsfA2VHSXxad7_11integration
FNDA:0,_RNCNvNtCsapluWBYkJr9_20shuthost_coordinator2db7init_db0CsfA2VHSXxad7_11integration
FNDA:0,_RNCNvNtCsapluWBYkJr9_20shuthost_coordinator2db8store_kv0CsfA2VHSXxad7_11integration
FNDA:0,_RNCNvNtCsapluWBYkJr9_20shuthost_coordinator2db9delete_kv0CsfA2VHSXxad7_11integration
FNDA:5,_RNCNvNtCsbLL7hm4Tvf_20shuthost_coordinator2db11load_leases0B5_
FNDA:1,_RNCNvNtCsbLL7hm4Tvf_20shuthost_coordinator2db12remove_lease0B5_
FNDA:1,_RNCNvNtCsbLL7hm4Tvf_20shuthost_coordinator2db20remove_client_leases0B5_
FNDA:6,_RNCNvNtCsbLL7hm4Tvf_20shuthost_coordinator2db6get_kv0B5_
FNDA:8,_RNCNvNtCsbLL7hm4Tvf_20shuthost_coordinator2db7init_db0B5_
FNDA:4,_RNCNvNtCsbLL7hm4Tvf_20shuthost_coordinator2db8store_kv0B5_
FNDA:10,_RNCNvNtCsbLL7hm4Tvf_20shuthost_coordinator2db9add_lease0B5_
FNDA:4,_RNCNvNtCsbLL7hm4Tvf_20shuthost_coordinator2db9delete_kv0B5_
FNDA:5,_RNCNCNvNtNtCsbLL7hm4Tvf_20shuthost_coordinator2db5testss_29test_init_db_creates_database00B9_
[...]
DA:67,7
BRF:0
BRH:0
LF:45
LH:33
end_of_record
SF:/home/smaier/workspace/private/shuthost/coordinator/src/websocket.rs
FN:93,_RINCNCNCNvNtCsapluWBYkJr9_20shuthost_coordinator9websocket10ws_handler000lECscEQL3PLADjr_11coordinator
FN:93,_RNCNCNvNtCsapluWBYkJr9_20shuthost_coordinator9websocket10ws_handler00CscEQL3PLADjr_11coordinator
FN:76,_RNCNvNtCsapluWBYkJr9_20shuthost_coordinator9websocket10ws_handler0CscEQL3PLADjr_11coordinator
FN:106,_RNCNvNtCsapluWBYkJr9_20shuthost_coordinator9websocket15send_ws_message0CscEQL3PLADjr_11coordinator
FN:156,_RNCNvNtCsapluWBYkJr9_20shuthost_coordinator9websocket16send_startup_msg0CscEQL3PLADjr_11coordinator
FN:117,_RNCNvNtCsapluWBYkJr9_20shuthost_coordinator9websocket19start_webui_ws_loop0CscEQL3PLADjr_11coordinator
FN:93,_RINCNCNCNvNtCsapluWBYkJr9_20shuthost_coordinator9websocket10ws_handler000pEBa_
FN:93,_RNCNCNvNtCsapluWBYkJr9_20shuthost_coordinator9websocket10ws_handler00B7_
FN:76,_RNCNvNtCsapluWBYkJr9_20shuthost_coordinator9websocket10ws_handler0B5_
FN:106,_RNCNvNtCsapluWBYkJr9_20shuthost_coordinator9websocket15send_ws_message0B5_
FN:156,_RNCNvNtCsapluWBYkJr9_20shuthost_coordinator9websocket16send_startup_msg0B5_
FN:117,_RNCNvNtCsapluWBYkJr9_20shuthost_coordinator9websocket19start_webui_ws_loop0B5_
FN:66,_RNvNtCsapluWBYkJr9_20shuthost_coordinator9websocket10ws_handler
FN:106,_RNvNtCsapluWBYkJr9_20shuthost_coordinator9websocket15send_ws_message
FN:151,_RNvNtCsapluWBYkJr9_20shuthost_coordinator9websocket16send_startup_msg
FN:20,_RNvNtCsapluWBYkJr9_20shuthost_coordinator9websocket19is_websocket_closed
FN:117,_RNvNtCsapluWBYkJr9_20shuthost_coordinator9websocket19start_webui_ws_loop
FN:93,_RINCNCNCNvNtCs4XYMtWjZrsa_20shuthost_coordinator9websocket10ws_handler000lECsJMamJMc8kO_11coordinator
FN:93,_RNCNCNvNtCs4XYMtWjZrsa_20shuthost_coordinator9websocket10ws_handler00CsJMamJMc8kO_11coordinator
FN:76,_RNCNvNtCs4XYMtWjZrsa_20shuthost_coordinator9websocket10ws_handler0CsJMamJMc8kO_11coordinator
FN:106,_RNCNvNtCs4XYMtWjZrsa_20shuthost_coordinator9websocket15send_ws_message0CsJMamJMc8kO_11coordinator
FN:156,_RNCNvNtCs4XYMtWjZrsa_20shuthost_coordinator9websocket16send_startup_msg0CsJMamJMc8kO_11coordinator
FN:117,_RNCNvNtCs4XYMtWjZrsa_20shuthost_coordinator9websocket19start_webui_ws_loop0CsJMamJMc8kO_11coordinator
FN:66,_RNvNtCs4XYMtWjZrsa_20shuthost_coordinator9websocket10ws_handler
FN:106,_RNvNtCs4XYMtWjZrsa_20shuthost_coordinator9websocket15send_ws_message
FN:151,_RNvNtCs4XYMtWjZrsa_20shuthost_coordinator9websocket16send_startup_msg
FN:20,_RNvNtCs4XYMtWjZrsa_20shuthost_coordinator9websocket19is_websocket_closed
FN:117,_RNvNtCs4XYMtWjZrsa_20shuthost_coordinator9websocket19start_webui_ws_loop
FN:93,_RINCNCNCNvNtCs4XYMtWjZrsa_20shuthost_coordinator9websocket10ws_handler000pEBa_
FN:93,_RNCNCNvNtCs4XYMtWjZrsa_20shuthost_coordinator9websocket10ws_handler00B7_
FN:76,_RNCNvNtCs4XYMtWjZrsa_20shuthost_coordinator9websocket10ws_handler0B5_
FN:106,_RNCNvNtCs4XYMtWjZrsa_20shuthost_coordinator9websocket15send_ws_message0B5_
FN:156,_RNCNvNtCs4XYMtWjZrsa_20shuthost_coordinator9websocket16send_startup_msg0B5_
FN:117,_RNCNvNtCs4XYMtWjZrsa_20shuthost_coordinator9websocket19start_webui_ws_loop0B5_
FN:93,_RINCNCNCNvNtCsapluWBYkJr9_20shuthost_coordinator9websocket10ws_handler000lECsfA2VHSXxad7_11integration
FN:93,_RNCNCNvNtCsapluWBYkJr9_20shuthost_coordinator9websocket10ws_handler00CsfA2VHSXxad7_11integration
FN:76,_RNCNvNtCsapluWBYkJr9_20shuthost_coordinator9websocket10ws_handler0CsfA2VHSXxad7_11integration
FN:106,_RNCNvNtCsapluWBYkJr9_20shuthost_coordinator9websocket15send_ws_message0CsfA2VHSXxad7_11integration
FN:156,_RNCNvNtCsapluWBYkJr9_20shuthost_coordinator9websocket16send_startup_msg0CsfA2VHSXxad7_11integration
FN:117,_RNCNvNtCsapluWBYkJr9_20shuthost_coordinator9websocket19start_webui_ws_loop0CsfA2VHSXxad7_11integration
FN:93,_RINCNCNCNvNtCsbLL7hm4Tvf_20shuthost_coordinator9websocket10ws_handler000pEBa_
FN:93,_RNCNCNvNtCsbLL7hm4Tvf_20shuthost_coordinator9websocket10ws_handler00B7_
FN:76,_RNCNvNtCsbLL7hm4Tvf_20shuthost_coordinator9websocket10ws_handler0B5_
FN:106,_RNCNvNtCsbLL7hm4Tvf_20shuthost_coordinator9websocket15send_ws_message0B5_
FN:156,_RNCNvNtCsbLL7hm4Tvf_20shuthost_coordinator9websocket16send_startup_msg0B5_
FN:117,_RNCNvNtCsbLL7hm4Tvf_20shuthost_coordinator9websocket19start_webui_ws_loop0B5_
FN:66,_RNvNtCsbLL7hm4Tvf_20shuthost_coordinator9websocket10ws_handler
FN:106,_RNvNtCsbLL7hm4Tvf_20shuthost_coordinator9websocket15send_ws_message
FN:151,_RNvNtCsbLL7hm4Tvf_20shuthost_coordinator9websocket16send_startup_msg
FN:20,_RNvNtCsbLL7hm4Tvf_20shuthost_coordinator9websocket19is_websocket_closed
FN:117,_RNvNtCsbLL7hm4Tvf_20shuthost_coordinator9websocket19start_webui_ws_loop
FN:93,_RINCNCNCNvNtCs4XYMtWjZrsa_20shuthost_coordinator9websocket10ws_handler000lECs4vAhY6HnsWX_20shuthost_coordinator
FN:93,_RNCNCNvNtCs4XYMtWjZrsa_20shuthost_coordinator9websocket10ws_handler00Cs4vAhY6HnsWX_20shuthost_coordinator
FN:76,_RNCNvNtCs4XYMtWjZrsa_20shuthost_coordinator9websocket10ws_handler0Cs4vAhY6HnsWX_20shuthost_coordinator
FN:106,_RNCNvNtCs4XYMtWjZrsa_20shuthost_coordinator9websocket15send_ws_message0Cs4vAhY6HnsWX_20shuthost_coordinator
FN:156,_RNCNvNtCs4XYMtWjZrsa_20shuthost_coordinator9websocket16send_startup_msg0Cs4vAhY6HnsWX_20shuthost_coordinator
FN:117,_RNCNvNtCs4XYMtWjZrsa_20shuthost_coordinator9websocket19start_webui_ws_loop0Cs4vAhY6HnsWX_20shuthost_coordinator
FNDA:0,_RINCNCNCNvNtCsapluWBYkJr9_20shuthost_coordinator9websocket10ws_handler000lECscEQL3PLADjr_11coordinator
FNDA:0,_RNCNCNvNtCsapluWBYkJr9_20shuthost_coordinator9websocket10ws_handler00CscEQL3PLADjr_11coordinator
FNDA:0,_RNCNvNtCsapluWBYkJr9_20shuthost_coordinator9websocket10ws_handler0CscEQL3PLADjr_11coordinator
FNDA:0,_RNCNvNtCsapluWBYkJr9_20shuthost_coordinator9websocket15send_ws_message0CscEQL3PLADjr_11coordinator
FNDA:0,_RNCNvNtCsapluWBYkJr9_20shuthost_coordinator9websocket16send_startup_msg0CscEQL3PLADjr_11coordinator
FNDA:0,_RNCNvNtCsapluWBYkJr9_20shuthost_coordinator9websocket19start_webui_ws_loop0CscEQL3PLADjr_11coordinator
FNDA:0,_RINCNCNCNvNtCsapluWBYkJr9_20shuthost_coordinator9websocket10ws_handler000pEBa_
FNDA:0,_RNCNCNvNtCsapluWBYkJr9_20shuthost_coordinator9websocket10ws_handler00B7_
FNDA:0,_RNCNvNtCsapluWBYkJr9_20shuthost_coordinator9websocket10ws_handler0B5_
FNDA:0,_RNCNvNtCsapluWBYkJr9_20shuthost_coordinator9websocket15send_ws_message0B5_
FNDA:0,_RNCNvNtCsapluWBYkJr9_20shuthost_coordinator9websocket16send_startup_msg0B5_
FNDA:0,_RNCNvNtCsapluWBYkJr9_20shuthost_coordinator9websocket19start_webui_ws_loop0B5_
FNDA:2,_RNvNtCsapluWBYkJr9_20shuthost_coordinator9websocket10ws_handler
FNDA:5,_RNvNtCsapluWBYkJr9_20shuthost_coordinator9websocket15send_ws_message
FNDA:2,_RNvNtCsapluWBYkJr9_20shuthost_coordinator9websocket16send_startup_msg
FNDA:0,_RNvNtCsapluWBYkJr9_20shuthost_coordinator9websocket19is_websocket_closed
FNDA:2,_RNvNtCsapluWBYkJr9_20shuthost_coordinator9websocket19start_webui_ws_loop
FNDA:0,_RINCNCNCNvNtCs4XYMtWjZrsa_20shuthost_coordinator9websocket10ws_handler000lECsJMamJMc8kO_11coordinator
FNDA:0,_RNCNCNvNtCs4XYMtWjZrsa_20shuthost_coordinator9websocket10ws_handler00CsJMamJMc8kO_11coordinator
FNDA:0,_RNCNvNtCs4XYMtWjZrsa_20shuthost_coordinator9websocket10ws_handler0CsJMamJMc8kO_11coordinator
FNDA:0,_RNCNvNtCs4XYMtWjZrsa_20shuthost_coordinator9websocket15send_ws_message0CsJMamJMc8kO_11coordinator
FNDA:0,_RNCNvNtCs4XYMtWjZrsa_20shuthost_coordinator9websocket16send_startup_msg0CsJMamJMc8kO_11coordinator
FNDA:0,_RNCNvNtCs4XYMtWjZrsa_20shuthost_coordinator9websocket19start_webui_ws_loop0CsJMamJMc8kO_11coordinator
FNDA:36,_RNvNtCs4XYMtWjZrsa_20shuthost_coordinator9websocket10ws_handler
FNDA:43,_RNvNtCs4XYMtWjZrsa_20shuthost_coordinator9websocket15send_ws_message
FNDA:36,_RNvNtCs4XYMtWjZrsa_20shuthost_coordinator9websocket16send_startup_msg
FNDA:0,_RNvNtCs4XYMtWjZrsa_20shuthost_coordinator9websocket19is_websocket_closed
FNDA:36,_RNvNtCs4XYMtWjZrsa_20shuthost_coordinator9websocket19start_webui_ws_loop
FNDA:0,_RINCNCNCNvNtCs4XYMtWjZrsa_20shuthost_coordinator9websocket10ws_handler000pEBa_
FNDA:0,_RNCNCNvNtCs4XYMtWjZrsa_20shuthost_coordinator9websocket10ws_handler00B7_
FNDA:0,_RNCNvNtCs4XYMtWjZrsa_20shuthost_coordinator9websocket10ws_handler0B5_
FNDA:0,_RNCNvNtCs4XYMtWjZrsa_20shuthost_coordinator9websocket15send_ws_message0B5_
FNDA:0,_RNCNvNtCs4XYMtWjZrsa_20shuthost_coordinator9websocket16send_startup_msg0B5_
FNDA:0,_RNCNvNtCs4XYMtWjZrsa_20shuthost_coordinator9websocket19start_webui_ws_loop0B5_
FNDA:2,_RINCNCNCNvNtCsapluWBYkJr9_20shuthost_coordinator9websocket10ws_handler000lECsfA2VHSXxad7_11integration
FNDA:2,_RNCNCNvNtCsapluWBYkJr9_20shuthost_coordinator9websocket10ws_handler00CsfA2VHSXxad7_11integration
FNDA:2,_RNCNvNtCsapluWBYkJr9_20shuthost_coordinator9websocket10ws_handler0CsfA2VHSXxad7_11integration
FNDA:5,_RNCNvNtCsapluWBYkJr9_20shuthost_coordinator9websocket15send_ws_message0CsfA2VHSXxad7_11integration
FNDA:2,_RNCNvNtCsapluWBYkJr9_20shuthost_coordinator9websocket16send_startup_msg0CsfA2VHSXxad7_11integration
FNDA:2,_RNCNvNtCsapluWBYkJr9_20shuthost_coordinator9websocket19start_webui_ws_loop0CsfA2VHSXxad7_11integration
FNDA:0,_RINCNCNCNvNtCsbLL7hm4Tvf_20shuthost_coordinator9websocket10ws_handler000pEBa_
FNDA:0,_RNCNCNvNtCsbLL7hm4Tvf_20shuthost_coordinator9websocket10ws_handler00B7_
FNDA:0,_RNCNvNtCsbLL7hm4Tvf_20shuthost_coordinator9websocket10ws_handler0B5_
FNDA:0,_RNCNvNtCsbLL7hm4Tvf_20shuthost_coordinator9websocket15send_ws_message0B5_
FNDA:0,_RNCNvNtCsbLL7hm4Tvf_20shuthost_coordinator9websocket16send_startup_msg0B5_
FNDA:0,_RNCNvNtCsbLL7hm4Tvf_20shuthost_coordinator9websocket19start_webui_ws_loop0B5_
FNDA:0,_RNvNtCsbLL7hm4Tvf_20shuthost_coordinator9websocket10ws_handler
FNDA:0,_RNvNtCsbLL7hm4Tvf_20shuthost_coordinator9websocket15send_ws_message
FNDA:0,_RNvNtCsbLL7hm4Tvf_20shuthost_coordinator9websocket16send_startup_msg
FNDA:0,_RNvNtCsbLL7hm4Tvf_20shuthost_coordinator9websocket19is_websocket_closed
FNDA:0,_RNvNtCsbLL7hm4Tvf_20shuthost_coordinator9websocket19start_webui_ws_loop
FNDA:36,_RINCNCNCNvNtCs4XYMtWjZrsa_20shuthost_coordinator9websocket10ws_handler000lECs4vAhY6HnsWX_20shuthost_coordinator
FNDA:36,_RNCNCNvNtCs4XYMtWjZrsa_20shuthost_coordinator9websocket10ws_handler00Cs4vAhY6HnsWX_20shuthost_coordinator
FNDA:36,_RNCNvNtCs4XYMtWjZrsa_20shuthost_coordinator9websocket10ws_handler0Cs4vAhY6HnsWX_20shuthost_coordinator
FNDA:43,_RNCNvNtCs4XYMtWjZrsa_20shuthost_coordinator9websocket15send_ws_message0Cs4vAhY6HnsWX_20shuthost_coordinator
FNDA:36,_RNCNvNtCs4XYMtWjZrsa_20shuthost_coordinator9websocket16send_startup_msg0Cs4vAhY6HnsWX_20shuthost_coordinator
FNDA:36,_RNCNvNtCs4XYMtWjZrsa_20shuthost_coordinator9websocket19start_webui_ws_loop0Cs4vAhY6HnsWX_20shuthost_coordinator
FNF:10
FNH:9
DA:20,0
DA:21,0
DA:24,0
DA:25,0
DA:28,0
DA:29,0
DA:31,0
DA:32,0
DA:33,0
DA:36,0
DA:37,0
DA:66,38
DA:67,38
DA:68,38
DA:69,38
DA:70,38
DA:71,38
DA:72,38
DA:73,38
DA:74,38
DA:75,38
DA:76,38
DA:80,38
DA:85,38
DA:86,38
DA:87,38
DA:91,38
DA:93,76
DA:94,38
DA:95,38
DA:96,38
DA:97,0
DA:98,0
DA:99,0
DA:102,38
DA:103,38
DA:104,38
DA:106,48
DA:107,48
DA:108,48
DA:109,0
DA:110,0
DA:111,0
DA:114,48
DA:117,38
DA:120,48
DA:122,48
DA:123,10
DA:124,10
DA:125,10
DA:126,0
DA:127,0
DA:128,0
DA:130,0
DA:132,0
DA:133,10
DA:136,0
DA:137,0
DA:143,48
DA:144,0
DA:145,0
DA:149,0
DA:151,38
DA:152,38
DA:153,38
DA:154,38
DA:155,38
DA:156,38
DA:158,38
DA:159,38
DA:161,38
DA:162,38
DA:163,38
DA:164,38
DA:165,38
DA:166,38
DA:167,38
DA:168,38
DA:169,38
DA:171,38
DA:172,38
BRF:0
BRH:0
LF:86
LH:58
end_of_record
SF:/home/smaier/workspace/private/shuthost/coordinator/src/wol.rs
FN:40,_RNCNvNtCsapluWBYkJr9_20shuthost_coordinator3wol9parse_mac0B5_
FN:42,_RNCNvNtCsapluWBYkJr9_20shuthost_coordinator3wol9parse_macs_0B5_
FN:33,_RNvNtCsapluWBYkJr9_20shuthost_coordinator3wol9parse_mac
FN:40,_RNCNvNtCs4XYMtWjZrsa_20shuthost_coordinator3wol9parse_mac0B5_
FN:42,_RNCNvNtCs4XYMtWjZrsa_20shuthost_coordinator3wol9parse_macs_0B5_
FN:33,_RNvNtCs4XYMtWjZrsa_20shuthost_coordinator3wol9parse_mac
FN:86,_RNvNtNtCsbLL7hm4Tvf_20shuthost_coordinator3wol5testss_20test_parse_mac_valid
FN:100,_RNvNtNtCsbLL7hm4Tvf_20shuthost_coordinator3wol5testss_27test_parse_mac_invalid_byte
FN:93,_RNvNtNtCsbLL7hm4Tvf_20shuthost_coordinator3wol5testss_29test_parse_mac_invalid_format
FN:40,_RNCNvNtCsbLL7hm4Tvf_20shuthost_coordinator3wol9parse_mac0B5_
FN:42,_RNCNvNtCsbLL7hm4Tvf_20shuthost_coordinator3wol9parse_macs_0B5_
FN:33,_RNvNtCsbLL7hm4Tvf_20shuthost_coordinator3wol9parse_mac
FNDA:0,_RNCNvNtCsapluWBYkJr9_20shuthost_coordinator3wol9parse_mac0B5_
FNDA:0,_RNCNvNtCsapluWBYkJr9_20shuthost_coordinator3wol9parse_macs_0B5_
FNDA:0,_RNvNtCsapluWBYkJr9_20shuthost_coordinator3wol9parse_mac
FNDA:0,_RNCNvNtCs4XYMtWjZrsa_20shuthost_coordinator3wol9parse_mac0B5_
FNDA:0,_RNCNvNtCs4XYMtWjZrsa_20shuthost_coordinator3wol9parse_macs_0B5_
FNDA:0,_RNvNtCs4XYMtWjZrsa_20shuthost_coordinator3wol9parse_mac
FNDA:1,_RNvNtNtCsbLL7hm4Tvf_20shuthost_coordinator3wol5testss_20test_parse_mac_valid
FNDA:1,_RNvNtNtCsbLL7hm4Tvf_20shuthost_coordinator3wol5testss_27test_parse_mac_invalid_byte
FNDA:1,_RNvNtNtCsbLL7hm4Tvf_20shuthost_coordinator3wol5testss_29test_parse_mac_invalid_format
FNDA:1,_RNCNvNtCsbLL7hm4Tvf_20shuthost_coordinator3wol9parse_mac0B5_
FNDA:1,_RNCNvNtCsbLL7hm4Tvf_20shuthost_coordinator3wol9parse_macs_0B5_
FNDA:3,_RNvNtCsbLL7hm4Tvf_20shuthost_coordinator3wol9parse_mac
FNF:6
FNH:6
DA:33,3
DA:34,3
DA:35,3
DA:37,19
DA:38,18
DA:39,18
DA:40,18
DA:42,17
DA:46,1
DA:47,0
DA:48,1
DA:50,1
DA:51,3
DA:86,1
DA:87,1
DA:88,1
DA:89,1
DA:90,1
DA:93,1
DA:94,1
DA:95,1
DA:96,1
DA:97,1
DA:100,1
DA:101,1
DA:102,1
DA:103,1
DA:104,1
BRF:0
BRH:0
LF:30
LH:29
end_of_record
SF:/home/smaier/workspace/private/shuthost/host_agent/src/commands.rs
FN:17,_RNvNtCs7WFAcieap80_19shuthost_host_agent8commands16execute_shutdown
FN:17,_RNvNtCs3Yi26U4V0nU_19shuthost_host_agent8commands16execute_shutdown
FNDA:3,_RNvNtCs7WFAcieap80_19shuthost_host_agent8commands16execute_shutdown
FNDA:0,_RNvNtCs3Yi26U4V0nU_19shuthost_host_agent8commands16execute_shutdown
FNF:1
FNH:1
DA:17,3
DA:18,3
DA:19,3
DA:20,3
DA:21,3
DA:22,3
DA:23,3
DA:24,3
DA:25,3
BRF:0
BRH:0
LF:9
LH:9
end_of_record
SF:/home/smaier/workspace/private/shuthost/host_agent/src/lib.rs
FN:49,_RNvCs7WFAcieap80_19shuthost_host_agent10inner_main
FN:49,_RNvCs3Yi26U4V0nU_19shuthost_host_agent10inner_main
FNDA:7,_RNvCs7WFAcieap80_19shuthost_host_agent10inner_main
FNDA:0,_RNvCs3Yi26U4V0nU_19shuthost_host_agent10inner_main
FNF:1
FNH:1
DA:49,7
DA:50,7
DA:56,7
DA:57,7
DA:58,7
DA:65,7
BRF:0
BRH:0
LF:6
LH:6
end_of_record
SF:/home/smaier/workspace/private/shuthost/host_agent/src/server.rs
FN:71,_RNvNtCs7WFAcieap80_19shuthost_host_agent6server13handle_client
FN:38,_RNvNtCs7WFAcieap80_19shuthost_host_agent6server16start_host_agent
FN:96,_RNvNtCs7WFAcieap80_19shuthost_host_agent6server28get_default_shutdown_command
FN:75,_RNCNvNtCs7WFAcieap80_19shuthost_host_agent6server13handle_client0B5_
FN:76,_RNCNvNtCs7WFAcieap80_19shuthost_host_agent6server13handle_clients_0B5_
FN:39,_RNCNvNtCs7WFAcieap80_19shuthost_host_agent6server16start_host_agent0B5_
FN:75,_RNCNvNtCs3Yi26U4V0nU_19shuthost_host_agent6server13handle_client0B5_
FN:76,_RNCNvNtCs3Yi26U4V0nU_19shuthost_host_agent6server13handle_clients_0B5_
FN:39,_RNCNvNtCs3Yi26U4V0nU_19shuthost_host_agent6server16start_host_agent0B5_
FN:71,_RNvNtCs3Yi26U4V0nU_19shuthost_host_agent6server13handle_client
FN:38,_RNvNtCs3Yi26U4V0nU_19shuthost_host_agent6server16start_host_agent
FN:96,_RNvNtCs3Yi26U4V0nU_19shuthost_host_agent6server28get_default_shutdown_command
FNDA:192,_RNvNtCs7WFAcieap80_19shuthost_host_agent6server13handle_client
FNDA:7,_RNvNtCs7WFAcieap80_19shuthost_host_agent6server16start_host_agent
FNDA:2,_RNvNtCs7WFAcieap80_19shuthost_host_agent6server28get_default_shutdown_command
FNDA:192,_RNCNvNtCs7WFAcieap80_19shuthost_host_agent6server13handle_client0B5_
FNDA:0,_RNCNvNtCs7WFAcieap80_19shuthost_host_agent6server13handle_clients_0B5_
FNDA:0,_RNCNvNtCs7WFAcieap80_19shuthost_host_agent6server16start_host_agent0B5_
FNDA:0,_RNCNvNtCs3Yi26U4V0nU_19shuthost_host_agent6server13handle_client0B5_
FNDA:0,_RNCNvNtCs3Yi26U4V0nU_19shuthost_host_agent6server13handle_clients_0B5_
FNDA:0,_RNCNvNtCs3Yi26U4V0nU_19shuthost_host_agent6server16start_host_agent0B5_
FNDA:0,_RNvNtCs3Yi26U4V0nU_19shuthost_host_agent6server13handle_client
FNDA:0,_RNvNtCs3Yi26U4V0nU_19shuthost_host_agent6server16start_host_agent
FNDA:0,_RNvNtCs3Yi26U4V0nU_19shuthost_host_agent6server28get_default_shutdown_command
FNF:6
FNH:4
DA:38,7
DA:39,7
DA:40,0
DA:41,0
DA:42,0
DA:43,7
DA:44,7
DA:45,7
DA:47,192
DA:48,192
DA:49,192
DA:50,192
DA:51,192
DA:52,3
DA:53,3
DA:54,3
DA:56,7
DA:57,7
DA:59,182
DA:62,0
DA:63,0
DA:64,0
DA:67,7
DA:71,192
DA:72,192
DA:73,192
DA:74,192
DA:75,192
DA:76,192
DA:77,192
DA:78,192
DA:79,192
DA:80,0
DA:82,192
DA:83,192
DA:84,0
DA:85,192
DA:86,192
DA:88,0
DA:89,0
DA:90,0
DA:93,192
DA:96,2
DA:98,2
DA:99,2
DA:101,0
DA:103,2
DA:106,2
BRF:0
BRH:0
LF:51
LH:37
end_of_record
SF:/home/smaier/workspace/private/shuthost/host_agent/src/validation.rs
FN:53,_RNvNtCs7WFAcieap80_19shuthost_host_agent10validation16validate_request
FN:53,_RNvNtCs3Yi26U4V0nU_19shuthost_host_agent10validation16validate_request
FN:104,_RNvNtNtCs3Yi26U4V0nU_19shuthost_host_agent10validation5tests9make_args
FN:143,_RNvNtNtCs3Yi26U4V0nU_19shuthost_host_agent10validation5testss_17test_handle_abort
FN:122,_RNvNtNtCs3Yi26U4V0nU_19shuthost_host_agent10validation5testss_18test_handle_status
FN:133,_RNvNtNtCs3Yi26U4V0nU_19shuthost_host_agent10validation5testss_20test_handle_shutdown
FN:173,_RNvNtNtCs3Yi26U4V0nU_19shuthost_host_agent10validation5testss_21test_handle_malformed
FN:163,_RNvNtNtCs3Yi26U4V0nU_19shuthost_host_agent10validation5testss_24test_handle_invalid_hmac
FN:113,_RNvNtNtCs3Yi26U4V0nU_19shuthost_host_agent10validation5testss_24test_handle_invalid_utf8
FN:153,_RNvNtNtCs3Yi26U4V0nU_19shuthost_host_agent10validation5testss_29test_handle_invalid_timestamp
FNDA:192,_RNvNtCs7WFAcieap80_19shuthost_host_agent10validation16validate_request
FNDA:7,_RNvNtCs3Yi26U4V0nU_19shuthost_host_agent10validation16validate_request
FNDA:7,_RNvNtNtCs3Yi26U4V0nU_19shuthost_host_agent10validation5tests9make_args
FNDA:1,_RNvNtNtCs3Yi26U4V0nU_19shuthost_host_agent10validation5testss_17test_handle_abort
FNDA:1,_RNvNtNtCs3Yi26U4V0nU_19shuthost_host_agent10validation5testss_18test_handle_status
FNDA:1,_RNvNtNtCs3Yi26U4V0nU_19shuthost_host_agent10validation5testss_20test_handle_shutdown
FNDA:1,_RNvNtNtCs3Yi26U4V0nU_19shuthost_host_agent10validation5testss_21test_handle_malformed
FNDA:1,_RNvNtNtCs3Yi26U4V0nU_19shuthost_host_agent10validation5testss_24test_handle_invalid_hmac
FNDA:1,_RNvNtNtCs3Yi26U4V0nU_19shuthost_host_agent10validation5testss_24test_handle_invalid_utf8
FNDA:1,_RNvNtNtCs3Yi26U4V0nU_19shuthost_host_agent10validation5testss_29test_handle_invalid_timestamp
FNF:9
FNH:9
DA:53,199
DA:54,199
DA:55,198
DA:57,1
DA:58,1
DA:62,198
DA:63,198
DA:64,198
DA:65,198
DA:66,195
DA:68,195
DA:69,195
DA:70,12
DA:71,4
DA:72,4
DA:73,4
DA:74,4
DA:75,4
DA:76,4
DA:77,8
DA:79,0
DA:80,0
DA:85,1
DA:86,1
DA:89,1
DA:90,1
DA:93,1
DA:94,1
DA:97,199
DA:104,7
DA:105,7
DA:106,7
DA:107,7
DA:108,7
DA:109,7
DA:110,7
DA:113,1
DA:114,1
DA:115,1
DA:116,1
DA:117,1
DA:118,1
DA:119,1
DA:122,1
DA:123,1
DA:124,1
DA:126,1
DA:127,1
DA:128,1
DA:129,1
DA:130,1
DA:133,1
DA:134,1
DA:135,1
DA:136,1
DA:137,1
DA:138,1
DA:139,1
DA:140,1
DA:143,1
DA:144,1
DA:145,1
DA:146,1
DA:147,1
DA:148,1
DA:149,1
DA:150,1
DA:153,1
DA:154,1
DA:155,1
DA:156,1
DA:157,1
DA:158,1
DA:159,1
DA:160,1
DA:163,1
DA:164,1
DA:165,1
DA:166,1
DA:167,1
DA:168,1
DA:169,1
DA:170,1
DA:173,1
DA:174,1
DA:175,1
DA:176,1
DA:177,1
DA:178,1
DA:179,1
DA:180,1
BRF:0
BRH:0
LF:91
LH:89
end_of_record
SF:/home/smaier/workspace/private/shuthost/src/bin/host_agent.rs
FN:5,_RNvCs880Eeyr4OgQ_10host_agent4main
FN:5,_RNvCsbLCQ8Q3V02Y_10host_agent4main
FN:5,_RNvCscmLhO2iwhKN_10host_agent4main
FNDA:0,_RNvCs880Eeyr4OgQ_10host_agent4main
FNDA:0,_RNvCsbLCQ8Q3V02Y_10host_agent4main
FNDA:1,_RNvCscmLhO2iwhKN_10host_agent4main
FNF:1
FNH:1
DA:5,1
DA:7,1
DA:9,1
DA:10,1
BRF:0
BRH:0
LF:4
LH:4
end_of_record