SF:/home/smaier/workspace/private/shuthost/common/src/lib.rs
FN:20,_RNvCs2ZWSs5yq3Sp_15shuthost_common10is_systemd
FN:20,_RNvCsc1pOIYNlkaA_15shuthost_common10is_systemd
FNDA:2,_RNvCs2ZWSs5yq3Sp_15shuthost_common10is_systemd
FNDA:0,_RNvCsc1pOIYNlkaA_15shuthost_common10is_systemd
FNF:1
FNH:1
DA:20,2
DA:21,2
DA:22,2
BRF:0
BRH:0
LF:3
LH:3
end_of_record
SF:/home/smaier/workspace/private/shuthost/common/src/secrets.rs
FN:15,_RNCNvNtCs2ZWSs5yq3Sp_15shuthost_common7secrets15generate_secret0B5_
FN:11,_RNvNtCsc1pOIYNlkaA_15shuthost_common7secrets15generate_secret
FN:24,_RNvNtNtCsc1pOIYNlkaA_15shuthost_common7secrets5testss_20test_generate_secret
FN:15,_RNCNvNtCsc1pOIYNlkaA_15shuthost_common7secrets15generate_secret0B5_
FNDA:0,_RNCNvNtCs2ZWSs5yq3Sp_15shuthost_common7secrets15generate_secret0B5_
FNDA:1,_RNvNtCsc1pOIYNlkaA_15shuthost_common7secrets15generate_secret
FNDA:1,_RNvNtNtCsc1pOIYNlkaA_15shuthost_common7secrets5testss_20test_generate_secret
FNDA:32,_RNCNvNtCsc1pOIYNlkaA_15shuthost_common7secrets15generate_secret0B5_
FNF:3
FNH:3
DA:11,1
DA:13,1
DA:14,1
DA:15,32
DA:16,1
DA:17,1
DA:24,1
DA:25,1
DA:26,1
DA:27,1
BRF:0
BRH:0
LF:11
LH:11
end_of_record
SF:/home/smaier/workspace/private/shuthost/common/src/signing.rs
FN:15,_RNvNtCsbkcV9QdlvdQ_15shuthost_common7signing11create_hmac
FN:53,_RNvNtCsbkcV9QdlvdQ_15shuthost_common7signing17unix_time_seconds
FN:28,_RNvNtCsbkcV9QdlvdQ_15shuthost_common7signing19create_hmac_message
FN:42,_RNvNtCsbkcV9QdlvdQ_15shuthost_common7signing21create_signed_message
FN:22,_RNvNtCsbkcV9QdlvdQ_15shuthost_common7signing9sign_hmac
FN:15,_RNvNtCs2JMOgII3xPY_15shuthost_common7signing11create_hmac
FN:53,_RNvNtCs2JMOgII3xPY_15shuthost_common7signing17unix_time_seconds
FN:28,_RNvNtCs2JMOgII3xPY_15shuthost_common7signing19create_hmac_message
FN:42,_RNvNtCs2JMOgII3xPY_15shuthost_common7signing21create_signed_message
FN:22,_RNvNtCs2JMOgII3xPY_15shuthost_common7signing9sign_hmac
FNDA:406,_RNvNtCsbkcV9QdlvdQ_15shuthost_common7signing11create_hmac
FNDA:407,_RNvNtCsbkcV9QdlvdQ_15shuthost_common7signing17unix_time_seconds
FNDA:203,_RNvNtCsbkcV9QdlvdQ_15shuthost_common7signing19create_hmac_message
FNDA:203,_RNvNtCsbkcV9QdlvdQ_15shuthost_common7signing21create_signed_message
FNDA:406,_RNvNtCsbkcV9QdlvdQ_15shuthost_common7signing9sign_hmac
FNDA:2,_RNvNtCs2JMOgII3xPY_15shuthost_common7signing11create_hmac
FNDA:2,_RNvNtCs2JMOgII3xPY_15shuthost_common7signing17unix_time_seconds
FNDA:1,_RNvNtCs2JMOgII3xPY_15shuthost_common7signing19create_hmac_message
FNDA:1,_RNvNtCs2JMOgII3xPY_15shuthost_common7signing21create_signed_message
FNDA:2,_RNvNtCs2JMOgII3xPY_15shuthost_common7signing9sign_hmac
FNF:5
FNH:5
DA:15,410
DA:16,410
DA:17,410
DA:18,410
DA:19,410
DA:22,410
DA:23,410
DA:24,410
DA:25,410
DA:28,205
DA:29,205
DA:30,205
DA:42,205
DA:43,205
DA:44,205
DA:45,205
DA:46,205
DA:53,411
DA:54,411
DA:55,411
DA:56,411
DA:57,411
DA:58,411
BRF:0
BRH:0
LF:23
LH:23
end_of_record
SF:/home/smaier/workspace/private/shuthost/common/src/validation.rs
FN:52,_RNvNtCsbkcV9QdlvdQ_15shuthost_common10validation11verify_hmac
FN:62,_RNvNtCsbkcV9QdlvdQ_15shuthost_common10validation18parse_hmac_message
FN:34,_RNvNtCsbkcV9QdlvdQ_15shuthost_common10validation21validate_hmac_message
FN:57,_RNvNtCsbkcV9QdlvdQ_15shuthost_common10validation27is_timestamp_in_valid_range
FN:52,_RNvNtCs2JMOgII3xPY_15shuthost_common10validation11verify_hmac
FN:62,_RNvNtCs2JMOgII3xPY_15shuthost_common10validation18parse_hmac_message
FN:34,_RNvNtCs2JMOgII3xPY_15shuthost_common10validation21validate_hmac_message
FN:57,_RNvNtCs2JMOgII3xPY_15shuthost_common10validation27is_timestamp_in_valid_range
FN:76,_RNvNtNtCs2JMOgII3xPY_15shuthost_common10validation5testss_17test_invalid_hmac
FN:87,_RNvNtNtCs2JMOgII3xPY_15shuthost_common10validation5testss_23test_parse_hmac_message
FNDA:203,_RNvNtCsbkcV9QdlvdQ_15shuthost_common10validation11verify_hmac
FNDA:205,_RNvNtCsbkcV9QdlvdQ_15shuthost_common10validation18parse_hmac_message
FNDA:205,_RNvNtCsbkcV9QdlvdQ_15shuthost_common10validation21validate_hmac_message
FNDA:204,_RNvNtCsbkcV9QdlvdQ_15shuthost_common10validation27is_timestamp_in_valid_range
FNDA:1,_RNvNtCs2JMOgII3xPY_15shuthost_common10validation11verify_hmac
FNDA:2,_RNvNtCs2JMOgII3xPY_15shuthost_common10validation18parse_hmac_message
FNDA:1,_RNvNtCs2JMOgII3xPY_15shuthost_common10validation21validate_hmac_message
FNDA:1,_RNvNtCs2JMOgII3xPY_15shuthost_common10validation27is_timestamp_in_valid_range
FNDA:1,_RNvNtNtCs2JMOgII3xPY_15shuthost_common10validation5testss_17test_invalid_hmac
FNDA:1,_RNvNtNtCs2JMOgII3xPY_15shuthost_common10validation5testss_23test_parse_hmac_message
FNF:6
FNH:6
DA:34,207
DA:35,207
DA:36,206
DA:37,1
DA:38,205
DA:39,205
DA:40,205
DA:41,205
DA:42,205
DA:43,205
DA:44,2
DA:45,203
DA:46,203
DA:47,1
DA:48,1
DA:49,207
DA:52,205
DA:53,205
DA:54,205
DA:57,206
DA:58,206
DA:59,206
DA:62,208
DA:63,208
DA:64,208
DA:65,1
DA:67,207
DA:68,207
DA:69,208
DA:76,1
DA:77,1
DA:78,1
DA:79,1
DA:80,1
DA:81,1
DA:84,1
DA:87,1
DA:88,1
DA:89,1
DA:90,1
DA:91,1
BRF:0
BRH:0
LF:41
LH:41
end_of_record
SF:/home/smaier/workspace/private/shuthost/coordinator/src/auth/cookies.rs
FN:74,_RNCNvNtNtCsbC8ffzL7fLU_20shuthost_coordinator4auth7cookies28get_oidc_session_from_cookie0B7_
FN:80,_RNCNvNtNtCsbC8ffzL7fLU_20shuthost_coordinator4auth7cookies29get_token_session_from_cookie0B7_
FN:18,_RNvNtNtCsbC8ffzL7fLU_20shuthost_coordinator4auth7cookies14generate_token
FN:27,_RNvNtNtCsbC8ffzL7fLU_20shuthost_coordinator4auth7cookies23create_return_to_cookie
FN:55,_RNvNtNtCsbC8ffzL7fLU_20shuthost_coordinator4auth7cookies26create_oidc_session_cookie
FN:38,_RNvNtNtCsbC8ffzL7fLU_20shuthost_coordinator4auth7cookies27create_token_session_cookie
FN:71,_RNvNtNtCsbC8ffzL7fLU_20shuthost_coordinator4auth7cookies28get_oidc_session_from_cookie
FN:77,_RNvNtNtCsbC8ffzL7fLU_20shuthost_coordinator4auth7cookies29get_token_session_from_cookie
FN:74,_RNCNvNtNtCs8eJd3KM5asR_20shuthost_coordinator4auth7cookies28get_oidc_session_from_cookie0B7_
FN:80,_RNCNvNtNtCs8eJd3KM5asR_20shuthost_coordinator4auth7cookies29get_token_session_from_cookie0B7_
FN:18,_RNvNtNtCs8eJd3KM5asR_20shuthost_coordinator4auth7cookies14generate_token
FN:27,_RNvNtNtCs8eJd3KM5asR_20shuthost_coordinator4auth7cookies23create_return_to_cookie
FN:55,_RNvNtNtCs8eJd3KM5asR_20shuthost_coordinator4auth7cookies26create_oidc_session_cookie
FN:38,_RNvNtNtCs8eJd3KM5asR_20shuthost_coordinator4auth7cookies27create_token_session_cookie
FN:71,_RNvNtNtCs8eJd3KM5asR_20shuthost_coordinator4auth7cookies28get_oidc_session_from_cookie
FN:77,_RNvNtNtCs8eJd3KM5asR_20shuthost_coordinator4auth7cookies29get_token_session_from_cookie
FN:74,_RNCNvNtNtCs4hGc5Pc8WNz_20shuthost_coordinator4auth7cookies28get_oidc_session_from_cookie0B7_
FN:80,_RNCNvNtNtCs4hGc5Pc8WNz_20shuthost_coordinator4auth7cookies29get_token_session_from_cookie0B7_
FN:27,_RNvNtNtCs4hGc5Pc8WNz_20shuthost_coordinator4auth7cookies23create_return_to_cookie
FN:55,_RNvNtNtCs4hGc5Pc8WNz_20shuthost_coordinator4auth7cookies26create_oidc_session_cookie
FN:38,_RNvNtNtCs4hGc5Pc8WNz_20shuthost_coordinator4auth7cookies27create_token_session_cookie
FN:71,_RNvNtNtCs4hGc5Pc8WNz_20shuthost_coordinator4auth7cookies28get_oidc_session_from_cookie
FN:77,_RNvNtNtCs4hGc5Pc8WNz_20shuthost_coordinator4auth7cookies29get_token_session_from_cookie
FN:18,_RNvNtNtCs4hGc5Pc8WNz_20shuthost_coordinator4auth7cookies14generate_token
FNDA:0,_RNCNvNtNtCsbC8ffzL7fLU_20shuthost_coordinator4auth7cookies28get_oidc_session_from_cookie0B7_
FNDA:1,_RNCNvNtNtCsbC8ffzL7fLU_20shuthost_coordinator4auth7cookies29get_token_session_from_cookie0B7_
FNDA:0,_RNvNtNtCsbC8ffzL7fLU_20shuthost_coordinator4auth7cookies14generate_token
FNDA:0,_RNvNtNtCsbC8ffzL7fLU_20shuthost_coordinator4auth7cookies23create_return_to_cookie
FNDA:0,_RNvNtNtCsbC8ffzL7fLU_20shuthost_coordinator4auth7cookies26create_oidc_session_cookie
FNDA:1,_RNvNtNtCsbC8ffzL7fLU_20shuthost_coordinator4auth7cookies27create_token_session_cookie
FNDA:0,_RNvNtNtCsbC8ffzL7fLU_20shuthost_coordinator4auth7cookies28get_oidc_session_from_cookie
FNDA:1,_RNvNtNtCsbC8ffzL7fLU_20shuthost_coordinator4auth7cookies29get_token_session_from_cookie
FNDA:0,_RNCNvNtNtCs8eJd3KM5asR_20shuthost_coordinator4auth7cookies28get_oidc_session_from_cookie0B7_
FNDA:0,_RNCNvNtNtCs8eJd3KM5asR_20shuthost_coordinator4auth7cookies29get_token_session_from_cookie0B7_
FNDA:9,_RNvNtNtCs8eJd3KM5asR_20shuthost_coordinator4auth7cookies14generate_token
FNDA:0,_RNvNtNtCs8eJd3KM5asR_20shuthost_coordinator4auth7cookies23create_return_to_cookie
FNDA:0,_RNvNtNtCs8eJd3KM5asR_20shuthost_coordinator4auth7cookies26create_oidc_session_cookie
FNDA:0,_RNvNtNtCs8eJd3KM5asR_20shuthost_coordinator4auth7cookies27create_token_session_cookie
FNDA:18,_RNvNtNtCs8eJd3KM5asR_20shuthost_coordinator4auth7cookies28get_oidc_session_from_cookie
FNDA:18,_RNvNtNtCs8eJd3KM5asR_20shuthost_coordinator4auth7cookies29get_token_session_from_cookie
FNDA:0,_RNCNvNtNtCs4hGc5Pc8WNz_20shuthost_coordinator4auth7cookies28get_oidc_session_from_cookie0B7_
FNDA:0,_RNCNvNtNtCs4hGc5Pc8WNz_20shuthost_coordinator4auth7cookies29get_token_session_from_cookie0B7_
FNDA:0,_RNvNtNtCs4hGc5Pc8WNz_20shuthost_coordinator4auth7cookies23create_return_to_cookie
FNDA:0,_RNvNtNtCs4hGc5Pc8WNz_20shuthost_coordinator4auth7cookies26create_oidc_session_cookie
FNDA:0,_RNvNtNtCs4hGc5Pc8WNz_20shuthost_coordinator4auth7cookies27create_token_session_cookie
FNDA:0,_RNvNtNtCs4hGc5Pc8WNz_20shuthost_coordinator4auth7cookies28get_oidc_session_from_cookie
FNDA:0,_RNvNtNtCs4hGc5Pc8WNz_20shuthost_coordinator4auth7cookies29get_token_session_from_cookie
FNDA:0,_RNvNtNtCs4hGc5Pc8WNz_20shuthost_coordinator4auth7cookies14generate_token
FNF:8
FNH:5
DA:18,9
DA:19,9
DA:20,9
DA:21,9
DA:22,9
DA:23,9
DA:24,9
DA:27,0
DA:28,0
DA:29,0
DA:30,0
DA:31,0
DA:32,0
DA:33,0
DA:34,0
DA:35,0
DA:38,1
DA:39,1
DA:40,1
DA:41,1
DA:42,1
DA:43,1
DA:44,1
DA:45,1
DA:46,1
DA:47,1
DA:48,1
DA:49,1
DA:50,1
DA:51,1
DA:52,1
DA:55,0
DA:56,0
DA:57,0
DA:58,0
DA:59,0
DA:60,0
DA:61,0
DA:62,0
DA:63,0
DA:64,0
DA:65,0
DA:66,0
DA:67,0
DA:68,0
DA:69,0
DA:71,18
DA:72,18
DA:73,18
DA:74,18
DA:75,18
DA:77,19
DA:78,19
DA:79,19
DA:80,19
DA:81,19
BRF:0
BRH:0
LF:58
LH:33
end_of_record
SF:/home/smaier/workspace/private/shuthost/coordinator/src/auth/middleware.rs
FN:25,_RNCNvNtNtCsbC8ffzL7fLU_20shuthost_coordinator4auth10middleware7require0CsjDLiaMcEp0C_11coordinator
FN:25,_RNCNvNtNtCsbC8ffzL7fLU_20shuthost_coordinator4auth10middleware7require0B7_
FN:80,_RNvNtNtCsbC8ffzL7fLU_20shuthost_coordinator4auth10middleware10wants_html
FN:92,_RNvNtNtCsbC8ffzL7fLU_20shuthost_coordinator4auth10middleware17request_is_secure
FN:21,_RNvNtNtCsbC8ffzL7fLU_20shuthost_coordinator4auth10middleware7require
FN:83,_RNCNvNtNtCsbC8ffzL7fLU_20shuthost_coordinator4auth10middleware10wants_html0B7_
FN:84,_RNCNvNtNtCsbC8ffzL7fLU_20shuthost_coordinator4auth10middleware10wants_htmls_0B7_
FN:98,_RNCNvNtNtCsbC8ffzL7fLU_20shuthost_coordinator4auth10middleware17request_is_secure0B7_
FN:108,_RNCNvNtNtCsbC8ffzL7fLU_20shuthost_coordinator4auth10middleware17request_is_secures0_0B7_
FN:103,_RNCNvNtNtCsbC8ffzL7fLU_20shuthost_coordinator4auth10middleware17request_is_secures_0B7_
FN:25,_RNCNvNtNtCs8eJd3KM5asR_20shuthost_coordinator4auth10middleware7require0Cs8svj0og4N02_11coordinator
FN:25,_RNCNvNtNtCs8eJd3KM5asR_20shuthost_coordinator4auth10middleware7require0B7_
FN:83,_RNCNvNtNtCs8eJd3KM5asR_20shuthost_coordinator4auth10middleware10wants_html0B7_
FN:84,_RNCNvNtNtCs8eJd3KM5asR_20shuthost_coordinator4auth10middleware10wants_htmls_0B7_
FN:98,_RNCNvNtNtCs8eJd3KM5asR_20shuthost_coordinator4auth10middleware17request_is_secure0B7_
FN:108,_RNCNvNtNtCs8eJd3KM5asR_20shuthost_coordinator4auth10middleware17request_is_secures0_0B7_
FN:103,_RNCNvNtNtCs8eJd3KM5asR_20shuthost_coordinator4auth10middleware17request_is_secures_0B7_
FN:80,_RNvNtNtCs8eJd3KM5asR_20shuthost_coordinator4auth10middleware10wants_html
FN:92,_RNvNtNtCs8eJd3KM5asR_20shuthost_coordinator4auth10middleware17request_is_secure
FN:21,_RNvNtNtCs8eJd3KM5asR_20shuthost_coordinator4auth10middleware7require
FN:25,_RNCNvNtNtCsbC8ffzL7fLU_20shuthost_coordinator4auth10middleware7require0CshDuJQt8bwwm_11integration
FN:25,_RNCNvNtNtCs8eJd3KM5asR_20shuthost_coordinator4auth10middleware7require0Cs2NQYEDmO9fP_20shuthost_coordinator
FN:83,_RNCNvNtNtCs4hGc5Pc8WNz_20shuthost_coordinator4auth10middleware10wants_html0B7_
FN:84,_RNCNvNtNtCs4hGc5Pc8WNz_20shuthost_coordinator4auth10middleware10wants_htmls_0B7_
FN:98,_RNCNvNtNtCs4hGc5Pc8WNz_20shuthost_coordinator4auth10middleware17request_is_secure0B7_
FN:108,_RNCNvNtNtCs4hGc5Pc8WNz_20shuthost_coordinator4auth10middleware17request_is_secures0_0B7_
FN:103,_RNCNvNtNtCs4hGc5Pc8WNz_20shuthost_coordinator4auth10middleware17request_is_secures_0B7_
FN:25,_RNCNvNtNtCs4hGc5Pc8WNz_20shuthost_coordinator4auth10middleware7require0B7_
FN:80,_RNvNtNtCs4hGc5Pc8WNz_20shuthost_coordinator4auth10middleware10wants_html
FN:92,_RNvNtNtCs4hGc5Pc8WNz_20shuthost_coordinator4auth10middleware17request_is_secure
FN:21,_RNvNtNtCs4hGc5Pc8WNz_20shuthost_coordinator4auth10middleware7require
FNDA:0,_RNCNvNtNtCsbC8ffzL7fLU_20shuthost_coordinator4auth10middleware7require0CsjDLiaMcEp0C_11coordinator
FNDA:0,_RNCNvNtNtCsbC8ffzL7fLU_20shuthost_coordinator4auth10middleware7require0B7_
FNDA:0,_RNvNtNtCsbC8ffzL7fLU_20shuthost_coordinator4auth10middleware10wants_html
FNDA:3,_RNvNtNtCsbC8ffzL7fLU_20shuthost_coordinator4auth10middleware17request_is_secure
FNDA:30,_RNvNtNtCsbC8ffzL7fLU_20shuthost_coordinator4auth10middleware7require
FNDA:0,_RNCNvNtNtCsbC8ffzL7fLU_20shuthost_coordinator4auth10middleware10wants_html0B7_
FNDA:0,_RNCNvNtNtCsbC8ffzL7fLU_20shuthost_coordinator4auth10middleware10wants_htmls_0B7_
FNDA:1,_RNCNvNtNtCsbC8ffzL7fLU_20shuthost_coordinator4auth10middleware17request_is_secure0B7_
FNDA:0,_RNCNvNtNtCsbC8ffzL7fLU_20shuthost_coordinator4auth10middleware17request_is_secures0_0B7_
FNDA:0,_RNCNvNtNtCsbC8ffzL7fLU_20shuthost_coordinator4auth10middleware17request_is_secures_0B7_
FNDA:0,_RNCNvNtNtCs8eJd3KM5asR_20shuthost_coordinator4auth10middleware7require0Cs8svj0og4N02_11coordinator
FNDA:0,_RNCNvNtNtCs8eJd3KM5asR_20shuthost_coordinator4auth10middleware7require0B7_
FNDA:0,_RNCNvNtNtCs8eJd3KM5asR_20shuthost_coordinator4auth10middleware10wants_html0B7_
FNDA:0,_RNCNvNtNtCs8eJd3KM5asR_20shuthost_coordinator4auth10middleware10wants_htmls_0B7_
FNDA:0,_RNCNvNtNtCs8eJd3KM5asR_20shuthost_coordinator4auth10middleware17request_is_secure0B7_
FNDA:0,_RNCNvNtNtCs8eJd3KM5asR_20shuthost_coordinator4auth10middleware17request_is_secures0_0B7_
FNDA:0,_RNCNvNtNtCs8eJd3KM5asR_20shuthost_coordinator4auth10middleware17request_is_secures_0B7_
FNDA:18,_RNvNtNtCs8eJd3KM5asR_20shuthost_coordinator4auth10middleware10wants_html
FNDA:0,_RNvNtNtCs8eJd3KM5asR_20shuthost_coordinator4auth10middleware17request_is_secure
FNDA:125,_RNvNtNtCs8eJd3KM5asR_20shuthost_coordinator4auth10middleware7require
FNDA:30,_RNCNvNtNtCsbC8ffzL7fLU_20shuthost_coordinator4auth10middleware7require0CshDuJQt8bwwm_11integration
FNDA:125,_RNCNvNtNtCs8eJd3KM5asR_20shuthost_coordinator4auth10middleware7require0Cs2NQYEDmO9fP_20shuthost_coordinator
FNDA:0,_RNCNvNtNtCs4hGc5Pc8WNz_20shuthost_coordinator4auth10middleware10wants_html0B7_
FNDA:0,_RNCNvNtNtCs4hGc5Pc8WNz_20shuthost_coordinator4auth10middleware10wants_htmls_0B7_
FNDA:0,_RNCNvNtNtCs4hGc5Pc8WNz_20shuthost_coordinator4auth10middleware17request_is_secure0B7_
FNDA:0,_RNCNvNtNtCs4hGc5Pc8WNz_20shuthost_coordinator4auth10middleware17request_is_secures0_0B7_
FNDA:0,_RNCNvNtNtCs4hGc5Pc8WNz_20shuthost_coordinator4auth10middleware17request_is_secures_0B7_
FNDA:0,_RNCNvNtNtCs4hGc5Pc8WNz_20shuthost_coordinator4auth10middleware7require0B7_
FNDA:0,_RNvNtNtCs4hGc5Pc8WNz_20shuthost_coordinator4auth10middleware10wants_html
FNDA:0,_RNvNtNtCs4hGc5Pc8WNz_20shuthost_coordinator4auth10middleware17request_is_secure
FNDA:0,_RNvNtNtCs4hGc5Pc8WNz_20shuthost_coordinator4auth10middleware7require
FNF:9
FNH:5
DA:21,155
DA:22,155
DA:23,155
DA:24,155
DA:25,155
DA:26,155
DA:27,155
DA:28,155
DA:33,136
DA:34,10
DA:36,10
DA:37,1
DA:38,0
DA:39,0
DA:40,1
DA:41,1
DA:42,1
DA:43,0
DA:44,9
DA:45,9
DA:47,0
DA:48,0
DA:49,0
DA:50,0
DA:52,9
DA:57,9
DA:58,0
DA:60,0
DA:61,9
DA:62,9
DA:63,9
DA:64,0
DA:65,0
DA:66,0
DA:67,0
DA:68,0
DA:69,0
DA:71,0
DA:73,9
DA:77,155
DA:80,18
DA:81,18
DA:82,18
DA:83,18
DA:84,18
DA:85,18
DA:86,18
DA:92,3
DA:93,3
DA:94,1
DA:95,2
DA:96,2
DA:97,2
DA:98,2
DA:99,1
DA:101,1
DA:102,1
DA:103,1
DA:104,0
DA:106,0
DA:107,1
DA:108,1
DA:109,0
DA:111,0
DA:112,1
DA:113,1
DA:114,3
BRF:0
BRH:0
LF:73
LH:45
end_of_record
SF:/home/smaier/workspace/private/shuthost/coordinator/src/auth/mod.rs
FN:72,_RNCNvMNtCsbC8ffzL7fLU_20shuthost_coordinator4authNtB4_7Runtime11from_config0CsjDLiaMcEp0C_11coordinator
FN:74,_RNCNvNCNvMNtCsbC8ffzL7fLU_20shuthost_coordinator4authNtB8_7Runtime11from_config017gen_and_store_key0CsjDLiaMcEp0C_11coordinator
FN:72,_RNCNvMNtCsbC8ffzL7fLU_20shuthost_coordinator4authNtB4_7Runtime11from_config0B6_
FN:74,_RNCNvNCNvMNtCsbC8ffzL7fLU_20shuthost_coordinator4authNtB8_7Runtime11from_config017gen_and_store_key0Ba_
FN:72,_RNvMNtCsbC8ffzL7fLU_20shuthost_coordinator4authNtB2_7Runtime11from_config
FN:74,_RNvNCNvMNtCsbC8ffzL7fLU_20shuthost_coordinator4authNtB6_7Runtime11from_config017gen_and_store_key
FN:194,_RNvXs_NtCsbC8ffzL7fLU_20shuthost_coordinator4authNtB4_10LayerStateINtNtNtCs5Fq8Ioc7m6k_9axum_core7extract8from_ref7FromRefNtNtNtB6_4http6server8AppStateE8from_ref
FN:202,_RNvXs0_NtCsbC8ffzL7fLU_20shuthost_coordinator4authNtNtNtCsiErWY6P8a8n_6cookie6secure3key3KeyINtNtNtCs5Fq8Ioc7m6k_9axum_core7extract8from_ref7FromRefNtNtNtB7_4http6server8AppStateE8from_ref
FN:72,_RNCNvMNtCs8eJd3KM5asR_20shuthost_coordinator4authNtB4_7Runtime11from_config0Cs8svj0og4N02_11coordinator
FN:74,_RNCNvNCNvMNtCs8eJd3KM5asR_20shuthost_coordinator4authNtB8_7Runtime11from_config017gen_and_store_key0Cs8svj0og4N02_11coordinator
FN:72,_RNCNvMNtCs8eJd3KM5asR_20shuthost_coordinator4authNtB4_7Runtime11from_config0B6_
FN:74,_RNCNvNCNvMNtCs8eJd3KM5asR_20shuthost_coordinator4authNtB8_7Runtime11from_config017gen_and_store_key0Ba_
FN:202,_RNvXs0_NtCs8eJd3KM5asR_20shuthost_coordinator4authNtNtNtCsiErWY6P8a8n_6cookie6secure3key3KeyINtNtNtCs5Fq8Ioc7m6k_9axum_core7extract8from_ref7FromRefNtNtNtB7_4http6server8AppStateE8from_ref
FN:72,_RNvMNtCs8eJd3KM5asR_20shuthost_coordinator4authNtB2_7Runtime11from_config
FN:74,_RNvNCNvMNtCs8eJd3KM5asR_20shuthost_coordinator4authNtB6_7Runtime11from_config017gen_and_store_key
FN:194,_RNvXs_NtCs8eJd3KM5asR_20shuthost_coordinator4authNtB4_10LayerStateINtNtNtCs5Fq8Ioc7m6k_9axum_core7extract8from_ref7FromRefNtNtNtB6_4http6server8AppStateE8from_ref
FN:72,_RNCNvMNtCsbC8ffzL7fLU_20shuthost_coordinator4authNtB4_7Runtime11from_config0CshDuJQt8bwwm_11integration
FN:74,_RNCNvNCNvMNtCsbC8ffzL7fLU_20shuthost_coordinator4authNtB8_7Runtime11from_config017gen_and_store_key0CshDuJQt8bwwm_11integration
FN:72,_RNCNvMNtCs8eJd3KM5asR_20shuthost_coordinator4authNtB4_7Runtime11from_config0Cs2NQYEDmO9fP_20shuthost_coordinator
FN:74,_RNCNvNCNvMNtCs8eJd3KM5asR_20shuthost_coordinator4authNtB8_7Runtime11from_config017gen_and_store_key0Cs2NQYEDmO9fP_20shuthost_coordinator
FN:72,_RNvMNtCs4hGc5Pc8WNz_20shuthost_coordinator4authNtB2_7Runtime11from_config
FN:74,_RNvNCNvMNtCs4hGc5Pc8WNz_20shuthost_coordinator4authNtB6_7Runtime11from_config017gen_and_store_key
FN:214,_RNvNtNtCs4hGc5Pc8WNz_20shuthost_coordinator4auth5tests8setup_db
FN:219,_RNvNtNtCs4hGc5Pc8WNz_20shuthost_coordinator4auth5testss_38test_removes_db_values_when_configured
FN:256,_RNvNtNtCs4hGc5Pc8WNz_20shuthost_coordinator4auth5testss_43test_invalid_configured_cookie_secret_fails
FN:72,_RNCNvMNtCs4hGc5Pc8WNz_20shuthost_coordinator4authNtB4_7Runtime11from_config0B6_
FN:74,_RNCNvNCNvMNtCs4hGc5Pc8WNz_20shuthost_coordinator4authNtB8_7Runtime11from_config017gen_and_store_key0Ba_
FN:202,_RNvXs0_NtCs4hGc5Pc8WNz_20shuthost_coordinator4authNtNtNtCsiErWY6P8a8n_6cookie6secure3key3KeyINtNtNtCs5Fq8Ioc7m6k_9axum_core7extract8from_ref7FromRefNtNtNtB7_4http6server8AppStateE8from_ref
FN:194,_RNvXs_NtCs4hGc5Pc8WNz_20shuthost_coordinator4authNtB4_10LayerStateINtNtNtCs5Fq8Ioc7m6k_9axum_core7extract8from_ref7FromRefNtNtNtB6_4http6server8AppStateE8from_ref
FN:214,_RNCNvNtNtCs4hGc5Pc8WNz_20shuthost_coordinator4auth5tests8setup_db0B7_
FN:219,_RNCNvNtNtCs4hGc5Pc8WNz_20shuthost_coordinator4auth5testss_38test_removes_db_values_when_configured0B7_
FN:256,_RNCNvNtNtCs4hGc5Pc8WNz_20shuthost_coordinator4auth5testss_43test_invalid_configured_cookie_secret_fails0B7_
FNDA:0,_RNCNvMNtCsbC8ffzL7fLU_20shuthost_coordinator4authNtB4_7Runtime11from_config0CsjDLiaMcEp0C_11coordinator
FNDA:0,_RNCNvNCNvMNtCsbC8ffzL7fLU_20shuthost_coordinator4authNtB8_7Runtime11from_config017gen_and_store_key0CsjDLiaMcEp0C_11coordinator
FNDA:0,_RNCNvMNtCsbC8ffzL7fLU_20shuthost_coordinator4authNtB4_7Runtime11from_config0B6_
FNDA:0,_RNCNvNCNvMNtCsbC8ffzL7fLU_20shuthost_coordinator4authNtB8_7Runtime11from_config017gen_and_store_key0Ba_
FNDA:15,_RNvMNtCsbC8ffzL7fLU_20shuthost_coordinator4authNtB2_7Runtime11from_config
FNDA:0,_RNvNCNvMNtCsbC8ffzL7fLU_20shuthost_coordinator4authNtB6_7Runtime11from_config017gen_and_store_key
FNDA:0,_RNvXs_NtCsbC8ffzL7fLU_20shuthost_coordinator4authNtB4_10LayerStateINtNtNtCs5Fq8Ioc7m6k_9axum_core7extract8from_ref7FromRefNtNtNtB6_4http6server8AppStateE8from_ref
FNDA:3,_RNvXs0_NtCsbC8ffzL7fLU_20shuthost_coordinator4authNtNtNtCsiErWY6P8a8n_6cookie6secure3key3KeyINtNtNtCs5Fq8Ioc7m6k_9axum_core7extract8from_ref7FromRefNtNtNtB7_4http6server8AppStateE8from_ref
FNDA:0,_RNCNvMNtCs8eJd3KM5asR_20shuthost_coordinator4authNtB4_7Runtime11from_config0Cs8svj0og4N02_11coordinator
FNDA:0,_RNCNvNCNvMNtCs8eJd3KM5asR_20shuthost_coordinator4authNtB8_7Runtime11from_config017gen_and_store_key0Cs8svj0og4N02_11coordinator
FNDA:0,_RNCNvMNtCs8eJd3KM5asR_20shuthost_coordinator4authNtB4_7Runtime11from_config0B6_
FNDA:0,_RNCNvNCNvMNtCs8eJd3KM5asR_20shuthost_coordinator4authNtB8_7Runtime11from_config017gen_and_store_key0Ba_
FNDA:0,_RNvXs0_NtCs8eJd3KM5asR_20shuthost_coordinator4authNtNtNtCsiErWY6P8a8n_6cookie6secure3key3KeyINtNtNtCs5Fq8Ioc7m6k_9axum_core7extract8from_ref7FromRefNtNtNtB7_4http6server8AppStateE8from_ref
FNDA:53,_RNvMNtCs8eJd3KM5asR_20shuthost_coordinator4authNtB2_7Runtime11from_config
FNDA:0,_RNvNCNvMNtCs8eJd3KM5asR_20shuthost_coordinator4authNtB6_7Runtime11from_config017gen_and_store_key
FNDA:0,_RNvXs_NtCs8eJd3KM5asR_20shuthost_coordinator4authNtB4_10LayerStateINtNtNtCs5Fq8Ioc7m6k_9axum_core7extract8from_ref7FromRefNtNtNtB6_4http6server8AppStateE8from_ref
FNDA:15,_RNCNvMNtCsbC8ffzL7fLU_20shuthost_coordinator4authNtB4_7Runtime11from_config0CshDuJQt8bwwm_11integration
FNDA:0,_RNCNvNCNvMNtCsbC8ffzL7fLU_20shuthost_coordinator4authNtB8_7Runtime11from_config017gen_and_store_key0CshDuJQt8bwwm_11integration
FNDA:53,_RNCNvMNtCs8eJd3KM5asR_20shuthost_coordinator4authNtB4_7Runtime11from_config0Cs2NQYEDmO9fP_20shuthost_coordinator
FNDA:0,_RNCNvNCNvMNtCs8eJd3KM5asR_20shuthost_coordinator4authNtB8_7Runtime11from_config017gen_and_store_key0Cs2NQYEDmO9fP_20shuthost_coordinator
FNDA:2,_RNvMNtCs4hGc5Pc8WNz_20shuthost_coordinator4authNtB2_7Runtime11from_config
FNDA:0,_RNvNCNvMNtCs4hGc5Pc8WNz_20shuthost_coordinator4authNtB6_7Runtime11from_config017gen_and_store_key
FNDA:2,_RNvNtNtCs4hGc5Pc8WNz_20shuthost_coordinator4auth5tests8setup_db
FNDA:1,_RNvNtNtCs4hGc5Pc8WNz_20shuthost_coordinator4auth5testss_38test_removes_db_values_when_configured
FNDA:1,_RNvNtNtCs4hGc5Pc8WNz_20shuthost_coordinator4auth5testss_43test_invalid_configured_cookie_secret_fails
FNDA:2,_RNCNvMNtCs4hGc5Pc8WNz_20shuthost_coordinator4authNtB4_7Runtime11from_config0B6_
FNDA:0,_RNCNvNCNvMNtCs4hGc5Pc8WNz_20shuthost_coordinator4authNtB8_7Runtime11from_config017gen_and_store_key0Ba_
FNDA:0,_RNvXs0_NtCs4hGc5Pc8WNz_20shuthost_coordinator4authNtNtNtCsiErWY6P8a8n_6cookie6secure3key3KeyINtNtNtCs5Fq8Ioc7m6k_9axum_core7extract8from_ref7FromRefNtNtNtB7_4http6server8AppStateE8from_ref
FNDA:0,_RNvXs_NtCs4hGc5Pc8WNz_20shuthost_coordinator4authNtB4_10LayerStateINtNtNtCs5Fq8Ioc7m6k_9axum_core7extract8from_ref7FromRefNtNtNtB6_4http6server8AppStateE8from_ref
FNDA:2,_RNCNvNtNtCs4hGc5Pc8WNz_20shuthost_coordinator4auth5tests8setup_db0B7_
FNDA:1,_RNCNvNtNtCs4hGc5Pc8WNz_20shuthost_coordinator4auth5testss_38test_removes_db_values_when_configured0B7_
FNDA:1,_RNCNvNtNtCs4hGc5Pc8WNz_20shuthost_coordinator4auth5testss_43test_invalid_configured_cookie_secret_fails0B7_
FNF:12
FNH:9
DA:72,72
DA:74,0
DA:75,0
DA:76,0
DA:77,0
DA:78,0
DA:79,0
DA:82,72
DA:84,2
DA:85,2
DA:86,0
DA:88,2
DA:89,0
DA:92,2
DA:93,2
DA:94,2
DA:95,1
DA:96,1
DA:99,70
DA:100,0
DA:102,0
DA:103,0
DA:104,0
DA:106,0
DA:107,0
DA:109,0
DA:110,0
DA:114,0
DA:115,0
DA:117,0
DA:118,0
DA:123,0
DA:127,70
DA:131,71
DA:132,14
DA:133,13
DA:134,13
DA:136,4
DA:137,1
DA:138,3
DA:139,4
DA:140,4
DA:143,9
DA:144,0
DA:145,0
DA:146,0
DA:147,0
DA:149,0
DA:150,0
DA:151,0
DA:152,0
DA:153,0
DA:156,9
DA:157,9
DA:158,9
DA:159,9
DA:163,13
DA:166,9
DA:167,9
DA:168,9
DA:169,9
DA:171,9
DA:172,9
DA:173,9
DA:174,9
DA:175,9
DA:176,9
DA:177,9
DA:179,35
DA:180,35
DA:181,35
DA:184,71
DA:185,72
DA:194,0
DA:195,0
DA:196,0
DA:197,0
DA:198,0
DA:202,3
DA:203,3
DA:204,3
DA:214,2
DA:215,2
DA:216,2
DA:219,1
DA:220,1
DA:223,1
DA:224,1
DA:225,1
DA:226,1
DA:227,1
DA:228,1
DA:229,1
DA:230,1
DA:232,1
DA:235,1
DA:236,1
DA:237,1
DA:238,1
DA:239,1
DA:240,1
DA:242,1
DA:245,1
DA:246,1
DA:249,1
DA:250,1
DA:251,1
DA:252,1
DA:253,1
DA:256,1
DA:257,1
DA:260,1
DA:261,1
DA:262,1
DA:263,1
DA:265,1
DA:266,1
DA:267,1
BRF:0
BRH:0
LF:127
LH:77
end_of_record
SF:/home/smaier/workspace/private/shuthost/coordinator/src/auth/oidc.rs
FN:151,_RNCNCNvNtNtCs9GpJgfmEwWw_20shuthost_coordinator4auth4oidc10oidc_login00B9_
FN:152,_RNCNCNvNtNtCs9GpJgfmEwWw_20shuthost_coordinator4auth4oidc10oidc_login0s_0B9_
FN:76,_RNCNCNvNtNtCs9GpJgfmEwWw_20shuthost_coordinator4auth4oidc17build_oidc_client00B9_
FN:88,_RNCNCNvNtNtCs9GpJgfmEwWw_20shuthost_coordinator4auth4oidc17build_oidc_client0s0_0B9_
FN:82,_RNCNCNvNtNtCs9GpJgfmEwWw_20shuthost_coordinator4auth4oidc17build_oidc_client0s_0B9_
FN:128,_RNCNvNtNtCs9GpJgfmEwWw_20shuthost_coordinator4auth4oidc10oidc_login0B7_
FN:403,_RNCNvNtNtCs9GpJgfmEwWw_20shuthost_coordinator4auth4oidc13oidc_callback0B7_
FN:37,_RNCNvNtNtCs9GpJgfmEwWw_20shuthost_coordinator4auth4oidc14request_origin0B7_
FN:42,_RNCNvNtNtCs9GpJgfmEwWw_20shuthost_coordinator4auth4oidc14request_origins_0B7_
FN:267,_RNCNvNtNtCs9GpJgfmEwWw_20shuthost_coordinator4auth4oidc16pkce_from_cookie0B7_
FN:71,_RNCNvNtNtCs9GpJgfmEwWw_20shuthost_coordinator4auth4oidc17build_oidc_client0B7_
FN:272,_RNCNvNtNtCs9GpJgfmEwWw_20shuthost_coordinator4auth4oidc17nonce_from_cookie0B7_
FN:48,_RNCNvNtNtCs9GpJgfmEwWw_20shuthost_coordinator4auth4oidc18build_redirect_url0B7_
FN:323,_RNCNvNtNtCs9GpJgfmEwWw_20shuthost_coordinator4auth4oidc23exchange_code_for_token0B7_
FN:288,_RNCNvNtNtCs9GpJgfmEwWw_20shuthost_coordinator4auth4oidc29finalize_session_and_redirect0B7_
FN:289,_RNCNvNtNtCs9GpJgfmEwWw_20shuthost_coordinator4auth4oidc29finalize_session_and_redirects_0B7_
FN:375,_RNCNvNtNtCs9GpJgfmEwWw_20shuthost_coordinator4auth4oidc31process_token_and_build_session0B7_
FN:122,_RNvNtNtCs9GpJgfmEwWw_20shuthost_coordinator4auth4oidc10oidc_login
FN:393,_RNvNtNtCs9GpJgfmEwWw_20shuthost_coordinator4auth4oidc13oidc_callback
FN:34,_RNvNtNtCs9GpJgfmEwWw_20shuthost_coordinator4auth4oidc14request_origin
FN:265,_RNvNtNtCs9GpJgfmEwWw_20shuthost_coordinator4auth4oidc16pkce_from_cookie
FN:66,_RNvNtNtCs9GpJgfmEwWw_20shuthost_coordinator4auth4oidc17build_oidc_client
FN:270,_RNvNtNtCs9GpJgfmEwWw_20shuthost_coordinator4auth4oidc17nonce_from_cookie
FN:47,_RNvNtNtCs9GpJgfmEwWw_20shuthost_coordinator4auth4oidc18build_redirect_url
FN:235,_RNvNtNtCs9GpJgfmEwWw_20shuthost_coordinator4auth4oidc20login_error_response
FN:295,_RNvNtNtCs9GpJgfmEwWw_20shuthost_coordinator4auth4oidc21handle_provider_error
FN:337,_RNvNtNtCs9GpJgfmEwWw_20shuthost_coordinator4auth4oidc22id_token_from_response
FN:318,_RNvNtNtCs9GpJgfmEwWw_20shuthost_coordinator4auth4oidc23exchange_code_for_token
FN:308,_RNvNtNtCs9GpJgfmEwWw_20shuthost_coordinator4auth4oidc26extract_authorization_code
FN:246,_RNvNtNtCs9GpJgfmEwWw_20shuthost_coordinator4auth4oidc26validate_state_or_redirect
FN:239,_RNvNtNtCs9GpJgfmEwWw_20shuthost_coordinator4auth4oidc28clear_oidc_ephemeral_cookies
FN:275,_RNvNtNtCs9GpJgfmEwWw_20shuthost_coordinator4auth4oidc29finalize_session_and_redirect
FN:370,_RNvNtNtCs9GpJgfmEwWw_20shuthost_coordinator4auth4oidc31process_token_and_build_session
FN:349,_RNvNtNtCs9GpJgfmEwWw_20shuthost_coordinator4auth4oidc33verify_id_token_and_build_session
FN:122,_RNvNtNtCs1fnJ7Q7HbNJ_20shuthost_coordinator4auth4oidc10oidc_login
FN:393,_RNvNtNtCs1fnJ7Q7HbNJ_20shuthost_coordinator4auth4oidc13oidc_callback
FN:34,_RNvNtNtCs1fnJ7Q7HbNJ_20shuthost_coordinator4auth4oidc14request_origin
FN:265,_RNvNtNtCs1fnJ7Q7HbNJ_20shuthost_coordinator4auth4oidc16pkce_from_cookie
FN:66,_RNvNtNtCs1fnJ7Q7HbNJ_20shuthost_coordinator4auth4oidc17build_oidc_client
FN:270,_RNvNtNtCs1fnJ7Q7HbNJ_20shuthost_coordinator4auth4oidc17nonce_from_cookie
FN:47,_RNvNtNtCs1fnJ7Q7HbNJ_20shuthost_coordinator4auth4oidc18build_redirect_url
FN:235,_RNvNtNtCs1fnJ7Q7HbNJ_20shuthost_coordinator4auth4oidc20login_error_response
FN:295,_RNvNtNtCs1fnJ7Q7HbNJ_20shuthost_coordinator4auth4oidc21handle_provider_error
FN:337,_RNvNtNtCs1fnJ7Q7HbNJ_20shuthost_coordinator4auth4oidc22id_token_from_response
FN:318,_RNvNtNtCs1fnJ7Q7HbNJ_20shuthost_coordinator4auth4oidc23exchange_code_for_token
FN:308,_RNvNtNtCs1fnJ7Q7HbNJ_20shuthost_coordinator4auth4oidc26extract_authorization_code
FN:246,_RNvNtNtCs1fnJ7Q7HbNJ_20shuthost_coordinator4auth4oidc26validate_state_or_redirect
FN:239,_RNvNtNtCs1fnJ7Q7HbNJ_20shuthost_coordinator4auth4oidc28clear_oidc_ephemeral_cookies
FN:275,_RNvNtNtCs1fnJ7Q7HbNJ_20shuthost_coordinator4auth4oidc29finalize_session_and_redirect
FN:370,_RNvNtNtCs1fnJ7Q7HbNJ_20shuthost_coordinator4auth4oidc31process_token_and_build_session
FN:349,_RNvNtNtCs1fnJ7Q7HbNJ_20shuthost_coordinator4auth4oidc33verify_id_token_and_build_session
FN:151,_RNCNCNvNtNtCs1fnJ7Q7HbNJ_20shuthost_coordinator4auth4oidc10oidc_login00B9_
FN:152,_RNCNCNvNtNtCs1fnJ7Q7HbNJ_20shuthost_coordinator4auth4oidc10oidc_login0s_0B9_
FN:76,_RNCNCNvNtNtCs1fnJ7Q7HbNJ_20shuthost_coordinator4auth4oidc17build_oidc_client00B9_
FN:88,_RNCNCNvNtNtCs1fnJ7Q7HbNJ_20shuthost_coordinator4auth4oidc17build_oidc_client0s0_0B9_
FN:82,_RNCNCNvNtNtCs1fnJ7Q7HbNJ_20shuthost_coordinator4auth4oidc17build_oidc_client0s_0B9_
FN:128,_RNCNvNtNtCs1fnJ7Q7HbNJ_20shuthost_coordinator4auth4oidc10oidc_login0B7_
FN:403,_RNCNvNtNtCs1fnJ7Q7HbNJ_20shuthost_coordinator4auth4oidc13oidc_callback0B7_
FN:37,_RNCNvNtNtCs1fnJ7Q7HbNJ_20shuthost_coordinator4auth4oidc14request_origin0B7_
FN:42,_RNCNvNtNtCs1fnJ7Q7HbNJ_20shuthost_coordinator4auth4oidc14request_origins_0B7_
FN:267,_RNCNvNtNtCs1fnJ7Q7HbNJ_20shuthost_coordinator4auth4oidc16pkce_from_cookie0B7_
FN:71,_RNCNvNtNtCs1fnJ7Q7HbNJ_20shuthost_coordinator4auth4oidc17build_oidc_client0B7_
FN:272,_RNCNvNtNtCs1fnJ7Q7HbNJ_20shuthost_coordinator4auth4oidc17nonce_from_cookie0B7_
FN:48,_RNCNvNtNtCs1fnJ7Q7HbNJ_20shuthost_coordinator4auth4oidc18build_redirect_url0B7_
FN:323,_RNCNvNtNtCs1fnJ7Q7HbNJ_20shuthost_coordinator4auth4oidc23exchange_code_for_token0B7_
FN:288,_RNCNvNtNtCs1fnJ7Q7HbNJ_20shuthost_coordinator4auth4oidc29finalize_session_and_redirect0B7_
FN:289,_RNCNvNtNtCs1fnJ7Q7HbNJ_20shuthost_coordinator4auth4oidc29finalize_session_and_redirects_0B7_
FN:375,_RNCNvNtNtCs1fnJ7Q7HbNJ_20shuthost_coordinator4auth4oidc31process_token_and_build_session0B7_
FN:151,_RNCNCNvNtNtCs4GIG88jc4nQ_20shuthost_coordinator4auth4oidc10oidc_login00B9_
FN:152,_RNCNCNvNtNtCs4GIG88jc4nQ_20shuthost_coordinator4auth4oidc10oidc_login0s_0B9_
FN:76,_RNCNCNvNtNtCs4GIG88jc4nQ_20shuthost_coordinator4auth4oidc17build_oidc_client00B9_
FN:88,_RNCNCNvNtNtCs4GIG88jc4nQ_20shuthost_coordinator4auth4oidc17build_oidc_client0s0_0B9_
FN:82,_RNCNCNvNtNtCs4GIG88jc4nQ_20shuthost_coordinator4auth4oidc17build_oidc_client0s_0B9_
FN:128,_RNCNvNtNtCs4GIG88jc4nQ_20shuthost_coordinator4auth4oidc10oidc_login0B7_
FN:403,_RNCNvNtNtCs4GIG88jc4nQ_20shuthost_coordinator4auth4oidc13oidc_callback0B7_
FN:37,_RNCNvNtNtCs4GIG88jc4nQ_20shuthost_coordinator4auth4oidc14request_origin0B7_
FN:42,_RNCNvNtNtCs4GIG88jc4nQ_20shuthost_coordinator4auth4oidc14request_origins_0B7_
FN:267,_RNCNvNtNtCs4GIG88jc4nQ_20shuthost_coordinator4auth4oidc16pkce_from_cookie0B7_
FN:71,_RNCNvNtNtCs4GIG88jc4nQ_20shuthost_coordinator4auth4oidc17build_oidc_client0B7_
FN:272,_RNCNvNtNtCs4GIG88jc4nQ_20shuthost_coordinator4auth4oidc17nonce_from_cookie0B7_
FN:48,_RNCNvNtNtCs4GIG88jc4nQ_20shuthost_coordinator4auth4oidc18build_redirect_url0B7_
FN:323,_RNCNvNtNtCs4GIG88jc4nQ_20shuthost_coordinator4auth4oidc23exchange_code_for_token0B7_
FN:288,_RNCNvNtNtCs4GIG88jc4nQ_20shuthost_coordinator4auth4oidc29finalize_session_and_redirect0B7_
FN:289,_RNCNvNtNtCs4GIG88jc4nQ_20shuthost_coordinator4auth4oidc29finalize_session_and_redirects_0B7_
FN:375,_RNCNvNtNtCs4GIG88jc4nQ_20shuthost_coordinator4auth4oidc31process_token_and_build_session0B7_
FN:122,_RNvNtNtCs4GIG88jc4nQ_20shuthost_coordinator4auth4oidc10oidc_login
FN:393,_RNvNtNtCs4GIG88jc4nQ_20shuthost_coordinator4auth4oidc13oidc_callback
FN:34,_RNvNtNtCs4GIG88jc4nQ_20shuthost_coordinator4auth4oidc14request_origin
FN:265,_RNvNtNtCs4GIG88jc4nQ_20shuthost_coordinator4auth4oidc16pkce_from_cookie
FN:66,_RNvNtNtCs4GIG88jc4nQ_20shuthost_coordinator4auth4oidc17build_oidc_client
FN:270,_RNvNtNtCs4GIG88jc4nQ_20shuthost_coordinator4auth4oidc17nonce_from_cookie
FN:47,_RNvNtNtCs4GIG88jc4nQ_20shuthost_coordinator4auth4oidc18build_redirect_url
FN:235,_RNvNtNtCs4GIG88jc4nQ_20shuthost_coordinator4auth4oidc20login_error_response
FN:295,_RNvNtNtCs4GIG88jc4nQ_20shuthost_coordinator4auth4oidc21handle_provider_error
FN:337,_RNvNtNtCs4GIG88jc4nQ_20shuthost_coordinator4auth4oidc22id_token_from_response
FN:318,_RNvNtNtCs4GIG88jc4nQ_20shuthost_coordinator4auth4oidc23exchange_code_for_token
FN:308,_RNvNtNtCs4GIG88jc4nQ_20shuthost_coordinator4auth4oidc26extract_authorization_code
FN:246,_RNvNtNtCs4GIG88jc4nQ_20shuthost_coordinator4auth4oidc26validate_state_or_redirect
FN:239,_RNvNtNtCs4GIG88jc4nQ_20shuthost_coordinator4auth4oidc28clear_oidc_ephemeral_cookies
FN:275,_RNvNtNtCs4GIG88jc4nQ_20shuthost_coordinator4auth4oidc29finalize_session_and_redirect
FN:370,_RNvNtNtCs4GIG88jc4nQ_20shuthost_coordinator4auth4oidc31process_token_and_build_session
FN:349,_RNvNtNtCs4GIG88jc4nQ_20shuthost_coordinator4auth4oidc33verify_id_token_and_build_session
FNDA:0,_RNCNCNvNtNtCs9GpJgfmEwWw_20shuthost_coordinator4auth4oidc10oidc_login00B9_
FNDA:0,_RNCNCNvNtNtCs9GpJgfmEwWw_20shuthost_coordinator4auth4oidc10oidc_login0s_0B9_
FNDA:0,_RNCNCNvNtNtCs9GpJgfmEwWw_20shuthost_coordinator4auth4oidc17build_oidc_client00B9_
FNDA:0,_RNCNCNvNtNtCs9GpJgfmEwWw_20shuthost_coordinator4auth4oidc17build_oidc_client0s0_0B9_
FNDA:0,_RNCNCNvNtNtCs9GpJgfmEwWw_20shuthost_coordinator4auth4oidc17build_oidc_client0s_0B9_
FNDA:0,_RNCNvNtNtCs9GpJgfmEwWw_20shuthost_coordinator4auth4oidc10oidc_login0B7_
FNDA:0,_RNCNvNtNtCs9GpJgfmEwWw_20shuthost_coordinator4auth4oidc13oidc_callback0B7_
FNDA:0,_RNCNvNtNtCs9GpJgfmEwWw_20shuthost_coordinator4auth4oidc14request_origin0B7_
FNDA:0,_RNCNvNtNtCs9GpJgfmEwWw_20shuthost_coordinator4auth4oidc14request_origins_0B7_
FNDA:0,_RNCNvNtNtCs9GpJgfmEwWw_20shuthost_coordinator4auth4oidc16pkce_from_cookie0B7_
FNDA:0,_RNCNvNtNtCs9GpJgfmEwWw_20shuthost_coordinator4auth4oidc17build_oidc_client0B7_
FNDA:0,_RNCNvNtNtCs9GpJgfmEwWw_20shuthost_coordinator4auth4oidc17nonce_from_cookie0B7_
FNDA:0,_RNCNvNtNtCs9GpJgfmEwWw_20shuthost_coordinator4auth4oidc18build_redirect_url0B7_
FNDA:0,_RNCNvNtNtCs9GpJgfmEwWw_20shuthost_coordinator4auth4oidc23exchange_code_for_token0B7_
FNDA:0,_RNCNvNtNtCs9GpJgfmEwWw_20shuthost_coordinator4auth4oidc29finalize_session_and_redirect0B7_
FNDA:0,_RNCNvNtNtCs9GpJgfmEwWw_20shuthost_coordinator4auth4oidc29finalize_session_and_redirects_0B7_
FNDA:0,_RNCNvNtNtCs9GpJgfmEwWw_20shuthost_coordinator4auth4oidc31process_token_and_build_session0B7_
FNDA:0,_RNvNtNtCs9GpJgfmEwWw_20shuthost_coordinator4auth4oidc10oidc_login
FNDA:0,_RNvNtNtCs9GpJgfmEwWw_20shuthost_coordinator4auth4oidc13oidc_callback
FNDA:0,_RNvNtNtCs9GpJgfmEwWw_20shuthost_coordinator4auth4oidc14request_origin
FNDA:0,_RNvNtNtCs9GpJgfmEwWw_20shuthost_coordinator4auth4oidc16pkce_from_cookie
FNDA:0,_RNvNtNtCs9GpJgfmEwWw_20shuthost_coordinator4auth4oidc17build_oidc_client
FNDA:0,_RNvNtNtCs9GpJgfmEwWw_20shuthost_coordinator4auth4oidc17nonce_from_cookie
FNDA:0,_RNvNtNtCs9GpJgfmEwWw_20shuthost_coordinator4auth4oidc18build_redirect_url
FNDA:0,_RNvNtNtCs9GpJgfmEwWw_20shuthost_coordinator4auth4oidc20login_error_response
FNDA:0,_RNvNtNtCs9GpJgfmEwWw_20shuthost_coordinator4auth4oidc21handle_provider_error
FNDA:0,_RNvNtNtCs9GpJgfmEwWw_20shuthost_coordinator4auth4oidc22id_token_from_response
FNDA:0,_RNvNtNtCs9GpJgfmEwWw_20shuthost_coordinator4auth4oidc23exchange_code_for_token
FNDA:0,_RNvNtNtCs9GpJgfmEwWw_20shuthost_coordinator4auth4oidc26extract_authorization_code
FNDA:0,_RNvNtNtCs9GpJgfmEwWw_20shuthost_coordinator4auth4oidc26validate_state_or_redirect
FNDA:0,_RNvNtNtCs9GpJgfmEwWw_20shuthost_coordinator4auth4oidc28clear_oidc_ephemeral_cookies
FNDA:0,_RNvNtNtCs9GpJgfmEwWw_20shuthost_coordinator4auth4oidc29finalize_session_and_redirect
FNDA:0,_RNvNtNtCs9GpJgfmEwWw_20shuthost_coordinator4auth4oidc31process_token_and_build_session
FNDA:0,_RNvNtNtCs9GpJgfmEwWw_20shuthost_coordinator4auth4oidc33verify_id_token_and_build_session
FNDA:0,_RNvNtNtCs1fnJ7Q7HbNJ_20shuthost_coordinator4auth4oidc10oidc_login
FNDA:0,_RNvNtNtCs1fnJ7Q7HbNJ_20shuthost_coordinator4auth4oidc13oidc_callback
FNDA:0,_RNvNtNtCs1fnJ7Q7HbNJ_20shuthost_coordinator4auth4oidc14request_origin
FNDA:0,_RNvNtNtCs1fnJ7Q7HbNJ_20shuthost_coordinator4auth4oidc16pkce_from_cookie
FNDA:0,_RNvNtNtCs1fnJ7Q7HbNJ_20shuthost_coordinator4auth4oidc17build_oidc_client
FNDA:0,_RNvNtNtCs1fnJ7Q7HbNJ_20shuthost_coordinator4auth4oidc17nonce_from_cookie
FNDA:0,_RNvNtNtCs1fnJ7Q7HbNJ_20shuthost_coordinator4auth4oidc18build_redirect_url
FNDA:0,_RNvNtNtCs1fnJ7Q7HbNJ_20shuthost_coordinator4auth4oidc20login_error_response
FNDA:0,_RNvNtNtCs1fnJ7Q7HbNJ_20shuthost_coordinator4auth4oidc21handle_provider_error
FNDA:0,_RNvNtNtCs1fnJ7Q7HbNJ_20shuthost_coordinator4auth4oidc22id_token_from_response
FNDA:0,_RNvNtNtCs1fnJ7Q7HbNJ_20shuthost_coordinator4auth4oidc23exchange_code_for_token
FNDA:0,_RNvNtNtCs1fnJ7Q7HbNJ_20shuthost_coordinator4auth4oidc26extract_authorization_code
FNDA:0,_RNvNtNtCs1fnJ7Q7HbNJ_20shuthost_coordinator4auth4oidc26validate_state_or_redirect
FNDA:0,_RNvNtNtCs1fnJ7Q7HbNJ_20shuthost_coordinator4auth4oidc28clear_oidc_ephemeral_cookies
FNDA:0,_RNvNtNtCs1fnJ7Q7HbNJ_20shuthost_coordinator4auth4oidc29finalize_session_and_redirect
FNDA:0,_RNvNtNtCs1fnJ7Q7HbNJ_20shuthost_coordinator4auth4oidc31process_token_and_build_session
FNDA:0,_RNvNtNtCs1fnJ7Q7HbNJ_20shuthost_coordinator4auth4oidc33verify_id_token_and_build_session
FNDA:0,_RNCNCNvNtNtCs1fnJ7Q7HbNJ_20shuthost_coordinator4auth4oidc10oidc_login00B9_
FNDA:0,_RNCNCNvNtNtCs1fnJ7Q7HbNJ_20shuthost_coordinator4auth4oidc10oidc_login0s_0B9_
FNDA:0,_RNCNCNvNtNtCs1fnJ7Q7HbNJ_20shuthost_coordinator4auth4oidc17build_oidc_client00B9_
FNDA:0,_RNCNCNvNtNtCs1fnJ7Q7HbNJ_20shuthost_coordinator4auth4oidc17build_oidc_client0s0_0B9_
FNDA:0,_RNCNCNvNtNtCs1fnJ7Q7HbNJ_20shuthost_coordinator4auth4oidc17build_oidc_client0s_0B9_
FNDA:0,_RNCNvNtNtCs1fnJ7Q7HbNJ_20shuthost_coordinator4auth4oidc10oidc_login0B7_
FNDA:0,_RNCNvNtNtCs1fnJ7Q7HbNJ_20shuthost_coordinator4auth4oidc13oidc_callback0B7_
FNDA:0,_RNCNvNtNtCs1fnJ7Q7HbNJ_20shuthost_coordinator4auth4oidc14request_origin0B7_
FNDA:0,_RNCNvNtNtCs1fnJ7Q7HbNJ_20shuthost_coordinator4auth4oidc14request_origins_0B7_
FNDA:0,_RNCNvNtNtCs1fnJ7Q7HbNJ_20shuthost_coordinator4auth4oidc16pkce_from_cookie0B7_
FNDA:0,_RNCNvNtNtCs1fnJ7Q7HbNJ_20shuthost_coordinator4auth4oidc17build_oidc_client0B7_
FNDA:0,_RNCNvNtNtCs1fnJ7Q7HbNJ_20shuthost_coordinator4auth4oidc17nonce_from_cookie0B7_
FNDA:0,_RNCNvNtNtCs1fnJ7Q7HbNJ_20shuthost_coordinator4auth4oidc18build_redirect_url0B7_
FNDA:0,_RNCNvNtNtCs1fnJ7Q7HbNJ_20shuthost_coordinator4auth4oidc23exchange_code_for_token0B7_
FNDA:0,_RNCNvNtNtCs1fnJ7Q7HbNJ_20shuthost_coordinator4auth4oidc29finalize_session_and_redirect0B7_
FNDA:0,_RNCNvNtNtCs1fnJ7Q7HbNJ_20shuthost_coordinator4auth4oidc29finalize_session_and_redirects_0B7_
FNDA:0,_RNCNvNtNtCs1fnJ7Q7HbNJ_20shuthost_coordinator4auth4oidc31process_token_and_build_session0B7_
FNDA:0,_RNCNCNvNtNtCs4GIG88jc4nQ_20shuthost_coordinator4auth4oidc10oidc_login00B9_
FNDA:0,_RNCNCNvNtNtCs4GIG88jc4nQ_20shuthost_coordinator4auth4oidc10oidc_login0s_0B9_
FNDA:0,_RNCNCNvNtNtCs4GIG88jc4nQ_20shuthost_coordinator4auth4oidc17build_oidc_client00B9_
FNDA:0,_RNCNCNvNtNtCs4GIG88jc4nQ_20shuthost_coordinator4auth4oidc17build_oidc_client0s0_0B9_
FNDA:0,_RNCNCNvNtNtCs4GIG88jc4nQ_20shuthost_coordinator4auth4oidc17build_oidc_client0s_0B9_
FNDA:0,_RNCNvNtNtCs4GIG88jc4nQ_20shuthost_coordinator4auth4oidc10oidc_login0B7_
FNDA:0,_RNCNvNtNtCs4GIG88jc4nQ_20shuthost_coordinator4auth4oidc13oidc_callback0B7_
FNDA:0,_RNCNvNtNtCs4GIG88jc4nQ_20shuthost_coordinator4auth4oidc14request_origin0B7_
FNDA:0,_RNCNvNtNtCs4GIG88jc4nQ_20shuthost_coordinator4auth4oidc14request_origins_0B7_
FNDA:0,_RNCNvNtNtCs4GIG88jc4nQ_20shuthost_coordinator4auth4oidc16pkce_from_cookie0B7_
FNDA:0,_RNCNvNtNtCs4GIG88jc4nQ_20shuthost_coordinator4auth4oidc17build_oidc_client0B7_
FNDA:0,_RNCNvNtNtCs4GIG88jc4nQ_20shuthost_coordinator4auth4oidc17nonce_from_cookie0B7_
FNDA:0,_RNCNvNtNtCs4GIG88jc4nQ_20shuthost_coordinator4auth4oidc18build_redirect_url0B7_
FNDA:0,_RNCNvNtNtCs4GIG88jc4nQ_20shuthost_coordinator4auth4oidc23exchange_code_for_token0B7_
FNDA:0,_RNCNvNtNtCs4GIG88jc4nQ_20shuthost_coordinator4auth4oidc29finalize_session_and_redirect0B7_
FNDA:0,_RNCNvNtNtCs4GIG88jc4nQ_20shuthost_coordinator4auth4oidc29finalize_session_and_redirects_0B7_
FNDA:0,_RNCNvNtNtCs4GIG88jc4nQ_20shuthost_coordinator4auth4oidc31process_token_and_build_session0B7_
FNDA:0,_RNvNtNtCs4GIG88jc4nQ_20shuthost_coordinator4auth4oidc10oidc_login
FNDA:0,_RNvNtNtCs4GIG88jc4nQ_20shuthost_coordinator4auth4oidc13oidc_callback
FNDA:0,_RNvNtNtCs4GIG88jc4nQ_20shuthost_coordinator4auth4oidc14request_origin
FNDA:0,_RNvNtNtCs4GIG88jc4nQ_20shuthost_coordinator4auth4oidc16pkce_from_cookie
FNDA:0,_RNvNtNtCs4GIG88jc4nQ_20shuthost_coordinator4auth4oidc17build_oidc_client
FNDA:0,_RNvNtNtCs4GIG88jc4nQ_20shuthost_coordinator4auth4oidc17nonce_from_cookie
FNDA:0,_RNvNtNtCs4GIG88jc4nQ_20shuthost_coordinator4auth4oidc18build_redirect_url
FNDA:0,_RNvNtNtCs4GIG88jc4nQ_20shuthost_coordinator4auth4oidc20login_error_response
FNDA:0,_RNvNtNtCs4GIG88jc4nQ_20shuthost_coordinator4auth4oidc21handle_provider_error
FNDA:0,_RNvNtNtCs4GIG88jc4nQ_20shuthost_coordinator4auth4oidc22id_token_from_response
FNDA:0,_RNvNtNtCs4GIG88jc4nQ_20shuthost_coordinator4auth4oidc23exchange_code_for_token
FNDA:0,_RNvNtNtCs4GIG88jc4nQ_20shuthost_coordinator4auth4oidc26extract_authorization_code
FNDA:0,_RNvNtNtCs4GIG88jc4nQ_20shuthost_coordinator4auth4oidc26validate_state_or_redirect
FNDA:0,_RNvNtNtCs4GIG88jc4nQ_20shuthost_coordinator4auth4oidc28clear_oidc_ephemeral_cookies
FNDA:0,_RNvNtNtCs4GIG88jc4nQ_20shuthost_coordinator4auth4oidc29finalize_session_and_redirect
FNDA:0,_RNvNtNtCs4GIG88jc4nQ_20shuthost_coordinator4auth4oidc31process_token_and_build_session
FNDA:0,_RNvNtNtCs4GIG88jc4nQ_20shuthost_coordinator4auth4oidc33verify_id_token_and_build_session
FNF:34
FNH:0
DA:34,0
DA:35,0
DA:36,0
DA:37,0
DA:38,0
DA:39,0
DA:40,0
DA:41,0
DA:42,0
DA:43,0
DA:44,0
DA:45,0
DA:47,0
DA:48,0
DA:49,0
DA:50,0
DA:51,0
DA:52,0
DA:53,0
DA:54,0
DA:66,0
DA:67,0
DA:68,0
DA:69,0
DA:70,0
DA:71,0
DA:73,0
DA:74,0
DA:75,0
DA:76,0
DA:77,0
DA:78,0
DA:79,0
DA:82,0
DA:83,0
DA:84,0
DA:85,0
DA:86,0
DA:87,0
DA:88,0
DA:89,0
DA:90,0
DA:91,0
DA:94,0
DA:95,0
DA:96,0
DA:97,0
DA:99,0
DA:100,0
DA:101,0
DA:103,0
DA:104,0
DA:107,0
DA:108,0
DA:109,0
DA:110,0
DA:112,0
DA:113,0
DA:114,0
DA:118,0
DA:119,0
DA:122,0
DA:123,0
DA:124,0
DA:125,0
DA:126,0
DA:127,0
DA:128,0
DA:130,0
DA:131,0
DA:132,0
DA:133,0
DA:134,0
DA:136,0
DA:140,0
DA:141,0
DA:142,0
DA:143,0
DA:145,0
DA:146,0
DA:147,0
DA:148,0
DA:149,0
DA:150,0
DA:151,0
DA:152,0
DA:153,0
DA:154,0
DA:155,0
DA:156,0
DA:158,0
DA:159,0
DA:160,0
DA:161,0
DA:163,0
DA:164,0
DA:167,0
DA:169,0
DA:170,0
DA:171,0
DA:175,0
DA:176,0
DA:177,0
DA:178,0
DA:182,0
DA:184,0
DA:185,0
DA:186,0
DA:187,0
DA:188,0
DA:189,0
DA:190,0
DA:191,0
DA:192,0
DA:193,0
DA:195,0
DA:196,0
DA:197,0
DA:198,0
DA:199,0
DA:200,0
DA:201,0
DA:202,0
DA:204,0
DA:205,0
DA:206,0
DA:207,0
DA:208,0
DA:209,0
DA:210,0
DA:211,0
DA:214,0
DA:215,0
DA:216,0
DA:235,0
DA:236,0
DA:237,0
DA:239,0
DA:240,0
DA:241,0
DA:242,0
DA:243,0
DA:246,0
DA:247,0
DA:248,0
DA:249,0
DA:250,0
DA:251,0
DA:252,0
DA:254,0
DA:255,0
DA:256,0
DA:258,0
DA:259,0
DA:260,0
DA:261,0
DA:262,0
DA:263,0
DA:265,0
DA:266,0
DA:267,0
DA:268,0
DA:270,0
DA:271,0
DA:272,0
DA:273,0
DA:275,0
DA:276,0
DA:277,0
DA:278,0
DA:279,0
DA:280,0
DA:281,0
DA:282,0
DA:283,0
DA:284,0
DA:286,0
DA:287,0
DA:288,0
DA:289,0
DA:290,0
DA:291,0
DA:292,0
DA:295,0
DA:296,0
DA:297,0
DA:298,0
DA:299,0
DA:300,0
DA:301,0
DA:302,0
DA:303,0
DA:304,0
DA:305,0
DA:306,0
DA:308,0
DA:309,0
DA:310,0
DA:312,0
DA:313,0
DA:316,0
DA:318,0
DA:319,0
DA:320,0
DA:321,0
DA:322,0
DA:323,0
DA:324,0
DA:325,0
DA:326,0
DA:327,0
DA:328,0
DA:329,0
DA:330,0
DA:331,0
DA:332,0
DA:335,0
DA:337,0
DA:338,0
DA:339,0
DA:340,0
DA:341,0
DA:343,0
DA:344,0
DA:347,0
DA:349,0
DA:350,0
DA:351,0
DA:352,0
DA:353,0
DA:354,0
DA:355,0
DA:356,0
DA:357,0
DA:358,0
DA:359,0
DA:360,0
DA:361,0
DA:364,0
DA:365,0
DA:366,0
DA:367,0
DA:370,0
DA:371,0
DA:372,0
DA:373,0
DA:374,0
DA:375,0
DA:376,0
DA:377,0
DA:378,0
DA:379,0
DA:381,0
DA:382,0
DA:383,0
DA:384,0
DA:386,0
DA:387,0
DA:388,0
DA:389,0
DA:390,0
DA:393,0
DA:394,0
DA:395,0
DA:396,0
DA:397,0
DA:398,0
DA:399,0
DA:400,0
DA:401,0
DA:402,0
DA:403,0
DA:405,0
DA:406,0
DA:407,0
DA:409,0
DA:411,0
DA:414,0
DA:415,0
DA:416,0
DA:418,0
DA:419,0
DA:420,0
DA:422,0
DA:423,0
DA:424,0
DA:428,0
DA:429,0
DA:430,0
DA:432,0
DA:433,0
DA:434,0
DA:435,0
DA:436,0
DA:437,0
DA:438,0
DA:440,0
DA:441,0
DA:444,0
DA:445,0
BRF:0
BRH:0
LF:320
LH:0
end_of_record
SF:/home/smaier/workspace/private/shuthost/coordinator/src/auth/routes.rs
FN:127,_RNCNCNvNtNtCs9GpJgfmEwWw_20shuthost_coordinator4auth6routes6logout00B9_
FN:131,_RNCNCNvNtNtCs9GpJgfmEwWw_20shuthost_coordinator4auth6routes6logout0s_0B9_
FN:64,_RNCNCNvNtNtCs9GpJgfmEwWw_20shuthost_coordinator4auth6routes9login_get00B9_
FN:66,_RNCNCNvNtNtCs9GpJgfmEwWw_20shuthost_coordinator4auth6routes9login_get0s_0B9_
FN:114,_RNCNvNtNtCs9GpJgfmEwWw_20shuthost_coordinator4auth6routes6logout0B7_
FN:57,_RNCNvNtNtCs9GpJgfmEwWw_20shuthost_coordinator4auth6routes9login_get0B7_
FN:171,_RNvMNtNtCs9GpJgfmEwWw_20shuthost_coordinator4auth6routesNtB2_18TokenSessionClaims10is_expired
FN:175,_RNvMNtNtCs9GpJgfmEwWw_20shuthost_coordinator4auth6routesNtB2_18TokenSessionClaims13matches_token
FN:156,_RNvMNtNtCs9GpJgfmEwWw_20shuthost_coordinator4auth6routesNtB2_18TokenSessionClaims3new
FN:195,_RNvMs_NtNtCs9GpJgfmEwWw_20shuthost_coordinator4auth6routesNtB4_17OIDCSessionClaims10is_expired
FN:33,_RNvNtNtCs9GpJgfmEwWw_20shuthost_coordinator4auth6routes13public_routes
FN:114,_RNvNtNtCs9GpJgfmEwWw_20shuthost_coordinator4auth6routes6logout
FN:201,_RNvNtNtCs9GpJgfmEwWw_20shuthost_coordinator4auth6routes6now_ts
FN:53,_RNvNtNtCs9GpJgfmEwWw_20shuthost_coordinator4auth6routes9login_get
FN:127,_RNCNCNvNtNtCs1fnJ7Q7HbNJ_20shuthost_coordinator4auth6routes6logout00B9_
FN:131,_RNCNCNvNtNtCs1fnJ7Q7HbNJ_20shuthost_coordinator4auth6routes6logout0s_0B9_
FN:64,_RNCNCNvNtNtCs1fnJ7Q7HbNJ_20shuthost_coordinator4auth6routes9login_get00B9_
FN:66,_RNCNCNvNtNtCs1fnJ7Q7HbNJ_20shuthost_coordinator4auth6routes9login_get0s_0B9_
FN:114,_RNCNvNtNtCs1fnJ7Q7HbNJ_20shuthost_coordinator4auth6routes6logout0B7_
FN:57,_RNCNvNtNtCs1fnJ7Q7HbNJ_20shuthost_coordinator4auth6routes9login_get0B7_
FN:171,_RNvMNtNtCs1fnJ7Q7HbNJ_20shuthost_coordinator4auth6routesNtB2_18TokenSessionClaims10is_expired
FN:175,_RNvMNtNtCs1fnJ7Q7HbNJ_20shuthost_coordinator4auth6routesNtB2_18TokenSessionClaims13matches_token
FN:156,_RNvMNtNtCs1fnJ7Q7HbNJ_20shuthost_coordinator4auth6routesNtB2_18TokenSessionClaims3new
FN:195,_RNvMs_NtNtCs1fnJ7Q7HbNJ_20shuthost_coordinator4auth6routesNtB4_17OIDCSessionClaims10is_expired
FN:33,_RNvNtNtCs1fnJ7Q7HbNJ_20shuthost_coordinator4auth6routes13public_routes
FN:114,_RNvNtNtCs1fnJ7Q7HbNJ_20shuthost_coordinator4auth6routes6logout
FN:201,_RNvNtNtCs1fnJ7Q7HbNJ_20shuthost_coordinator4auth6routes6now_ts
FN:53,_RNvNtNtCs1fnJ7Q7HbNJ_20shuthost_coordinator4auth6routes9login_get
FN:127,_RNCNCNvNtNtCs4GIG88jc4nQ_20shuthost_coordinator4auth6routes6logout00B9_
FN:131,_RNCNCNvNtNtCs4GIG88jc4nQ_20shuthost_coordinator4auth6routes6logout0s_0B9_
FN:64,_RNCNCNvNtNtCs4GIG88jc4nQ_20shuthost_coordinator4auth6routes9login_get00B9_
FN:66,_RNCNCNvNtNtCs4GIG88jc4nQ_20shuthost_coordinator4auth6routes9login_get0s_0B9_
FN:114,_RNCNvNtNtCs4GIG88jc4nQ_20shuthost_coordinator4auth6routes6logout0B7_
FN:57,_RNCNvNtNtCs4GIG88jc4nQ_20shuthost_coordinator4auth6routes9login_get0B7_
FN:171,_RNvMNtNtCs4GIG88jc4nQ_20shuthost_coordinator4auth6routesNtB2_18TokenSessionClaims10is_expired
FN:175,_RNvMNtNtCs4GIG88jc4nQ_20shuthost_coordinator4auth6routesNtB2_18TokenSessionClaims13matches_token
FN:156,_RNvMNtNtCs4GIG88jc4nQ_20shuthost_coordinator4auth6routesNtB2_18TokenSessionClaims3new
FN:195,_RNvMs_NtNtCs4GIG88jc4nQ_20shuthost_coordinator4auth6routesNtB4_17OIDCSessionClaims10is_expired
FN:33,_RNvNtNtCs4GIG88jc4nQ_20shuthost_coordinator4auth6routes13public_routes
FN:114,_RNvNtNtCs4GIG88jc4nQ_20shuthost_coordinator4auth6routes6logout
FN:201,_RNvNtNtCs4GIG88jc4nQ_20shuthost_coordinator4auth6routes6now_ts
FN:53,_RNvNtNtCs4GIG88jc4nQ_20shuthost_coordinator4auth6routes9login_get
FNDA:0,_RNCNCNvNtNtCs9GpJgfmEwWw_20shuthost_coordinator4auth6routes6logout00B9_
FNDA:0,_RNCNCNvNtNtCs9GpJgfmEwWw_20shuthost_coordinator4auth6routes6logout0s_0B9_
FNDA:0,_RNCNCNvNtNtCs9GpJgfmEwWw_20shuthost_coordinator4auth6routes9login_get00B9_
FNDA:0,_RNCNCNvNtNtCs9GpJgfmEwWw_20shuthost_coordinator4auth6routes9login_get0s_0B9_
FNDA:0,_RNCNvNtNtCs9GpJgfmEwWw_20shuthost_coordinator4auth6routes6logout0B7_
FNDA:0,_RNCNvNtNtCs9GpJgfmEwWw_20shuthost_coordinator4auth6routes9login_get0B7_
FNDA:1,_RNvMNtNtCs9GpJgfmEwWw_20shuthost_coordinator4auth6routesNtB2_18TokenSessionClaims10is_expired
FNDA:1,_RNvMNtNtCs9GpJgfmEwWw_20shuthost_coordinator4auth6routesNtB2_18TokenSessionClaims13matches_token
FNDA:1,_RNvMNtNtCs9GpJgfmEwWw_20shuthost_coordinator4auth6routesNtB2_18TokenSessionClaims3new
FNDA:0,_RNvMs_NtNtCs9GpJgfmEwWw_20shuthost_coordinator4auth6routesNtB4_17OIDCSessionClaims10is_expired
FNDA:15,_RNvNtNtCs9GpJgfmEwWw_20shuthost_coordinator4auth6routes13public_routes
FNDA:0,_RNvNtNtCs9GpJgfmEwWw_20shuthost_coordinator4auth6routes6logout
FNDA:2,_RNvNtNtCs9GpJgfmEwWw_20shuthost_coordinator4auth6routes6now_ts
FNDA:0,_RNvNtNtCs9GpJgfmEwWw_20shuthost_coordinator4auth6routes9login_get
FNDA:0,_RNCNCNvNtNtCs1fnJ7Q7HbNJ_20shuthost_coordinator4auth6routes6logout00B9_
FNDA:0,_RNCNCNvNtNtCs1fnJ7Q7HbNJ_20shuthost_coordinator4auth6routes6logout0s_0B9_
FNDA:0,_RNCNCNvNtNtCs1fnJ7Q7HbNJ_20shuthost_coordinator4auth6routes9login_get00B9_
FNDA:0,_RNCNCNvNtNtCs1fnJ7Q7HbNJ_20shuthost_coordinator4auth6routes9login_get0s_0B9_
FNDA:0,_RNCNvNtNtCs1fnJ7Q7HbNJ_20shuthost_coordinator4auth6routes6logout0B7_
FNDA:18,_RNCNvNtNtCs1fnJ7Q7HbNJ_20shuthost_coordinator4auth6routes9login_get0B7_
FNDA:0,_RNvMNtNtCs1fnJ7Q7HbNJ_20shuthost_coordinator4auth6routesNtB2_18TokenSessionClaims10is_expired
FNDA:0,_RNvMNtNtCs1fnJ7Q7HbNJ_20shuthost_coordinator4auth6routesNtB2_18TokenSessionClaims13matches_token
FNDA:0,_RNvMNtNtCs1fnJ7Q7HbNJ_20shuthost_coordinator4auth6routesNtB2_18TokenSessionClaims3new
FNDA:0,_RNvMs_NtNtCs1fnJ7Q7HbNJ_20shuthost_coordinator4auth6routesNtB4_17OIDCSessionClaims10is_expired
FNDA:55,_RNvNtNtCs1fnJ7Q7HbNJ_20shuthost_coordinator4auth6routes13public_routes
FNDA:0,_RNvNtNtCs1fnJ7Q7HbNJ_20shuthost_coordinator4auth6routes6logout
FNDA:0,_RNvNtNtCs1fnJ7Q7HbNJ_20shuthost_coordinator4auth6routes6now_ts
FNDA:18,_RNvNtNtCs1fnJ7Q7HbNJ_20shuthost_coordinator4auth6routes9login_get
FNDA:0,_RNCNCNvNtNtCs4GIG88jc4nQ_20shuthost_coordinator4auth6routes6logout00B9_
FNDA:0,_RNCNCNvNtNtCs4GIG88jc4nQ_20shuthost_coordinator4auth6routes6logout0s_0B9_
FNDA:0,_RNCNCNvNtNtCs4GIG88jc4nQ_20shuthost_coordinator4auth6routes9login_get00B9_
FNDA:0,_RNCNCNvNtNtCs4GIG88jc4nQ_20shuthost_coordinator4auth6routes9login_get0s_0B9_
FNDA:0,_RNCNvNtNtCs4GIG88jc4nQ_20shuthost_coordinator4auth6routes6logout0B7_
FNDA:0,_RNCNvNtNtCs4GIG88jc4nQ_20shuthost_coordinator4auth6routes9login_get0B7_
FNDA:0,_RNvMNtNtCs4GIG88jc4nQ_20shuthost_coordinator4auth6routesNtB2_18TokenSessionClaims10is_expired
FNDA:0,_RNvMNtNtCs4GIG88jc4nQ_20shuthost_coordinator4auth6routesNtB2_18TokenSessionClaims13matches_token
FNDA:0,_RNvMNtNtCs4GIG88jc4nQ_20shuthost_coordinator4auth6routesNtB2_18TokenSessionClaims3new
FNDA:0,_RNvMs_NtNtCs4GIG88jc4nQ_20shuthost_coordinator4auth6routesNtB4_17OIDCSessionClaims10is_expired
FNDA:0,_RNvNtNtCs4GIG88jc4nQ_20shuthost_coordinator4auth6routes13public_routes
FNDA:0,_RNvNtNtCs4GIG88jc4nQ_20shuthost_coordinator4auth6routes6logout
FNDA:0,_RNvNtNtCs4GIG88jc4nQ_20shuthost_coordinator4auth6routes6now_ts
FNDA:0,_RNvNtNtCs4GIG88jc4nQ_20shuthost_coordinator4auth6routes9login_get
FNF:14
FNH:7
DA:33,70
DA:36,70
DA:38,70
DA:39,70
DA:40,70
DA:42,70
DA:43,70
DA:44,70
DA:46,70
DA:48,70
DA:49,70
DA:50,70
DA:53,18
DA:54,18
DA:55,18
DA:56,18
DA:57,18
DA:61,18
DA:62,18
DA:63,9
DA:64,9
DA:66,9
DA:71,0
DA:72,0
DA:74,18
DA:75,0
DA:76,18
DA:78,18
DA:79,8
DA:80,0
DA:82,8
DA:83,0
DA:85,8
DA:86,0
DA:88,8
DA:89,0
DA:91,8
DA:92,8
DA:94,0
DA:95,10
DA:98,18
DA:99,9
DA:100,9
DA:101,0
DA:104,18
DA:105,18
DA:106,18
DA:107,18
DA:108,18
DA:109,18
DA:110,18
DA:111,18
DA:114,0
DA:116,0
DA:117,0
DA:118,0
DA:121,0
DA:127,0
DA:128,0
DA:129,0
DA:130,0
DA:131,0
DA:132,0
DA:133,0
DA:135,0
DA:136,0
DA:137,0
DA:139,0
DA:140,0
DA:141,0
DA:143,0
DA:144,0
DA:145,0
DA:156,1
DA:157,1
DA:158,1
DA:159,1
DA:160,1
DA:161,1
DA:162,1
DA:163,1
DA:164,1
DA:165,1
DA:166,1
DA:167,1
DA:168,1
DA:171,1
DA:172,1
DA:173,1
DA:175,1
DA:176,1
DA:177,1
DA:178,1
DA:179,1
DA:180,1
DA:195,0
DA:196,0
DA:197,0
DA:201,2
DA:202,2
DA:203,2
DA:204,2
DA:205,2
DA:206,2
BRF:0
BRH:0
LF:110
LH:72
end_of_record
SF:/home/smaier/workspace/private/shuthost/coordinator/src/auth/token.rs
FN:34,_RNCNvNtNtCs9GpJgfmEwWw_20shuthost_coordinator4auth5token10login_post0B7_
FN:27,_RNvNtNtCs9GpJgfmEwWw_20shuthost_coordinator4auth5token10login_post
FN:34,_RNCNvNtNtCs1fnJ7Q7HbNJ_20shuthost_coordinator4auth5token10login_post0B7_
FN:27,_RNvNtNtCs1fnJ7Q7HbNJ_20shuthost_coordinator4auth5token10login_post
FN:34,_RNCNvNtNtCs4GIG88jc4nQ_20shuthost_coordinator4auth5token10login_post0B7_
FN:27,_RNvNtNtCs4GIG88jc4nQ_20shuthost_coordinator4auth5token10login_post
FNDA:3,_RNCNvNtNtCs9GpJgfmEwWw_20shuthost_coordinator4auth5token10login_post0B7_
FNDA:3,_RNvNtNtCs9GpJgfmEwWw_20shuthost_coordinator4auth5token10login_post
FNDA:0,_RNCNvNtNtCs1fnJ7Q7HbNJ_20shuthost_coordinator4auth5token10login_post0B7_
FNDA:0,_RNvNtNtCs1fnJ7Q7HbNJ_20shuthost_coordinator4auth5token10login_post
FNDA:0,_RNCNvNtNtCs4GIG88jc4nQ_20shuthost_coordinator4auth5token10login_post0B7_
FNDA:0,_RNvNtNtCs4GIG88jc4nQ_20shuthost_coordinator4auth5token10login_post
FNF:2
FNH:2
DA:27,3
DA:28,3
DA:29,3
DA:30,3
DA:31,3
DA:32,3
DA:33,3
DA:34,3
DA:36,3
DA:37,1
DA:38,0
DA:40,1
DA:41,2
DA:42,2
DA:44,2
DA:46,2
DA:47,1
DA:48,1
DA:49,1
DA:50,1
DA:52,1
DA:53,1
DA:56,1
DA:58,3
BRF:0
BRH:0
LF:25
LH:24
end_of_record
SF:/home/smaier/workspace/private/shuthost/coordinator/src/config/loader.rs
FN:21,_RINvNtNtCs9GpJgfmEwWw_20shuthost_coordinator6config6loader23load_coordinator_configRNtNtCscKkwsb9kWaL_3std4path4PathEB6_
FN:21,_RNCINvNtNtCs9GpJgfmEwWw_20shuthost_coordinator6config6loader23load_coordinator_configRNtNtCscKkwsb9kWaL_3std4path4PathE0B8_
FN:21,_RINvNtNtCs1fnJ7Q7HbNJ_20shuthost_coordinator6config6loader23load_coordinator_configRNtNtCscKkwsb9kWaL_3std4path4PathEB6_
FN:21,_RNCINvNtNtCs1fnJ7Q7HbNJ_20shuthost_coordinator6config6loader23load_coordinator_configRNtNtCscKkwsb9kWaL_3std4path4PathE0B8_
FN:21,_RINvNtNtCs4GIG88jc4nQ_20shuthost_coordinator6config6loader23load_coordinator_configRNtNtCscKkwsb9kWaL_3std4path7PathBufEB6_
FN:21,_RNCINvNtNtCs4GIG88jc4nQ_20shuthost_coordinator6config6loader23load_coordinator_configRNtNtCscKkwsb9kWaL_3std4path7PathBufE0B8_
FN:35,_RNCNvNtNtNtCs4GIG88jc4nQ_20shuthost_coordinator6config6loader5testss_33test_load_coordinator_config_file0B9_
FN:100,_RNCNvNtNtNtCs4GIG88jc4nQ_20shuthost_coordinator6config6loader5testss_34test_tls_empty_table_uses_defaults0B9_
FN:80,_RNCNvNtNtNtCs4GIG88jc4nQ_20shuthost_coordinator6config6loader5testss_37test_tls_absent_field_results_in_none0B9_
FN:72,_RNCNvNtNtNtCs4GIG88jc4nQ_20shuthost_coordinator6config6loader5testss_41test_load_coordinator_config_invalid_toml0B9_
FN:65,_RNCNvNtNtNtCs4GIG88jc4nQ_20shuthost_coordinator6config6loader5testss_41test_load_coordinator_config_missing_file0B9_
FN:35,_RNvNtNtNtCs4GIG88jc4nQ_20shuthost_coordinator6config6loader5testss_33test_load_coordinator_config_file
FN:128,_RNvNtNtNtCs4GIG88jc4nQ_20shuthost_coordinator6config6loader5testss_34test_tls_custom_values_deserialize
FN:100,_RNvNtNtNtCs4GIG88jc4nQ_20shuthost_coordinator6config6loader5testss_34test_tls_empty_table_uses_defaults
FN:80,_RNvNtNtNtCs4GIG88jc4nQ_20shuthost_coordinator6config6loader5testss_37test_tls_absent_field_results_in_none
FN:72,_RNvNtNtNtCs4GIG88jc4nQ_20shuthost_coordinator6config6loader5testss_41test_load_coordinator_config_invalid_toml
FN:65,_RNvNtNtNtCs4GIG88jc4nQ_20shuthost_coordinator6config6loader5testss_41test_load_coordinator_config_missing_file
FNDA:18,_RINvNtNtCs9GpJgfmEwWw_20shuthost_coordinator6config6loader23load_coordinator_configRNtNtCscKkwsb9kWaL_3std4path4PathEB6_
FNDA:18,_RNCINvNtNtCs9GpJgfmEwWw_20shuthost_coordinator6config6loader23load_coordinator_configRNtNtCscKkwsb9kWaL_3std4path4PathE0B8_
FNDA:55,_RINvNtNtCs1fnJ7Q7HbNJ_20shuthost_coordinator6config6loader23load_coordinator_configRNtNtCscKkwsb9kWaL_3std4path4PathEB6_
FNDA:55,_RNCINvNtNtCs1fnJ7Q7HbNJ_20shuthost_coordinator6config6loader23load_coordinator_configRNtNtCscKkwsb9kWaL_3std4path4PathE0B8_
FNDA:5,_RINvNtNtCs4GIG88jc4nQ_20shuthost_coordinator6config6loader23load_coordinator_configRNtNtCscKkwsb9kWaL_3std4path7PathBufEB6_
FNDA:5,_RNCINvNtNtCs4GIG88jc4nQ_20shuthost_coordinator6config6loader23load_coordinator_configRNtNtCscKkwsb9kWaL_3std4path7PathBufE0B8_
FNDA:1,_RNCNvNtNtNtCs4GIG88jc4nQ_20shuthost_coordinator6config6loader5testss_33test_load_coordinator_config_file0B9_
FNDA:1,_RNCNvNtNtNtCs4GIG88jc4nQ_20shuthost_coordinator6config6loader5testss_34test_tls_empty_table_uses_defaults0B9_
FNDA:1,_RNCNvNtNtNtCs4GIG88jc4nQ_20shuthost_coordinator6config6loader5testss_37test_tls_absent_field_results_in_none0B9_
FNDA:1,_RNCNvNtNtNtCs4GIG88jc4nQ_20shuthost_coordinator6config6loader5testss_41test_load_coordinator_config_invalid_toml0B9_
FNDA:1,_RNCNvNtNtNtCs4GIG88jc4nQ_20shuthost_coordinator6config6loader5testss_41test_load_coordinator_config_missing_file0B9_
FNDA:1,_RNvNtNtNtCs4GIG88jc4nQ_20shuthost_coordinator6config6loader5testss_33test_load_coordinator_config_file
FNDA:1,_RNvNtNtNtCs4GIG88jc4nQ_20shuthost_coordinator6config6loader5testss_34test_tls_custom_values_deserialize
FNDA:1,_RNvNtNtNtCs4GIG88jc4nQ_20shuthost_coordinator6config6loader5testss_34test_tls_empty_table_uses_defaults
FNDA:1,_RNvNtNtNtCs4GIG88jc4nQ_20shuthost_coordinator6config6loader5testss_37test_tls_absent_field_results_in_none
FNDA:1,_RNvNtNtNtCs4GIG88jc4nQ_20shuthost_coordinator6config6loader5testss_41test_load_coordinator_config_invalid_toml
FNDA:1,_RNvNtNtNtCs4GIG88jc4nQ_20shuthost_coordinator6config6loader5testss_41test_load_coordinator_config_missing_file
FNF:13
FNH:13
DA:21,75
DA:22,75
DA:23,75
DA:24,75
DA:25,73
DA:26,74
DA:27,73
DA:28,75
DA:35,1
DA:36,1
DA:37,1
DA:38,1
DA:39,1
DA:40,1
DA:41,1
DA:42,1
DA:43,1
DA:44,1
DA:45,1
DA:46,1
DA:47,1
DA:48,1
DA:49,1
DA:50,1
DA:51,1
DA:52,1
DA:53,1
DA:54,1
DA:55,1
DA:56,1
DA:57,1
DA:58,1
DA:59,1
DA:60,1
DA:61,1
DA:62,1
DA:65,1
DA:66,1
DA:67,1
DA:68,1
DA:69,1
DA:72,1
DA:73,1
DA:74,1
DA:75,1
DA:76,1
DA:77,1
DA:80,1
DA:81,1
DA:82,1
DA:83,1
DA:84,1
DA:85,1
DA:86,1
DA:87,1
DA:88,1
DA:89,1
DA:90,1
DA:91,1
DA:92,1
DA:93,1
DA:94,1
DA:95,1
DA:96,1
DA:97,1
DA:100,1
DA:101,1
DA:102,1
DA:103,1
DA:104,1
DA:105,1
DA:106,1
DA:107,1
DA:108,1
DA:109,1
DA:110,1
DA:111,1
DA:112,1
DA:113,1
DA:114,1
DA:115,1
DA:116,1
DA:117,1
DA:118,1
DA:119,1
DA:120,1
DA:121,1
DA:122,1
DA:123,1
DA:124,1
DA:125,1
DA:128,1
DA:129,1
DA:130,1
DA:131,1
DA:132,1
DA:133,1
DA:134,1
DA:135,1
DA:136,1
DA:137,1
DA:138,1
DA:139,1
DA:140,1
DA:141,1
DA:142,1
DA:143,1
DA:144,1
DA:145,1
DA:146,1
DA:147,1
DA:148,1
DA:149,1
BRF:0
BRH:0
LF:128
LH:126
end_of_record
SF:/home/smaier/workspace/private/shuthost/coordinator/src/config/types.rs
FN:125,_RNvNtNtCs9GpJgfmEwWw_20shuthost_coordinator6config5types12do_db_enable
FN:117,_RNvNtNtCs9GpJgfmEwWw_20shuthost_coordinator6config5types13do_tls_enable
FN:121,_RNvNtNtCs9GpJgfmEwWw_20shuthost_coordinator6config5types15default_db_path
FN:109,_RNvNtNtCs9GpJgfmEwWw_20shuthost_coordinator6config5types17relative_key_path
FN:104,_RNvNtNtCs9GpJgfmEwWw_20shuthost_coordinator6config5types18relative_cert_path
FN:155,_RNvNtNtCs9GpJgfmEwWw_20shuthost_coordinator6config5types19default_oidc_scopes
FN:113,_RNvNtNtCs9GpJgfmEwWw_20shuthost_coordinator6config5types22do_persist_self_signed
FN:73,_RNvXNtNtCs9GpJgfmEwWw_20shuthost_coordinator6config5typesNtB2_9TlsConfigNtNtCs5GmCzIpY9Qj_4core7default7Default7default
FN:96,_RNvXs_NtNtCs9GpJgfmEwWw_20shuthost_coordinator6config5typesNtB4_8DbConfigNtNtCs5GmCzIpY9Qj_4core7default7Default7default
FN:125,_RNvNtNtCs1fnJ7Q7HbNJ_20shuthost_coordinator6config5types12do_db_enable
FN:117,_RNvNtNtCs1fnJ7Q7HbNJ_20shuthost_coordinator6config5types13do_tls_enable
FN:121,_RNvNtNtCs1fnJ7Q7HbNJ_20shuthost_coordinator6config5types15default_db_path
FN:109,_RNvNtNtCs1fnJ7Q7HbNJ_20shuthost_coordinator6config5types17relative_key_path
FN:104,_RNvNtNtCs1fnJ7Q7HbNJ_20shuthost_coordinator6config5types18relative_cert_path
FN:155,_RNvNtNtCs1fnJ7Q7HbNJ_20shuthost_coordinator6config5types19default_oidc_scopes
FN:113,_RNvNtNtCs1fnJ7Q7HbNJ_20shuthost_coordinator6config5types22do_persist_self_signed
FN:73,_RNvXNtNtCs1fnJ7Q7HbNJ_20shuthost_coordinator6config5typesNtB2_9TlsConfigNtNtCs5GmCzIpY9Qj_4core7default7Default7default
FN:96,_RNvXs_NtNtCs1fnJ7Q7HbNJ_20shuthost_coordinator6config5typesNtB4_8DbConfigNtNtCs5GmCzIpY9Qj_4core7default7Default7default
FN:125,_RNvNtNtCs4GIG88jc4nQ_20shuthost_coordinator6config5types12do_db_enable
FN:117,_RNvNtNtCs4GIG88jc4nQ_20shuthost_coordinator6config5types13do_tls_enable
FN:121,_RNvNtNtCs4GIG88jc4nQ_20shuthost_coordinator6config5types15default_db_path
FN:109,_RNvNtNtCs4GIG88jc4nQ_20shuthost_coordinator6config5types17relative_key_path
FN:104,_RNvNtNtCs4GIG88jc4nQ_20shuthost_coordinator6config5types18relative_cert_path
FN:155,_RNvNtNtCs4GIG88jc4nQ_20shuthost_coordinator6config5types19default_oidc_scopes
FN:113,_RNvNtNtCs4GIG88jc4nQ_20shuthost_coordinator6config5types22do_persist_self_signed
FN:73,_RNvXNtNtCs4GIG88jc4nQ_20shuthost_coordinator6config5typesNtB2_9TlsConfigNtNtCs5GmCzIpY9Qj_4core7default7Default7default
FN:96,_RNvXs_NtNtCs4GIG88jc4nQ_20shuthost_coordinator6config5typesNtB4_8DbConfigNtNtCs5GmCzIpY9Qj_4core7default7Default7default
FNDA:0,_RNvNtNtCs9GpJgfmEwWw_20shuthost_coordinator6config5types12do_db_enable
FNDA:1,_RNvNtNtCs9GpJgfmEwWw_20shuthost_coordinator6config5types13do_tls_enable
FNDA:0,_RNvNtNtCs9GpJgfmEwWw_20shuthost_coordinator6config5types15default_db_path
FNDA:1,_RNvNtNtCs9GpJgfmEwWw_20shuthost_coordinator6config5types17relative_key_path
FNDA:1,_RNvNtNtCs9GpJgfmEwWw_20shuthost_coordinator6config5types18relative_cert_path
FNDA:0,_RNvNtNtCs9GpJgfmEwWw_20shuthost_coordinator6config5types19default_oidc_scopes
FNDA:1,_RNvNtNtCs9GpJgfmEwWw_20shuthost_coordinator6config5types22do_persist_self_signed
FNDA:0,_RNvXNtNtCs9GpJgfmEwWw_20shuthost_coordinator6config5typesNtB2_9TlsConfigNtNtCs5GmCzIpY9Qj_4core7default7Default7default
FNDA:0,_RNvXs_NtNtCs9GpJgfmEwWw_20shuthost_coordinator6config5typesNtB4_8DbConfigNtNtCs5GmCzIpY9Qj_4core7default7Default7default
FNDA:0,_RNvNtNtCs1fnJ7Q7HbNJ_20shuthost_coordinator6config5types12do_db_enable
FNDA:18,_RNvNtNtCs1fnJ7Q7HbNJ_20shuthost_coordinator6config5types13do_tls_enable
FNDA:0,_RNvNtNtCs1fnJ7Q7HbNJ_20shuthost_coordinator6config5types15default_db_path
FNDA:18,_RNvNtNtCs1fnJ7Q7HbNJ_20shuthost_coordinator6config5types17relative_key_path
FNDA:18,_RNvNtNtCs1fnJ7Q7HbNJ_20shuthost_coordinator6config5types18relative_cert_path
FNDA:9,_RNvNtNtCs1fnJ7Q7HbNJ_20shuthost_coordinator6config5types19default_oidc_scopes
FNDA:18,_RNvNtNtCs1fnJ7Q7HbNJ_20shuthost_coordinator6config5types22do_persist_self_signed
FNDA:0,_RNvXNtNtCs1fnJ7Q7HbNJ_20shuthost_coordinator6config5typesNtB2_9TlsConfigNtNtCs5GmCzIpY9Qj_4core7default7Default7default
FNDA:0,_RNvXs_NtNtCs1fnJ7Q7HbNJ_20shuthost_coordinator6config5typesNtB4_8DbConfigNtNtCs5GmCzIpY9Qj_4core7default7Default7default
FNDA:0,_RNvNtNtCs4GIG88jc4nQ_20shuthost_coordinator6config5types12do_db_enable
FNDA:2,_RNvNtNtCs4GIG88jc4nQ_20shuthost_coordinator6config5types13do_tls_enable
FNDA:0,_RNvNtNtCs4GIG88jc4nQ_20shuthost_coordinator6config5types15default_db_path
FNDA:1,_RNvNtNtCs4GIG88jc4nQ_20shuthost_coordinator6config5types17relative_key_path
FNDA:1,_RNvNtNtCs4GIG88jc4nQ_20shuthost_coordinator6config5types18relative_cert_path
FNDA:0,_RNvNtNtCs4GIG88jc4nQ_20shuthost_coordinator6config5types19default_oidc_scopes
FNDA:1,_RNvNtNtCs4GIG88jc4nQ_20shuthost_coordinator6config5types22do_persist_self_signed
FNDA:0,_RNvXNtNtCs4GIG88jc4nQ_20shuthost_coordinator6config5typesNtB2_9TlsConfigNtNtCs5GmCzIpY9Qj_4core7default7Default7default
FNDA:0,_RNvXs_NtNtCs4GIG88jc4nQ_20shuthost_coordinator6config5typesNtB4_8DbConfigNtNtCs5GmCzIpY9Qj_4core7default7Default7default
FNF:9
FNH:5
DA:73,0
DA:74,0
DA:75,0
DA:76,0
DA:77,0
DA:78,0
DA:79,0
DA:80,0
DA:96,0
DA:97,0
DA:98,0
DA:99,0
DA:100,0
DA:101,0
DA:104,20
DA:106,20
DA:107,20
DA:109,20
DA:110,20
DA:111,20
DA:113,20
DA:114,20
DA:115,20
DA:117,21
DA:118,21
DA:119,21
DA:121,0
DA:122,0
DA:123,0
DA:125,0
DA:126,0
DA:127,0
DA:155,9
DA:156,9
DA:157,9
BRF:0
BRH:0
LF:35
LH:15
end_of_record
SF:/home/smaier/workspace/private/shuthost/coordinator/src/config/watcher.rs
FN:78,_RNvNtNtCsbC8ffzL7fLU_20shuthost_coordinator6config7watcher17watch_config_file
FN:27,_RNvNtNtCsbC8ffzL7fLU_20shuthost_coordinator6config7watcher21process_config_change
FN:82,_RNCNCNvNtNtCsbC8ffzL7fLU_20shuthost_coordinator6config7watcher17watch_config_file00B9_
FN:78,_RNCNvNtNtCsbC8ffzL7fLU_20shuthost_coordinator6config7watcher17watch_config_file0B7_
FN:31,_RNCNvNtNtCsbC8ffzL7fLU_20shuthost_coordinator6config7watcher21process_config_change0B7_
FN:82,_RNCNCNvNtNtCs8eJd3KM5asR_20shuthost_coordinator6config7watcher17watch_config_file00B9_
FN:78,_RNCNvNtNtCs8eJd3KM5asR_20shuthost_coordinator6config7watcher17watch_config_file0B7_
FN:31,_RNCNvNtNtCs8eJd3KM5asR_20shuthost_coordinator6config7watcher21process_config_change0B7_
FN:78,_RNvNtNtCs8eJd3KM5asR_20shuthost_coordinator6config7watcher17watch_config_file
FN:27,_RNvNtNtCs8eJd3KM5asR_20shuthost_coordinator6config7watcher21process_config_change
FN:82,_RNCNCNvNtNtCs4hGc5Pc8WNz_20shuthost_coordinator6config7watcher17watch_config_file00B9_
FN:78,_RNCNvNtNtCs4hGc5Pc8WNz_20shuthost_coordinator6config7watcher17watch_config_file0B7_
FN:31,_RNCNvNtNtCs4hGc5Pc8WNz_20shuthost_coordinator6config7watcher21process_config_change0B7_
FN:78,_RNvNtNtCs4hGc5Pc8WNz_20shuthost_coordinator6config7watcher17watch_config_file
FN:27,_RNvNtNtCs4hGc5Pc8WNz_20shuthost_coordinator6config7watcher21process_config_change
FNDA:15,_RNvNtNtCsbC8ffzL7fLU_20shuthost_coordinator6config7watcher17watch_config_file
FNDA:2,_RNvNtNtCsbC8ffzL7fLU_20shuthost_coordinator6config7watcher21process_config_change
FNDA:9,_RNCNCNvNtNtCsbC8ffzL7fLU_20shuthost_coordinator6config7watcher17watch_config_file00B9_
FNDA:15,_RNCNvNtNtCsbC8ffzL7fLU_20shuthost_coordinator6config7watcher17watch_config_file0B7_
FNDA:2,_RNCNvNtNtCsbC8ffzL7fLU_20shuthost_coordinator6config7watcher21process_config_change0B7_
FNDA:78,_RNCNCNvNtNtCs8eJd3KM5asR_20shuthost_coordinator6config7watcher17watch_config_file00B9_
FNDA:53,_RNCNvNtNtCs8eJd3KM5asR_20shuthost_coordinator6config7watcher17watch_config_file0B7_
FNDA:0,_RNCNvNtNtCs8eJd3KM5asR_20shuthost_coordinator6config7watcher21process_config_change0B7_
FNDA:53,_RNvNtNtCs8eJd3KM5asR_20shuthost_coordinator6config7watcher17watch_config_file
FNDA:0,_RNvNtNtCs8eJd3KM5asR_20shuthost_coordinator6config7watcher21process_config_change
FNDA:0,_RNCNCNvNtNtCs4hGc5Pc8WNz_20shuthost_coordinator6config7watcher17watch_config_file00B9_
FNDA:0,_RNCNvNtNtCs4hGc5Pc8WNz_20shuthost_coordinator6config7watcher17watch_config_file0B7_
FNDA:0,_RNCNvNtNtCs4hGc5Pc8WNz_20shuthost_coordinator6config7watcher21process_config_change0B7_
FNDA:0,_RNvNtNtCs4hGc5Pc8WNz_20shuthost_coordinator6config7watcher17watch_config_file
FNDA:0,_RNvNtNtCs4hGc5Pc8WNz_20shuthost_coordinator6config7watcher21process_config_change
FNF:5
FNH:5
DA:27,2
DA:28,2
DA:29,2
DA:30,2
DA:31,2
DA:32,2
DA:33,2
DA:34,2
DA:35,2
DA:36,2
DA:38,2
DA:39,2
DA:40,2
DA:42,2
DA:43,0
DA:44,0
DA:46,3
DA:48,3
DA:50,1
DA:51,1
DA:52,1
DA:53,1
DA:54,1
DA:55,1
DA:56,1
DA:57,1
DA:58,1
DA:59,2
DA:61,0
DA:63,1
DA:65,2
DA:66,2
DA:78,68
DA:79,68
DA:81,68
DA:82,87
DA:83,87
DA:84,87
DA:86,0
DA:87,87
DA:88,87
DA:89,68
DA:91,68
DA:93,68
DA:94,68
DA:95,68
DA:98,68
DA:100,155
DA:101,87
DA:102,2
DA:104,0
DA:105,0
DA:106,87
DA:108,0
BRF:0
BRH:0
LF:56
LH:49
end_of_record
SF:/home/smaier/workspace/private/shuthost/coordinator/src/db.rs
FN:61,_RNCNvNtCs9GpJgfmEwWw_20shuthost_coordinator2db11load_leases0CscXK6cu3wLzE_11coordinator
FN:35,_RNCNvNtCs9GpJgfmEwWw_20shuthost_coordinator2db4init0CscXK6cu3wLzE_11coordinator
FN:225,_RNCNvNtCs9GpJgfmEwWw_20shuthost_coordinator2db6get_kv0CscXK6cu3wLzE_11coordinator
FN:199,_RNCNvNtCs9GpJgfmEwWw_20shuthost_coordinator2db8store_kv0CscXK6cu3wLzE_11coordinator
FN:243,_RNCNvNtCs9GpJgfmEwWw_20shuthost_coordinator2db9delete_kv0CscXK6cu3wLzE_11coordinator
FN:61,_RNCNvNtCs9GpJgfmEwWw_20shuthost_coordinator2db11load_leases0B5_
FN:35,_RNCNvNtCs9GpJgfmEwWw_20shuthost_coordinator2db4init0B5_
FN:225,_RNCNvNtCs9GpJgfmEwWw_20shuthost_coordinator2db6get_kv0B5_
FN:199,_RNCNvNtCs9GpJgfmEwWw_20shuthost_coordinator2db8store_kv0B5_
FN:243,_RNCNvNtCs9GpJgfmEwWw_20shuthost_coordinator2db9delete_kv0B5_
FN:61,_RNvNtCs9GpJgfmEwWw_20shuthost_coordinator2db11load_leases
FN:143,_RNvNtCs9GpJgfmEwWw_20shuthost_coordinator2db12remove_lease
FN:180,_RNvNtCs9GpJgfmEwWw_20shuthost_coordinator2db20remove_client_leases
FN:35,_RNvNtCs9GpJgfmEwWw_20shuthost_coordinator2db4init
FN:225,_RNvNtCs9GpJgfmEwWw_20shuthost_coordinator2db6get_kv
FN:199,_RNvNtCs9GpJgfmEwWw_20shuthost_coordinator2db8store_kv
FN:105,_RNvNtCs9GpJgfmEwWw_20shuthost_coordinator2db9add_lease
FN:243,_RNvNtCs9GpJgfmEwWw_20shuthost_coordinator2db9delete_kv
FN:147,_RNCNvNtCs9GpJgfmEwWw_20shuthost_coordinator2db12remove_lease0B5_
FN:180,_RNCNvNtCs9GpJgfmEwWw_20shuthost_coordinator2db20remove_client_leases0B5_
FN:109,_RNCNvNtCs9GpJgfmEwWw_20shuthost_coordinator2db9add_lease0B5_
FN:61,_RNCNvNtCs1fnJ7Q7HbNJ_20shuthost_coordinator2db11load_leases0CskSZ1OiTRMZN_11coordinator
FN:35,_RNCNvNtCs1fnJ7Q7HbNJ_20shuthost_coordinator2db4init0CskSZ1OiTRMZN_11coordinator
FN:225,_RNCNvNtCs1fnJ7Q7HbNJ_20shuthost_coordinator2db6get_kv0CskSZ1OiTRMZN_11coordinator
FN:199,_RNCNvNtCs1fnJ7Q7HbNJ_20shuthost_coordinator2db8store_kv0CskSZ1OiTRMZN_11coordinator
FN:243,_RNCNvNtCs1fnJ7Q7HbNJ_20shuthost_coordinator2db9delete_kv0CskSZ1OiTRMZN_11coordinator
FN:61,_RNCNvNtCs1fnJ7Q7HbNJ_20shuthost_coordinator2db11load_leases0B5_
FN:35,_RNCNvNtCs1fnJ7Q7HbNJ_20shuthost_coordinator2db4init0B5_
FN:225,_RNCNvNtCs1fnJ7Q7HbNJ_20shuthost_coordinator2db6get_kv0B5_
FN:199,_RNCNvNtCs1fnJ7Q7HbNJ_20shuthost_coordinator2db8store_kv0B5_
FN:243,_RNCNvNtCs1fnJ7Q7HbNJ_20shuthost_coordinator2db9delete_kv0B5_
FN:61,_RNvNtCs1fnJ7Q7HbNJ_20shuthost_coordinator2db11load_leases
FN:143,_RNvNtCs1fnJ7Q7HbNJ_20shuthost_coordinator2db12remove_lease
FN:180,_RNvNtCs1fnJ7Q7HbNJ_20shuthost_coordinator2db20remove_client_leases
FN:35,_RNvNtCs1fnJ7Q7HbNJ_20shuthost_coordinator2db4init
FN:225,_RNvNtCs1fnJ7Q7HbNJ_20shuthost_coordinator2db6get_kv
FN:199,_RNvNtCs1fnJ7Q7HbNJ_20shuthost_coordinator2db8store_kv
FN:105,_RNvNtCs1fnJ7Q7HbNJ_20shuthost_coordinator2db9add_lease
FN:243,_RNvNtCs1fnJ7Q7HbNJ_20shuthost_coordinator2db9delete_kv
FN:147,_RNCNvNtCs1fnJ7Q7HbNJ_20shuthost_coordinator2db12remove_lease0B5_
FN:180,_RNCNvNtCs1fnJ7Q7HbNJ_20shuthost_coordinator2db20remove_client_leases0B5_
FN:109,_RNCNvNtCs1fnJ7Q7HbNJ_20shuthost_coordinator2db9add_lease0B5_
FN:61,_RNCNvNtCs9GpJgfmEwWw_20shuthost_coordinator2db11load_leases0Cscf2GpwD2jqa_11integration
FN:35,_RNCNvNtCs9GpJgfmEwWw_20shuthost_coordinator2db4init0Cscf2GpwD2jqa_11integration
FN:225,_RNCNvNtCs9GpJgfmEwWw_20shuthost_coordinator2db6get_kv0Cscf2GpwD2jqa_11integration
FN:199,_RNCNvNtCs9GpJgfmEwWw_20shuthost_coordinator2db8store_kv0Cscf2GpwD2jqa_11integration
FN:243,_RNCNvNtCs9GpJgfmEwWw_20shuthost_coordinator2db9delete_kv0Cscf2GpwD2jqa_11integration
FN:260,_RNvNtNtCs4GIG88jc4nQ_20shuthost_coordinator2db5tests13setup_test_db
FN:314,_RNvNtNtCs4GIG88jc4nQ_20shuthost_coordinator2db5testss_17test_remove_lease
FN:390,_RNvNtNtCs4GIG88jc4nQ_20shuthost_coordinator2db5testss_21test_store_and_get_kv
FN:282,_RNvNtNtCs4GIG88jc4nQ_20shuthost_coordinator2db5testss_24test_add_and_load_leases
FN:341,_RNvNtNtCs4GIG88jc4nQ_20shuthost_coordinator2db5testss_25test_remove_client_leases
FN:368,_RNvNtNtCs4GIG88jc4nQ_20shuthost_coordinator2db5testss_29test_duplicate_leases_ignored
FN:265,_RNvNtNtCs4GIG88jc4nQ_20shuthost_coordinator2db5testss_29test_init_db_creates_database
FN:275,_RNCNCNvNtNtCs4GIG88jc4nQ_20shuthost_coordinator2db5testss_29test_init_db_creates_database00B9_
FN:260,_RNCNvNtNtCs4GIG88jc4nQ_20shuthost_coordinator2db5tests13setup_test_db0B7_
FN:314,_RNCNvNtNtCs4GIG88jc4nQ_20shuthost_coordinator2db5testss_17test_remove_lease0B7_
FN:390,_RNCNvNtNtCs4GIG88jc4nQ_20shuthost_coordinator2db5testss_21test_store_and_get_kv0B7_
FN:282,_RNCNvNtNtCs4GIG88jc4nQ_20shuthost_coordinator2db5testss_24test_add_and_load_leases0B7_
FN:341,_RNCNvNtNtCs4GIG88jc4nQ_20shuthost_coordinator2db5testss_25test_remove_client_leases0B7_
FN:368,_RNCNvNtNtCs4GIG88jc4nQ_20shuthost_coordinator2db5testss_29test_duplicate_leases_ignored0B7_
FN:265,_RNCNvNtNtCs4GIG88jc4nQ_20shuthost_coordinator2db5testss_29test_init_db_creates_database0B7_
FN:61,_RNCNvNtCs4GIG88jc4nQ_20shuthost_coordinator2db11load_leases0B5_
FN:147,_RNCNvNtCs4GIG88jc4nQ_20shuthost_coordinator2db12remove_lease0B5_
FN:180,_RNCNvNtCs4GIG88jc4nQ_20shuthost_coordinator2db20remove_client_leases0B5_
FN:35,_RNCNvNtCs4GIG88jc4nQ_20shuthost_coordinator2db4init0B5_
FN:225,_RNCNvNtCs4GIG88jc4nQ_20shuthost_coordinator2db6get_kv0B5_
FN:199,_RNCNvNtCs4GIG88jc4nQ_20shuthost_coordinator2db8store_kv0B5_
FN:109,_RNCNvNtCs4GIG88jc4nQ_20shuthost_coordinator2db9add_lease0B5_
FN:243,_RNCNvNtCs4GIG88jc4nQ_20shuthost_coordinator2db9delete_kv0B5_
FN:61,_RNvNtCs4GIG88jc4nQ_20shuthost_coordinator2db11load_leases
FN:143,_RNvNtCs4GIG88jc4nQ_20shuthost_coordinator2db12remove_lease
FN:180,_RNvNtCs4GIG88jc4nQ_20shuthost_coordinator2db20remove_client_leases
FN:35,_RNvNtCs4GIG88jc4nQ_20shuthost_coordinator2db4init
FN:225,_RNvNtCs4GIG88jc4nQ_20shuthost_coordinator2db6get_kv
FN:199,_RNvNtCs4GIG88jc4nQ_20shuthost_coordinator2db8store_kv
FN:105,_RNvNtCs4GIG88jc4nQ_20shuthost_coordinator2db9add_lease
FN:243,_RNvNtCs4GIG88jc4nQ_20shuthost_coordinator2db9delete_kv
FN:61,_RNCNvNtCs1fnJ7Q7HbNJ_20shuthost_coordinator2db11load_leases0CsjbxZsgIDihs_20shuthost_coordinator
FN:35,_RNCNvNtCs1fnJ7Q7HbNJ_20shuthost_coordinator2db4init0CsjbxZsgIDihs_20shuthost_coordinator
FN:225,_RNCNvNtCs1fnJ7Q7HbNJ_20shuthost_coordinator2db6get_kv0CsjbxZsgIDihs_20shuthost_coordinator
FN:199,_RNCNvNtCs1fnJ7Q7HbNJ_20shuthost_coordinator2db8store_kv0CsjbxZsgIDihs_20shuthost_coordinator
FN:243,_RNCNvNtCs1fnJ7Q7HbNJ_20shuthost_coordinator2db9delete_kv0CsjbxZsgIDihs_20shuthost_coordinator
FNDA:0,_RNCNvNtCs9GpJgfmEwWw_20shuthost_coordinator2db11load_leases0CscXK6cu3wLzE_11coordinator
FNDA:0,_RNCNvNtCs9GpJgfmEwWw_20shuthost_coordinator2db4init0CscXK6cu3wLzE_11coordinator
FNDA:0,_RNCNvNtCs9GpJgfmEwWw_20shuthost_coordinator2db6get_kv0CscXK6cu3wLzE_11coordinator
FNDA:0,_RNCNvNtCs9GpJgfmEwWw_20shuthost_coordinator2db8store_kv0CscXK6cu3wLzE_11coordinator
FNDA:0,_RNCNvNtCs9GpJgfmEwWw_20shuthost_coordinator2db9delete_kv0CscXK6cu3wLzE_11coordinator
FNDA:0,_RNCNvNtCs9GpJgfmEwWw_20shuthost_coordinator2db11load_leases0B5_
FNDA:0,_RNCNvNtCs9GpJgfmEwWw_20shuthost_coordinator2db4init0B5_
FNDA:0,_RNCNvNtCs9GpJgfmEwWw_20shuthost_coordinator2db6get_kv0B5_
FNDA:0,_RNCNvNtCs9GpJgfmEwWw_20shuthost_coordinator2db8store_kv0B5_
FNDA:0,_RNCNvNtCs9GpJgfmEwWw_20shuthost_coordinator2db9delete_kv0B5_
FNDA:0,_RNvNtCs9GpJgfmEwWw_20shuthost_coordinator2db11load_leases
FNDA:0,_RNvNtCs9GpJgfmEwWw_20shuthost_coordinator2db12remove_lease
FNDA:0,_RNvNtCs9GpJgfmEwWw_20shuthost_coordinator2db20remove_client_leases
FNDA:0,_RNvNtCs9GpJgfmEwWw_20shuthost_coordinator2db4init
FNDA:0,_RNvNtCs9GpJgfmEwWw_20shuthost_coordinator2db6get_kv
FNDA:0,_RNvNtCs9GpJgfmEwWw_20shuthost_coordinator2db8store_kv
FNDA:0,_RNvNtCs9GpJgfmEwWw_20shuthost_coordinator2db9add_lease
FNDA:0,_RNvNtCs9GpJgfmEwWw_20shuthost_coordinator2db9delete_kv
FNDA:0,_RNCNvNtCs9GpJgfmEwWw_20shuthost_coordinator2db12remove_lease0B5_
FNDA:0,_RNCNvNtCs9GpJgfmEwWw_20shuthost_coordinator2db20remove_client_leases0B5_
FNDA:0,_RNCNvNtCs9GpJgfmEwWw_20shuthost_coordinator2db9add_lease0B5_
FNDA:0,_RNCNvNtCs1fnJ7Q7HbNJ_20shuthost_coordinator2db11load_leases0CskSZ1OiTRMZN_11coordinator
FNDA:0,_RNCNvNtCs1fnJ7Q7HbNJ_20shuthost_coordinator2db4init0CskSZ1OiTRMZN_11coordinator
FNDA:0,_RNCNvNtCs1fnJ7Q7HbNJ_20shuthost_coordinator2db6get_kv0CskSZ1OiTRMZN_11coordinator
FNDA:0,_RNCNvNtCs1fnJ7Q7HbNJ_20shuthost_coordinator2db8store_kv0CskSZ1OiTRMZN_11coordinator
FNDA:0,_RNCNvNtCs1fnJ7Q7HbNJ_20shuthost_coordinator2db9delete_kv0CskSZ1OiTRMZN_11coordinator
FNDA:0,_RNCNvNtCs1fnJ7Q7HbNJ_20shuthost_coordinator2db11load_leases0B5_
FNDA:0,_RNCNvNtCs1fnJ7Q7HbNJ_20shuthost_coordinator2db4init0B5_
FNDA:0,_RNCNvNtCs1fnJ7Q7HbNJ_20shuthost_coordinator2db6get_kv0B5_
FNDA:0,_RNCNvNtCs1fnJ7Q7HbNJ_20shuthost_coordinator2db8store_kv0B5_
FNDA:0,_RNCNvNtCs1fnJ7Q7HbNJ_20shuthost_coordinator2db9delete_kv0B5_
FNDA:0,_RNvNtCs1fnJ7Q7HbNJ_20shuthost_coordinator2db11load_leases
FNDA:0,_RNvNtCs1fnJ7Q7HbNJ_20shuthost_coordinator2db12remove_lease
FNDA:0,_RNvNtCs1fnJ7Q7HbNJ_20shuthost_coordinator2db20remove_client_leases
FNDA:0,_RNvNtCs1fnJ7Q7HbNJ_20shuthost_coordinator2db4init
FNDA:0,_RNvNtCs1fnJ7Q7HbNJ_20shuthost_coordinator2db6get_kv
FNDA:0,_RNvNtCs1fnJ7Q7HbNJ_20shuthost_coordinator2db8store_kv
FNDA:0,_RNvNtCs1fnJ7Q7HbNJ_20shuthost_coordinator2db9add_lease
FNDA:0,_RNvNtCs1fnJ7Q7HbNJ_20shuthost_coordinator2db9delete_kv
FNDA:0,_RNCNvNtCs1fnJ7Q7HbNJ_20shuthost_coordinator2db12remove_lease0B5_
FNDA:0,_RNCNvNtCs1fnJ7Q7HbNJ_20shuthost_coordinator2db20remove_client_leases0B5_
FNDA:0,_RNCNvNtCs1fnJ7Q7HbNJ_20shuthost_coordinator2db9add_lease0B5_
FNDA:0,_RNCNvNtCs9GpJgfmEwWw_20shuthost_coordinator2db11load_leases0Cscf2GpwD2jqa_11integration
FNDA:0,_RNCNvNtCs9GpJgfmEwWw_20shuthost_coordinator2db4init0Cscf2GpwD2jqa_11integration
FNDA:0,_RNCNvNtCs9GpJgfmEwWw_20shuthost_coordinator2db6get_kv0Cscf2GpwD2jqa_11integration
FNDA:0,_RNCNvNtCs9GpJgfmEwWw_20shuthost_coordinator2db8store_kv0Cscf2GpwD2jqa_11integration
FNDA:0,_RNCNvNtCs9GpJgfmEwWw_20shuthost_coordinator2db9delete_kv0Cscf2GpwD2jqa_11integration
FNDA:6,_RNvNtNtCs4GIG88jc4nQ_20shuthost_coordinator2db5tests13setup_test_db
FNDA:1,_RNvNtNtCs4GIG88jc4nQ_20shuthost_coordinator2db5testss_17test_remove_lease
FNDA:1,_RNvNtNtCs4GIG88jc4nQ_20shuthost_coordinator2db5testss_21test_store_and_get_kv
FNDA:1,_RNvNtNtCs4GIG88jc4nQ_20shuthost_coordinator2db5testss_24test_add_and_load_leases
FNDA:1,_RNvNtNtCs4GIG88jc4nQ_20shuthost_coordinator2db5testss_25test_remove_client_leases
FNDA:1,_RNvNtNtCs4GIG88jc4nQ_20shuthost_coordinator2db5testss_29test_duplicate_leases_ignored
FNDA:1,_RNvNtNtCs4GIG88jc4nQ_20shuthost_coordinator2db5testss_29test_init_db_creates_database
[...]
SF:/home/smaier/workspace/private/shuthost/coordinator/src/websocket.rs
FN:93,_RINCNCNCNvNtCsbC8ffzL7fLU_20shuthost_coordinator9websocket10ws_handler000lECsjDLiaMcEp0C_11coordinator
FN:93,_RNCNCNvNtCsbC8ffzL7fLU_20shuthost_coordinator9websocket10ws_handler00CsjDLiaMcEp0C_11coordinator
FN:76,_RNCNvNtCsbC8ffzL7fLU_20shuthost_coordinator9websocket10ws_handler0CsjDLiaMcEp0C_11coordinator
FN:106,_RNCNvNtCsbC8ffzL7fLU_20shuthost_coordinator9websocket15send_ws_message0CsjDLiaMcEp0C_11coordinator
FN:156,_RNCNvNtCsbC8ffzL7fLU_20shuthost_coordinator9websocket16send_startup_msg0CsjDLiaMcEp0C_11coordinator
FN:117,_RNCNvNtCsbC8ffzL7fLU_20shuthost_coordinator9websocket19start_webui_ws_loop0CsjDLiaMcEp0C_11coordinator
FN:93,_RINCNCNCNvNtCsbC8ffzL7fLU_20shuthost_coordinator9websocket10ws_handler000pEBa_
FN:93,_RNCNCNvNtCsbC8ffzL7fLU_20shuthost_coordinator9websocket10ws_handler00B7_
FN:76,_RNCNvNtCsbC8ffzL7fLU_20shuthost_coordinator9websocket10ws_handler0B5_
FN:106,_RNCNvNtCsbC8ffzL7fLU_20shuthost_coordinator9websocket15send_ws_message0B5_
FN:156,_RNCNvNtCsbC8ffzL7fLU_20shuthost_coordinator9websocket16send_startup_msg0B5_
FN:117,_RNCNvNtCsbC8ffzL7fLU_20shuthost_coordinator9websocket19start_webui_ws_loop0B5_
FN:66,_RNvNtCsbC8ffzL7fLU_20shuthost_coordinator9websocket10ws_handler
FN:106,_RNvNtCsbC8ffzL7fLU_20shuthost_coordinator9websocket15send_ws_message
FN:151,_RNvNtCsbC8ffzL7fLU_20shuthost_coordinator9websocket16send_startup_msg
FN:20,_RNvNtCsbC8ffzL7fLU_20shuthost_coordinator9websocket19is_websocket_closed
FN:117,_RNvNtCsbC8ffzL7fLU_20shuthost_coordinator9websocket19start_webui_ws_loop
FN:93,_RINCNCNCNvNtCs8eJd3KM5asR_20shuthost_coordinator9websocket10ws_handler000lECs8svj0og4N02_11coordinator
FN:93,_RNCNCNvNtCs8eJd3KM5asR_20shuthost_coordinator9websocket10ws_handler00Cs8svj0og4N02_11coordinator
FN:76,_RNCNvNtCs8eJd3KM5asR_20shuthost_coordinator9websocket10ws_handler0Cs8svj0og4N02_11coordinator
FN:106,_RNCNvNtCs8eJd3KM5asR_20shuthost_coordinator9websocket15send_ws_message0Cs8svj0og4N02_11coordinator
FN:156,_RNCNvNtCs8eJd3KM5asR_20shuthost_coordinator9websocket16send_startup_msg0Cs8svj0og4N02_11coordinator
FN:117,_RNCNvNtCs8eJd3KM5asR_20shuthost_coordinator9websocket19start_webui_ws_loop0Cs8svj0og4N02_11coordinator
FN:93,_RINCNCNCNvNtCs8eJd3KM5asR_20shuthost_coordinator9websocket10ws_handler000pEBa_
FN:93,_RNCNCNvNtCs8eJd3KM5asR_20shuthost_coordinator9websocket10ws_handler00B7_
FN:76,_RNCNvNtCs8eJd3KM5asR_20shuthost_coordinator9websocket10ws_handler0B5_
FN:106,_RNCNvNtCs8eJd3KM5asR_20shuthost_coordinator9websocket15send_ws_message0B5_
FN:156,_RNCNvNtCs8eJd3KM5asR_20shuthost_coordinator9websocket16send_startup_msg0B5_
FN:117,_RNCNvNtCs8eJd3KM5asR_20shuthost_coordinator9websocket19start_webui_ws_loop0B5_
FN:66,_RNvNtCs8eJd3KM5asR_20shuthost_coordinator9websocket10ws_handler
FN:106,_RNvNtCs8eJd3KM5asR_20shuthost_coordinator9websocket15send_ws_message
FN:151,_RNvNtCs8eJd3KM5asR_20shuthost_coordinator9websocket16send_startup_msg
FN:20,_RNvNtCs8eJd3KM5asR_20shuthost_coordinator9websocket19is_websocket_closed
FN:117,_RNvNtCs8eJd3KM5asR_20shuthost_coordinator9websocket19start_webui_ws_loop
FN:93,_RINCNCNCNvNtCsbC8ffzL7fLU_20shuthost_coordinator9websocket10ws_handler000lECshDuJQt8bwwm_11integration
FN:93,_RNCNCNvNtCsbC8ffzL7fLU_20shuthost_coordinator9websocket10ws_handler00CshDuJQt8bwwm_11integration
FN:76,_RNCNvNtCsbC8ffzL7fLU_20shuthost_coordinator9websocket10ws_handler0CshDuJQt8bwwm_11integration
FN:106,_RNCNvNtCsbC8ffzL7fLU_20shuthost_coordinator9websocket15send_ws_message0CshDuJQt8bwwm_11integration
FN:156,_RNCNvNtCsbC8ffzL7fLU_20shuthost_coordinator9websocket16send_startup_msg0CshDuJQt8bwwm_11integration
FN:117,_RNCNvNtCsbC8ffzL7fLU_20shuthost_coordinator9websocket19start_webui_ws_loop0CshDuJQt8bwwm_11integration
FN:93,_RINCNCNCNvNtCs8eJd3KM5asR_20shuthost_coordinator9websocket10ws_handler000lECs2NQYEDmO9fP_20shuthost_coordinator
FN:93,_RNCNCNvNtCs8eJd3KM5asR_20shuthost_coordinator9websocket10ws_handler00Cs2NQYEDmO9fP_20shuthost_coordinator
FN:76,_RNCNvNtCs8eJd3KM5asR_20shuthost_coordinator9websocket10ws_handler0Cs2NQYEDmO9fP_20shuthost_coordinator
FN:106,_RNCNvNtCs8eJd3KM5asR_20shuthost_coordinator9websocket15send_ws_message0Cs2NQYEDmO9fP_20shuthost_coordinator
FN:156,_RNCNvNtCs8eJd3KM5asR_20shuthost_coordinator9websocket16send_startup_msg0Cs2NQYEDmO9fP_20shuthost_coordinator
FN:117,_RNCNvNtCs8eJd3KM5asR_20shuthost_coordinator9websocket19start_webui_ws_loop0Cs2NQYEDmO9fP_20shuthost_coordinator
FN:93,_RINCNCNCNvNtCs4hGc5Pc8WNz_20shuthost_coordinator9websocket10ws_handler000pEBa_
FN:93,_RNCNCNvNtCs4hGc5Pc8WNz_20shuthost_coordinator9websocket10ws_handler00B7_
FN:76,_RNCNvNtCs4hGc5Pc8WNz_20shuthost_coordinator9websocket10ws_handler0B5_
FN:106,_RNCNvNtCs4hGc5Pc8WNz_20shuthost_coordinator9websocket15send_ws_message0B5_
FN:156,_RNCNvNtCs4hGc5Pc8WNz_20shuthost_coordinator9websocket16send_startup_msg0B5_
FN:117,_RNCNvNtCs4hGc5Pc8WNz_20shuthost_coordinator9websocket19start_webui_ws_loop0B5_
FN:66,_RNvNtCs4hGc5Pc8WNz_20shuthost_coordinator9websocket10ws_handler
FN:106,_RNvNtCs4hGc5Pc8WNz_20shuthost_coordinator9websocket15send_ws_message
FN:151,_RNvNtCs4hGc5Pc8WNz_20shuthost_coordinator9websocket16send_startup_msg
FN:20,_RNvNtCs4hGc5Pc8WNz_20shuthost_coordinator9websocket19is_websocket_closed
FN:117,_RNvNtCs4hGc5Pc8WNz_20shuthost_coordinator9websocket19start_webui_ws_loop
FNDA:0,_RINCNCNCNvNtCsbC8ffzL7fLU_20shuthost_coordinator9websocket10ws_handler000lECsjDLiaMcEp0C_11coordinator
FNDA:0,_RNCNCNvNtCsbC8ffzL7fLU_20shuthost_coordinator9websocket10ws_handler00CsjDLiaMcEp0C_11coordinator
FNDA:0,_RNCNvNtCsbC8ffzL7fLU_20shuthost_coordinator9websocket10ws_handler0CsjDLiaMcEp0C_11coordinator
FNDA:0,_RNCNvNtCsbC8ffzL7fLU_20shuthost_coordinator9websocket15send_ws_message0CsjDLiaMcEp0C_11coordinator
FNDA:0,_RNCNvNtCsbC8ffzL7fLU_20shuthost_coordinator9websocket16send_startup_msg0CsjDLiaMcEp0C_11coordinator
FNDA:0,_RNCNvNtCsbC8ffzL7fLU_20shuthost_coordinator9websocket19start_webui_ws_loop0CsjDLiaMcEp0C_11coordinator
FNDA:0,_RINCNCNCNvNtCsbC8ffzL7fLU_20shuthost_coordinator9websocket10ws_handler000pEBa_
FNDA:0,_RNCNCNvNtCsbC8ffzL7fLU_20shuthost_coordinator9websocket10ws_handler00B7_
FNDA:0,_RNCNvNtCsbC8ffzL7fLU_20shuthost_coordinator9websocket10ws_handler0B5_
FNDA:0,_RNCNvNtCsbC8ffzL7fLU_20shuthost_coordinator9websocket15send_ws_message0B5_
FNDA:0,_RNCNvNtCsbC8ffzL7fLU_20shuthost_coordinator9websocket16send_startup_msg0B5_
FNDA:0,_RNCNvNtCsbC8ffzL7fLU_20shuthost_coordinator9websocket19start_webui_ws_loop0B5_
FNDA:2,_RNvNtCsbC8ffzL7fLU_20shuthost_coordinator9websocket10ws_handler
FNDA:5,_RNvNtCsbC8ffzL7fLU_20shuthost_coordinator9websocket15send_ws_message
FNDA:2,_RNvNtCsbC8ffzL7fLU_20shuthost_coordinator9websocket16send_startup_msg
FNDA:0,_RNvNtCsbC8ffzL7fLU_20shuthost_coordinator9websocket19is_websocket_closed
FNDA:2,_RNvNtCsbC8ffzL7fLU_20shuthost_coordinator9websocket19start_webui_ws_loop
FNDA:0,_RINCNCNCNvNtCs8eJd3KM5asR_20shuthost_coordinator9websocket10ws_handler000lECs8svj0og4N02_11coordinator
FNDA:0,_RNCNCNvNtCs8eJd3KM5asR_20shuthost_coordinator9websocket10ws_handler00Cs8svj0og4N02_11coordinator
FNDA:0,_RNCNvNtCs8eJd3KM5asR_20shuthost_coordinator9websocket10ws_handler0Cs8svj0og4N02_11coordinator
FNDA:0,_RNCNvNtCs8eJd3KM5asR_20shuthost_coordinator9websocket15send_ws_message0Cs8svj0og4N02_11coordinator
FNDA:0,_RNCNvNtCs8eJd3KM5asR_20shuthost_coordinator9websocket16send_startup_msg0Cs8svj0og4N02_11coordinator
FNDA:0,_RNCNvNtCs8eJd3KM5asR_20shuthost_coordinator9websocket19start_webui_ws_loop0Cs8svj0og4N02_11coordinator
FNDA:0,_RINCNCNCNvNtCs8eJd3KM5asR_20shuthost_coordinator9websocket10ws_handler000pEBa_
FNDA:0,_RNCNCNvNtCs8eJd3KM5asR_20shuthost_coordinator9websocket10ws_handler00B7_
FNDA:0,_RNCNvNtCs8eJd3KM5asR_20shuthost_coordinator9websocket10ws_handler0B5_
FNDA:0,_RNCNvNtCs8eJd3KM5asR_20shuthost_coordinator9websocket15send_ws_message0B5_
FNDA:0,_RNCNvNtCs8eJd3KM5asR_20shuthost_coordinator9websocket16send_startup_msg0B5_
FNDA:0,_RNCNvNtCs8eJd3KM5asR_20shuthost_coordinator9websocket19start_webui_ws_loop0B5_
FNDA:36,_RNvNtCs8eJd3KM5asR_20shuthost_coordinator9websocket10ws_handler
FNDA:40,_RNvNtCs8eJd3KM5asR_20shuthost_coordinator9websocket15send_ws_message
FNDA:36,_RNvNtCs8eJd3KM5asR_20shuthost_coordinator9websocket16send_startup_msg
FNDA:0,_RNvNtCs8eJd3KM5asR_20shuthost_coordinator9websocket19is_websocket_closed
FNDA:36,_RNvNtCs8eJd3KM5asR_20shuthost_coordinator9websocket19start_webui_ws_loop
FNDA:2,_RINCNCNCNvNtCsbC8ffzL7fLU_20shuthost_coordinator9websocket10ws_handler000lECshDuJQt8bwwm_11integration
FNDA:2,_RNCNCNvNtCsbC8ffzL7fLU_20shuthost_coordinator9websocket10ws_handler00CshDuJQt8bwwm_11integration
FNDA:2,_RNCNvNtCsbC8ffzL7fLU_20shuthost_coordinator9websocket10ws_handler0CshDuJQt8bwwm_11integration
FNDA:5,_RNCNvNtCsbC8ffzL7fLU_20shuthost_coordinator9websocket15send_ws_message0CshDuJQt8bwwm_11integration
FNDA:2,_RNCNvNtCsbC8ffzL7fLU_20shuthost_coordinator9websocket16send_startup_msg0CshDuJQt8bwwm_11integration
FNDA:2,_RNCNvNtCsbC8ffzL7fLU_20shuthost_coordinator9websocket19start_webui_ws_loop0CshDuJQt8bwwm_11integration
FNDA:36,_RINCNCNCNvNtCs8eJd3KM5asR_20shuthost_coordinator9websocket10ws_handler000lECs2NQYEDmO9fP_20shuthost_coordinator
FNDA:36,_RNCNCNvNtCs8eJd3KM5asR_20shuthost_coordinator9websocket10ws_handler00Cs2NQYEDmO9fP_20shuthost_coordinator
FNDA:36,_RNCNvNtCs8eJd3KM5asR_20shuthost_coordinator9websocket10ws_handler0Cs2NQYEDmO9fP_20shuthost_coordinator
FNDA:40,_RNCNvNtCs8eJd3KM5asR_20shuthost_coordinator9websocket15send_ws_message0Cs2NQYEDmO9fP_20shuthost_coordinator
FNDA:36,_RNCNvNtCs8eJd3KM5asR_20shuthost_coordinator9websocket16send_startup_msg0Cs2NQYEDmO9fP_20shuthost_coordinator
FNDA:36,_RNCNvNtCs8eJd3KM5asR_20shuthost_coordinator9websocket19start_webui_ws_loop0Cs2NQYEDmO9fP_20shuthost_coordinator
FNDA:0,_RINCNCNCNvNtCs4hGc5Pc8WNz_20shuthost_coordinator9websocket10ws_handler000pEBa_
FNDA:0,_RNCNCNvNtCs4hGc5Pc8WNz_20shuthost_coordinator9websocket10ws_handler00B7_
FNDA:0,_RNCNvNtCs4hGc5Pc8WNz_20shuthost_coordinator9websocket10ws_handler0B5_
FNDA:0,_RNCNvNtCs4hGc5Pc8WNz_20shuthost_coordinator9websocket15send_ws_message0B5_
FNDA:0,_RNCNvNtCs4hGc5Pc8WNz_20shuthost_coordinator9websocket16send_startup_msg0B5_
FNDA:0,_RNCNvNtCs4hGc5Pc8WNz_20shuthost_coordinator9websocket19start_webui_ws_loop0B5_
FNDA:0,_RNvNtCs4hGc5Pc8WNz_20shuthost_coordinator9websocket10ws_handler
FNDA:0,_RNvNtCs4hGc5Pc8WNz_20shuthost_coordinator9websocket15send_ws_message
FNDA:0,_RNvNtCs4hGc5Pc8WNz_20shuthost_coordinator9websocket16send_startup_msg
FNDA:0,_RNvNtCs4hGc5Pc8WNz_20shuthost_coordinator9websocket19is_websocket_closed
FNDA:0,_RNvNtCs4hGc5Pc8WNz_20shuthost_coordinator9websocket19start_webui_ws_loop
FNF:10
FNH:9
DA:20,0
DA:21,0
DA:24,0
DA:25,0
DA:28,0
DA:29,0
DA:31,0
DA:32,0
DA:33,0
DA:36,0
DA:37,0
DA:66,39
DA:67,39
DA:68,39
DA:69,39
DA:70,39
DA:71,39
DA:72,39
DA:73,39
DA:74,39
DA:75,39
DA:76,39
DA:80,39
DA:85,39
DA:86,39
DA:87,39
DA:91,39
DA:93,78
DA:94,39
DA:95,39
DA:96,39
DA:97,0
DA:98,0
DA:99,0
DA:102,38
DA:103,38
DA:104,38
DA:106,45
DA:107,45
DA:108,45
DA:109,0
DA:110,0
DA:111,0
DA:114,45
DA:117,38
DA:120,45
DA:122,45
DA:123,7
DA:124,7
DA:125,7
DA:126,0
DA:127,0
DA:128,0
DA:130,0
DA:132,0
DA:133,7
DA:136,0
DA:137,0
DA:143,45
DA:144,0
DA:145,0
DA:149,0
DA:151,39
DA:152,39
DA:153,39
DA:154,39
DA:155,39
DA:156,39
DA:158,39
DA:159,39
DA:161,39
DA:162,39
DA:163,39
DA:164,39
DA:165,39
DA:166,39
DA:167,39
DA:168,39
DA:169,39
DA:171,39
DA:172,39
BRF:0
BRH:0
LF:86
LH:58
end_of_record
SF:/home/smaier/workspace/private/shuthost/coordinator/src/wol.rs
FN:46,_RNCNvNtCs9GpJgfmEwWw_20shuthost_coordinator3wol9parse_mac0B5_
FN:48,_RNCNvNtCs9GpJgfmEwWw_20shuthost_coordinator3wol9parse_macs_0B5_
FN:39,_RNvNtCs9GpJgfmEwWw_20shuthost_coordinator3wol9parse_mac
FN:46,_RNCNvNtCs1fnJ7Q7HbNJ_20shuthost_coordinator3wol9parse_mac0B5_
FN:48,_RNCNvNtCs1fnJ7Q7HbNJ_20shuthost_coordinator3wol9parse_macs_0B5_
FN:39,_RNvNtCs1fnJ7Q7HbNJ_20shuthost_coordinator3wol9parse_mac
FN:39,_RNvNtCs4GIG88jc4nQ_20shuthost_coordinator3wol9parse_mac
FN:92,_RNvNtNtCs4GIG88jc4nQ_20shuthost_coordinator3wol5testss_20test_parse_mac_valid
FN:106,_RNvNtNtCs4GIG88jc4nQ_20shuthost_coordinator3wol5testss_27test_parse_mac_invalid_byte
FN:99,_RNvNtNtCs4GIG88jc4nQ_20shuthost_coordinator3wol5testss_29test_parse_mac_invalid_format
FN:46,_RNCNvNtCs4GIG88jc4nQ_20shuthost_coordinator3wol9parse_mac0B5_
FN:48,_RNCNvNtCs4GIG88jc4nQ_20shuthost_coordinator3wol9parse_macs_0B5_
FNDA:0,_RNCNvNtCs9GpJgfmEwWw_20shuthost_coordinator3wol9parse_mac0B5_
FNDA:0,_RNCNvNtCs9GpJgfmEwWw_20shuthost_coordinator3wol9parse_macs_0B5_
FNDA:0,_RNvNtCs9GpJgfmEwWw_20shuthost_coordinator3wol9parse_mac
FNDA:0,_RNCNvNtCs1fnJ7Q7HbNJ_20shuthost_coordinator3wol9parse_mac0B5_
FNDA:0,_RNCNvNtCs1fnJ7Q7HbNJ_20shuthost_coordinator3wol9parse_macs_0B5_
FNDA:0,_RNvNtCs1fnJ7Q7HbNJ_20shuthost_coordinator3wol9parse_mac
FNDA:3,_RNvNtCs4GIG88jc4nQ_20shuthost_coordinator3wol9parse_mac
FNDA:1,_RNvNtNtCs4GIG88jc4nQ_20shuthost_coordinator3wol5testss_20test_parse_mac_valid
FNDA:1,_RNvNtNtCs4GIG88jc4nQ_20shuthost_coordinator3wol5testss_27test_parse_mac_invalid_byte
FNDA:1,_RNvNtNtCs4GIG88jc4nQ_20shuthost_coordinator3wol5testss_29test_parse_mac_invalid_format
FNDA:1,_RNCNvNtCs4GIG88jc4nQ_20shuthost_coordinator3wol9parse_mac0B5_
FNDA:1,_RNCNvNtCs4GIG88jc4nQ_20shuthost_coordinator3wol9parse_macs_0B5_
FNF:6
FNH:6
DA:39,3
DA:40,3
DA:41,3
DA:43,19
DA:44,18
DA:45,18
DA:46,18
DA:48,17
DA:52,1
DA:53,0
DA:54,1
DA:56,1
DA:57,3
DA:92,1
DA:93,1
DA:94,1
DA:95,1
DA:96,1
DA:99,1
DA:100,1
DA:101,1
DA:102,1
DA:103,1
DA:106,1
DA:107,1
DA:108,1
DA:109,1
DA:110,1
BRF:0
BRH:0
LF:30
LH:29
end_of_record
SF:/home/smaier/workspace/private/shuthost/host_agent/src/commands.rs
FN:17,_RNvNtCskZ3lkkAnWHu_19shuthost_host_agent8commands16execute_shutdown
FN:17,_RNvNtCs6qsK5BeiUOH_19shuthost_host_agent8commands16execute_shutdown
FNDA:3,_RNvNtCskZ3lkkAnWHu_19shuthost_host_agent8commands16execute_shutdown
FNDA:0,_RNvNtCs6qsK5BeiUOH_19shuthost_host_agent8commands16execute_shutdown
FNF:1
FNH:1
DA:17,3
DA:18,3
DA:19,3
DA:20,3
DA:21,3
DA:22,3
DA:23,3
DA:24,3
DA:25,3
BRF:0
BRH:0
LF:9
LH:9
end_of_record
SF:/home/smaier/workspace/private/shuthost/host_agent/src/lib.rs
FN:49,_RNvCsa2L1iwEXz3A_19shuthost_host_agent10inner_main
FN:49,_RNvCscTEslduFR0d_19shuthost_host_agent10inner_main
FNDA:7,_RNvCsa2L1iwEXz3A_19shuthost_host_agent10inner_main
FNDA:0,_RNvCscTEslduFR0d_19shuthost_host_agent10inner_main
FNF:1
FNH:1
DA:52,7
DA:53,7
DA:59,7
DA:60,7
DA:61,7
DA:68,7
BRF:0
BRH:0
LF:6
LH:6
end_of_record
SF:/home/smaier/workspace/private/shuthost/host_agent/src/server.rs
FN:75,_RNCNvNtCsa2L1iwEXz3A_19shuthost_host_agent6server13handle_client0B5_
FN:76,_RNCNvNtCsa2L1iwEXz3A_19shuthost_host_agent6server13handle_clients_0B5_
FN:39,_RNCNvNtCsa2L1iwEXz3A_19shuthost_host_agent6server16start_host_agent0B5_
FN:71,_RNvNtCsa2L1iwEXz3A_19shuthost_host_agent6server13handle_client
FN:38,_RNvNtCsa2L1iwEXz3A_19shuthost_host_agent6server16start_host_agent
FN:96,_RNvNtCsa2L1iwEXz3A_19shuthost_host_agent6server28get_default_shutdown_command
FN:75,_RNCNvNtCscTEslduFR0d_19shuthost_host_agent6server13handle_client0B5_
FN:76,_RNCNvNtCscTEslduFR0d_19shuthost_host_agent6server13handle_clients_0B5_
FN:39,_RNCNvNtCscTEslduFR0d_19shuthost_host_agent6server16start_host_agent0B5_
FN:71,_RNvNtCscTEslduFR0d_19shuthost_host_agent6server13handle_client
FN:38,_RNvNtCscTEslduFR0d_19shuthost_host_agent6server16start_host_agent
FN:96,_RNvNtCscTEslduFR0d_19shuthost_host_agent6server28get_default_shutdown_command
FNDA:192,_RNCNvNtCsa2L1iwEXz3A_19shuthost_host_agent6server13handle_client0B5_
FNDA:0,_RNCNvNtCsa2L1iwEXz3A_19shuthost_host_agent6server13handle_clients_0B5_
FNDA:0,_RNCNvNtCsa2L1iwEXz3A_19shuthost_host_agent6server16start_host_agent0B5_
FNDA:192,_RNvNtCsa2L1iwEXz3A_19shuthost_host_agent6server13handle_client
FNDA:7,_RNvNtCsa2L1iwEXz3A_19shuthost_host_agent6server16start_host_agent
FNDA:2,_RNvNtCsa2L1iwEXz3A_19shuthost_host_agent6server28get_default_shutdown_command
FNDA:0,_RNCNvNtCscTEslduFR0d_19shuthost_host_agent6server13handle_client0B5_
FNDA:0,_RNCNvNtCscTEslduFR0d_19shuthost_host_agent6server13handle_clients_0B5_
FNDA:0,_RNCNvNtCscTEslduFR0d_19shuthost_host_agent6server16start_host_agent0B5_
FNDA:0,_RNvNtCscTEslduFR0d_19shuthost_host_agent6server13handle_client
FNDA:0,_RNvNtCscTEslduFR0d_19shuthost_host_agent6server16start_host_agent
FNDA:0,_RNvNtCscTEslduFR0d_19shuthost_host_agent6server28get_default_shutdown_command
FNF:6
FNH:4
DA:38,7
DA:39,7
DA:40,0
DA:41,0
DA:42,0
DA:43,7
DA:44,7
DA:45,7
DA:47,193
DA:48,193
DA:49,193
DA:50,193
DA:51,193
DA:52,3
DA:53,3
DA:54,3
DA:56,7
DA:57,7
DA:59,183
DA:62,0
DA:63,0
DA:64,0
DA:67,7
DA:71,193
DA:72,193
DA:73,193
DA:74,193
DA:75,193
DA:76,193
DA:77,193
DA:78,193
DA:79,193
DA:80,0
DA:82,193
DA:83,193
DA:84,0
DA:85,193
DA:86,193
DA:88,0
DA:89,0
DA:90,0
DA:93,193
DA:96,2
DA:98,2
DA:99,2
DA:101,0
DA:103,2
DA:106,2
BRF:0
BRH:0
LF:51
LH:37
end_of_record
SF:/home/smaier/workspace/private/shuthost/host_agent/src/validation.rs
FN:53,_RNvNtCsa2L1iwEXz3A_19shuthost_host_agent10validation16validate_request
FN:104,_RNvNtNtCscTEslduFR0d_19shuthost_host_agent10validation5tests9make_args
FN:143,_RNvNtNtCscTEslduFR0d_19shuthost_host_agent10validation5testss_17test_handle_abort
FN:122,_RNvNtNtCscTEslduFR0d_19shuthost_host_agent10validation5testss_18test_handle_status
FN:133,_RNvNtNtCscTEslduFR0d_19shuthost_host_agent10validation5testss_20test_handle_shutdown
FN:173,_RNvNtNtCscTEslduFR0d_19shuthost_host_agent10validation5testss_21test_handle_malformed
FN:163,_RNvNtNtCscTEslduFR0d_19shuthost_host_agent10validation5testss_24test_handle_invalid_hmac
FN:113,_RNvNtNtCscTEslduFR0d_19shuthost_host_agent10validation5testss_24test_handle_invalid_utf8
FN:153,_RNvNtNtCscTEslduFR0d_19shuthost_host_agent10validation5testss_29test_handle_invalid_timestamp
FN:53,_RNvNtCscTEslduFR0d_19shuthost_host_agent10validation16validate_request
FNDA:192,_RNvNtCsa2L1iwEXz3A_19shuthost_host_agent10validation16validate_request
FNDA:7,_RNvNtNtCscTEslduFR0d_19shuthost_host_agent10validation5tests9make_args
FNDA:1,_RNvNtNtCscTEslduFR0d_19shuthost_host_agent10validation5testss_17test_handle_abort
FNDA:1,_RNvNtNtCscTEslduFR0d_19shuthost_host_agent10validation5testss_18test_handle_status
FNDA:1,_RNvNtNtCscTEslduFR0d_19shuthost_host_agent10validation5testss_20test_handle_shutdown
FNDA:1,_RNvNtNtCscTEslduFR0d_19shuthost_host_agent10validation5testss_21test_handle_malformed
FNDA:1,_RNvNtNtCscTEslduFR0d_19shuthost_host_agent10validation5testss_24test_handle_invalid_hmac
FNDA:1,_RNvNtNtCscTEslduFR0d_19shuthost_host_agent10validation5testss_24test_handle_invalid_utf8
FNDA:1,_RNvNtNtCscTEslduFR0d_19shuthost_host_agent10validation5testss_29test_handle_invalid_timestamp
FNDA:7,_RNvNtCscTEslduFR0d_19shuthost_host_agent10validation16validate_request
FNF:9
FNH:9
DA:53,200
DA:54,200
DA:55,199
DA:57,1
DA:58,1
DA:62,199
DA:63,199
DA:64,199
DA:65,199
DA:66,196
DA:68,196
DA:69,196
DA:70,12
DA:71,4
DA:72,4
DA:73,4
DA:74,4
DA:75,4
DA:76,4
DA:77,8
DA:79,0
DA:80,0
DA:85,1
DA:86,1
DA:89,1
DA:90,1
DA:93,1
DA:94,1
DA:97,200
DA:104,7
DA:105,7
DA:106,7
DA:107,7
DA:108,7
DA:109,7
DA:110,7
DA:113,1
DA:114,1
DA:115,1
DA:116,1
DA:117,1
DA:118,1
DA:119,1
DA:122,1
DA:123,1
DA:124,1
DA:126,1
DA:127,1
DA:128,1
DA:129,1
DA:130,1
DA:133,1
DA:134,1
DA:135,1
DA:136,1
DA:137,1
DA:138,1
DA:139,1
DA:140,1
DA:143,1
DA:144,1
DA:145,1
DA:146,1
DA:147,1
DA:148,1
DA:149,1
DA:150,1
DA:153,1
DA:154,1
DA:155,1
DA:156,1
DA:157,1
DA:158,1
DA:159,1
DA:160,1
DA:163,1
DA:164,1
DA:165,1
DA:166,1
DA:167,1
DA:168,1
DA:169,1
DA:170,1
DA:173,1
DA:174,1
DA:175,1
DA:176,1
DA:177,1
DA:178,1
DA:179,1
DA:180,1
BRF:0
BRH:0
LF:91
LH:89
end_of_record
SF:/home/smaier/workspace/private/shuthost/src/bin/host_agent.rs
FN:5,_RNvCshvrI8De2vgl_10host_agent4main
FN:5,_RNvCsey9Nt8KhOmx_10host_agent4main
FN:5,_RNvCsiYEVINPSddh_10host_agent4main
FNDA:0,_RNvCshvrI8De2vgl_10host_agent4main
FNDA:0,_RNvCsey9Nt8KhOmx_10host_agent4main
FNDA:1,_RNvCsiYEVINPSddh_10host_agent4main
FNF:1
FNH:1
DA:5,1
DA:7,1
DA:9,1
DA:10,1
BRF:0
BRH:0
LF:4
LH:4
end_of_record